<?xml version="1.0" encoding="UTF-8"?>
<testsuite xmlns:xsi="http://www.w3.org/2001/XMLSchema-instance" xsi:noNamespaceSchemaLocation="https://maven.apache.org/surefire/maven-failsafe-plugin/xsd/failsafe-test-report-3.0.xsd" version="3.0" name="org.medioAmbiente.acceptancetests.AcceptanceTestSuite" time="1,092.402" tests="396" errors="9" skipped="17" failures="0">
  <properties>
[...]
</properties>
  <testcase name="CAPF003 - Cargando el Navegador" classname="Cargando el Post a Valorar #1" time="0.346">
    <system-err><![CDATA[[main] INFO io.cucumber.core.plugin.SerenityReporter - Running feature from file:///C:/JenkinsWorkspace/workspace/Portales-PW-LFDXP/src/test/resources/CAP_F_003.feature
[main] WARN io.cucumber.core.plugin.SerenityReporter - Feature from file:///C:/JenkinsWorkspace/workspace/Portales-PW-LFDXP/src/test/resources/CAP_F_003.feature is not under the 'features' directory. Requirements report will not be correctly generated!
[main] INFO  - &amp#27;[96m

-------------------------------------------------------------------------------------
     _______. _______ .______       _______ .__   __.  __  .___________.____    ____ 
    /       ||   ____||   _  \     |   ____||  \ |  | |  | |           |\   \  /   / 
   |   (----`|  |__   |  |_)  |    |  |__   |   \|  | |  | `---|  |----` \   \/   /  
    \   \    |   __|  |      /     |   __|  |  . `  | |  |     |  |       \_    _/   
.----)   |   |  |____ |  |\  \----.|  |____ |  |\   | |  |     |  |         |  |     
|_______/    |_______|| _| `._____||_______||__| \__| |__|     |__|         |__|    
                                                                                     
 News and tutorials at http://www.serenity-bdd.info                                  
 Documentation at https://wakaleo.gitbooks.io/the-serenity-book/content/             
 Join the Serenity Community on Gitter: https://gitter.im/serenity-bdd/serenity-core 
 Serenity BDD Support and Training at http://serenity-bdd.info/#/trainingandsupport  
-------------------------------------------------------------------------------------
&amp#27;[0m
[main] INFO  - Test Suite Started: CAP_F_003 - Valorar publicacion de blog
[main] INFO io.cucumber.core.plugin.SerenityReporter - Running feature from file:///C:/JenkinsWorkspace/workspace/Portales-PW-LFDXP/src/test/resources/CAP_F_005.feature
[main] WARN io.cucumber.core.plugin.SerenityReporter - Feature from file:///C:/JenkinsWorkspace/workspace/Portales-PW-LFDXP/src/test/resources/CAP_F_005.feature is not under the 'features' directory. Requirements report will not be correctly generated!
[main] INFO  - Test Suite Started: CAP_F_005 - Visualizar el Contenido de Siguenos en Redes Sociales
[main] INFO io.cucumber.core.plugin.SerenityReporter - Running feature from file:///C:/JenkinsWorkspace/workspace/Portales-PW-LFDXP/src/test/resources/CAP_F_008.feature
[main] WARN io.cucumber.core.plugin.SerenityReporter - Feature from file:///C:/JenkinsWorkspace/workspace/Portales-PW-LFDXP/src/test/resources/CAP_F_008.feature is not under the 'features' directory. Requirements report will not be correctly generated!
[main] INFO  - Test Suite Started: CAP_F_008 - Cambiar Idioma de la Web
[main] INFO io.cucumber.core.plugin.SerenityReporter - Running feature from file:///C:/JenkinsWorkspace/workspace/Portales-PW-LFDXP/src/test/resources/CAP_F_012.feature
[main] WARN io.cucumber.core.plugin.SerenityReporter - Feature from file:///C:/JenkinsWorkspace/workspace/Portales-PW-LFDXP/src/test/resources/CAP_F_012.feature is not under the 'features' directory. Requirements report will not be correctly generated!
[main] INFO  - Test Suite Started: CAP_F_012 - Buscar Contenido en la Web de Portales (Buscador Generico)
[main] INFO io.cucumber.core.plugin.SerenityReporter - Running feature from file:///C:/JenkinsWorkspace/workspace/Portales-PW-LFDXP/src/test/resources/CAP_F_013.feature
[main] WARN io.cucumber.core.plugin.SerenityReporter - Feature from file:///C:/JenkinsWorkspace/workspace/Portales-PW-LFDXP/src/test/resources/CAP_F_013.feature is not under the 'features' directory. Requirements report will not be correctly generated!
[main] INFO  - Test Suite Started: CAP_F_013 - Buscar Contenido en la Web de Portales (Buscador de Tramites)
[main] INFO io.cucumber.core.plugin.SerenityReporter - Running feature from file:///C:/JenkinsWorkspace/workspace/Portales-PW-LFDXP/src/test/resources/CAP_F_014.feature
[main] WARN io.cucumber.core.plugin.SerenityReporter - Feature from file:///C:/JenkinsWorkspace/workspace/Portales-PW-LFDXP/src/test/resources/CAP_F_014.feature is not under the 'features' directory. Requirements report will not be correctly generated!
[main] INFO  - Test Suite Started: CAP_F_014 - Buscar Contenido en la Web de Portales
[main] INFO io.cucumber.core.plugin.SerenityReporter - Running feature from file:///C:/JenkinsWorkspace/workspace/Portales-PW-LFDXP/src/test/resources/CAP_F_015.feature
[main] WARN io.cucumber.core.plugin.SerenityReporter - Feature from file:///C:/JenkinsWorkspace/workspace/Portales-PW-LFDXP/src/test/resources/CAP_F_015.feature is not under the 'features' directory. Requirements report will not be correctly generated!
[main] INFO  - Test Suite Started: CAP_F_015 - Buscar Contenido en la Web de Portales
[main] INFO io.cucumber.core.plugin.SerenityReporter - Running feature from file:///C:/JenkinsWorkspace/workspace/Portales-PW-LFDXP/src/test/resources/CAP_F_016A.feature
[main] WARN io.cucumber.core.plugin.SerenityReporter - Feature from file:///C:/JenkinsWorkspace/workspace/Portales-PW-LFDXP/src/test/resources/CAP_F_016A.feature is not under the 'features' directory. Requirements report will not be correctly generated!
[main] INFO  - Test Suite Started: CAP_F_016A - Buscar Contenido en la Web de Portales (Buscador Audios)
[main] INFO io.cucumber.core.plugin.SerenityReporter - Running feature from file:///C:/JenkinsWorkspace/workspace/Portales-PW-LFDXP/src/test/resources/CAP_F_016B.feature
[main] WARN io.cucumber.core.plugin.SerenityReporter - Feature from file:///C:/JenkinsWorkspace/workspace/Portales-PW-LFDXP/src/test/resources/CAP_F_016B.feature is not under the 'features' directory. Requirements report will not be correctly generated!
[main] INFO  - Test Suite Started: CAP_F_016B - Buscar Contenido en la Web de Portales (Buscador Imagenes)
[main] INFO io.cucumber.core.plugin.SerenityReporter - Running feature from file:///C:/JenkinsWorkspace/workspace/Portales-PW-LFDXP/src/test/resources/CAP_F_016C.feature
[main] WARN io.cucumber.core.plugin.SerenityReporter - Feature from file:///C:/JenkinsWorkspace/workspace/Portales-PW-LFDXP/src/test/resources/CAP_F_016C.feature is not under the 'features' directory. Requirements report will not be correctly generated!
[main] INFO  - Test Suite Started: CAP_F_016C - Buscar Contenido en la Web de Portales (Buscador Audios)
[main] INFO io.cucumber.core.plugin.SerenityReporter - Running feature from file:///C:/JenkinsWorkspace/workspace/Portales-PW-LFDXP/src/test/resources/CAP_F_018.feature
[main] WARN io.cucumber.core.plugin.SerenityReporter - Feature from file:///C:/JenkinsWorkspace/workspace/Portales-PW-LFDXP/src/test/resources/CAP_F_018.feature is not under the 'features' directory. Requirements report will not be correctly generated!
[main] INFO  - Test Suite Started: CAP_F_018 - Validar estado de la Web
[main] INFO io.cucumber.core.plugin.SerenityReporter - Running feature from file:///C:/JenkinsWorkspace/workspace/Portales-PW-LFDXP/src/test/resources/CAP_F_021.feature
[main] WARN io.cucumber.core.plugin.SerenityReporter - Feature from file:///C:/JenkinsWorkspace/workspace/Portales-PW-LFDXP/src/test/resources/CAP_F_021.feature is not under the 'features' directory. Requirements report will not be correctly generated!
[main] INFO  - Test Suite Started: CAP_F_021 - Validar estado de la Web
[main] INFO io.cucumber.core.plugin.SerenityReporter - Running feature from file:///C:/JenkinsWorkspace/workspace/Portales-PW-LFDXP/src/test/resources/CAP_F_026.feature
[main] WARN io.cucumber.core.plugin.SerenityReporter - Feature from file:///C:/JenkinsWorkspace/workspace/Portales-PW-LFDXP/src/test/resources/CAP_F_026.feature is not under the 'features' directory. Requirements report will not be correctly generated!
[main] INFO  - Test Suite Started: CAP_F_026 - Validar estado de la Web
[main] INFO io.cucumber.core.plugin.SerenityReporter - Running feature from file:///C:/JenkinsWorkspace/workspace/Portales-PW-LFDXP/src/test/resources/CAP_F_034.feature
[main] WARN io.cucumber.core.plugin.SerenityReporter - Feature from file:///C:/JenkinsWorkspace/workspace/Portales-PW-LFDXP/src/test/resources/CAP_F_034.feature is not under the 'features' directory. Requirements report will not be correctly generated!
[main] INFO  - Test Suite Started: CAP_F_034 - Validar estado de la Web
[main] INFO io.cucumber.core.plugin.SerenityReporter - Running feature from file:///C:/JenkinsWorkspace/workspace/Portales-PW-LFDXP/src/test/resources/CAP_F_041.feature
[main] WARN io.cucumber.core.plugin.SerenityReporter - Feature from file:///C:/JenkinsWorkspace/workspace/Portales-PW-LFDXP/src/test/resources/CAP_F_041.feature is not under the 'features' directory. Requirements report will not be correctly generated!
[main] INFO  - Test Suite Started: CAP_F_041 - Validar estado de la Web
[main] INFO io.cucumber.core.plugin.SerenityReporter - Running feature from file:///C:/JenkinsWorkspace/workspace/Portales-PW-LFDXP/src/test/resources/CAP_F_045.feature
[main] WARN io.cucumber.core.plugin.SerenityReporter - Feature from file:///C:/JenkinsWorkspace/workspace/Portales-PW-LFDXP/src/test/resources/CAP_F_045.feature is not under the 'features' directory. Requirements report will not be correctly generated!
[main] INFO  - Test Suite Started: CAP_F_045 - Validar estado de la Web
[main] INFO io.cucumber.core.plugin.SerenityReporter - Running feature from file:///C:/JenkinsWorkspace/workspace/Portales-PW-LFDXP/src/test/resources/CAP_F_049.feature
[main] WARN io.cucumber.core.plugin.SerenityReporter - Feature from file:///C:/JenkinsWorkspace/workspace/Portales-PW-LFDXP/src/test/resources/CAP_F_049.feature is not under the 'features' directory. Requirements report will not be correctly generated!
[main] INFO  - Test Suite Started: CAP_F_049 - Validar estado de la Web
[main] INFO io.cucumber.core.plugin.SerenityReporter - Running feature from file:///C:/JenkinsWorkspace/workspace/Portales-PW-LFDXP/src/test/resources/CAP_F_052.feature
[main] WARN io.cucumber.core.plugin.SerenityReporter - Feature from file:///C:/JenkinsWorkspace/workspace/Portales-PW-LFDXP/src/test/resources/CAP_F_052.feature is not under the 'features' directory. Requirements report will not be correctly generated!
[main] INFO  - Test Suite Started: CAP_F_052 - Validar estado de la Web
[main] INFO io.cucumber.core.plugin.SerenityReporter - Running feature from file:///C:/JenkinsWorkspace/workspace/Portales-PW-LFDXP/src/test/resources/CAP_F_056.feature
[main] WARN io.cucumber.core.plugin.SerenityReporter - Feature from file:///C:/JenkinsWorkspace/workspace/Portales-PW-LFDXP/src/test/resources/CAP_F_056.feature is not under the 'features' directory. Requirements report will not be correctly generated!
[main] INFO  - Test Suite Started: CAP_F_056 - Validar estado de la Web
[main] INFO io.cucumber.core.plugin.SerenityReporter - Running feature from file:///C:/JenkinsWorkspace/workspace/Portales-PW-LFDXP/src/test/resources/CAP_F_057.feature
[main] WARN io.cucumber.core.plugin.SerenityReporter - Feature from file:///C:/JenkinsWorkspace/workspace/Portales-PW-LFDXP/src/test/resources/CAP_F_057.feature is not under the 'features' directory. Requirements report will not be correctly generated!
[main] INFO  - Test Suite Started: CAP_F_057 - Validar estado de la Web
[main] INFO io.cucumber.core.plugin.SerenityReporter - Running feature from file:///C:/JenkinsWorkspace/workspace/Portales-PW-LFDXP/src/test/resources/CAP_F_060.feature
[main] WARN io.cucumber.core.plugin.SerenityReporter - Feature from file:///C:/JenkinsWorkspace/workspace/Portales-PW-LFDXP/src/test/resources/CAP_F_060.feature is not under the 'features' directory. Requirements report will not be correctly generated!
[main] INFO  - Test Suite Started: CAP_F_060 - Validar estado de la Web
[main] INFO io.cucumber.core.plugin.SerenityReporter - Running feature from file:///C:/JenkinsWorkspace/workspace/Portales-PW-LFDXP/src/test/resources/CAP_F_061.feature
[main] WARN io.cucumber.core.plugin.SerenityReporter - Feature from file:///C:/JenkinsWorkspace/workspace/Portales-PW-LFDXP/src/test/resources/CAP_F_061.feature is not under the 'features' directory. Requirements report will not be correctly generated!
[main] INFO  - Test Suite Started: CAP_F_061 - Validar estado de la Web
[main] INFO io.cucumber.core.plugin.SerenityReporter - Running feature from file:///C:/JenkinsWorkspace/workspace/Portales-PW-LFDXP/src/test/resources/CAP_F_066.feature
[main] WARN io.cucumber.core.plugin.SerenityReporter - Feature from file:///C:/JenkinsWorkspace/workspace/Portales-PW-LFDXP/src/test/resources/CAP_F_066.feature is not under the 'features' directory. Requirements report will not be correctly generated!
[main] INFO  - Test Suite Started: CAP_F_066 - Validar estado de la Web
[main] INFO io.cucumber.core.plugin.SerenityReporter - Running feature from file:///C:/JenkinsWorkspace/workspace/Portales-PW-LFDXP/src/test/resources/CAP_F_068.feature
[main] WARN io.cucumber.core.plugin.SerenityReporter - Feature from file:///C:/JenkinsWorkspace/workspace/Portales-PW-LFDXP/src/test/resources/CAP_F_068.feature is not under the 'features' directory. Requirements report will not be correctly generated!
[main] INFO  - Test Suite Started: CAP_F_068 - Validar estado de la Web
[main] INFO io.cucumber.core.plugin.SerenityReporter - Running feature from file:///C:/JenkinsWorkspace/workspace/Portales-PW-LFDXP/src/test/resources/CAP_F_073.feature
[main] WARN io.cucumber.core.plugin.SerenityReporter - Feature from file:///C:/JenkinsWorkspace/workspace/Portales-PW-LFDXP/src/test/resources/CAP_F_073.feature is not under the 'features' directory. Requirements report will not be correctly generated!
[main] INFO  - Test Suite Started: CAP_F_073 - Validar estado de la Web
[main] INFO io.cucumber.core.plugin.SerenityReporter - Running feature from file:///C:/JenkinsWorkspace/workspace/Portales-PW-LFDXP/src/test/resources/CAP_F_075.feature
[main] WARN io.cucumber.core.plugin.SerenityReporter - Feature from file:///C:/JenkinsWorkspace/workspace/Portales-PW-LFDXP/src/test/resources/CAP_F_075.feature is not under the 'features' directory. Requirements report will not be correctly generated!
[main] INFO  - Test Suite Started: CAP_F_075 - Validar estado de la Web
[main] INFO io.cucumber.core.plugin.SerenityReporter - Running feature from file:///C:/JenkinsWorkspace/workspace/Portales-PW-LFDXP/src/test/resources/CAP_F_080.feature
[main] WARN io.cucumber.core.plugin.SerenityReporter - Feature from file:///C:/JenkinsWorkspace/workspace/Portales-PW-LFDXP/src/test/resources/CAP_F_080.feature is not under the 'features' directory. Requirements report will not be correctly generated!
[main] INFO  - Test Suite Started: CAP_F_080 - Validar estado de la Web
[main] INFO io.cucumber.core.plugin.SerenityReporter - Running feature from file:///C:/JenkinsWorkspace/workspace/Portales-PW-LFDXP/src/test/resources/CAP_F_084.feature
[main] WARN io.cucumber.core.plugin.SerenityReporter - Feature from file:///C:/JenkinsWorkspace/workspace/Portales-PW-LFDXP/src/test/resources/CAP_F_084.feature is not under the 'features' directory. Requirements report will not be correctly generated!
[main] INFO  - Test Suite Started: CAP_F_084 - Validar estado de la Web
[main] INFO io.cucumber.core.plugin.SerenityReporter - Running feature from file:///C:/JenkinsWorkspace/workspace/Portales-PW-LFDXP/src/test/resources/CAP_F_087.feature
[main] WARN io.cucumber.core.plugin.SerenityReporter - Feature from file:///C:/JenkinsWorkspace/workspace/Portales-PW-LFDXP/src/test/resources/CAP_F_087.feature is not under the 'features' directory. Requirements report will not be correctly generated!
[main] INFO  - Test Suite Started: CAP_F_087 - Validar estado de la Web
[main] INFO io.cucumber.core.plugin.SerenityReporter - Running feature from file:///C:/JenkinsWorkspace/workspace/Portales-PW-LFDXP/src/test/resources/CAP_F_090.feature
[main] WARN io.cucumber.core.plugin.SerenityReporter - Feature from file:///C:/JenkinsWorkspace/workspace/Portales-PW-LFDXP/src/test/resources/CAP_F_090.feature is not under the 'features' directory. Requirements report will not be correctly generated!
[main] INFO  - Test Suite Started: CAP_F_090 - Validar estado de la Web
[main] INFO io.cucumber.core.plugin.SerenityReporter - Running feature from file:///C:/JenkinsWorkspace/workspace/Portales-PW-LFDXP/src/test/resources/CAP_F_101.feature
[main] WARN io.cucumber.core.plugin.SerenityReporter - Feature from file:///C:/JenkinsWorkspace/workspace/Portales-PW-LFDXP/src/test/resources/CAP_F_101.feature is not under the 'features' directory. Requirements report will not be correctly generated!
[main] INFO  - Test Suite Started: CAP_F_101 - Validar estado de la Web
[main] INFO io.cucumber.core.plugin.SerenityReporter - Running feature from file:///C:/JenkinsWorkspace/workspace/Portales-PW-LFDXP/src/test/resources/CAP_F_104.feature
[main] WARN io.cucumber.core.plugin.SerenityReporter - Feature from file:///C:/JenkinsWorkspace/workspace/Portales-PW-LFDXP/src/test/resources/CAP_F_104.feature is not under the 'features' directory. Requirements report will not be correctly generated!
[main] INFO  - Test Suite Started: CAP_F_104 - Validar estado de la Web
[main] INFO io.cucumber.core.plugin.SerenityReporter - Running feature from file:///C:/JenkinsWorkspace/workspace/Portales-PW-LFDXP/src/test/resources/CAP_F_107.feature
[main] WARN io.cucumber.core.plugin.SerenityReporter - Feature from file:///C:/JenkinsWorkspace/workspace/Portales-PW-LFDXP/src/test/resources/CAP_F_107.feature is not under the 'features' directory. Requirements report will not be correctly generated!
[main] INFO  - Test Suite Started: CAP_F_107 - Validar estado de la Web
[main] INFO io.cucumber.core.plugin.SerenityReporter - Running feature from file:///C:/JenkinsWorkspace/workspace/Portales-PW-LFDXP/src/test/resources/CAP_F_003.feature
[main] WARN io.cucumber.core.plugin.SerenityReporter - Feature from file:///C:/JenkinsWorkspace/workspace/Portales-PW-LFDXP/src/test/resources/CAP_F_003.feature is not under the 'features' directory. Requirements report will not be correctly generated!
[main] INFO  - 
 _____ _____ ____ _____   ____ _____  _    ____ _____ _____ ____  
|_   _| ____/ ___|_   _| / ___|_   _|/ \  |  _ \_   _| ____|  _ \ 
  | | |  _| \___ \ | |   \___ \ | | / _ \ | |_) || | |  _| | | | |
  | | | |___ ___) || |    ___) || |/ ___ \|  _ < | | | |___| |_| |
  |_| |_____|____/ |_|   |____/ |_/_/   \_\_| \_\|_| |_____|____/ 

Cargando el Post a Valorar(cap-f-003---valorar-publicacion-de-blog;cargando-el-post-a-valorar)
-------------------------------------------------------------------
]]></system-err>
  </testcase>
  <testcase name="CAPF003 - Se haya cargado el blog" classname="Cargando el Post a Valorar #1" time="14.48">
    <system-err><![CDATA[[main] INFO net.serenitybdd.core.webdriver.driverproviders.ChromeDriverProvider - Not using automatically driver download
[main] INFO net.serenitybdd.core.webdriver.driverproviders.ProvideNewDriver - Instantiating driver
[main] INFO net.serenitybdd.core.webdriver.driverproviders.ProvideNewDriver - Driver capabilities: Capabilities {acceptInsecureCerts: false, browserName: chrome, goog:chromeOptions: {args: [], extensions: []}, loggingPrefs: org.openqa.selenium.logging...}
Starting ChromeDriver 95.0.4638.69 (6a1600ed572fedecd573b6c2b90a22fe6392a410-refs/branch-heads/4638@{#984}) on port 1796
Only local connections are allowed.
Please see https://chromedriver.chromium.org/security-considerations for suggestions on keeping ChromeDriver safe.
ChromeDriver was started successfully.
[1637269005.335][WARNING]: This version of ChromeDriver has not been tested with Chrome version 96.
Nov 18, 2021 3:56:45 PM org.openqa.selenium.remote.ProtocolHandshake createSession
INFO: Detected dialect: W3C
]]></system-err>
  </testcase>
  <testcase name="CAPF003 - Aceptar las cookies" classname="Cargando el Post a Valorar #1" time="0.477"/>
  <testcase name="CAPF003 - Valorar el Post con : &quot;1&quot;" classname="Cargando el Post a Valorar #1" time="0.669"/>
  <testcase name="CAPF003 - Cargando el Navegador" classname="Cargando el Post a Valorar #2" time="0.008">
    <system-err><![CDATA[[main] INFO  - &amp#27;[92m
        __    _____ _____ ____ _____   ____   _    ____  ____  _____ ____  
  _     \ \  |_   _| ____/ ___|_   _| |  _ \ / \  / ___|/ ___|| ____|  _ \ 
 (_)_____| |   | | |  _| \___ \ | |   | |_) / _ \ \___ \\___ \|  _| | | | |
  _|_____| |   | | | |___ ___) || |   |  __/ ___ \ ___) |___) | |___| |_| |
 (_)     | |   |_| |_____|____/ |_|   |_| /_/   \_\____/|____/|_____|____/ 
        /_/                                                                

Cargando el Post a Valorar
----------------------------------------------------------------------------&amp#27;[0m
[main] INFO io.cucumber.core.plugin.SerenityReporter - Running feature from file:///C:/JenkinsWorkspace/workspace/Portales-PW-LFDXP/src/test/resources/CAP_F_003.feature
[main] WARN io.cucumber.core.plugin.SerenityReporter - Feature from file:///C:/JenkinsWorkspace/workspace/Portales-PW-LFDXP/src/test/resources/CAP_F_003.feature is not under the 'features' directory. Requirements report will not be correctly generated!
]]></system-err>
  </testcase>
  <testcase name="CAPF003 - Se haya cargado el blog" classname="Cargando el Post a Valorar #2" time="10.963">
    <system-err><![CDATA[[main] INFO net.serenitybdd.core.webdriver.driverproviders.ChromeDriverProvider - Not using automatically driver download
[main] INFO net.serenitybdd.core.webdriver.driverproviders.ProvideNewDriver - Instantiating driver
[main] INFO net.serenitybdd.core.webdriver.driverproviders.ProvideNewDriver - Driver capabilities: Capabilities {acceptInsecureCerts: false, browserName: chrome, goog:chromeOptions: {args: [], extensions: []}, loggingPrefs: org.openqa.selenium.logging...}
Starting ChromeDriver 95.0.4638.69 (6a1600ed572fedecd573b6c2b90a22fe6392a410-refs/branch-heads/4638@{#984}) on port 12040
Only local connections are allowed.
Please see https://chromedriver.chromium.org/security-considerations for suggestions on keeping ChromeDriver safe.
ChromeDriver was started successfully.
[1637269020.666][WARNING]: This version of ChromeDriver has not been tested with Chrome version 96.
Nov 18, 2021 3:57:00 PM org.openqa.selenium.remote.ProtocolHandshake createSession
INFO: Detected dialect: W3C
]]></system-err>
  </testcase>
  <testcase name="CAPF003 - Aceptar las cookies" classname="Cargando el Post a Valorar #2" time="0.038"/>
  <testcase name="CAPF003 - Valorar el Post con : &quot;2&quot;" classname="Cargando el Post a Valorar #2" time="0.609"/>
  <testcase name="CAPF003 - Cargando el Navegador" classname="Cargando el Post a Valorar #3" time="0.005">
    <system-err><![CDATA[[main] INFO  - &amp#27;[92m
        __    _____ _____ ____ _____   ____   _    ____  ____  _____ ____  
  _     \ \  |_   _| ____/ ___|_   _| |  _ \ / \  / ___|/ ___|| ____|  _ \ 
 (_)_____| |   | | |  _| \___ \ | |   | |_) / _ \ \___ \\___ \|  _| | | | |
  _|_____| |   | | | |___ ___) || |   |  __/ ___ \ ___) |___) | |___| |_| |
 (_)     | |   |_| |_____|____/ |_|   |_| /_/   \_\____/|____/|_____|____/ 
        /_/                                                                

Cargando el Post a Valorar
----------------------------------------------------------------------------&amp#27;[0m
[main] INFO io.cucumber.core.plugin.SerenityReporter - Running feature from file:///C:/JenkinsWorkspace/workspace/Portales-PW-LFDXP/src/test/resources/CAP_F_003.feature
[main] WARN io.cucumber.core.plugin.SerenityReporter - Feature from file:///C:/JenkinsWorkspace/workspace/Portales-PW-LFDXP/src/test/resources/CAP_F_003.feature is not under the 'features' directory. Requirements report will not be correctly generated!
]]></system-err>
  </testcase>
  <testcase name="CAPF003 - Se haya cargado el blog" classname="Cargando el Post a Valorar #3" time="11.051">
    <system-err><![CDATA[[main] INFO net.serenitybdd.core.webdriver.driverproviders.ChromeDriverProvider - Not using automatically driver download
[main] INFO net.serenitybdd.core.webdriver.driverproviders.ProvideNewDriver - Instantiating driver
[main] INFO net.serenitybdd.core.webdriver.driverproviders.ProvideNewDriver - Driver capabilities: Capabilities {acceptInsecureCerts: false, browserName: chrome, goog:chromeOptions: {args: [], extensions: []}, loggingPrefs: org.openqa.selenium.logging...}
Starting ChromeDriver 95.0.4638.69 (6a1600ed572fedecd573b6c2b90a22fe6392a410-refs/branch-heads/4638@{#984}) on port 16492
Only local connections are allowed.
Please see https://chromedriver.chromium.org/security-considerations for suggestions on keeping ChromeDriver safe.
ChromeDriver was started successfully.
[1637269033.731][WARNING]: This version of ChromeDriver has not been tested with Chrome version 96.
Nov 18, 2021 3:57:13 PM org.openqa.selenium.remote.ProtocolHandshake createSession
INFO: Detected dialect: W3C
]]></system-err>
  </testcase>
  <testcase name="CAPF003 - Aceptar las cookies" classname="Cargando el Post a Valorar #3" time="0.028"/>
  <testcase name="CAPF003 - Valorar el Post con : &quot;3&quot;" classname="Cargando el Post a Valorar #3" time="1.051"/>
  <testcase name="CAPF003 - Cargando el Navegador" classname="Cargando el Post a Valorar #4" time="0.006">
    <system-err><![CDATA[[main] INFO io.cucumber.core.plugin.SerenityReporter - Running feature from file:///C:/JenkinsWorkspace/workspace/Portales-PW-LFDXP/src/test/resources/CAP_F_003.feature
[main] WARN io.cucumber.core.plugin.SerenityReporter - Feature from file:///C:/JenkinsWorkspace/workspace/Portales-PW-LFDXP/src/test/resources/CAP_F_003.feature is not under the 'features' directory. Requirements report will not be correctly generated!
]]></system-err>
  </testcase>
  <testcase name="CAPF003 - Se haya cargado el blog" classname="Cargando el Post a Valorar #4" time="10.762">
    <system-err><![CDATA[[main] INFO net.serenitybdd.core.webdriver.driverproviders.ChromeDriverProvider - Not using automatically driver download
[main] INFO net.serenitybdd.core.webdriver.driverproviders.ProvideNewDriver - Instantiating driver
[main] INFO net.serenitybdd.core.webdriver.driverproviders.ProvideNewDriver - Driver capabilities: Capabilities {acceptInsecureCerts: false, browserName: chrome, goog:chromeOptions: {args: [], extensions: []}, loggingPrefs: org.openqa.selenium.logging...}
Starting ChromeDriver 95.0.4638.69 (6a1600ed572fedecd573b6c2b90a22fe6392a410-refs/branch-heads/4638@{#984}) on port 43326
Only local connections are allowed.
Please see https://chromedriver.chromium.org/security-considerations for suggestions on keeping ChromeDriver safe.
ChromeDriver was started successfully.
[1637269046.949][WARNING]: This version of ChromeDriver has not been tested with Chrome version 96.
Nov 18, 2021 3:57:27 PM org.openqa.selenium.remote.ProtocolHandshake createSession
INFO: Detected dialect: W3C
]]></system-err>
  </testcase>
  <testcase name="CAPF003 - Aceptar las cookies" classname="Cargando el Post a Valorar #4" time="0.037"/>
  <testcase name="CAPF003 - Valorar el Post con : &quot;4&quot;" classname="Cargando el Post a Valorar #4" time="1.122"/>
  <testcase name="CAPF003 - Cargando el Navegador" classname="Cargando el Post a Valorar #5" time="0.008">
    <system-err><![CDATA[[main] INFO io.cucumber.core.plugin.SerenityReporter - Running feature from file:///C:/JenkinsWorkspace/workspace/Portales-PW-LFDXP/src/test/resources/CAP_F_003.feature
[main] WARN io.cucumber.core.plugin.SerenityReporter - Feature from file:///C:/JenkinsWorkspace/workspace/Portales-PW-LFDXP/src/test/resources/CAP_F_003.feature is not under the 'features' directory. Requirements report will not be correctly generated!
]]></system-err>
  </testcase>
  <testcase name="CAPF003 - Se haya cargado el blog" classname="Cargando el Post a Valorar #5" time="12.186">
    <system-err><![CDATA[[main] INFO net.serenitybdd.core.webdriver.driverproviders.ChromeDriverProvider - Not using automatically driver download
[main] INFO net.serenitybdd.core.webdriver.driverproviders.ProvideNewDriver - Instantiating driver
[main] INFO net.serenitybdd.core.webdriver.driverproviders.ProvideNewDriver - Driver capabilities: Capabilities {acceptInsecureCerts: false, browserName: chrome, goog:chromeOptions: {args: [], extensions: []}, loggingPrefs: org.openqa.selenium.logging...}
Starting ChromeDriver 95.0.4638.69 (6a1600ed572fedecd573b6c2b90a22fe6392a410-refs/branch-heads/4638@{#984}) on port 38178
Only local connections are allowed.
Please see https://chromedriver.chromium.org/security-considerations for suggestions on keeping ChromeDriver safe.
ChromeDriver was started successfully.
[1637269060.009][WARNING]: This version of ChromeDriver has not been tested with Chrome version 96.
Nov 18, 2021 3:57:40 PM org.openqa.selenium.remote.ProtocolHandshake createSession
INFO: Detected dialect: W3C
]]></system-err>
  </testcase>
  <testcase name="CAPF003 - Aceptar las cookies" classname="Cargando el Post a Valorar #5" time="0.028"/>
  <testcase name="CAPF003 - Valorar el Post con : &quot;5&quot;" classname="Cargando el Post a Valorar #5" time="0.594"/>
  <testcase name="CAPF005 - Cargando el Navegador" classname="Cargando la Web de Referencia" time="0.015">
    <system-err><![CDATA[[main] INFO io.cucumber.core.plugin.SerenityReporter - Running feature from file:///C:/JenkinsWorkspace/workspace/Portales-PW-LFDXP/src/test/resources/CAP_F_005.feature
[main] WARN io.cucumber.core.plugin.SerenityReporter - Feature from file:///C:/JenkinsWorkspace/workspace/Portales-PW-LFDXP/src/test/resources/CAP_F_005.feature is not under the 'features' directory. Requirements report will not be correctly generated!
[main] INFO  - 
 _____ _____ ____ _____   ____ _____  _    ____ _____ _____ ____  
|_   _| ____/ ___|_   _| / ___|_   _|/ \  |  _ \_   _| ____|  _ \ 
  | | |  _| \___ \ | |   \___ \ | | / _ \ | |_) || | |  _| | | | |
  | | | |___ ___) || |    ___) || |/ ___ \|  _ < | | | |___| |_| |
  |_| |_____|____/ |_|   |____/ |_/_/   \_\_| \_\|_| |_____|____/ 

Cargando la Web de Referencia(cap-f-005---visualizar-el-contenido-de-siguenos-en-redes-sociales;cargando-la-web-de-referencia)
-------------------------------------------------------------------
]]></system-err>
  </testcase>
  <testcase name="CAPF005 - Se haya cargado la pagina" classname="Cargando la Web de Referencia" time="12.288">
    <system-err><![CDATA[[main] INFO net.serenitybdd.core.webdriver.driverproviders.ChromeDriverProvider - Not using automatically driver download
[main] INFO net.serenitybdd.core.webdriver.driverproviders.ProvideNewDriver - Instantiating driver
[main] INFO net.serenitybdd.core.webdriver.driverproviders.ProvideNewDriver - Driver capabilities: Capabilities {acceptInsecureCerts: false, browserName: chrome, goog:chromeOptions: {args: [], extensions: []}, loggingPrefs: org.openqa.selenium.logging...}
Starting ChromeDriver 95.0.4638.69 (6a1600ed572fedecd573b6c2b90a22fe6392a410-refs/branch-heads/4638@{#984}) on port 33982
Only local connections are allowed.
Please see https://chromedriver.chromium.org/security-considerations for suggestions on keeping ChromeDriver safe.
ChromeDriver was started successfully.
[1637269074.191][WARNING]: This version of ChromeDriver has not been tested with Chrome version 96.
Nov 18, 2021 3:57:54 PM org.openqa.selenium.remote.ProtocolHandshake createSession
INFO: Detected dialect: W3C
]]></system-err>
  </testcase>
  <testcase name="CAPF005 - Aceptar las cookies" classname="Cargando la Web de Referencia" time="0.032"/>
  <testcase name="CAPF005 - Clickar en Twitter" classname="Cargando la Web de Referencia" time="2.324">
    <system-out><![CDATA[Nombre de Pestana 
]]></system-out>
  </testcase>
  <testcase name="CAPF005 - Clickar en Facebook" classname="Cargando la Web de Referencia" time="3.099">
    <system-out><![CDATA[Nombre de Pestana Desarrollo Sostenible Andalucía - Home | Facebook
]]></system-out>
  </testcase>
  <testcase name="CAPF005 - Clickar en Instagram" classname="Cargando la Web de Referencia" time="4.046">
    <system-out><![CDATA[Nombre de Pestana Desarrollo Sostenible (@medioamband) • Instagram photos and videos
]]></system-out>
  </testcase>
  <testcase name="CAPF008 - Cargando el Navegador" classname="Cargando la web a Traducir" time="0.012">
    <system-err><![CDATA[[main] INFO  - &amp#27;[92m
        __    _____ _____ ____ _____   ____   _    ____  ____  _____ ____  
  _     \ \  |_   _| ____/ ___|_   _| |  _ \ / \  / ___|/ ___|| ____|  _ \ 
 (_)_____| |   | | |  _| \___ \ | |   | |_) / _ \ \___ \\___ \|  _| | | | |
  _|_____| |   | | | |___ ___) || |   |  __/ ___ \ ___) |___) | |___| |_| |
 (_)     | |   |_| |_____|____/ |_|   |_| /_/   \_\____/|____/|_____|____/ 
        /_/                                                                

Cargando la Web de Referencia
----------------------------------------------------------------------------&amp#27;[0m
[main] INFO io.cucumber.core.plugin.SerenityReporter - Running feature from file:///C:/JenkinsWorkspace/workspace/Portales-PW-LFDXP/src/test/resources/CAP_F_008.feature
[main] WARN io.cucumber.core.plugin.SerenityReporter - Feature from file:///C:/JenkinsWorkspace/workspace/Portales-PW-LFDXP/src/test/resources/CAP_F_008.feature is not under the 'features' directory. Requirements report will not be correctly generated!
[main] INFO  - 
 _____ _____ ____ _____   ____ _____  _    ____ _____ _____ ____  
|_   _| ____/ ___|_   _| / ___|_   _|/ \  |  _ \_   _| ____|  _ \ 
  | | |  _| \___ \ | |   \___ \ | | / _ \ | |_) || | |  _| | | | |
  | | | |___ ___) || |    ___) || |/ ___ \|  _ < | | | |___| |_| |
  |_| |_____|____/ |_|   |____/ |_/_/   \_\_| \_\|_| |_____|____/ 

Cargando la web a Traducir(cap-f-008---cambiar-idioma-de-la-web;cargando-la-web-a-traducir)
-------------------------------------------------------------------
]]></system-err>
  </testcase>
  <testcase name="CAPF008 - Se haya cargado la web" classname="Cargando la web a Traducir" time="11.875">
    <system-err><![CDATA[[main] INFO net.serenitybdd.core.webdriver.driverproviders.ChromeDriverProvider - Not using automatically driver download
[main] INFO net.serenitybdd.core.webdriver.driverproviders.ProvideNewDriver - Instantiating driver
[main] INFO net.serenitybdd.core.webdriver.driverproviders.ProvideNewDriver - Driver capabilities: Capabilities {acceptInsecureCerts: false, browserName: chrome, goog:chromeOptions: {args: [], extensions: []}, loggingPrefs: org.openqa.selenium.logging...}
Starting ChromeDriver 95.0.4638.69 (6a1600ed572fedecd573b6c2b90a22fe6392a410-refs/branch-heads/4638@{#984}) on port 23380
Only local connections are allowed.
Please see https://chromedriver.chromium.org/security-considerations for suggestions on keeping ChromeDriver safe.
ChromeDriver was started successfully.
[1637269097.258][WARNING]: This version of ChromeDriver has not been tested with Chrome version 96.
Nov 18, 2021 3:58:17 PM org.openqa.selenium.remote.ProtocolHandshake createSession
INFO: Detected dialect: W3C
]]></system-err>
  </testcase>
  <testcase name="CAPF008 - Aceptar las cookies" classname="Cargando la web a Traducir" time="0.026"/>
  <testcase name="CAPF012 - Cargando el Navegador" classname="Cargando la pagina en donde se buscara #1" time="0.022">
    <system-err><![CDATA[[main] INFO  - &amp#27;[92m
        __    _____ _____ ____ _____   ____   _    ____  ____  _____ ____  
  _     \ \  |_   _| ____/ ___|_   _| |  _ \ / \  / ___|/ ___|| ____|  _ \ 
 (_)_____| |   | | |  _| \___ \ | |   | |_) / _ \ \___ \\___ \|  _| | | | |
  _|_____| |   | | | |___ ___) || |   |  __/ ___ \ ___) |___) | |___| |_| |
 (_)     | |   |_| |_____|____/ |_|   |_| /_/   \_\____/|____/|_____|____/ 
        /_/                                                                

Cargando la web a Traducir
----------------------------------------------------------------------------&amp#27;[0m
[main] INFO io.cucumber.core.plugin.SerenityReporter - Running feature from file:///C:/JenkinsWorkspace/workspace/Portales-PW-LFDXP/src/test/resources/CAP_F_012.feature
[main] WARN io.cucumber.core.plugin.SerenityReporter - Feature from file:///C:/JenkinsWorkspace/workspace/Portales-PW-LFDXP/src/test/resources/CAP_F_012.feature is not under the 'features' directory. Requirements report will not be correctly generated!
[main] INFO  - 
 _____ _____ ____ _____   ____ _____  _    ____ _____ _____ ____  
|_   _| ____/ ___|_   _| / ___|_   _|/ \  |  _ \_   _| ____|  _ \ 
  | | |  _| \___ \ | |   \___ \ | | / _ \ | |_) || | |  _| | | | |
  | | | |___ ___) || |    ___) || |/ ___ \|  _ < | | | |___| |_| |
  |_| |_____|____/ |_|   |____/ |_/_/   \_\_| \_\|_| |_____|____/ 

Cargando la pagina en donde se buscara(cap-f-012---buscar-contenido-en-la-web-de-portales-(buscador-generico);cargando-la-pagina-en-donde-se-buscara)
-------------------------------------------------------------------
]]></system-err>
  </testcase>
  <testcase name="CAPF012 - Se haya cargado la web" classname="Cargando la pagina en donde se buscara #1" time="17.541">
    <system-err><![CDATA[[main] INFO net.serenitybdd.core.webdriver.driverproviders.ChromeDriverProvider - Not using automatically driver download
[main] INFO net.serenitybdd.core.webdriver.driverproviders.ProvideNewDriver - Instantiating driver
[main] INFO net.serenitybdd.core.webdriver.driverproviders.ProvideNewDriver - Driver capabilities: Capabilities {acceptInsecureCerts: false, browserName: chrome, goog:chromeOptions: {args: [], extensions: []}, loggingPrefs: org.openqa.selenium.logging...}
Starting ChromeDriver 95.0.4638.69 (6a1600ed572fedecd573b6c2b90a22fe6392a410-refs/branch-heads/4638@{#984}) on port 36912
Only local connections are allowed.
Please see https://chromedriver.chromium.org/security-considerations for suggestions on keeping ChromeDriver safe.
ChromeDriver was started successfully.
[1637269110.208][WARNING]: This version of ChromeDriver has not been tested with Chrome version 96.
Nov 18, 2021 3:58:30 PM org.openqa.selenium.remote.ProtocolHandshake createSession
INFO: Detected dialect: W3C
]]></system-err>
  </testcase>
  <testcase name="CAPF012 - Aceptar las cookies" classname="Cargando la pagina en donde se buscara #1" time="0.039"/>
  <testcase name="CAPF012 - Escribir &quot;Bio&quot; y Buscar" classname="Cargando la pagina en donde se buscara #1" time="3.63"/>
  <testcase name="CAPF012 - Abrir Busqueda Avanzada" classname="Cargando la pagina en donde se buscara #1" time="1.514"/>
  <testcase name="CAPF012 - Escribir Desde Que Fecha Buscar : &quot;20/11/2017&quot;" classname="Cargando la pagina en donde se buscara #1" time="0.553"/>
  <testcase name="CAPF012 - Escribir Hasta Que Fecha Buscar : &quot;01/01/2019&quot;" classname="Cargando la pagina en donde se buscara #1" time="0.572"/>
  <testcase name="CAPF012 - Seleccionar Tema Ambiental : &quot;5&quot;" classname="Cargando la pagina en donde se buscara #1" time="0.532"/>
  <testcase name="CAPF012 - Retomar Busqueda" classname="Cargando la pagina en donde se buscara #1" time="0.478"/>
  <testcase name="CAPF013 - Cargando el Navegador" classname="Cargando la pagina en donde se buscara #1" time="0.014">
    <system-err><![CDATA[[main] INFO  - &amp#27;[92m
        __    _____ _____ ____ _____   ____   _    ____  ____  _____ ____  
  _     \ \  |_   _| ____/ ___|_   _| |  _ \ / \  / ___|/ ___|| ____|  _ \ 
 (_)_____| |   | | |  _| \___ \ | |   | |_) / _ \ \___ \\___ \|  _| | | | |
  _|_____| |   | | | |___ ___) || |   |  __/ ___ \ ___) |___) | |___| |_| |
 (_)     | |   |_| |_____|____/ |_|   |_| /_/   \_\____/|____/|_____|____/ 
        /_/                                                                

Cargando la pagina en donde se buscara
----------------------------------------------------------------------------&amp#27;[0m
[main] INFO io.cucumber.core.plugin.SerenityReporter - Running feature from file:///C:/JenkinsWorkspace/workspace/Portales-PW-LFDXP/src/test/resources/CAP_F_013.feature
[main] WARN io.cucumber.core.plugin.SerenityReporter - Feature from file:///C:/JenkinsWorkspace/workspace/Portales-PW-LFDXP/src/test/resources/CAP_F_013.feature is not under the 'features' directory. Requirements report will not be correctly generated!
[main] INFO  - 
 _____ _____ ____ _____   ____ _____  _    ____ _____ _____ ____  
|_   _| ____/ ___|_   _| / ___|_   _|/ \  |  _ \_   _| ____|  _ \ 
  | | |  _| \___ \ | |   \___ \ | | / _ \ | |_) || | |  _| | | | |
  | | | |___ ___) || |    ___) || |/ ___ \|  _ < | | | |___| |_| |
  |_| |_____|____/ |_|   |____/ |_/_/   \_\_| \_\|_| |_____|____/ 

Cargando la pagina en donde se buscara(cap-f-013---buscar-contenido-en-la-web-de-portales-(buscador-de-tramites);cargando-la-pagina-en-donde-se-buscara)
-------------------------------------------------------------------
]]></system-err>
  </testcase>
  <testcase name="CAPF013 - Se haya cargado la web" classname="Cargando la pagina en donde se buscara #1" time="8.741">
    <error type="org.openqa.selenium.JavascriptException"><![CDATA[org.openqa.selenium.JavascriptException: 
javascript error: Cannot read properties of null (reading 'contains')
  (Session info: chrome=96.0.4664.45)
Build info: version: '3.141.59', revision: 'e82be7d358', time: '2018-11-14T08:17:03'
System info: host: 'TRJ-8YJ4473', ip: '192.168.0.12', os.name: 'Windows 10', os.arch: 'amd64', os.version: '10.0', java.version: '1.8.0_301'
Driver info: org.openqa.selenium.chrome.ChromeDriver
Capabilities {acceptInsecureCerts: false, browserName: chrome, browserVersion: 96.0.4664.45, chrome: {chromedriverVersion: 95.0.4638.69 (6a1600ed572fe..., userDataDir: C:\Users\jmedinal\AppData\L...}, goog:chromeOptions: {debuggerAddress: localhost:56050}, javascriptEnabled: true, networkConnectionEnabled: false, pageLoadStrategy: normal, platform: WINDOWS, platformName: WINDOWS, proxy: Proxy(), setWindowRect: true, strictFileInteractability: false, timeouts: {implicit: 0, pageLoad: 300000, script: 30000}, unhandledPromptBehavior: dismiss and notify, webauthn:extension:credBlob: true, webauthn:extension:largeBlob: true, webauthn:virtualAuthenticators: true}
Session ID: 5647b5b03cc421b514a88bec1f3650a8
]]></error>
    <system-err><![CDATA[[main] INFO net.serenitybdd.core.webdriver.driverproviders.ChromeDriverProvider - Not using automatically driver download
[main] INFO net.serenitybdd.core.webdriver.driverproviders.ProvideNewDriver - Instantiating driver
[main] INFO net.serenitybdd.core.webdriver.driverproviders.ProvideNewDriver - Driver capabilities: Capabilities {acceptInsecureCerts: false, browserName: chrome, goog:chromeOptions: {args: [], extensions: []}, loggingPrefs: org.openqa.selenium.logging...}
Starting ChromeDriver 95.0.4638.69 (6a1600ed572fedecd573b6c2b90a22fe6392a410-refs/branch-heads/4638@{#984}) on port 40856
Only local connections are allowed.
Please see https://chromedriver.chromium.org/security-considerations for suggestions on keeping ChromeDriver safe.
ChromeDriver was started successfully.
[1637269159.556][WARNING]: This version of ChromeDriver has not been tested with Chrome version 96.
Nov 18, 2021 3:59:19 PM org.openqa.selenium.remote.ProtocolHandshake createSession
INFO: Detected dialect: W3C
]]></system-err>
  </testcase>
  <testcase name="CAPF013 - Aceptar las cookies" classname="Cargando la pagina en donde se buscara #1" time="0">
    <skipped type="io.cucumber.junit.SkippedThrowable"><![CDATA[io.cucumber.junit.SkippedThrowable: This step is skipped
]]></skipped>
  </testcase>
  <testcase name="CAPF013 - Escribir &quot;Bio&quot; y Buscar" classname="Cargando la pagina en donde se buscara #1" time="0">
    <skipped type="io.cucumber.junit.SkippedThrowable"><![CDATA[io.cucumber.junit.SkippedThrowable: This step is skipped
]]></skipped>
  </testcase>
  <testcase name="CAPF013 - Abrir Busqueda Avanzada" classname="Cargando la pagina en donde se buscara #1" time="0">
    <skipped type="io.cucumber.junit.SkippedThrowable"><![CDATA[io.cucumber.junit.SkippedThrowable: This step is skipped
]]></skipped>
  </testcase>
  <testcase name="CAPF013 - Escribir Desde Que Fecha Buscar : &quot;20/11/2017&quot;" classname="Cargando la pagina en donde se buscara #1" time="0">
    <skipped type="io.cucumber.junit.SkippedThrowable"><![CDATA[io.cucumber.junit.SkippedThrowable: This step is skipped
]]></skipped>
  </testcase>
  <testcase name="CAPF013 - Escribir Hasta Que Fecha Buscar : &quot;01/01/2019&quot;" classname="Cargando la pagina en donde se buscara #1" time="0">
    <skipped type="io.cucumber.junit.SkippedThrowable"><![CDATA[io.cucumber.junit.SkippedThrowable: This step is skipped
]]></skipped>
  </testcase>
  <testcase name="CAPF013 - Seleccionar Tema Ambiental : &quot;5&quot;" classname="Cargando la pagina en donde se buscara #1" time="0">
    <skipped type="io.cucumber.junit.SkippedThrowable"><![CDATA[io.cucumber.junit.SkippedThrowable: This step is skipped
]]></skipped>
  </testcase>
  <testcase name="CAPF013 - Retomar Busqueda" classname="Cargando la pagina en donde se buscara #1" time="0">
    <skipped type="io.cucumber.junit.SkippedThrowable"><![CDATA[io.cucumber.junit.SkippedThrowable: This step is skipped
]]></skipped>
  </testcase>
  <testcase name="CAPF014 - Cargando el Navegador" classname="Cargando la pagina en donde se buscara #1" time="0.016">
    <system-err><![CDATA[[main] ERROR  - &amp#27;[91m
         __  _____ _____ ____ _____   _____ ____  ____   ___  ____  
 _      / / |_   _| ____/ ___|_   _| | ____|  _ \|  _ \ / _ \|  _ \ 
(_)____| |    | | |  _| \___ \ | |   |  _| | |_) | |_) | | | | |_) |
 |_____| |    | | | |___ ___) || |   | |___|  _ <|  _ <| |_| |  _ < 
(_)    | |    |_| |_____|____/ |_|   |_____|_| \_\_| \_\\___/|_| \_\
        \_\                                                         

Cargando la pagina en donde se buscara
---------------------------------------------------------------------&amp#27;[0m
[main] ERROR  - &amp#27;[91m    Test failed at step: Cargar pagina&amp#27;[0m
[main] ERROR  - &amp#27;[91m    javascript error: Cannot read properties of null (reading 'contains')&amp#27;[0m
[main] INFO io.cucumber.core.plugin.SerenityReporter - Running feature from file:///C:/JenkinsWorkspace/workspace/Portales-PW-LFDXP/src/test/resources/CAP_F_014.feature
[main] WARN io.cucumber.core.plugin.SerenityReporter - Feature from file:///C:/JenkinsWorkspace/workspace/Portales-PW-LFDXP/src/test/resources/CAP_F_014.feature is not under the 'features' directory. Requirements report will not be correctly generated!
[main] INFO  - 
 _____ _____ ____ _____   ____ _____  _    ____ _____ _____ ____  
|_   _| ____/ ___|_   _| / ___|_   _|/ \  |  _ \_   _| ____|  _ \ 
  | | |  _| \___ \ | |   \___ \ | | / _ \ | |_) || | |  _| | | | |
  | | | |___ ___) || |    ___) || |/ ___ \|  _ < | | | |___| |_| |
  |_| |_____|____/ |_|   |____/ |_/_/   \_\_| \_\|_| |_____|____/ 

Cargando la pagina en donde se buscara(cap-f-014---buscar-contenido-en-la-web-de-portales;cargando-la-pagina-en-donde-se-buscara)
-------------------------------------------------------------------
]]></system-err>
  </testcase>
  <testcase name="CAPF014 - Se haya cargado la web" classname="Cargando la pagina en donde se buscara #1" time="8.388">
    <system-err><![CDATA[[main] INFO net.serenitybdd.core.webdriver.driverproviders.ChromeDriverProvider - Not using automatically driver download
[main] INFO net.serenitybdd.core.webdriver.driverproviders.ProvideNewDriver - Instantiating driver
[main] INFO net.serenitybdd.core.webdriver.driverproviders.ProvideNewDriver - Driver capabilities: Capabilities {acceptInsecureCerts: false, browserName: chrome, goog:chromeOptions: {args: [], extensions: []}, loggingPrefs: org.openqa.selenium.logging...}
Starting ChromeDriver 95.0.4638.69 (6a1600ed572fedecd573b6c2b90a22fe6392a410-refs/branch-heads/4638@{#984}) on port 4841
Only local connections are allowed.
Please see https://chromedriver.chromium.org/security-considerations for suggestions on keeping ChromeDriver safe.
ChromeDriver was started successfully.
[1637269184.906][WARNING]: This version of ChromeDriver has not been tested with Chrome version 96.
Nov 18, 2021 3:59:45 PM org.openqa.selenium.remote.ProtocolHandshake createSession
INFO: Detected dialect: W3C
]]></system-err>
  </testcase>
  <testcase name="CAPF014 - Aceptar las cookies" classname="Cargando la pagina en donde se buscara #1" time="0.036"/>
  <testcase name="CAPF014 - Escribir &quot;Bio&quot; y Buscar" classname="Cargando la pagina en donde se buscara #1" time="2.186"/>
  <testcase name="CAPF014 - Abrir Busqueda Avanzada" classname="Cargando la pagina en donde se buscara #1" time="1.577"/>
  <testcase name="CAPF014 - Escribir Desde Que Fecha Buscar : &quot;20/11/2017&quot;" classname="Cargando la pagina en donde se buscara #1" time="0.718"/>
  <testcase name="CAPF014 - Escribir Hasta Que Fecha Buscar : &quot;01/01/2019&quot;" classname="Cargando la pagina en donde se buscara #1" time="0.562"/>
  <testcase name="CAPF014 - Seleccionar Tema Ambiental : &quot;5&quot;" classname="Cargando la pagina en donde se buscara #1" time="1.18"/>
  <testcase name="CAPF014 - Retomar Busqueda" classname="Cargando la pagina en donde se buscara #1" time="0.639"/>
  <testcase name="CAPF015 - Cargando el Navegador" classname="Cargando la pagina en donde se buscara #1" time="0.015">
    <system-err><![CDATA[[main] INFO  - &amp#27;[92m
        __    _____ _____ ____ _____   ____   _    ____  ____  _____ ____  
  _     \ \  |_   _| ____/ ___|_   _| |  _ \ / \  / ___|/ ___|| ____|  _ \ 
 (_)_____| |   | | |  _| \___ \ | |   | |_) / _ \ \___ \\___ \|  _| | | | |
  _|_____| |   | | | |___ ___) || |   |  __/ ___ \ ___) |___) | |___| |_| |
 (_)     | |   |_| |_____|____/ |_|   |_| /_/   \_\____/|____/|_____|____/ 
        /_/                                                                

Cargando la pagina en donde se buscara
----------------------------------------------------------------------------&amp#27;[0m
[main] INFO io.cucumber.core.plugin.SerenityReporter - Running feature from file:///C:/JenkinsWorkspace/workspace/Portales-PW-LFDXP/src/test/resources/CAP_F_015.feature
[main] WARN io.cucumber.core.plugin.SerenityReporter - Feature from file:///C:/JenkinsWorkspace/workspace/Portales-PW-LFDXP/src/test/resources/CAP_F_015.feature is not under the 'features' directory. Requirements report will not be correctly generated!
[main] INFO  - 
 _____ _____ ____ _____   ____ _____  _    ____ _____ _____ ____  
|_   _| ____/ ___|_   _| / ___|_   _|/ \  |  _ \_   _| ____|  _ \ 
  | | |  _| \___ \ | |   \___ \ | | / _ \ | |_) || | |  _| | | | |
  | | | |___ ___) || |    ___) || |/ ___ \|  _ < | | | |___| |_| |
  |_| |_____|____/ |_|   |____/ |_/_/   \_\_| \_\|_| |_____|____/ 

Cargando la pagina en donde se buscara(cap-f-015---buscar-contenido-en-la-web-de-portales;cargando-la-pagina-en-donde-se-buscara)
-------------------------------------------------------------------
]]></system-err>
  </testcase>
  <testcase name="CAPF015 - Se haya cargado la web" classname="Cargando la pagina en donde se buscara #1" time="13.142">
    <system-err><![CDATA[[main] INFO net.serenitybdd.core.webdriver.driverproviders.ChromeDriverProvider - Not using automatically driver download
[main] INFO net.serenitybdd.core.webdriver.driverproviders.ProvideNewDriver - Instantiating driver
[main] INFO net.serenitybdd.core.webdriver.driverproviders.ProvideNewDriver - Driver capabilities: Capabilities {acceptInsecureCerts: false, browserName: chrome, goog:chromeOptions: {args: [], extensions: []}, loggingPrefs: org.openqa.selenium.logging...}
Starting ChromeDriver 95.0.4638.69 (6a1600ed572fedecd573b6c2b90a22fe6392a410-refs/branch-heads/4638@{#984}) on port 34215
Only local connections are allowed.
Please see https://chromedriver.chromium.org/security-considerations for suggestions on keeping ChromeDriver safe.
ChromeDriver was started successfully.
[1637269220.632][WARNING]: This version of ChromeDriver has not been tested with Chrome version 96.
Nov 18, 2021 4:00:20 PM org.openqa.selenium.remote.ProtocolHandshake createSession
INFO: Detected dialect: W3C
]]></system-err>
  </testcase>
  <testcase name="CAPF015 - Aceptar las cookies" classname="Cargando la pagina en donde se buscara #1" time="0.508"/>
  <testcase name="CAPF015 - Escribir &quot;Bio&quot; y Buscar" classname="Cargando la pagina en donde se buscara #1" time="30.799">
    <error type="org.openqa.selenium.NoSuchElementException"><![CDATA[org.openqa.selenium.NoSuchElementException: 
Timed out after 15 seconds. Element not found
For documentation on this error, please visit: https://www.seleniumhq.org/exceptions/no_such_element.html
Build info: version: '3.141.59', revision: 'e82be7d358', time: '2018-11-14T08:17:03'
System info: host: 'TRJ-8YJ4473', ip: '192.168.0.12', os.name: 'Windows 10', os.arch: 'amd64', os.version: '10.0', java.version: '1.8.0_301'
Driver info: driver.version: unknown
]]></error>
  </testcase>
  <testcase name="CAPF015 - Abrir Busqueda Avanzada" classname="Cargando la pagina en donde se buscara #1" time="0">
    <skipped type="io.cucumber.junit.SkippedThrowable"><![CDATA[io.cucumber.junit.SkippedThrowable: This step is skipped
]]></skipped>
  </testcase>
  <testcase name="CAPF015 - Escribir Desde Que Fecha Buscar : &quot;20/11/2017&quot;" classname="Cargando la pagina en donde se buscara #1" time="0">
    <skipped type="io.cucumber.junit.SkippedThrowable"><![CDATA[io.cucumber.junit.SkippedThrowable: This step is skipped
]]></skipped>
  </testcase>
  <testcase name="CAPF015 - Escribir Hasta Que Fecha Buscar : &quot;01/01/2019&quot;" classname="Cargando la pagina en donde se buscara #1" time="0">
    <skipped type="io.cucumber.junit.SkippedThrowable"><![CDATA[io.cucumber.junit.SkippedThrowable: This step is skipped
]]></skipped>
  </testcase>
  <testcase name="CAPF015 - Seleccionar Tema Ambiental : &quot;5&quot;" classname="Cargando la pagina en donde se buscara #1" time="0">
    <skipped type="io.cucumber.junit.SkippedThrowable"><![CDATA[io.cucumber.junit.SkippedThrowable: This step is skipped
]]></skipped>
  </testcase>
  <testcase name="CAPF015 - Retomar Busqueda" classname="Cargando la pagina en donde se buscara #1" time="0">
    <skipped type="io.cucumber.junit.SkippedThrowable"><![CDATA[io.cucumber.junit.SkippedThrowable: This step is skipped
]]></skipped>
  </testcase>
  <testcase name="CAPF016A - Cargando el Navegador" classname="Cargando la pagina en donde se buscara #1" time="0.011">
    <system-err><![CDATA[[main] INFO io.cucumber.core.plugin.SerenityReporter - Running feature from file:///C:/JenkinsWorkspace/workspace/Portales-PW-LFDXP/src/test/resources/CAP_F_016A.feature
[main] WARN io.cucumber.core.plugin.SerenityReporter - Feature from file:///C:/JenkinsWorkspace/workspace/Portales-PW-LFDXP/src/test/resources/CAP_F_016A.feature is not under the 'features' directory. Requirements report will not be correctly generated!
[main] INFO  - 
 _____ _____ ____ _____   ____ _____  _    ____ _____ _____ ____  
|_   _| ____/ ___|_   _| / ___|_   _|/ \  |  _ \_   _| ____|  _ \ 
  | | |  _| \___ \ | |   \___ \ | | / _ \ | |_) || | |  _| | | | |
  | | | |___ ___) || |    ___) || |/ ___ \|  _ < | | | |___| |_| |
  |_| |_____|____/ |_|   |____/ |_/_/   \_\_| \_\|_| |_____|____/ 

Cargando la pagina en donde se buscara(cap-f-016a---buscar-contenido-en-la-web-de-portales-(buscador-audios);cargando-la-pagina-en-donde-se-buscara)
-------------------------------------------------------------------
]]></system-err>
  </testcase>
  <testcase name="CAPF016A - Se haya cargado la web" classname="Cargando la pagina en donde se buscara #1" time="12.465">
    <system-err><![CDATA[[main] INFO net.serenitybdd.core.webdriver.driverproviders.ChromeDriverProvider - Not using automatically driver download
[main] INFO net.serenitybdd.core.webdriver.driverproviders.ProvideNewDriver - Instantiating driver
[main] INFO net.serenitybdd.core.webdriver.driverproviders.ProvideNewDriver - Driver capabilities: Capabilities {acceptInsecureCerts: false, browserName: chrome, goog:chromeOptions: {args: [], extensions: []}, loggingPrefs: org.openqa.selenium.logging...}
Starting ChromeDriver 95.0.4638.69 (6a1600ed572fedecd573b6c2b90a22fe6392a410-refs/branch-heads/4638@{#984}) on port 38522
Only local connections are allowed.
Please see https://chromedriver.chromium.org/security-considerations for suggestions on keeping ChromeDriver safe.
ChromeDriver was started successfully.
[1637269309.420][WARNING]: This version of ChromeDriver has not been tested with Chrome version 96.
Nov 18, 2021 4:01:49 PM org.openqa.selenium.remote.ProtocolHandshake createSession
INFO: Detected dialect: W3C
]]></system-err>
  </testcase>
  <testcase name="CAPF016A - Aceptar las cookies" classname="Cargando la pagina en donde se buscara #1" time="0.02"/>
  <testcase name="CAPF016A - Escribir &quot;Bio&quot; y Buscar" classname="Cargando la pagina en donde se buscara #1" time="0.597"/>
  <testcase name="CAPF016A - Abrir Busqueda Avanzada" classname="Cargando la pagina en donde se buscara #1" time="1.574"/>
  <testcase name="CAPF016A - Escribir Desde Que Fecha Buscar : &quot;20/11/2017&quot;" classname="Cargando la pagina en donde se buscara #1" time="0.562"/>
  <testcase name="CAPF016A - Escribir Hasta Que Fecha Buscar : &quot;01/01/2019&quot;" classname="Cargando la pagina en donde se buscara #1" time="0.551"/>
  <testcase name="CAPF016A - Seleccionar Tema : &quot;5&quot;" classname="Cargando la pagina en donde se buscara #1" time="0.533"/>
  <testcase name="CAPF016A - Retomar Busqueda" classname="Cargando la pagina en donde se buscara #1" time="0.502"/>
  <testcase name="CAPF016B - Cargando el Navegador" classname="Cargando la pagina en donde se buscara #1" time="0.017">
    <system-err><![CDATA[[main] INFO  - &amp#27;[92m
        __    _____ _____ ____ _____   ____   _    ____  ____  _____ ____  
  _     \ \  |_   _| ____/ ___|_   _| |  _ \ / \  / ___|/ ___|| ____|  _ \ 
 (_)_____| |   | | |  _| \___ \ | |   | |_) / _ \ \___ \\___ \|  _| | | | |
  _|_____| |   | | | |___ ___) || |   |  __/ ___ \ ___) |___) | |___| |_| |
 (_)     | |   |_| |_____|____/ |_|   |_| /_/   \_\____/|____/|_____|____/ 
        /_/                                                                

Cargando la pagina en donde se buscara
----------------------------------------------------------------------------&amp#27;[0m
[main] INFO io.cucumber.core.plugin.SerenityReporter - Running feature from file:///C:/JenkinsWorkspace/workspace/Portales-PW-LFDXP/src/test/resources/CAP_F_016B.feature
[main] WARN io.cucumber.core.plugin.SerenityReporter - Feature from file:///C:/JenkinsWorkspace/workspace/Portales-PW-LFDXP/src/test/resources/CAP_F_016B.feature is not under the 'features' directory. Requirements report will not be correctly generated!
[main] INFO  - 
 _____ _____ ____ _____   ____ _____  _    ____ _____ _____ ____  
|_   _| ____/ ___|_   _| / ___|_   _|/ \  |  _ \_   _| ____|  _ \ 
  | | |  _| \___ \ | |   \___ \ | | / _ \ | |_) || | |  _| | | | |
  | | | |___ ___) || |    ___) || |/ ___ \|  _ < | | | |___| |_| |
  |_| |_____|____/ |_|   |____/ |_/_/   \_\_| \_\|_| |_____|____/ 

Cargando la pagina en donde se buscara(cap-f-016b---buscar-contenido-en-la-web-de-portales-(buscador-imagenes);cargando-la-pagina-en-donde-se-buscara)
-------------------------------------------------------------------
]]></system-err>
  </testcase>
  <testcase name="CAPF016B - Se haya cargado la web" classname="Cargando la pagina en donde se buscara #1" time="13.598">
    <system-err><![CDATA[[main] INFO net.serenitybdd.core.webdriver.driverproviders.ChromeDriverProvider - Not using automatically driver download
[main] INFO net.serenitybdd.core.webdriver.driverproviders.ProvideNewDriver - Instantiating driver
[main] INFO net.serenitybdd.core.webdriver.driverproviders.ProvideNewDriver - Driver capabilities: Capabilities {acceptInsecureCerts: false, browserName: chrome, goog:chromeOptions: {args: [], extensions: []}, loggingPrefs: org.openqa.selenium.logging...}
Starting ChromeDriver 95.0.4638.69 (6a1600ed572fedecd573b6c2b90a22fe6392a410-refs/branch-heads/4638@{#984}) on port 11571
Only local connections are allowed.
Please see https://chromedriver.chromium.org/security-considerations for suggestions on keeping ChromeDriver safe.
ChromeDriver was started successfully.
[1637269344.524][WARNING]: This version of ChromeDriver has not been tested with Chrome version 96.
Nov 18, 2021 4:02:24 PM org.openqa.selenium.remote.ProtocolHandshake createSession
INFO: Detected dialect: W3C
]]></system-err>
  </testcase>
  <testcase name="CAPF016B - Aceptar las cookies" classname="Cargando la pagina en donde se buscara #1" time="0.03"/>
  <testcase name="CAPF016B - Escribir &quot;Bio&quot; y Buscar" classname="Cargando la pagina en donde se buscara #1" time="0.647"/>
  <testcase name="CAPF016B - Abrir Busqueda Avanzada" classname="Cargando la pagina en donde se buscara #1" time="1.592"/>
  <testcase name="CAPF016B - Escribir Desde Que Fecha Buscar : &quot;20/11/2017&quot;" classname="Cargando la pagina en donde se buscara #1" time="0.534"/>
  <testcase name="CAPF016B - Escribir Hasta Que Fecha Buscar : &quot;01/01/2019&quot;" classname="Cargando la pagina en donde se buscara #1" time="0.503"/>
  <testcase name="CAPF016B - Seleccionar Tema : &quot;5&quot;" classname="Cargando la pagina en donde se buscara #1" time="0.546"/>
  <testcase name="CAPF016B - Retomar Busqueda" classname="Cargando la pagina en donde se buscara #1" time="0.491"/>
  <testcase name="CAPF016C - Cargando el Navegador" classname="Cargando la pagina en donde se buscara #1" time="0.011">
    <system-err><![CDATA[[main] INFO  - &amp#27;[92m
        __    _____ _____ ____ _____   ____   _    ____  ____  _____ ____  
  _     \ \  |_   _| ____/ ___|_   _| |  _ \ / \  / ___|/ ___|| ____|  _ \ 
 (_)_____| |   | | |  _| \___ \ | |   | |_) / _ \ \___ \\___ \|  _| | | | |
  _|_____| |   | | | |___ ___) || |   |  __/ ___ \ ___) |___) | |___| |_| |
 (_)     | |   |_| |_____|____/ |_|   |_| /_/   \_\____/|____/|_____|____/ 
        /_/                                                                

Cargando la pagina en donde se buscara
----------------------------------------------------------------------------&amp#27;[0m
[main] INFO io.cucumber.core.plugin.SerenityReporter - Running feature from file:///C:/JenkinsWorkspace/workspace/Portales-PW-LFDXP/src/test/resources/CAP_F_016C.feature
[main] WARN io.cucumber.core.plugin.SerenityReporter - Feature from file:///C:/JenkinsWorkspace/workspace/Portales-PW-LFDXP/src/test/resources/CAP_F_016C.feature is not under the 'features' directory. Requirements report will not be correctly generated!
[main] INFO  - 
 _____ _____ ____ _____   ____ _____  _    ____ _____ _____ ____  
|_   _| ____/ ___|_   _| / ___|_   _|/ \  |  _ \_   _| ____|  _ \ 
  | | |  _| \___ \ | |   \___ \ | | / _ \ | |_) || | |  _| | | | |
  | | | |___ ___) || |    ___) || |/ ___ \|  _ < | | | |___| |_| |
  |_| |_____|____/ |_|   |____/ |_/_/   \_\_| \_\|_| |_____|____/ 

Cargando la pagina en donde se buscara(cap-f-016c---buscar-contenido-en-la-web-de-portales-(buscador-audios);cargando-la-pagina-en-donde-se-buscara)
-------------------------------------------------------------------
]]></system-err>
  </testcase>
  <testcase name="CAPF016C - Se haya cargado la web" classname="Cargando la pagina en donde se buscara #1" time="11.967">
    <system-err><![CDATA[[main] INFO net.serenitybdd.core.webdriver.driverproviders.ChromeDriverProvider - Not using automatically driver download
[main] INFO net.serenitybdd.core.webdriver.driverproviders.ProvideNewDriver - Instantiating driver
[main] INFO net.serenitybdd.core.webdriver.driverproviders.ProvideNewDriver - Driver capabilities: Capabilities {acceptInsecureCerts: false, browserName: chrome, goog:chromeOptions: {args: [], extensions: []}, loggingPrefs: org.openqa.selenium.logging...}
Starting ChromeDriver 95.0.4638.69 (6a1600ed572fedecd573b6c2b90a22fe6392a410-refs/branch-heads/4638@{#984}) on port 39550
Only local connections are allowed.
Please see https://chromedriver.chromium.org/security-considerations for suggestions on keeping ChromeDriver safe.
ChromeDriver was started successfully.
[1637269383.864][WARNING]: This version of ChromeDriver has not been tested with Chrome version 96.
Nov 18, 2021 4:03:04 PM org.openqa.selenium.remote.ProtocolHandshake createSession
INFO: Detected dialect: W3C
]]></system-err>
  </testcase>
  <testcase name="CAPF016C - Aceptar las cookies" classname="Cargando la pagina en donde se buscara #1" time="0.037"/>
  <testcase name="CAPF016C - Escribir &quot;Bio&quot; y Buscar" classname="Cargando la pagina en donde se buscara #1" time="1.006"/>
  <testcase name="CAPF016C - Abrir Busqueda Avanzada" classname="Cargando la pagina en donde se buscara #1" time="1.558"/>
  <testcase name="CAPF016C - Escribir Desde Que Fecha Buscar : &quot;20/11/2017&quot;" classname="Cargando la pagina en donde se buscara #1" time="0.554"/>
  <testcase name="CAPF016C - Escribir Hasta Que Fecha Buscar : &quot;01/01/2019&quot;" classname="Cargando la pagina en donde se buscara #1" time="0.507"/>
  <testcase name="CAPF016C - Seleccionar Tema : &quot;5&quot;" classname="Cargando la pagina en donde se buscara #1" time="0.574"/>
  <testcase name="CAPF016C - Retomar Busqueda" classname="Cargando la pagina en donde se buscara #1" time="0.505"/>
  <testcase name="CAPF012 - Cargando el Navegador" classname="Cargando la pagina en donde se buscara #2" time="0.005">
    <system-err><![CDATA[[main] INFO  - &amp#27;[92m
        __    _____ _____ ____ _____   ____   _    ____  ____  _____ ____  
  _     \ \  |_   _| ____/ ___|_   _| |  _ \ / \  / ___|/ ___|| ____|  _ \ 
 (_)_____| |   | | |  _| \___ \ | |   | |_) / _ \ \___ \\___ \|  _| | | | |
  _|_____| |   | | | |___ ___) || |   |  __/ ___ \ ___) |___) | |___| |_| |
 (_)     | |   |_| |_____|____/ |_|   |_| /_/   \_\____/|____/|_____|____/ 
        /_/                                                                

Cargando la pagina en donde se buscara
----------------------------------------------------------------------------&amp#27;[0m
[main] INFO io.cucumber.core.plugin.SerenityReporter - Running feature from file:///C:/JenkinsWorkspace/workspace/Portales-PW-LFDXP/src/test/resources/CAP_F_012.feature
[main] WARN io.cucumber.core.plugin.SerenityReporter - Feature from file:///C:/JenkinsWorkspace/workspace/Portales-PW-LFDXP/src/test/resources/CAP_F_012.feature is not under the 'features' directory. Requirements report will not be correctly generated!
]]></system-err>
  </testcase>
  <testcase name="CAPF012 - Se haya cargado la web" classname="Cargando la pagina en donde se buscara #2" time="15.552">
    <system-err><![CDATA[[main] INFO net.serenitybdd.core.webdriver.driverproviders.ChromeDriverProvider - Not using automatically driver download
[main] INFO net.serenitybdd.core.webdriver.driverproviders.ProvideNewDriver - Instantiating driver
[main] INFO net.serenitybdd.core.webdriver.driverproviders.ProvideNewDriver - Driver capabilities: Capabilities {acceptInsecureCerts: false, browserName: chrome, goog:chromeOptions: {args: [], extensions: []}, loggingPrefs: org.openqa.selenium.logging...}
Starting ChromeDriver 95.0.4638.69 (6a1600ed572fedecd573b6c2b90a22fe6392a410-refs/branch-heads/4638@{#984}) on port 46584
Only local connections are allowed.
Please see https://chromedriver.chromium.org/security-considerations for suggestions on keeping ChromeDriver safe.
ChromeDriver was started successfully.
[1637269136.748][WARNING]: This version of ChromeDriver has not been tested with Chrome version 96.
Nov 18, 2021 3:58:56 PM org.openqa.selenium.remote.ProtocolHandshake createSession
INFO: Detected dialect: W3C
]]></system-err>
  </testcase>
  <testcase name="CAPF012 - Aceptar las cookies" classname="Cargando la pagina en donde se buscara #2" time="0.028"/>
  <testcase name="CAPF012 - Escribir &quot;Fauna&quot; y Buscar" classname="Cargando la pagina en donde se buscara #2" time="2.413"/>
  <testcase name="CAPF012 - Abrir Busqueda Avanzada" classname="Cargando la pagina en donde se buscara #2" time="1.513"/>
  <testcase name="CAPF012 - Escribir Desde Que Fecha Buscar : &quot;20/11/2017&quot;" classname="Cargando la pagina en donde se buscara #2" time="0.549"/>
  <testcase name="CAPF012 - Escribir Hasta Que Fecha Buscar : &quot;01/01/2019&quot;" classname="Cargando la pagina en donde se buscara #2" time="0.494"/>
  <testcase name="CAPF012 - Seleccionar Tema Ambiental : &quot;5&quot;" classname="Cargando la pagina en donde se buscara #2" time="0.542"/>
  <testcase name="CAPF012 - Retomar Busqueda" classname="Cargando la pagina en donde se buscara #2" time="0.472"/>
  <testcase name="CAPF013 - Cargando el Navegador" classname="Cargando la pagina en donde se buscara #2" time="0.005">
    <system-err><![CDATA[[main] INFO io.cucumber.core.plugin.SerenityReporter - Running feature from file:///C:/JenkinsWorkspace/workspace/Portales-PW-LFDXP/src/test/resources/CAP_F_013.feature
[main] WARN io.cucumber.core.plugin.SerenityReporter - Feature from file:///C:/JenkinsWorkspace/workspace/Portales-PW-LFDXP/src/test/resources/CAP_F_013.feature is not under the 'features' directory. Requirements report will not be correctly generated!
]]></system-err>
  </testcase>
  <testcase name="CAPF013 - Se haya cargado la web" classname="Cargando la pagina en donde se buscara #2" time="8.136">
    <system-err><![CDATA[[main] INFO net.serenitybdd.core.webdriver.driverproviders.ChromeDriverProvider - Not using automatically driver download
[main] INFO net.serenitybdd.core.webdriver.driverproviders.ProvideNewDriver - Instantiating driver
[main] INFO net.serenitybdd.core.webdriver.driverproviders.ProvideNewDriver - Driver capabilities: Capabilities {acceptInsecureCerts: false, browserName: chrome, goog:chromeOptions: {args: [], extensions: []}, loggingPrefs: org.openqa.selenium.logging...}
Starting ChromeDriver 95.0.4638.69 (6a1600ed572fedecd573b6c2b90a22fe6392a410-refs/branch-heads/4638@{#984}) on port 26915
Only local connections are allowed.
Please see https://chromedriver.chromium.org/security-considerations for suggestions on keeping ChromeDriver safe.
ChromeDriver was started successfully.
[1637269169.356][WARNING]: This version of ChromeDriver has not been tested with Chrome version 96.
Nov 18, 2021 3:59:29 PM org.openqa.selenium.remote.ProtocolHandshake createSession
INFO: Detected dialect: W3C
]]></system-err>
  </testcase>
  <testcase name="CAPF013 - Aceptar las cookies" classname="Cargando la pagina en donde se buscara #2" time="0.025"/>
  <testcase name="CAPF013 - Escribir &quot;Fauna&quot; y Buscar" classname="Cargando la pagina en donde se buscara #2" time="1.955"/>
  <testcase name="CAPF013 - Abrir Busqueda Avanzada" classname="Cargando la pagina en donde se buscara #2" time="1.556"/>
  <testcase name="CAPF013 - Escribir Desde Que Fecha Buscar : &quot;20/11/2017&quot;" classname="Cargando la pagina en donde se buscara #2" time="0.577"/>
  <testcase name="CAPF013 - Escribir Hasta Que Fecha Buscar : &quot;01/01/2019&quot;" classname="Cargando la pagina en donde se buscara #2" time="0.516"/>
  <testcase name="CAPF013 - Seleccionar Tema Ambiental : &quot;5&quot;" classname="Cargando la pagina en donde se buscara #2" time="0.566"/>
  <testcase name="CAPF013 - Retomar Busqueda" classname="Cargando la pagina en donde se buscara #2" time="0.558"/>
  <testcase name="CAPF014 - Cargando el Navegador" classname="Cargando la pagina en donde se buscara #2" time="0.004">
    <system-err><![CDATA[[main] INFO  - &amp#27;[92m
        __    _____ _____ ____ _____   ____   _    ____  ____  _____ ____  
  _     \ \  |_   _| ____/ ___|_   _| |  _ \ / \  / ___|/ ___|| ____|  _ \ 
 (_)_____| |   | | |  _| \___ \ | |   | |_) / _ \ \___ \\___ \|  _| | | | |
  _|_____| |   | | | |___ ___) || |   |  __/ ___ \ ___) |___) | |___| |_| |
 (_)     | |   |_| |_____|____/ |_|   |_| /_/   \_\____/|____/|_____|____/ 
        /_/                                                                

Cargando la pagina en donde se buscara
----------------------------------------------------------------------------&amp#27;[0m
[main] INFO io.cucumber.core.plugin.SerenityReporter - Running feature from file:///C:/JenkinsWorkspace/workspace/Portales-PW-LFDXP/src/test/resources/CAP_F_014.feature
[main] WARN io.cucumber.core.plugin.SerenityReporter - Feature from file:///C:/JenkinsWorkspace/workspace/Portales-PW-LFDXP/src/test/resources/CAP_F_014.feature is not under the 'features' directory. Requirements report will not be correctly generated!
]]></system-err>
  </testcase>
  <testcase name="CAPF014 - Se haya cargado la web" classname="Cargando la pagina en donde se buscara #2" time="9.689">
    <system-err><![CDATA[[main] INFO net.serenitybdd.core.webdriver.driverproviders.ChromeDriverProvider - Not using automatically driver download
[main] INFO net.serenitybdd.core.webdriver.driverproviders.ProvideNewDriver - Instantiating driver
[main] INFO net.serenitybdd.core.webdriver.driverproviders.ProvideNewDriver - Driver capabilities: Capabilities {acceptInsecureCerts: false, browserName: chrome, goog:chromeOptions: {args: [], extensions: []}, loggingPrefs: org.openqa.selenium.logging...}
Starting ChromeDriver 95.0.4638.69 (6a1600ed572fedecd573b6c2b90a22fe6392a410-refs/branch-heads/4638@{#984}) on port 23676
Only local connections are allowed.
Please see https://chromedriver.chromium.org/security-considerations for suggestions on keeping ChromeDriver safe.
ChromeDriver was started successfully.
[1637269202.398][WARNING]: This version of ChromeDriver has not been tested with Chrome version 96.
Nov 18, 2021 4:00:02 PM org.openqa.selenium.remote.ProtocolHandshake createSession
INFO: Detected dialect: W3C
]]></system-err>
  </testcase>
  <testcase name="CAPF014 - Aceptar las cookies" classname="Cargando la pagina en donde se buscara #2" time="0.561"/>
  <testcase name="CAPF014 - Escribir &quot;Fauna&quot; y Buscar" classname="Cargando la pagina en donde se buscara #2" time="1.982"/>
  <testcase name="CAPF014 - Abrir Busqueda Avanzada" classname="Cargando la pagina en donde se buscara #2" time="2.356"/>
  <testcase name="CAPF014 - Escribir Desde Que Fecha Buscar : &quot;20/11/2017&quot;" classname="Cargando la pagina en donde se buscara #2" time="0.585"/>
  <testcase name="CAPF014 - Escribir Hasta Que Fecha Buscar : &quot;01/01/2019&quot;" classname="Cargando la pagina en donde se buscara #2" time="0.56"/>
  <testcase name="CAPF014 - Seleccionar Tema Ambiental : &quot;5&quot;" classname="Cargando la pagina en donde se buscara #2" time="0.664"/>
  <testcase name="CAPF014 - Retomar Busqueda" classname="Cargando la pagina en donde se buscara #2" time="0.483"/>
  <testcase name="CAPF015 - Cargando el Navegador" classname="Cargando la pagina en donde se buscara #2" time="0.006">
    <system-err><![CDATA[[main] INFO io.cucumber.core.plugin.SerenityReporter - Running feature from file:///C:/JenkinsWorkspace/workspace/Portales-PW-LFDXP/src/test/resources/CAP_F_015.feature
[main] WARN io.cucumber.core.plugin.SerenityReporter - Feature from file:///C:/JenkinsWorkspace/workspace/Portales-PW-LFDXP/src/test/resources/CAP_F_015.feature is not under the 'features' directory. Requirements report will not be correctly generated!
]]></system-err>
  </testcase>
  <testcase name="CAPF015 - Se haya cargado la web" classname="Cargando la pagina en donde se buscara #2" time="12.664">
    <system-err><![CDATA[[main] INFO net.serenitybdd.core.webdriver.driverproviders.ChromeDriverProvider - Not using automatically driver download
[main] INFO net.serenitybdd.core.webdriver.driverproviders.ProvideNewDriver - Instantiating driver
[main] INFO net.serenitybdd.core.webdriver.driverproviders.ProvideNewDriver - Driver capabilities: Capabilities {acceptInsecureCerts: false, browserName: chrome, goog:chromeOptions: {args: [], extensions: []}, loggingPrefs: org.openqa.selenium.logging...}
Starting ChromeDriver 95.0.4638.69 (6a1600ed572fedecd573b6c2b90a22fe6392a410-refs/branch-heads/4638@{#984}) on port 10800
Only local connections are allowed.
Please see https://chromedriver.chromium.org/security-considerations for suggestions on keeping ChromeDriver safe.
ChromeDriver was started successfully.
[1637269264.905][WARNING]: This version of ChromeDriver has not been tested with Chrome version 96.
Nov 18, 2021 4:01:05 PM org.openqa.selenium.remote.ProtocolHandshake createSession
INFO: Detected dialect: W3C
]]></system-err>
  </testcase>
  <testcase name="CAPF015 - Aceptar las cookies" classname="Cargando la pagina en donde se buscara #2" time="0.03"/>
  <testcase name="CAPF015 - Escribir &quot;Fauna&quot; y Buscar" classname="Cargando la pagina en donde se buscara #2" time="30.733">
    <error type="org.openqa.selenium.NoSuchElementException"><![CDATA[org.openqa.selenium.NoSuchElementException: 
Timed out after 15 seconds. Element not found
For documentation on this error, please visit: https://www.seleniumhq.org/exceptions/no_such_element.html
Build info: version: '3.141.59', revision: 'e82be7d358', time: '2018-11-14T08:17:03'
System info: host: 'TRJ-8YJ4473', ip: '192.168.0.12', os.name: 'Windows 10', os.arch: 'amd64', os.version: '10.0', java.version: '1.8.0_301'
Driver info: driver.version: unknown
]]></error>
  </testcase>
  <testcase name="CAPF015 - Abrir Busqueda Avanzada" classname="Cargando la pagina en donde se buscara #2" time="0">
    <skipped type="io.cucumber.junit.SkippedThrowable"><![CDATA[io.cucumber.junit.SkippedThrowable: This step is skipped
]]></skipped>
  </testcase>
  <testcase name="CAPF015 - Escribir Desde Que Fecha Buscar : &quot;20/11/2017&quot;" classname="Cargando la pagina en donde se buscara #2" time="0">
    <skipped type="io.cucumber.junit.SkippedThrowable"><![CDATA[io.cucumber.junit.SkippedThrowable: This step is skipped
]]></skipped>
  </testcase>
  <testcase name="CAPF015 - Escribir Hasta Que Fecha Buscar : &quot;01/01/2019&quot;" classname="Cargando la pagina en donde se buscara #2" time="0">
    <skipped type="io.cucumber.junit.SkippedThrowable"><![CDATA[io.cucumber.junit.SkippedThrowable: This step is skipped
]]></skipped>
  </testcase>
  <testcase name="CAPF015 - Seleccionar Tema Ambiental : &quot;5&quot;" classname="Cargando la pagina en donde se buscara #2" time="0">
    <skipped type="io.cucumber.junit.SkippedThrowable"><![CDATA[io.cucumber.junit.SkippedThrowable: This step is skipped
]]></skipped>
  </testcase>
  <testcase name="CAPF015 - Retomar Busqueda" classname="Cargando la pagina en donde se buscara #2" time="0">
    <skipped type="io.cucumber.junit.SkippedThrowable"><![CDATA[io.cucumber.junit.SkippedThrowable: This step is skipped
]]></skipped>
  </testcase>
  <testcase name="CAPF016A - Cargando el Navegador" classname="Cargando la pagina en donde se buscara #2" time="0.007">
    <system-err><![CDATA[[main] INFO  - &amp#27;[92m
        __    _____ _____ ____ _____   ____   _    ____  ____  _____ ____  
  _     \ \  |_   _| ____/ ___|_   _| |  _ \ / \  / ___|/ ___|| ____|  _ \ 
 (_)_____| |   | | |  _| \___ \ | |   | |_) / _ \ \___ \\___ \|  _| | | | |
  _|_____| |   | | | |___ ___) || |   |  __/ ___ \ ___) |___) | |___| |_| |
 (_)     | |   |_| |_____|____/ |_|   |_| /_/   \_\____/|____/|_____|____/ 
        /_/                                                                

Cargando la pagina en donde se buscara
[...]
  <testcase name="CAPF084 - Seleccionar Provincias &quot;none&quot;" classname="Cargando la web" time="0.005"/>
  <testcase name="CAPF084 - Seleccionar Tipos de Espacios Naturales &quot;LUGAR DE IMPORTANCIA COMUNITARIA&quot;" classname="Cargando la web" time="1.149"/>
  <testcase name="CAPF084 - Nombre de Espacio Natural &quot;ACEBUCHAL DE ALPIZAR&quot;" classname="Cargando la web" time="1.34"/>
  <testcase name="CAPF084 - Selecciona un tipo de Equipamento &quot;none&quot;" classname="Cargando la web" time="0.002"/>
  <testcase name="CAPF084 - Buscar" classname="Cargando la web" time="5.486"/>
  <testcase name="CAPF087 - Cargando el Navegador" classname="Cargando la web" time="0.014">
    <system-err><![CDATA[[main] INFO  - &amp#27;[92m
        __    _____ _____ ____ _____   ____   _    ____  ____  _____ ____  
  _     \ \  |_   _| ____/ ___|_   _| |  _ \ / \  / ___|/ ___|| ____|  _ \ 
 (_)_____| |   | | |  _| \___ \ | |   | |_) / _ \ \___ \\___ \|  _| | | | |
  _|_____| |   | | | |___ ___) || |   |  __/ ___ \ ___) |___) | |___| |_| |
 (_)     | |   |_| |_____|____/ |_|   |_| /_/   \_\____/|____/|_____|____/ 
        /_/                                                                

Cargando la web
----------------------------------------------------------------------------&amp#27;[0m
[main] INFO io.cucumber.core.plugin.SerenityReporter - Running feature from file:///C:/JenkinsWorkspace/workspace/Portales-PW-LFDXP/src/test/resources/CAP_F_087.feature
[main] WARN io.cucumber.core.plugin.SerenityReporter - Feature from file:///C:/JenkinsWorkspace/workspace/Portales-PW-LFDXP/src/test/resources/CAP_F_087.feature is not under the 'features' directory. Requirements report will not be correctly generated!
[main] INFO  - 
 _____ _____ ____ _____   ____ _____  _    ____ _____ _____ ____  
|_   _| ____/ ___|_   _| / ___|_   _|/ \  |  _ \_   _| ____|  _ \ 
  | | |  _| \___ \ | |   \___ \ | | / _ \ | |_) || | |  _| | | | |
  | | | |___ ___) || |    ___) || |/ ___ \|  _ < | | | |___| |_| |
  |_| |_____|____/ |_|   |____/ |_/_/   \_\_| \_\|_| |_____|____/ 

Cargando la web(cap-f-087---validar-estado-de-la-web;cargando-la-web)
-------------------------------------------------------------------
]]></system-err>
  </testcase>
  <testcase name="CAPF087 - Se haya cargado la web" classname="Cargando la web" time="30.943">
    <system-err><![CDATA[[main] INFO net.serenitybdd.core.webdriver.driverproviders.ChromeDriverProvider - Not using automatically driver download
[main] INFO net.serenitybdd.core.webdriver.driverproviders.ProvideNewDriver - Instantiating driver
[main] INFO net.serenitybdd.core.webdriver.driverproviders.ProvideNewDriver - Driver capabilities: Capabilities {acceptInsecureCerts: false, browserName: chrome, goog:chromeOptions: {args: [], extensions: []}, loggingPrefs: org.openqa.selenium.logging...}
Starting ChromeDriver 95.0.4638.69 (6a1600ed572fedecd573b6c2b90a22fe6392a410-refs/branch-heads/4638@{#984}) on port 45630
Only local connections are allowed.
Please see https://chromedriver.chromium.org/security-considerations for suggestions on keeping ChromeDriver safe.
ChromeDriver was started successfully.
[1637269946.421][WARNING]: This version of ChromeDriver has not been tested with Chrome version 96.
Nov 18, 2021 4:12:26 PM org.openqa.selenium.remote.ProtocolHandshake createSession
INFO: Detected dialect: W3C
]]></system-err>
  </testcase>
  <testcase name="CAPF087 - Aceptar las cookies" classname="Cargando la web" time="1.034"/>
  <testcase name="CAPF087 - Limpiar" classname="Cargando la web" time="0.64"/>
  <testcase name="CAPF087 - Buscar por palabras &quot;Andalucía, tierra de acogida de quebrantahuesos&quot;" classname="Cargando la web" time="0.921"/>
  <testcase name="CAPF087 - Seleccionar Provincias &quot;none&quot;" classname="Cargando la web" time="0.005"/>
  <testcase name="CAPF087 - Seleccionar Tipos de Espacios Naturales &quot;none&quot;" classname="Cargando la web" time="0.002"/>
  <testcase name="CAPF087 - Nombre de Espacio Natural &quot;none&quot;" classname="Cargando la web" time="0.003"/>
  <testcase name="CAPF087 - Selecciona un tipo de Equipamento &quot;none&quot;" classname="Cargando la web" time="0.004"/>
  <testcase name="CAPF087 - Buscar" classname="Cargando la web" time="5.551"/>
  <testcase name="CAPF090 - Cargando el Navegador" classname="Cargando la web" time="0.014">
    <system-err><![CDATA[[main] INFO  - &amp#27;[92m
        __    _____ _____ ____ _____   ____   _    ____  ____  _____ ____  
  _     \ \  |_   _| ____/ ___|_   _| |  _ \ / \  / ___|/ ___|| ____|  _ \ 
 (_)_____| |   | | |  _| \___ \ | |   | |_) / _ \ \___ \\___ \|  _| | | | |
  _|_____| |   | | | |___ ___) || |   |  __/ ___ \ ___) |___) | |___| |_| |
 (_)     | |   |_| |_____|____/ |_|   |_| /_/   \_\____/|____/|_____|____/ 
        /_/                                                                

Cargando la web
----------------------------------------------------------------------------&amp#27;[0m
[main] INFO io.cucumber.core.plugin.SerenityReporter - Running feature from file:///C:/JenkinsWorkspace/workspace/Portales-PW-LFDXP/src/test/resources/CAP_F_090.feature
[main] WARN io.cucumber.core.plugin.SerenityReporter - Feature from file:///C:/JenkinsWorkspace/workspace/Portales-PW-LFDXP/src/test/resources/CAP_F_090.feature is not under the 'features' directory. Requirements report will not be correctly generated!
[main] INFO  - 
 _____ _____ ____ _____   ____ _____  _    ____ _____ _____ ____  
|_   _| ____/ ___|_   _| / ___|_   _|/ \  |  _ \_   _| ____|  _ \ 
  | | |  _| \___ \ | |   \___ \ | | / _ \ | |_) || | |  _| | | | |
  | | | |___ ___) || |    ___) || |/ ___ \|  _ < | | | |___| |_| |
  |_| |_____|____/ |_|   |____/ |_/_/   \_\_| \_\|_| |_____|____/ 

Cargando la web(cap-f-090---validar-estado-de-la-web;cargando-la-web)
-------------------------------------------------------------------
]]></system-err>
  </testcase>
  <testcase name="CAPF090 - Se haya cargado la web" classname="Cargando la web" time="30.447">
    <system-err><![CDATA[[main] INFO net.serenitybdd.core.webdriver.driverproviders.ChromeDriverProvider - Not using automatically driver download
[main] INFO net.serenitybdd.core.webdriver.driverproviders.ProvideNewDriver - Instantiating driver
[main] INFO net.serenitybdd.core.webdriver.driverproviders.ProvideNewDriver - Driver capabilities: Capabilities {acceptInsecureCerts: false, browserName: chrome, goog:chromeOptions: {args: [], extensions: []}, loggingPrefs: org.openqa.selenium.logging...}
Starting ChromeDriver 95.0.4638.69 (6a1600ed572fedecd573b6c2b90a22fe6392a410-refs/branch-heads/4638@{#984}) on port 8252
Only local connections are allowed.
Please see https://chromedriver.chromium.org/security-considerations for suggestions on keeping ChromeDriver safe.
ChromeDriver was started successfully.
[1637269986.629][WARNING]: This version of ChromeDriver has not been tested with Chrome version 96.
Nov 18, 2021 4:13:06 PM org.openqa.selenium.remote.ProtocolHandshake createSession
INFO: Detected dialect: W3C
]]></system-err>
  </testcase>
  <testcase name="CAPF090 - Aceptar las cookies" classname="Cargando la web" time="1.003"/>
  <testcase name="CAPF090 - Limpiar" classname="Cargando la web" time="0.605"/>
  <testcase name="CAPF090 - Buscar por palabras &quot;Andalucía&quot;" classname="Cargando la web" time="0.934"/>
  <testcase name="CAPF090 - Seleccionar Provincias &quot;CÁDIZ&quot;" classname="Cargando la web" time="0.863"/>
  <testcase name="CAPF090 - Seleccionar Tipos de Espacios Naturales &quot;none&quot;" classname="Cargando la web" time="0.004"/>
  <testcase name="CAPF090 - Nombre de Espacio Natural &quot;none&quot;" classname="Cargando la web" time="0.003"/>
  <testcase name="CAPF090 - Selecciona un tipo de Equipamento &quot;CENTRO DE VISITANTES&quot;" classname="Cargando la web" time="1.124"/>
  <testcase name="CAPF090 - Buscar" classname="Cargando la web" time="5.532"/>
  <testcase name="CAPF101 - Cargando el Navegador" classname="Cargando la web" time="0.014">
    <system-err><![CDATA[[main] INFO  - &amp#27;[92m
        __    _____ _____ ____ _____   ____   _    ____  ____  _____ ____  
  _     \ \  |_   _| ____/ ___|_   _| |  _ \ / \  / ___|/ ___|| ____|  _ \ 
 (_)_____| |   | | |  _| \___ \ | |   | |_) / _ \ \___ \\___ \|  _| | | | |
  _|_____| |   | | | |___ ___) || |   |  __/ ___ \ ___) |___) | |___| |_| |
 (_)     | |   |_| |_____|____/ |_|   |_| /_/   \_\____/|____/|_____|____/ 
        /_/                                                                

Cargando la web
----------------------------------------------------------------------------&amp#27;[0m
[main] INFO io.cucumber.core.plugin.SerenityReporter - Running feature from file:///C:/JenkinsWorkspace/workspace/Portales-PW-LFDXP/src/test/resources/CAP_F_101.feature
[main] WARN io.cucumber.core.plugin.SerenityReporter - Feature from file:///C:/JenkinsWorkspace/workspace/Portales-PW-LFDXP/src/test/resources/CAP_F_101.feature is not under the 'features' directory. Requirements report will not be correctly generated!
[main] INFO  - 
 _____ _____ ____ _____   ____ _____  _    ____ _____ _____ ____  
|_   _| ____/ ___|_   _| / ___|_   _|/ \  |  _ \_   _| ____|  _ \ 
  | | |  _| \___ \ | |   \___ \ | | / _ \ | |_) || | |  _| | | | |
  | | | |___ ___) || |    ___) || |/ ___ \|  _ < | | | |___| |_| |
  |_| |_____|____/ |_|   |____/ |_/_/   \_\_| \_\|_| |_____|____/ 

Cargando la web(cap-f-101---validar-estado-de-la-web;cargando-la-web)
-------------------------------------------------------------------
]]></system-err>
  </testcase>
  <testcase name="CAPF101 - Se haya cargado la web" classname="Cargando la web" time="8.81">
    <system-err><![CDATA[[main] INFO net.serenitybdd.core.webdriver.driverproviders.ChromeDriverProvider - Not using automatically driver download
[main] INFO net.serenitybdd.core.webdriver.driverproviders.ProvideNewDriver - Instantiating driver
[main] INFO net.serenitybdd.core.webdriver.driverproviders.ProvideNewDriver - Driver capabilities: Capabilities {acceptInsecureCerts: false, browserName: chrome, goog:chromeOptions: {args: [], extensions: []}, loggingPrefs: org.openqa.selenium.logging...}
Starting ChromeDriver 95.0.4638.69 (6a1600ed572fedecd573b6c2b90a22fe6392a410-refs/branch-heads/4638@{#984}) on port 18675
Only local connections are allowed.
Please see https://chromedriver.chromium.org/security-considerations for suggestions on keeping ChromeDriver safe.
ChromeDriver was started successfully.
[1637270028.312][WARNING]: This version of ChromeDriver has not been tested with Chrome version 96.
Nov 18, 2021 4:13:48 PM org.openqa.selenium.remote.ProtocolHandshake createSession
INFO: Detected dialect: W3C
]]></system-err>
  </testcase>
  <testcase name="CAPF101 - Aceptar las cookies" classname="Cargando la web" time="0.869"/>
  <testcase name="CAPF101 - Limpiar" classname="Cargando la web" time="0.664"/>
  <testcase name="CAPF101 - Buscar por palabras &quot;none&quot;" classname="Cargando la web" time="0.005"/>
  <testcase name="CAPF101 - Seleccionar Provincias &quot;ALMERÍA&quot;" classname="Cargando la web" time="0.771"/>
  <testcase name="CAPF101 - Seleccionar Categorias &quot;GUÍAS&quot;" classname="Cargando la web" time="0.891"/>
  <testcase name="CAPF101 - Seleccionar SubCategorias &quot;none&quot;" classname="Cargando la web" time="0.003"/>
  <testcase name="CAPF101 - Seleccionar Tipo de Archivo &quot;PDF&quot;" classname="Cargando la web" time="0.814"/>
  <testcase name="CAPF101 - Selecciona un tipo de Equipamento &quot;none&quot;" classname="Cargando la web" time="0.003"/>
  <testcase name="CAPF101 - Seleccionar Tipos de Espacios Naturales &quot;MONUMENTO NATURAL&quot;" classname="Cargando la web" time="0.895"/>
  <testcase name="CAPF101 - Nombre de Espacio Natural &quot;none&quot;" classname="Cargando la web" time="0.003"/>
  <testcase name="CAPF101 - Buscar" classname="Cargando la web" time="5.503"/>
  <testcase name="CAPF104 - Cargando el Navegador" classname="Cargando la web" time="0.011">
    <system-err><![CDATA[[main] INFO  - &amp#27;[92m
        __    _____ _____ ____ _____   ____   _    ____  ____  _____ ____  
  _     \ \  |_   _| ____/ ___|_   _| |  _ \ / \  / ___|/ ___|| ____|  _ \ 
 (_)_____| |   | | |  _| \___ \ | |   | |_) / _ \ \___ \\___ \|  _| | | | |
  _|_____| |   | | | |___ ___) || |   |  __/ ___ \ ___) |___) | |___| |_| |
 (_)     | |   |_| |_____|____/ |_|   |_| /_/   \_\____/|____/|_____|____/ 
        /_/                                                                

Cargando la web
----------------------------------------------------------------------------&amp#27;[0m
[main] INFO io.cucumber.core.plugin.SerenityReporter - Running feature from file:///C:/JenkinsWorkspace/workspace/Portales-PW-LFDXP/src/test/resources/CAP_F_104.feature
[main] WARN io.cucumber.core.plugin.SerenityReporter - Feature from file:///C:/JenkinsWorkspace/workspace/Portales-PW-LFDXP/src/test/resources/CAP_F_104.feature is not under the 'features' directory. Requirements report will not be correctly generated!
[main] INFO  - 
 _____ _____ ____ _____   ____ _____  _    ____ _____ _____ ____  
|_   _| ____/ ___|_   _| / ___|_   _|/ \  |  _ \_   _| ____|  _ \ 
  | | |  _| \___ \ | |   \___ \ | | / _ \ | |_) || | |  _| | | | |
  | | | |___ ___) || |    ___) || |/ ___ \|  _ < | | | |___| |_| |
  |_| |_____|____/ |_|   |____/ |_/_/   \_\_| \_\|_| |_____|____/ 

Cargando la web(cap-f-104---validar-estado-de-la-web;cargando-la-web)
-------------------------------------------------------------------
]]></system-err>
  </testcase>
  <testcase name="CAPF104 - Se haya cargado la web" classname="Cargando la web" time="8.568">
    <system-err><![CDATA[[main] INFO net.serenitybdd.core.webdriver.driverproviders.ChromeDriverProvider - Not using automatically driver download
[main] INFO net.serenitybdd.core.webdriver.driverproviders.ProvideNewDriver - Instantiating driver
[main] INFO net.serenitybdd.core.webdriver.driverproviders.ProvideNewDriver - Driver capabilities: Capabilities {acceptInsecureCerts: false, browserName: chrome, goog:chromeOptions: {args: [], extensions: []}, loggingPrefs: org.openqa.selenium.logging...}
Starting ChromeDriver 95.0.4638.69 (6a1600ed572fedecd573b6c2b90a22fe6392a410-refs/branch-heads/4638@{#984}) on port 37086
Only local connections are allowed.
Please see https://chromedriver.chromium.org/security-considerations for suggestions on keeping ChromeDriver safe.
ChromeDriver was started successfully.
[1637270048.666][WARNING]: This version of ChromeDriver has not been tested with Chrome version 96.
Nov 18, 2021 4:14:08 PM org.openqa.selenium.remote.ProtocolHandshake createSession
INFO: Detected dialect: W3C
]]></system-err>
  </testcase>
  <testcase name="CAPF104 - Aceptar las cookies" classname="Cargando la web" time="0.92"/>
  <testcase name="CAPF104 - Limpiar" classname="Cargando la web" time="0.635"/>
  <testcase name="CAPF104 - Buscar por palabras &quot;guía&quot;" classname="Cargando la web" time="0.883"/>
  <testcase name="CAPF104 - Seleccionar Provincias &quot;none&quot;" classname="Cargando la web" time="0.003"/>
  <testcase name="CAPF104 - Seleccionar Categorias &quot;none&quot;" classname="Cargando la web" time="0.002"/>
  <testcase name="CAPF104 - Seleccionar SubCategorias &quot;none&quot;" classname="Cargando la web" time="0.003"/>
  <testcase name="CAPF104 - Seleccionar Tipo de Archivo &quot;none&quot;" classname="Cargando la web" time="0.003"/>
  <testcase name="CAPF104 - Selecciona un tipo de Equipamento &quot;none&quot;" classname="Cargando la web" time="0.002"/>
  <testcase name="CAPF104 - Seleccionar Tipos de Espacios Naturales &quot;none&quot;" classname="Cargando la web" time="0.004"/>
  <testcase name="CAPF104 - Nombre de Espacio Natural &quot;none&quot;" classname="Cargando la web" time="0.004"/>
  <testcase name="CAPF104 - Buscar" classname="Cargando la web" time="5.515"/>
  <testcase name="CAPF107 - Cargando el Navegador" classname="Cargando la web" time="0.011">
    <system-err><![CDATA[[main] INFO  - &amp#27;[92m
        __    _____ _____ ____ _____   ____   _    ____  ____  _____ ____  
  _     \ \  |_   _| ____/ ___|_   _| |  _ \ / \  / ___|/ ___|| ____|  _ \ 
 (_)_____| |   | | |  _| \___ \ | |   | |_) / _ \ \___ \\___ \|  _| | | | |
  _|_____| |   | | | |___ ___) || |   |  __/ ___ \ ___) |___) | |___| |_| |
 (_)     | |   |_| |_____|____/ |_|   |_| /_/   \_\____/|____/|_____|____/ 
        /_/                                                                

Cargando la web
----------------------------------------------------------------------------&amp#27;[0m
[main] INFO io.cucumber.core.plugin.SerenityReporter - Running feature from file:///C:/JenkinsWorkspace/workspace/Portales-PW-LFDXP/src/test/resources/CAP_F_107.feature
[main] WARN io.cucumber.core.plugin.SerenityReporter - Feature from file:///C:/JenkinsWorkspace/workspace/Portales-PW-LFDXP/src/test/resources/CAP_F_107.feature is not under the 'features' directory. Requirements report will not be correctly generated!
[main] INFO  - 
 _____ _____ ____ _____   ____ _____  _    ____ _____ _____ ____  
|_   _| ____/ ___|_   _| / ___|_   _|/ \  |  _ \_   _| ____|  _ \ 
  | | |  _| \___ \ | |   \___ \ | | / _ \ | |_) || | |  _| | | | |
  | | | |___ ___) || |    ___) || |/ ___ \|  _ < | | | |___| |_| |
  |_| |_____|____/ |_|   |____/ |_/_/   \_\_| \_\|_| |_____|____/ 

Cargando la web(cap-f-107---validar-estado-de-la-web;cargando-la-web)
-------------------------------------------------------------------
]]></system-err>
  </testcase>
  <testcase name="CAPF107 - Se haya cargado la web" classname="Cargando la web" time="8.638">
    <system-err><![CDATA[[main] INFO net.serenitybdd.core.webdriver.driverproviders.ChromeDriverProvider - Not using automatically driver download
[main] INFO net.serenitybdd.core.webdriver.driverproviders.ProvideNewDriver - Instantiating driver
[main] INFO net.serenitybdd.core.webdriver.driverproviders.ProvideNewDriver - Driver capabilities: Capabilities {acceptInsecureCerts: false, browserName: chrome, goog:chromeOptions: {args: [], extensions: []}, loggingPrefs: org.openqa.selenium.logging...}
Starting ChromeDriver 95.0.4638.69 (6a1600ed572fedecd573b6c2b90a22fe6392a410-refs/branch-heads/4638@{#984}) on port 9589
Only local connections are allowed.
Please see https://chromedriver.chromium.org/security-considerations for suggestions on keeping ChromeDriver safe.
ChromeDriver was started successfully.
[1637270066.324][WARNING]: This version of ChromeDriver has not been tested with Chrome version 96.
Nov 18, 2021 4:14:26 PM org.openqa.selenium.remote.ProtocolHandshake createSession
INFO: Detected dialect: W3C
]]></system-err>
  </testcase>
  <testcase name="CAPF107 - Aceptar las cookies" classname="Cargando la web" time="0.939"/>
  <testcase name="CAPF107 - Limpiar" classname="Cargando la web" time="0.691"/>
  <testcase name="CAPF107 - Buscar por palabras &quot;none&quot;" classname="Cargando la web" time="0.004"/>
  <testcase name="CAPF107 - Seleccionar Provincias &quot;none&quot;" classname="Cargando la web" time="0.003"/>
  <testcase name="CAPF107 - Seleccionar Categorias &quot;none&quot;" classname="Cargando la web" time="0.005"/>
  <testcase name="CAPF107 - Seleccionar SubCategorias &quot;none&quot;" classname="Cargando la web" time="0.005"/>
  <testcase name="CAPF107 - Seleccionar Tipo de Archivo &quot;none&quot;" classname="Cargando la web" time="0.004"/>
  <testcase name="CAPF107 - Selecciona un tipo de Equipamento &quot;none&quot;" classname="Cargando la web" time="0.004"/>
  <testcase name="CAPF107 - Seleccionar Tipos de Espacios Naturales &quot;none&quot;" classname="Cargando la web" time="0.371"/>
  <testcase name="CAPF107 - Nombre de Espacio Natural &quot;none&quot;" classname="Cargando la web" time="0.003"/>
  <testcase name="CAPF107 - Buscar" classname="Cargando la web" time="5.56"/>
</testsuite>