<?xml version="1.0" encoding="UTF-8"?>
<testsuite xmlns:xsi="http://www.w3.org/2001/XMLSchema-instance" xsi:noNamespaceSchemaLocation="https://maven.apache.org/surefire/maven-failsafe-plugin/xsd/failsafe-test-report-3.0.xsd" version="3.0" name="org.medioAmbiente.acceptancetests.AcceptanceTestSuite" time="140.108" tests="13" errors="0" skipped="0" failures="0">
  <properties>
[...]
</properties>
  <testcase name="CAPF003 - Cargando el Navegador" classname="Iniciar Sesion en Pagina del Visitante" time="0.39">
    <system-err><![CDATA[[main] INFO io.cucumber.core.plugin.SerenityReporter - Running feature from file:///home/jahirmedinacs/workspace/Portales-PW-WEBVI/src/test/resources/features/CAP_F_003.feature
[main] INFO  - &amp#27;[96m

-------------------------------------------------------------------------------------
     _______. _______ .______       _______ .__   __.  __  .___________.____    ____ 
    /       ||   ____||   _  \     |   ____||  \ |  | |  | |           |\   \  /   / 
   |   (----`|  |__   |  |_)  |    |  |__   |   \|  | |  | `---|  |----` \   \/   /  
    \   \    |   __|  |      /     |   __|  |  . `  | |  |     |  |       \_    _/   
.----)   |   |  |____ |  |\  \----.|  |____ |  |\   | |  |     |  |         |  |     
|_______/    |_______|| _| `._____||_______||__| \__| |__|     |__|         |__|    
                                                                                     
 News and tutorials at http://www.serenity-bdd.info                                  
 Documentation at https://wakaleo.gitbooks.io/the-serenity-book/content/             
 Join the Serenity Community on Gitter: https://gitter.im/serenity-bdd/serenity-core 
 Serenity BDD Support and Training at http://serenity-bdd.info/#/trainingandsupport  
-------------------------------------------------------------------------------------
&amp#27;[0m
[main] INFO  - Test Suite Started: CAP_F_003 - Iniciar Sesion en Pagina del Visitante
[main] INFO io.cucumber.core.plugin.SerenityReporter - Running feature from file:///home/jahirmedinacs/workspace/Portales-PW-WEBVI/src/test/resources/features/CAP_F_005.feature
[main] INFO  - Test Suite Started: CAP_F_005 - Acceso a la ficha de un Espacio Natural
[main] INFO io.cucumber.core.plugin.SerenityReporter - Running feature from file:///home/jahirmedinacs/workspace/Portales-PW-WEBVI/src/test/resources/features/CAP_F_007.feature
[main] INFO  - Test Suite Started: CAP_F_007 - Compartir la ficha de un Espacio Natural
[main] INFO io.cucumber.core.plugin.SerenityReporter - Running feature from file:///home/jahirmedinacs/workspace/Portales-PW-WEBVI/src/test/resources/features/CAP_F_012.feature
[main] INFO  - Test Suite Started: CAP_F_012 - Buscar Contenido en la Web de Portales (Buscador Generico)
[main] INFO io.cucumber.core.plugin.SerenityReporter - Running feature from file:///home/jahirmedinacs/workspace/Portales-PW-WEBVI/src/test/resources/features/CAP_F_013.feature
[main] INFO  - Test Suite Started: CAP_F_013 - Buscar Contenido en la Web de Portales (Buscador de Tramites)
[main] INFO io.cucumber.core.plugin.SerenityReporter - Running feature from file:///home/jahirmedinacs/workspace/Portales-PW-WEBVI/src/test/resources/features/CAP_F_014.feature
[main] INFO  - Test Suite Started: CAP_F_014 - Buscar Contenido en la Web de Portales
[main] INFO io.cucumber.core.plugin.SerenityReporter - Running feature from file:///home/jahirmedinacs/workspace/Portales-PW-WEBVI/src/test/resources/features/CAP_F_015.feature
[main] INFO  - Test Suite Started: CAP_F_015 - Buscar Contenido en la Web de Portales
[main] INFO io.cucumber.core.plugin.SerenityReporter - Running feature from file:///home/jahirmedinacs/workspace/Portales-PW-WEBVI/src/test/resources/features/CAP_F_016A.feature
[main] INFO  - Test Suite Started: CAP_F_016A - Buscar Contenido en la Web de Portales (Buscador Audios)
[main] INFO io.cucumber.core.plugin.SerenityReporter - Running feature from file:///home/jahirmedinacs/workspace/Portales-PW-WEBVI/src/test/resources/features/CAP_F_016B.feature
[main] INFO  - Test Suite Started: CAP_F_016B - Buscar Contenido en la Web de Portales (Buscador Imagenes)
[main] INFO io.cucumber.core.plugin.SerenityReporter - Running feature from file:///home/jahirmedinacs/workspace/Portales-PW-WEBVI/src/test/resources/features/CAP_F_016C.feature
[main] INFO  - Test Suite Started: CAP_F_016C - Buscar Contenido en la Web de Portales (Buscador Audios)
[main] INFO io.cucumber.core.plugin.SerenityReporter - Running feature from file:///home/jahirmedinacs/workspace/Portales-PW-WEBVI/src/test/resources/features/CAP_F_018.feature
[main] INFO  - Test Suite Started: CAP_F_018 - Validar estado de la Web
[main] INFO io.cucumber.core.plugin.SerenityReporter - Running feature from file:///home/jahirmedinacs/workspace/Portales-PW-WEBVI/src/test/resources/features/CAP_F_021.feature
[main] INFO  - Test Suite Started: CAP_F_021 - Validar estado de la Web
[main] INFO io.cucumber.core.plugin.SerenityReporter - Running feature from file:///home/jahirmedinacs/workspace/Portales-PW-WEBVI/src/test/resources/features/CAP_F_026.feature
[main] INFO  - Test Suite Started: CAP_F_026 - Validar estado de la Web
[main] INFO io.cucumber.core.plugin.SerenityReporter - Running feature from file:///home/jahirmedinacs/workspace/Portales-PW-WEBVI/src/test/resources/features/CAP_F_034.feature
[main] INFO  - Test Suite Started: CAP_F_034 - Validar estado de la Web
[main] INFO io.cucumber.core.plugin.SerenityReporter - Running feature from file:///home/jahirmedinacs/workspace/Portales-PW-WEBVI/src/test/resources/features/CAP_F_041.feature
[main] INFO  - Test Suite Started: CAP_F_041 - Validar estado de la Web
[main] INFO io.cucumber.core.plugin.SerenityReporter - Running feature from file:///home/jahirmedinacs/workspace/Portales-PW-WEBVI/src/test/resources/features/CAP_F_045.feature
[main] INFO  - Test Suite Started: CAP_F_045 - Validar estado de la Web
[main] INFO io.cucumber.core.plugin.SerenityReporter - Running feature from file:///home/jahirmedinacs/workspace/Portales-PW-WEBVI/src/test/resources/features/CAP_F_049.feature
[main] INFO  - Test Suite Started: CAP_F_049 - Validar estado de la Web
[main] INFO io.cucumber.core.plugin.SerenityReporter - Running feature from file:///home/jahirmedinacs/workspace/Portales-PW-WEBVI/src/test/resources/features/CAP_F_052.feature
[main] INFO  - Test Suite Started: CAP_F_052 - Validar estado de la Web
[main] INFO io.cucumber.core.plugin.SerenityReporter - Running feature from file:///home/jahirmedinacs/workspace/Portales-PW-WEBVI/src/test/resources/features/CAP_F_056.feature
[main] INFO  - Test Suite Started: CAP_F_056 - Validar estado de la Web
[main] INFO io.cucumber.core.plugin.SerenityReporter - Running feature from file:///home/jahirmedinacs/workspace/Portales-PW-WEBVI/src/test/resources/features/CAP_F_057.feature
[main] INFO  - Test Suite Started: CAP_F_057 - Validar estado de la Web
[main] INFO io.cucumber.core.plugin.SerenityReporter - Running feature from file:///home/jahirmedinacs/workspace/Portales-PW-WEBVI/src/test/resources/features/CAP_F_060.feature
[main] INFO  - Test Suite Started: CAP_F_060 - Validar estado de la Web
[main] INFO io.cucumber.core.plugin.SerenityReporter - Running feature from file:///home/jahirmedinacs/workspace/Portales-PW-WEBVI/src/test/resources/features/CAP_F_061.feature
[main] INFO  - Test Suite Started: CAP_F_061 - Validar estado de la Web
[main] INFO io.cucumber.core.plugin.SerenityReporter - Running feature from file:///home/jahirmedinacs/workspace/Portales-PW-WEBVI/src/test/resources/features/CAP_F_066.feature
[main] INFO  - Test Suite Started: CAP_F_066 - Validar estado de la Web
[main] INFO io.cucumber.core.plugin.SerenityReporter - Running feature from file:///home/jahirmedinacs/workspace/Portales-PW-WEBVI/src/test/resources/features/CAP_F_068.feature
[main] INFO  - Test Suite Started: CAP_F_068 - Validar estado de la Web
[main] INFO io.cucumber.core.plugin.SerenityReporter - Running feature from file:///home/jahirmedinacs/workspace/Portales-PW-WEBVI/src/test/resources/features/CAP_F_073.feature
[main] INFO  - Test Suite Started: CAP_F_073 - Validar estado de la Web
[main] INFO io.cucumber.core.plugin.SerenityReporter - Running feature from file:///home/jahirmedinacs/workspace/Portales-PW-WEBVI/src/test/resources/features/CAP_F_075.feature
[main] INFO  - Test Suite Started: CAP_F_075 - Validar estado de la Web
[main] INFO io.cucumber.core.plugin.SerenityReporter - Running feature from file:///home/jahirmedinacs/workspace/Portales-PW-WEBVI/src/test/resources/features/CAP_F_080.feature
[main] INFO  - Test Suite Started: CAP_F_080 - Validar estado de la Web
[main] INFO io.cucumber.core.plugin.SerenityReporter - Running feature from file:///home/jahirmedinacs/workspace/Portales-PW-WEBVI/src/test/resources/features/CAP_F_084.feature
[main] INFO  - Test Suite Started: CAP_F_084 - Validar estado de la Web
[main] INFO io.cucumber.core.plugin.SerenityReporter - Running feature from file:///home/jahirmedinacs/workspace/Portales-PW-WEBVI/src/test/resources/features/CAP_F_087.feature
[main] INFO  - Test Suite Started: CAP_F_087 - Validar estado de la Web
[main] INFO io.cucumber.core.plugin.SerenityReporter - Running feature from file:///home/jahirmedinacs/workspace/Portales-PW-WEBVI/src/test/resources/features/CAP_F_090.feature
[main] INFO  - Test Suite Started: CAP_F_090 - Validar estado de la Web
[main] INFO io.cucumber.core.plugin.SerenityReporter - Running feature from file:///home/jahirmedinacs/workspace/Portales-PW-WEBVI/src/test/resources/features/CAP_F_101.feature
[main] INFO  - Test Suite Started: CAP_F_101 - Validar estado de la Web
[main] INFO io.cucumber.core.plugin.SerenityReporter - Running feature from file:///home/jahirmedinacs/workspace/Portales-PW-WEBVI/src/test/resources/features/CAP_F_104.feature
[main] INFO  - Test Suite Started: CAP_F_104 - Validar estado de la Web
[main] INFO io.cucumber.core.plugin.SerenityReporter - Running feature from file:///home/jahirmedinacs/workspace/Portales-PW-WEBVI/src/test/resources/features/CAP_F_107.feature
[main] INFO  - Test Suite Started: CAP_F_107 - Validar estado de la Web
[main] INFO io.cucumber.core.plugin.SerenityReporter - Running feature from file:///home/jahirmedinacs/workspace/Portales-PW-WEBVI/src/test/resources/features/CAP_F_003.feature
[main] INFO  - 
 _____ _____ ____ _____   ____ _____  _    ____ _____ _____ ____  
|_   _| ____/ ___|_   _| / ___|_   _|/ \  |  _ \_   _| ____|  _ \ 
  | | |  _| \___ \ | |   \___ \ | | / _ \ | |_) || | |  _| | | | |
  | | | |___ ___) || |    ___) || |/ ___ \|  _ < | | | |___| |_| |
  |_| |_____|____/ |_|   |____/ |_/_/   \_\_| \_\|_| |_____|____/ 

Iniciar Sesion en Pagina del Visitante(cap-f-003---iniciar-sesion-en-pagina-del-visitante;iniciar-sesion-en-pagina-del-visitante)
-------------------------------------------------------------------
]]></system-err>
  </testcase>
  <testcase name="CAPF003 - Se haya cargado la pagina" classname="Iniciar Sesion en Pagina del Visitante" time="26.092">
    <system-err><![CDATA[[main] INFO net.serenitybdd.core.webdriver.driverproviders.ChromeDriverProvider - Not using automatically driver download
[main] INFO net.serenitybdd.core.webdriver.driverproviders.ProvideNewDriver - Instantiating driver
[main] INFO net.serenitybdd.core.webdriver.driverproviders.ProvideNewDriver - Driver capabilities: Capabilities {acceptInsecureCerts: false, browserName: chrome, goog:chromeOptions: {args: [], extensions: []}, loggingPrefs: org.openqa.selenium.logging...}
Starting ChromeDriver 96.0.4664.45 (76e4c1bb2ab4671b8beba3444e61c0f17584b2fc-refs/branch-heads/4664@{#947}) on port 11407
Only local connections are allowed.
Please see https://chromedriver.chromium.org/security-considerations for suggestions on keeping ChromeDriver safe.
ChromeDriver was started successfully.
Dec 19, 2021 10:52:24 PM org.openqa.selenium.remote.ProtocolHandshake createSession
INFO: Detected dialect: W3C
]]></system-err>
  </testcase>
  <testcase name="CAPF003 - Aceptar las cookies" classname="Iniciar Sesion en Pagina del Visitante" time="0.385"/>
  <testcase name="CAPF003 - Ingresar el Nombre de Usuario &quot;cmaot_testing&quot;" classname="Iniciar Sesion en Pagina del Visitante" time="0.434"/>
  <testcase name="CAPF003 - Ingresar la Clave de Usuario &quot;Liferay*21&quot;" classname="Iniciar Sesion en Pagina del Visitante" time="0.504"/>
  <testcase name="CAPF003 - Acceder" classname="Iniciar Sesion en Pagina del Visitante" time="0.56"/>
  <testcase name="CAPF005 - Cargando el Navegador" classname="Acceso a la ficha de un Espacio Natural" time="0.033">
    <system-err><![CDATA[[main] INFO  - &amp#27;[92m
        __    _____ _____ ____ _____   ____   _    ____  ____  _____ ____  
  _     \ \  |_   _| ____/ ___|_   _| |  _ \ / \  / ___|/ ___|| ____|  _ \ 
 (_)_____| |   | | |  _| \___ \ | |   | |_) / _ \ \___ \\___ \|  _| | | | |
  _|_____| |   | | | |___ ___) || |   |  __/ ___ \ ___) |___) | |___| |_| |
 (_)     | |   |_| |_____|____/ |_|   |_| /_/   \_\____/|____/|_____|____/ 
        /_/                                                                

Iniciar Sesion en Pagina del Visitante
----------------------------------------------------------------------------&amp#27;[0m
[main] INFO io.cucumber.core.plugin.SerenityReporter - Running feature from file:///home/jahirmedinacs/workspace/Portales-PW-WEBVI/src/test/resources/features/CAP_F_005.feature
[main] INFO  - 
 _____ _____ ____ _____   ____ _____  _    ____ _____ _____ ____  
|_   _| ____/ ___|_   _| / ___|_   _|/ \  |  _ \_   _| ____|  _ \ 
  | | |  _| \___ \ | |   \___ \ | | / _ \ | |_) || | |  _| | | | |
  | | | |___ ___) || |    ___) || |/ ___ \|  _ < | | | |___| |_| |
  |_| |_____|____/ |_|   |____/ |_/_/   \_\_| \_\|_| |_____|____/ 

Acceso a la ficha de un Espacio Natural(cap-f-005---acceso-a-la-ficha-de-un-espacio-natural;acceso-a-la-ficha-de-un-espacio-natural)
-------------------------------------------------------------------
]]></system-err>
  </testcase>
  <testcase name="CAPF005 - Se haya cargado la pagina" classname="Acceso a la ficha de un Espacio Natural" time="40.303">
    <system-err><![CDATA[[main] INFO net.serenitybdd.core.webdriver.driverproviders.ChromeDriverProvider - Not using automatically driver download
[main] INFO net.serenitybdd.core.webdriver.driverproviders.ProvideNewDriver - Instantiating driver
[main] INFO net.serenitybdd.core.webdriver.driverproviders.ProvideNewDriver - Driver capabilities: Capabilities {acceptInsecureCerts: false, browserName: chrome, goog:chromeOptions: {args: [], extensions: []}, loggingPrefs: org.openqa.selenium.logging...}
Starting ChromeDriver 96.0.4664.45 (76e4c1bb2ab4671b8beba3444e61c0f17584b2fc-refs/branch-heads/4664@{#947}) on port 16614
Only local connections are allowed.
Please see https://chromedriver.chromium.org/security-considerations for suggestions on keeping ChromeDriver safe.
ChromeDriver was started successfully.
Dec 19, 2021 10:52:51 PM org.openqa.selenium.remote.ProtocolHandshake createSession
INFO: Detected dialect: W3C
]]></system-err>
  </testcase>
  <testcase name="CAPF005 - Aceptar las cookies" classname="Acceso a la ficha de un Espacio Natural" time="0.031"/>
  <testcase name="CAPF005 - Ingresar el Nombre de Usuario &quot;cmaot_testing&quot;" classname="Acceso a la ficha de un Espacio Natural" time="0.727"/>
  <testcase name="CAPF005 - Ingresar la Clave de Usuario &quot;Liferay*21&quot;" classname="Acceso a la ficha de un Espacio Natural" time="0.49"/>
  <testcase name="CAPF005 - Acceder" classname="Acceso a la ficha de un Espacio Natural" time="0.443"/>
  <testcase name="CAPF005 - Cambiar a &quot;https://www.juntadeandalucia.es/medioambiente/portal/web/ventanadelvisitante/detalle-buscador-mapa/-/asset_publisher/Jlbxh2qB3NwR/content/do-c3-b1ana-18/255035&quot; Especifica" classname="Acceso a la ficha de un Espacio Natural" time="66.205"/>
</testsuite>