<?xml version="1.0" encoding="UTF-8"?>
<testsuite xmlns:xsi="http://www.w3.org/2001/XMLSchema-instance" xsi:noNamespaceSchemaLocation="https://maven.apache.org/surefire/maven-failsafe-plugin/xsd/failsafe-test-report-3.0.xsd" version="3.0" name="org.medioAmbiente.acceptancetests.AcceptanceTestSuite" time="1,092.402" tests="396" errors="9" skipped="17" failures="0">
  <properties>
    <property name="sun.desktop" value="windows"/>
    <property name="awt.toolkit" value="sun.awt.windows.WToolkit"/>
    <property name="java.specification.version" value="1.8"/>
    <property name="file.encoding.pkg" value="sun.io"/>
    <property name="webdriver.chrome.driver" value="C:\JenkinsWorkspace\workspace\Portales-PW-LFDXP\drivers\chromedriver.exe"/>
    <property name="sun.cpu.isalist" value="amd64"/>
    <property name="sun.jnu.encoding" value="Cp1252"/>
    <property name="java.class.path" value="C:\JenkinsWorkspace\workspace\Portales-PW-LFDXP\target\test-classes;C:\JenkinsWorkspace\workspace\Portales-PW-LFDXP\target\Portales-PW-LFDXP-2.0-SNAPSHOT.jar;C:\Users\jmedinal\.m2\repository\net\serenity-bdd\serenity-core\2.3.2\serenity-core-2.3.2.jar;C:\Users\jmedinal\.m2\repository\net\bytebuddy\byte-buddy\1.10.1\byte-buddy-1.10.1.jar;C:\Users\jmedinal\.m2\repository\net\bytebuddy\byte-buddy-agent\1.10.1\byte-buddy-agent-1.10.1.jar;C:\Users\jmedinal\.m2\repository\com\google\guava\guava\25.0-jre\guava-25.0-jre.jar;C:\Users\jmedinal\.m2\repository\com\google\code\findbugs\jsr305\1.3.9\jsr305-1.3.9.jar;C:\Users\jmedinal\.m2\repository\org\checkerframework\checker-compat-qual\2.0.0\checker-compat-qual-2.0.0.jar;C:\Users\jmedinal\.m2\repository\com\google\errorprone\error_prone_annotations\2.1.3\error_prone_annotations-2.1.3.jar;C:\Users\jmedinal\.m2\repository\com\google\j2objc\j2objc-annotations\1.1\j2objc-annotations-1.1.jar;C:\Users\jmedinal\.m2\repository\org\codehaus\mojo\animal-sniffer-annotations\1.14\animal-sniffer-annotations-1.14.jar;C:\Users\jmedinal\.m2\repository\com\google\inject\guice\4.2.2\guice-4.2.2.jar;C:\Users\jmedinal\.m2\repository\javax\inject\javax.inject\1\javax.inject-1.jar;C:\Users\jmedinal\.m2\repository\aopalliance\aopalliance\1.0\aopalliance-1.0.jar;C:\Users\jmedinal\.m2\repository\org\ow2\asm\asm\7.2\asm-7.2.jar;C:\Users\jmedinal\.m2\repository\commons-codec\commons-codec\1.10\commons-codec-1.10.jar;C:\Users\jmedinal\.m2\repository\org\objenesis\objenesis\3.0.1\objenesis-3.0.1.jar;C:\Users\jmedinal\.m2\repository\org\slf4j\slf4j-api\1.7.26\slf4j-api-1.7.26.jar;C:\Users\jmedinal\.m2\repository\xml-apis\xml-apis\1.4.01\xml-apis-1.4.01.jar;C:\Users\jmedinal\.m2\repository\io\cucumber\cucumber-core\6.6.0\cucumber-core-6.6.0.jar;C:\Users\jmedinal\.m2\repository\io\cucumber\cucumber-gherkin\6.6.0\cucumber-gherkin-6.6.0.jar;C:\Users\jmedinal\.m2\repository\io\cucumber\cucumber-gherkin-messages\6.6.0\cucumber-gherkin-messages-6.6.0.jar;C:\Users\jmedinal\.m2\repository\io\cucumber\messages\13.0.1\messages-13.0.1.jar;C:\Users\jmedinal\.m2\repository\io\cucumber\tag-expressions\3.0.0\tag-expressions-3.0.0.jar;C:\Users\jmedinal\.m2\repository\io\cucumber\cucumber-expressions\10.3.0\cucumber-expressions-10.3.0.jar;C:\Users\jmedinal\.m2\repository\io\cucumber\datatable\3.4.0\datatable-3.4.0.jar;C:\Users\jmedinal\.m2\repository\io\cucumber\cucumber-plugin\6.6.0\cucumber-plugin-6.6.0.jar;C:\Users\jmedinal\.m2\repository\io\cucumber\docstring\6.6.0\docstring-6.6.0.jar;C:\Users\jmedinal\.m2\repository\io\cucumber\html-formatter\9.0.0\html-formatter-9.0.0.jar;C:\Users\jmedinal\.m2\repository\io\cucumber\create-meta\2.0.1\create-meta-2.0.1.jar;C:\Users\jmedinal\.m2\repository\io\cucumber\cucumber-java\6.6.0\cucumber-java-6.6.0.jar;C:\Users\jmedinal\.m2\repository\commons-logging\commons-logging\1.2\commons-logging-1.2.jar;C:\Users\jmedinal\.m2\repository\io\vavr\vavr\0.9.0\vavr-0.9.0.jar;C:\Users\jmedinal\.m2\repository\io\vavr\vavr-match\0.9.0\vavr-match-0.9.0.jar;C:\Users\jmedinal\.m2\repository\javax\xml\bind\jaxb-api\2.2.12\jaxb-api-2.2.12.jar;C:\Users\jmedinal\.m2\repository\com\sun\xml\bind\jaxb-core\2.3.0.1\jaxb-core-2.3.0.1.jar;C:\Users\jmedinal\.m2\repository\com\sun\xml\bind\jaxb-impl\2.3.0.1\jaxb-impl-2.3.0.1.jar;C:\Users\jmedinal\.m2\repository\javax\activation\activation\1.1.1\activation-1.1.1.jar;C:\Users\jmedinal\.m2\repository\org\mockito\mockito-core\3.1.0\mockito-core-3.1.0.jar;C:\Users\jmedinal\.m2\repository\net\serenity-bdd\serenity-report-resources\2.3.2\serenity-report-resources-2.3.2.jar;C:\Users\jmedinal\.m2\repository\net\serenity-bdd\serenity-model\2.3.2\serenity-model-2.3.2.jar;C:\Users\jmedinal\.m2\repository\commons-net\commons-net\3.6\commons-net-3.6.jar;C:\Users\jmedinal\.m2\repository\org\apache\commons\commons-text\1.6\commons-text-1.6.jar;C:\Users\jmedinal\.m2\repository\org\reflections\reflections\0.9.11\reflections-0.9.11.jar;C:\Users\jmedinal\.m2\repository\org\javassist\javassist\3.21.0-GA\javassist-3.21.0-GA.jar;C:\Users\jmedinal\.m2\repository\es\nitaur\markdown\txtmark\0.16\txtmark-0.16.jar;C:\Users\jmedinal\.m2\repository\net\serenity-bdd\serenity-reports\2.3.2\serenity-reports-2.3.2.jar;C:\Users\jmedinal\.m2\repository\net\serenity-bdd\serenity-stats\2.3.2\serenity-stats-2.3.2.jar;C:\Users\jmedinal\.m2\repository\com\google\code\gson\gson\2.8.6\gson-2.8.6.jar;C:\Users\jmedinal\.m2\repository\commons-io\commons-io\2.6\commons-io-2.6.jar;C:\Users\jmedinal\.m2\repository\org\seleniumhq\selenium\selenium-server\3.141.59\selenium-server-3.141.59.jar;C:\Users\jmedinal\.m2\repository\org\seleniumhq\selenium\selenium-firefox-driver\3.141.59\selenium-firefox-driver-3.141.59.jar;C:\Users\jmedinal\.m2\repository\org\seleniumhq\selenium\selenium-ie-driver\3.141.59\selenium-ie-driver-3.141.59.jar;C:\Users\jmedinal\.m2\repository\com\beust\jcommander\1.72\jcommander-1.72.jar;C:\Users\jmedinal\.m2\repository\org\apache\commons\commons-exec\1.3\commons-exec-1.3.jar;C:\Users\jmedinal\.m2\repository\net\jcip\jcip-annotations\1.0\jcip-annotations-1.0.jar;C:\Users\jmedinal\.m2\repository\org\seleniumhq\selenium\jetty-repacked\9.4.12.v20180830\jetty-repacked-9.4.12.v20180830.jar;C:\Users\jmedinal\.m2\repository\com\squareup\okhttp3\okhttp\3.11.0\okhttp-3.11.0.jar;C:\Users\jmedinal\.m2\repository\com\squareup\okio\okio\1.14.0\okio-1.14.0.jar;C:\Users\jmedinal\.m2\repository\javax\servlet\javax.servlet-api\3.1.0\javax.servlet-api-3.1.0.jar;C:\Users\jmedinal\.m2\repository\org\yaml\snakeyaml\1.19\snakeyaml-1.19.jar;C:\Users\jmedinal\.m2\repository\org\seleniumhq\selenium\selenium-java\3.141.59\selenium-java-3.141.59.jar;C:\Users\jmedinal\.m2\repository\org\seleniumhq\selenium\selenium-api\3.141.59\selenium-api-3.141.59.jar;C:\Users\jmedinal\.m2\repository\org\seleniumhq\selenium\selenium-chrome-driver\3.141.59\selenium-chrome-driver-3.141.59.jar;C:\Users\jmedinal\.m2\repository\org\seleniumhq\selenium\selenium-edge-driver\3.141.59\selenium-edge-driver-3.141.59.jar;C:\Users\jmedinal\.m2\repository\org\seleniumhq\selenium\selenium-remote-driver\3.141.59\selenium-remote-driver-3.141.59.jar;C:\Users\jmedinal\.m2\repository\org\seleniumhq\selenium\selenium-safari-driver\3.141.59\selenium-safari-driver-3.141.59.jar;C:\Users\jmedinal\.m2\repository\org\seleniumhq\selenium\selenium-opera-driver\3.141.59\selenium-opera-driver-3.141.59.jar;C:\Users\jmedinal\.m2\repository\org\seleniumhq\selenium\selenium-support\3.141.59\selenium-support-3.141.59.jar;C:\Users\jmedinal\.m2\repository\com\paulhammant\ngwebdriver\1.1.5\ngwebdriver-1.1.5.jar;C:\Users\jmedinal\.m2\repository\com\assertthat\selenium-shutterbug\0.9.3\selenium-shutterbug-0.9.3.jar;C:\Users\jmedinal\.m2\repository\org\projectlombok\lombok\1.18.8\lombok-1.18.8.jar;C:\Users\jmedinal\.m2\repository\com\github\zafarkhaja\java-semver\0.9.0\java-semver-0.9.0.jar;C:\Users\jmedinal\.m2\repository\com\codeborne\phantomjsdriver\1.4.4\phantomjsdriver-1.4.4.jar;C:\Users\jmedinal\.m2\repository\org\seleniumhq\selenium\htmlunit-driver\2.37.0\htmlunit-driver-2.37.0.jar;C:\Users\jmedinal\.m2\repository\io\appium\java-client\7.3.0\java-client-7.3.0.jar;C:\Users\jmedinal\.m2\repository\commons-validator\commons-validator\1.6\commons-validator-1.6.jar;C:\Users\jmedinal\.m2\repository\commons-beanutils\commons-beanutils\1.9.2\commons-beanutils-1.9.2.jar;C:\Users\jmedinal\.m2\repository\commons-digester\commons-digester\1.8.1\commons-digester-1.8.1.jar;C:\Users\jmedinal\.m2\repository\org\aspectj\aspectjweaver\1.9.4\aspectjweaver-1.9.4.jar;C:\Users\jmedinal\.m2\repository\org\springframework\spring-context-support\5.1.2.RELEASE\spring-context-support-5.1.2.RELEASE.jar;C:\Users\jmedinal\.m2\repository\org\springframework\spring-beans\5.1.2.RELEASE\spring-beans-5.1.2.RELEASE.jar;C:\Users\jmedinal\.m2\repository\org\springframework\spring-context\5.1.2.RELEASE\spring-context-5.1.2.RELEASE.jar;C:\Users\jmedinal\.m2\repository\org\springframework\spring-aop\5.1.2.RELEASE\spring-aop-5.1.2.RELEASE.jar;C:\Users\jmedinal\.m2\repository\org\springframework\spring-expression\5.1.2.RELEASE\spring-expression-5.1.2.RELEASE.jar;C:\Users\jmedinal\.m2\repository\org\springframework\spring-core\5.1.2.RELEASE\spring-core-5.1.2.RELEASE.jar;C:\Users\jmedinal\.m2\repository\org\springframework\spring-jcl\5.1.2.RELEASE\spring-jcl-5.1.2.RELEASE.jar;C:\Users\jmedinal\.m2\repository\org\codehaus\groovy\groovy\2.5.5\groovy-2.5.5.jar;C:\Users\jmedinal\.m2\repository\net\sf\opencsv\opencsv\2.0\opencsv-2.0.jar;C:\Users\jmedinal\.m2\repository\commons-beanutils\commons-beanutils-core\1.8.3\commons-beanutils-core-1.8.3.jar;C:\Users\jmedinal\.m2\repository\joda-time\joda-time\2.7\joda-time-2.7.jar;C:\Users\jmedinal\.m2\repository\com\thoughtworks\xstream\xstream\1.4.9\xstream-1.4.9.jar;C:\Users\jmedinal\.m2\repository\xmlpull\xmlpull\1.1.3.1\xmlpull-1.1.3.1.jar;C:\Users\jmedinal\.m2\repository\xpp3\xpp3_min\1.1.4c\xpp3_min-1.1.4c.jar;C:\Users\jmedinal\.m2\repository\org\apache\commons\commons-lang3\3.8.1\commons-lang3-3.8.1.jar;C:\Users\jmedinal\.m2\repository\commons-collections\commons-collections\3.2.2\commons-collections-3.2.2.jar;C:\Users\jmedinal\.m2\repository\org\freemarker\freemarker\2.3.29\freemarker-2.3.29.jar;C:\Users\jmedinal\.m2\repository\net\sourceforge\jexcelapi\jxl\2.6.12\jxl-2.6.12.jar;C:\Users\jmedinal\.m2\repository\org\hamcrest\hamcrest-core\1.3\hamcrest-core-1.3.jar;C:\Users\jmedinal\.m2\repository\org\hamcrest\hamcrest-library\1.3\hamcrest-library-1.3.jar;C:\Users\jmedinal\.m2\repository\net\sourceforge\htmlunit\htmlunit\2.37.0\htmlunit-2.37.0.jar;C:\Users\jmedinal\.m2\repository\net\sourceforge\htmlunit\htmlunit-core-js\2.37.0\htmlunit-core-js-2.37.0.jar;C:\Users\jmedinal\.m2\repository\net\sourceforge\htmlunit\neko-htmlunit\2.37.0\neko-htmlunit-2.37.0.jar;C:\Users\jmedinal\.m2\repository\xerces\xercesImpl\2.12.0\xercesImpl-2.12.0.jar;C:\Users\jmedinal\.m2\repository\net\sourceforge\htmlunit\htmlunit-cssparser\1.5.0\htmlunit-cssparser-1.5.0.jar;C:\Users\jmedinal\.m2\repository\org\brotli\dec\0.1.2\dec-0.1.2.jar;C:\Users\jmedinal\.m2\repository\org\eclipse\jetty\websocket\websocket-client\9.4.26.v20200117\websocket-client-9.4.26.v20200117.jar;C:\Users\jmedinal\.m2\repository\org\eclipse\jetty\jetty-client\9.4.26.v20200117\jetty-client-9.4.26.v20200117.jar;C:\Users\jmedinal\.m2\repository\org\eclipse\jetty\jetty-http\9.4.26.v20200117\jetty-http-9.4.26.v20200117.jar;C:\Users\jmedinal\.m2\repository\org\eclipse\jetty\jetty-xml\9.4.26.v20200117\jetty-xml-9.4.26.v20200117.jar;C:\Users\jmedinal\.m2\repository\org\eclipse\jetty\jetty-util\9.4.26.v20200117\jetty-util-9.4.26.v20200117.jar;C:\Users\jmedinal\.m2\repository\org\eclipse\jetty\jetty-io\9.4.26.v20200117\jetty-io-9.4.26.v20200117.jar;C:\Users\jmedinal\.m2\repository\org\eclipse\jetty\websocket\websocket-common\9.4.26.v20200117\websocket-common-9.4.26.v20200117.jar;C:\Users\jmedinal\.m2\repository\org\eclipse\jetty\websocket\websocket-api\9.4.26.v20200117\websocket-api-9.4.26.v20200117.jar;C:\Users\jmedinal\.m2\repository\org\apache\httpcomponents\httpclient\4.5.5\httpclient-4.5.5.jar;C:\Users\jmedinal\.m2\repository\org\apache\httpcomponents\httpcore\4.4.9\httpcore-4.4.9.jar;C:\Users\jmedinal\.m2\repository\org\apache\httpcomponents\httpmime\4.5.5\httpmime-4.5.5.jar;C:\Users\jmedinal\.m2\repository\org\fluentlenium\fluentlenium-core\0.10.2\fluentlenium-core-0.10.2.jar;C:\Users\jmedinal\.m2\repository\com\jhlabs\filters\2.0.235\filters-2.0.235.jar;C:\Users\jmedinal\.m2\repository\org\asciidoctor\asciidoctorj\1.5.6\asciidoctorj-1.5.6.jar;C:\Users\jmedinal\.m2\repository\org\jruby\jruby-complete\1.7.26\jruby-complete-1.7.26.jar;C:\Users\jmedinal\.m2\repository\org\imgscalr\imgscalr-lib\4.2\imgscalr-lib-4.2.jar;C:\Users\jmedinal\.m2\repository\javax\el\javax.el-api\2.2.4\javax.el-api-2.2.4.jar;C:\Users\jmedinal\.m2\repository\org\glassfish\web\javax.el\2.2.4\javax.el-2.2.4.jar;C:\Users\jmedinal\.m2\repository\xalan\xalan\2.7.2\xalan-2.7.2.jar;C:\Users\jmedinal\.m2\repository\xalan\serializer\2.7.2\serializer-2.7.2.jar;C:\Users\jmedinal\.m2\repository\org\awaitility\awaitility\4.0.1\awaitility-4.0.1.jar;C:\Users\jmedinal\.m2\repository\org\hamcrest\hamcrest\2.1\hamcrest-2.1.jar;C:\Users\jmedinal\.m2\repository\com\typesafe\config\1.3.1\config-1.3.1.jar;C:\Users\jmedinal\.m2\repository\org\jsoup\jsoup\1.10.3\jsoup-1.10.3.jar;C:\Users\jmedinal\.m2\repository\com\google\jimfs\jimfs\1.1\jimfs-1.1.jar;C:\Users\jmedinal\.m2\repository\com\vladsch\flexmark\flexmark-all\0.34.30\flexmark-all-0.34.30.jar;C:\Users\jmedinal\.m2\repository\com\vladsch\flexmark\flexmark\0.34.30\flexmark-0.34.30.jar;C:\Users\jmedinal\.m2\repository\com\vladsch\flexmark\flexmark-ext-abbreviation\0.34.30\flexmark-ext-abbreviation-0.34.30.jar;C:\Users\jmedinal\.m2\repository\com\vladsch\flexmark\flexmark-ext-admonition\0.34.30\flexmark-ext-admonition-0.34.30.jar;C:\Users\jmedinal\.m2\repository\com\vladsch\flexmark\flexmark-ext-anchorlink\0.34.30\flexmark-ext-anchorlink-0.34.30.jar;C:\Users\jmedinal\.m2\repository\com\vladsch\flexmark\flexmark-ext-aside\0.34.30\flexmark-ext-aside-0.34.30.jar;C:\Users\jmedinal\.m2\repository\com\vladsch\flexmark\flexmark-ext-attributes\0.34.30\flexmark-ext-attributes-0.34.30.jar;C:\Users\jmedinal\.m2\repository\com\vladsch\flexmark\flexmark-ext-autolink\0.34.30\flexmark-ext-autolink-0.34.30.jar;C:\Users\jmedinal\.m2\repository\org\nibor\autolink\autolink\0.6.0\autolink-0.6.0.jar;C:\Users\jmedinal\.m2\repository\com\vladsch\flexmark\flexmark-ext-definition\0.34.30\flexmark-ext-definition-0.34.30.jar;C:\Users\jmedinal\.m2\repository\com\vladsch\flexmark\flexmark-ext-emoji\0.34.30\flexmark-ext-emoji-0.34.30.jar;C:\Users\jmedinal\.m2\repository\com\vladsch\flexmark\flexmark-ext-enumerated-reference\0.34.30\flexmark-ext-enumerated-reference-0.34.30.jar;C:\Users\jmedinal\.m2\repository\com\vladsch\flexmark\flexmark-ext-escaped-character\0.34.30\flexmark-ext-escaped-character-0.34.30.jar;C:\Users\jmedinal\.m2\repository\com\vladsch\flexmark\flexmark-ext-footnotes\0.34.30\flexmark-ext-footnotes-0.34.30.jar;C:\Users\jmedinal\.m2\repository\com\vladsch\flexmark\flexmark-ext-gfm-issues\0.34.30\flexmark-ext-gfm-issues-0.34.30.jar;C:\Users\jmedinal\.m2\repository\com\vladsch\flexmark\flexmark-ext-gfm-strikethrough\0.34.30\flexmark-ext-gfm-strikethrough-0.34.30.jar;C:\Users\jmedinal\.m2\repository\com\vladsch\flexmark\flexmark-ext-gfm-tables\0.34.30\flexmark-ext-gfm-tables-0.34.30.jar;C:\Users\jmedinal\.m2\repository\com\vladsch\flexmark\flexmark-ext-gfm-tasklist\0.34.30\flexmark-ext-gfm-tasklist-0.34.30.jar;C:\Users\jmedinal\.m2\repository\com\vladsch\flexmark\flexmark-ext-gfm-users\0.34.30\flexmark-ext-gfm-users-0.34.30.jar;C:\Users\jmedinal\.m2\repository\com\vladsch\flexmark\flexmark-ext-gitlab\0.34.30\flexmark-ext-gitlab-0.34.30.jar;C:\Users\jmedinal\.m2\repository\com\vladsch\flexmark\flexmark-ext-jekyll-front-matter\0.34.30\flexmark-ext-jekyll-front-matter-0.34.30.jar;C:\Users\jmedinal\.m2\repository\com\vladsch\flexmark\flexmark-ext-jekyll-tag\0.34.30\flexmark-ext-jekyll-tag-0.34.30.jar;C:\Users\jmedinal\.m2\repository\com\vladsch\flexmark\flexmark-ext-media-tags\0.34.30\flexmark-ext-media-tags-0.34.30.jar;C:\Users\jmedinal\.m2\repository\com\vladsch\flexmark\flexmark-test-util\0.34.30\flexmark-test-util-0.34.30.jar;C:\Users\jmedinal\.m2\repository\com\vladsch\flexmark\flexmark-ext-ins\0.34.30\flexmark-ext-ins-0.34.30.jar;C:\Users\jmedinal\.m2\repository\com\vladsch\flexmark\flexmark-ext-xwiki-macros\0.34.30\flexmark-ext-xwiki-macros-0.34.30.jar;C:\Users\jmedinal\.m2\repository\com\vladsch\flexmark\flexmark-ext-superscript\0.34.30\flexmark-ext-superscript-0.34.30.jar;C:\Users\jmedinal\.m2\repository\com\vladsch\flexmark\flexmark-ext-tables\0.34.30\flexmark-ext-tables-0.34.30.jar;C:\Users\jmedinal\.m2\repository\com\vladsch\flexmark\flexmark-ext-toc\0.34.30\flexmark-ext-toc-0.34.30.jar;C:\Users\jmedinal\.m2\repository\com\vladsch\flexmark\flexmark-ext-typographic\0.34.30\flexmark-ext-typographic-0.34.30.jar;C:\Users\jmedinal\.m2\repository\com\vladsch\flexmark\flexmark-ext-wikilink\0.34.30\flexmark-ext-wikilink-0.34.30.jar;C:\Users\jmedinal\.m2\repository\com\vladsch\flexmark\flexmark-ext-yaml-front-matter\0.34.30\flexmark-ext-yaml-front-matter-0.34.30.jar;C:\Users\jmedinal\.m2\repository\com\vladsch\flexmark\flexmark-ext-youtube-embedded\0.34.30\flexmark-ext-youtube-embedded-0.34.30.jar;C:\Users\jmedinal\.m2\repository\com\vladsch\flexmark\flexmark-formatter\0.34.30\flexmark-formatter-0.34.30.jar;C:\Users\jmedinal\.m2\repository\com\vladsch\flexmark\flexmark-html-parser\0.34.30\flexmark-html-parser-0.34.30.jar;C:\Users\jmedinal\.m2\repository\com\vladsch\flexmark\flexmark-jira-converter\0.34.30\flexmark-jira-converter-0.34.30.jar;C:\Users\jmedinal\.m2\repository\com\vladsch\flexmark\flexmark-pdf-converter\0.34.30\flexmark-pdf-converter-0.34.30.jar;C:\Users\jmedinal\.m2\repository\com\openhtmltopdf\openhtmltopdf-core\0.0.1-RC13\openhtmltopdf-core-0.0.1-RC13.jar;C:\Users\jmedinal\.m2\repository\com\openhtmltopdf\openhtmltopdf-pdfbox\0.0.1-RC13\openhtmltopdf-pdfbox-0.0.1-RC13.jar;C:\Users\jmedinal\.m2\repository\org\apache\pdfbox\pdfbox\2.0.8\pdfbox-2.0.8.jar;C:\Users\jmedinal\.m2\repository\org\apache\pdfbox\fontbox\2.0.8\fontbox-2.0.8.jar;C:\Users\jmedinal\.m2\repository\org\apache\pdfbox\xmpbox\2.0.8\xmpbox-2.0.8.jar;C:\Users\jmedinal\.m2\repository\de\rototor\pdfbox\graphics2d\0.12\graphics2d-0.12.jar;C:\Users\jmedinal\.m2\repository\com\openhtmltopdf\openhtmltopdf-rtl-support\0.0.1-RC13\openhtmltopdf-rtl-support-0.0.1-RC13.jar;C:\Users\jmedinal\.m2\repository\com\ibm\icu\icu4j\59.1\icu4j-59.1.jar;C:\Users\jmedinal\.m2\repository\com\openhtmltopdf\openhtmltopdf-jsoup-dom-converter\0.0.1-RC13\openhtmltopdf-jsoup-dom-converter-0.0.1-RC13.jar;C:\Users\jmedinal\.m2\repository\com\vladsch\flexmark\flexmark-profile-pegdown\0.34.30\flexmark-profile-pegdown-0.34.30.jar;C:\Users\jmedinal\.m2\repository\com\vladsch\flexmark\flexmark-util\0.34.30\flexmark-util-0.34.30.jar;C:\Users\jmedinal\.m2\repository\com\vladsch\flexmark\flexmark-youtrack-converter\0.34.30\flexmark-youtrack-converter-0.34.30.jar;C:\Users\jmedinal\.m2\repository\io\github\bonigarcia\webdrivermanager\4.1.0\webdrivermanager-4.1.0.jar;C:\Users\jmedinal\.m2\repository\org\apache\httpcomponents\client5\httpclient5\5.0.1\httpclient5-5.0.1.jar;C:\Users\jmedinal\.m2\repository\org\apache\httpcomponents\core5\httpcore5\5.0.1\httpcore5-5.0.1.jar;C:\Users\jmedinal\.m2\repository\org\apache\httpcomponents\core5\httpcore5-h2\5.0.1\httpcore5-h2-5.0.1.jar;C:\Users\jmedinal\.m2\repository\org\rauschig\jarchivelib\1.0.0\jarchivelib-1.0.0.jar;C:\Users\jmedinal\.m2\repository\org\apache\commons\commons-compress\1.18\commons-compress-1.18.jar;C:\Users\jmedinal\.m2\repository\net\serenity-bdd\serenity-screenplay\2.3.2\serenity-screenplay-2.3.2.jar;C:\Users\jmedinal\.m2\repository\net\serenity-bdd\serenity-screenplay-webdriver\2.3.2\serenity-screenplay-webdriver-2.3.2.jar;C:\Users\jmedinal\.m2\repository\net\serenity-bdd\serenity-ensure\2.3.2\serenity-ensure-2.3.2.jar;C:\Users\jmedinal\.m2\repository\net\serenity-bdd\serenity-junit\2.3.2\serenity-junit-2.3.2.jar;C:\Users\jmedinal\.m2\repository\org\jetbrains\kotlin\kotlin-stdlib\1.3.31\kotlin-stdlib-1.3.31.jar;C:\Users\jmedinal\.m2\repository\org\jetbrains\kotlin\kotlin-stdlib-common\1.3.31\kotlin-stdlib-common-1.3.31.jar;C:\Users\jmedinal\.m2\repository\org\jetbrains\annotations\13.0\annotations-13.0.jar;C:\Users\jmedinal\.m2\repository\net\serenity-bdd\serenity-assertions\2.3.2\serenity-assertions-2.3.2.jar;C:\Users\jmedinal\.m2\repository\net\serenity-bdd\serenity-screenplay-rest\2.3.2\serenity-screenplay-rest-2.3.2.jar;C:\Users\jmedinal\.m2\repository\net\serenity-bdd\serenity-rest-assured\2.3.2\serenity-rest-assured-2.3.2.jar;C:\Users\jmedinal\.m2\repository\io\rest-assured\rest-assured\3.3.0\rest-assured-3.3.0.jar;C:\Users\jmedinal\.m2\repository\org\ccil\cowan\tagsoup\tagsoup\1.2.1\tagsoup-1.2.1.jar;C:\Users\jmedinal\.m2\repository\io\rest-assured\json-path\3.3.0\json-path-3.3.0.jar;C:\Users\jmedinal\.m2\repository\io\rest-assured\rest-assured-common\3.3.0\rest-assured-common-3.3.0.jar;C:\Users\jmedinal\.m2\repository\io\rest-assured\xml-path\3.3.0\xml-path-3.3.0.jar;C:\Users\jmedinal\.m2\repository\com\sun\xml\bind\jaxb-osgi\2.2.10\jaxb-osgi-2.2.10.jar;C:\Users\jmedinal\.m2\repository\org\apache\sling\org.apache.sling.javax.activation\0.1.0\org.apache.sling.javax.activation-0.1.0.jar;C:\Users\jmedinal\.m2\repository\org\codehaus\groovy\groovy-xml\2.5.5\groovy-xml-2.5.5.jar;C:\Users\jmedinal\.m2\repository\org\codehaus\groovy\groovy-json\2.5.5\groovy-json-2.5.5.jar;C:\Users\jmedinal\.m2\repository\net\serenity-bdd\serenity-cucumber6\2.3.2\serenity-cucumber6-2.3.2.jar;C:\Users\jmedinal\.m2\repository\io\cucumber\cucumber-junit\6.6.0\cucumber-junit-6.6.0.jar;C:\Users\jmedinal\.m2\repository\io\cucumber\datatable-matchers\3.4.0\datatable-matchers-3.4.0.jar;C:\Users\jmedinal\.m2\repository\org\apache\commons\commons-csv\1.5\commons-csv-1.5.jar;C:\Users\jmedinal\.m2\repository\junit\junit\4.12\junit-4.12.jar;C:\Users\jmedinal\.m2\repository\org\slf4j\slf4j-simple\1.7.7\slf4j-simple-1.7.7.jar;C:\Users\jmedinal\.m2\repository\org\junit\platform\junit-platform-launcher\1.5.2\junit-platform-launcher-1.5.2.jar;C:\Users\jmedinal\.m2\repository\org\apiguardian\apiguardian-api\1.1.0\apiguardian-api-1.1.0.jar;C:\Users\jmedinal\.m2\repository\org\junit\platform\junit-platform-engine\1.5.2\junit-platform-engine-1.5.2.jar;C:\Users\jmedinal\.m2\repository\org\opentest4j\opentest4j\1.2.0\opentest4j-1.2.0.jar;C:\Users\jmedinal\.m2\repository\org\junit\platform\junit-platform-commons\1.5.2\junit-platform-commons-1.5.2.jar;C:\Users\jmedinal\.m2\repository\org\junit\jupiter\junit-jupiter-engine\5.5.2\junit-jupiter-engine-5.5.2.jar;C:\Users\jmedinal\.m2\repository\org\junit\jupiter\junit-jupiter-api\5.5.2\junit-jupiter-api-5.5.2.jar;C:\Users\jmedinal\.m2\repository\org\junit\vintage\junit-vintage-engine\5.5.2\junit-vintage-engine-5.5.2.jar;C:\Users\jmedinal\.m2\repository\org\assertj\assertj-core\3.13.2\assertj-core-3.13.2.jar;"/>
    <property name="java.vm.vendor" value="Oracle Corporation"/>
    <property name="sun.arch.data.model" value="64"/>
    <property name="user.variant" value=""/>
    <property name="java.vendor.url" value="http://java.oracle.com/"/>
    <property name="user.timezone" value="America/Bogota"/>
    <property name="java.vm.specification.version" value="1.8"/>
    <property name="os.name" value="Windows 10"/>
    <property name="user.country" value="US"/>
    <property name="sun.java.launcher" value="SUN_STANDARD"/>
    <property name="sun.boot.library.path" value="C:\Program Files\Java\jdk1.8.0_301\jre\bin"/>
    <property name="sun.java.command" value="C:\Users\jmedinal\AppData\Local\Temp\surefire8314627282161991255\surefirebooter4706869753918739720.jar C:\Users\jmedinal\AppData\Local\Temp\surefire8314627282161991255 2021-11-18T15-56-36_926-jvmRun1 surefire472303175032187520tmp surefire_08552151073780223285tmp"/>
    <property name="surefire.test.class.path" value="C:\JenkinsWorkspace\workspace\Portales-PW-LFDXP\target\test-classes;C:\JenkinsWorkspace\workspace\Portales-PW-LFDXP\target\Portales-PW-LFDXP-2.0-SNAPSHOT.jar;C:\Users\jmedinal\.m2\repository\net\serenity-bdd\serenity-core\2.3.2\serenity-core-2.3.2.jar;C:\Users\jmedinal\.m2\repository\net\bytebuddy\byte-buddy\1.10.1\byte-buddy-1.10.1.jar;C:\Users\jmedinal\.m2\repository\net\bytebuddy\byte-buddy-agent\1.10.1\byte-buddy-agent-1.10.1.jar;C:\Users\jmedinal\.m2\repository\com\google\guava\guava\25.0-jre\guava-25.0-jre.jar;C:\Users\jmedinal\.m2\repository\com\google\code\findbugs\jsr305\1.3.9\jsr305-1.3.9.jar;C:\Users\jmedinal\.m2\repository\org\checkerframework\checker-compat-qual\2.0.0\checker-compat-qual-2.0.0.jar;C:\Users\jmedinal\.m2\repository\com\google\errorprone\error_prone_annotations\2.1.3\error_prone_annotations-2.1.3.jar;C:\Users\jmedinal\.m2\repository\com\google\j2objc\j2objc-annotations\1.1\j2objc-annotations-1.1.jar;C:\Users\jmedinal\.m2\repository\org\codehaus\mojo\animal-sniffer-annotations\1.14\animal-sniffer-annotations-1.14.jar;C:\Users\jmedinal\.m2\repository\com\google\inject\guice\4.2.2\guice-4.2.2.jar;C:\Users\jmedinal\.m2\repository\javax\inject\javax.inject\1\javax.inject-1.jar;C:\Users\jmedinal\.m2\repository\aopalliance\aopalliance\1.0\aopalliance-1.0.jar;C:\Users\jmedinal\.m2\repository\org\ow2\asm\asm\7.2\asm-7.2.jar;C:\Users\jmedinal\.m2\repository\commons-codec\commons-codec\1.10\commons-codec-1.10.jar;C:\Users\jmedinal\.m2\repository\org\objenesis\objenesis\3.0.1\objenesis-3.0.1.jar;C:\Users\jmedinal\.m2\repository\org\slf4j\slf4j-api\1.7.26\slf4j-api-1.7.26.jar;C:\Users\jmedinal\.m2\repository\xml-apis\xml-apis\1.4.01\xml-apis-1.4.01.jar;C:\Users\jmedinal\.m2\repository\io\cucumber\cucumber-core\6.6.0\cucumber-core-6.6.0.jar;C:\Users\jmedinal\.m2\repository\io\cucumber\cucumber-gherkin\6.6.0\cucumber-gherkin-6.6.0.jar;C:\Users\jmedinal\.m2\repository\io\cucumber\cucumber-gherkin-messages\6.6.0\cucumber-gherkin-messages-6.6.0.jar;C:\Users\jmedinal\.m2\repository\io\cucumber\messages\13.0.1\messages-13.0.1.jar;C:\Users\jmedinal\.m2\repository\io\cucumber\tag-expressions\3.0.0\tag-expressions-3.0.0.jar;C:\Users\jmedinal\.m2\repository\io\cucumber\cucumber-expressions\10.3.0\cucumber-expressions-10.3.0.jar;C:\Users\jmedinal\.m2\repository\io\cucumber\datatable\3.4.0\datatable-3.4.0.jar;C:\Users\jmedinal\.m2\repository\io\cucumber\cucumber-plugin\6.6.0\cucumber-plugin-6.6.0.jar;C:\Users\jmedinal\.m2\repository\io\cucumber\docstring\6.6.0\docstring-6.6.0.jar;C:\Users\jmedinal\.m2\repository\io\cucumber\html-formatter\9.0.0\html-formatter-9.0.0.jar;C:\Users\jmedinal\.m2\repository\io\cucumber\create-meta\2.0.1\create-meta-2.0.1.jar;C:\Users\jmedinal\.m2\repository\io\cucumber\cucumber-java\6.6.0\cucumber-java-6.6.0.jar;C:\Users\jmedinal\.m2\repository\commons-logging\commons-logging\1.2\commons-logging-1.2.jar;C:\Users\jmedinal\.m2\repository\io\vavr\vavr\0.9.0\vavr-0.9.0.jar;C:\Users\jmedinal\.m2\repository\io\vavr\vavr-match\0.9.0\vavr-match-0.9.0.jar;C:\Users\jmedinal\.m2\repository\javax\xml\bind\jaxb-api\2.2.12\jaxb-api-2.2.12.jar;C:\Users\jmedinal\.m2\repository\com\sun\xml\bind\jaxb-core\2.3.0.1\jaxb-core-2.3.0.1.jar;C:\Users\jmedinal\.m2\repository\com\sun\xml\bind\jaxb-impl\2.3.0.1\jaxb-impl-2.3.0.1.jar;C:\Users\jmedinal\.m2\repository\javax\activation\activation\1.1.1\activation-1.1.1.jar;C:\Users\jmedinal\.m2\repository\org\mockito\mockito-core\3.1.0\mockito-core-3.1.0.jar;C:\Users\jmedinal\.m2\repository\net\serenity-bdd\serenity-report-resources\2.3.2\serenity-report-resources-2.3.2.jar;C:\Users\jmedinal\.m2\repository\net\serenity-bdd\serenity-model\2.3.2\serenity-model-2.3.2.jar;C:\Users\jmedinal\.m2\repository\commons-net\commons-net\3.6\commons-net-3.6.jar;C:\Users\jmedinal\.m2\repository\org\apache\commons\commons-text\1.6\commons-text-1.6.jar;C:\Users\jmedinal\.m2\repository\org\reflections\reflections\0.9.11\reflections-0.9.11.jar;C:\Users\jmedinal\.m2\repository\org\javassist\javassist\3.21.0-GA\javassist-3.21.0-GA.jar;C:\Users\jmedinal\.m2\repository\es\nitaur\markdown\txtmark\0.16\txtmark-0.16.jar;C:\Users\jmedinal\.m2\repository\net\serenity-bdd\serenity-reports\2.3.2\serenity-reports-2.3.2.jar;C:\Users\jmedinal\.m2\repository\net\serenity-bdd\serenity-stats\2.3.2\serenity-stats-2.3.2.jar;C:\Users\jmedinal\.m2\repository\com\google\code\gson\gson\2.8.6\gson-2.8.6.jar;C:\Users\jmedinal\.m2\repository\commons-io\commons-io\2.6\commons-io-2.6.jar;C:\Users\jmedinal\.m2\repository\org\seleniumhq\selenium\selenium-server\3.141.59\selenium-server-3.141.59.jar;C:\Users\jmedinal\.m2\repository\org\seleniumhq\selenium\selenium-firefox-driver\3.141.59\selenium-firefox-driver-3.141.59.jar;C:\Users\jmedinal\.m2\repository\org\seleniumhq\selenium\selenium-ie-driver\3.141.59\selenium-ie-driver-3.141.59.jar;C:\Users\jmedinal\.m2\repository\com\beust\jcommander\1.72\jcommander-1.72.jar;C:\Users\jmedinal\.m2\repository\org\apache\commons\commons-exec\1.3\commons-exec-1.3.jar;C:\Users\jmedinal\.m2\repository\net\jcip\jcip-annotations\1.0\jcip-annotations-1.0.jar;C:\Users\jmedinal\.m2\repository\org\seleniumhq\selenium\jetty-repacked\9.4.12.v20180830\jetty-repacked-9.4.12.v20180830.jar;C:\Users\jmedinal\.m2\repository\com\squareup\okhttp3\okhttp\3.11.0\okhttp-3.11.0.jar;C:\Users\jmedinal\.m2\repository\com\squareup\okio\okio\1.14.0\okio-1.14.0.jar;C:\Users\jmedinal\.m2\repository\javax\servlet\javax.servlet-api\3.1.0\javax.servlet-api-3.1.0.jar;C:\Users\jmedinal\.m2\repository\org\yaml\snakeyaml\1.19\snakeyaml-1.19.jar;C:\Users\jmedinal\.m2\repository\org\seleniumhq\selenium\selenium-java\3.141.59\selenium-java-3.141.59.jar;C:\Users\jmedinal\.m2\repository\org\seleniumhq\selenium\selenium-api\3.141.59\selenium-api-3.141.59.jar;C:\Users\jmedinal\.m2\repository\org\seleniumhq\selenium\selenium-chrome-driver\3.141.59\selenium-chrome-driver-3.141.59.jar;C:\Users\jmedinal\.m2\repository\org\seleniumhq\selenium\selenium-edge-driver\3.141.59\selenium-edge-driver-3.141.59.jar;C:\Users\jmedinal\.m2\repository\org\seleniumhq\selenium\selenium-remote-driver\3.141.59\selenium-remote-driver-3.141.59.jar;C:\Users\jmedinal\.m2\repository\org\seleniumhq\selenium\selenium-safari-driver\3.141.59\selenium-safari-driver-3.141.59.jar;C:\Users\jmedinal\.m2\repository\org\seleniumhq\selenium\selenium-opera-driver\3.141.59\selenium-opera-driver-3.141.59.jar;C:\Users\jmedinal\.m2\repository\org\seleniumhq\selenium\selenium-support\3.141.59\selenium-support-3.141.59.jar;C:\Users\jmedinal\.m2\repository\com\paulhammant\ngwebdriver\1.1.5\ngwebdriver-1.1.5.jar;C:\Users\jmedinal\.m2\repository\com\assertthat\selenium-shutterbug\0.9.3\selenium-shutterbug-0.9.3.jar;C:\Users\jmedinal\.m2\repository\org\projectlombok\lombok\1.18.8\lombok-1.18.8.jar;C:\Users\jmedinal\.m2\repository\com\github\zafarkhaja\java-semver\0.9.0\java-semver-0.9.0.jar;C:\Users\jmedinal\.m2\repository\com\codeborne\phantomjsdriver\1.4.4\phantomjsdriver-1.4.4.jar;C:\Users\jmedinal\.m2\repository\org\seleniumhq\selenium\htmlunit-driver\2.37.0\htmlunit-driver-2.37.0.jar;C:\Users\jmedinal\.m2\repository\io\appium\java-client\7.3.0\java-client-7.3.0.jar;C:\Users\jmedinal\.m2\repository\commons-validator\commons-validator\1.6\commons-validator-1.6.jar;C:\Users\jmedinal\.m2\repository\commons-beanutils\commons-beanutils\1.9.2\commons-beanutils-1.9.2.jar;C:\Users\jmedinal\.m2\repository\commons-digester\commons-digester\1.8.1\commons-digester-1.8.1.jar;C:\Users\jmedinal\.m2\repository\org\aspectj\aspectjweaver\1.9.4\aspectjweaver-1.9.4.jar;C:\Users\jmedinal\.m2\repository\org\springframework\spring-context-support\5.1.2.RELEASE\spring-context-support-5.1.2.RELEASE.jar;C:\Users\jmedinal\.m2\repository\org\springframework\spring-beans\5.1.2.RELEASE\spring-beans-5.1.2.RELEASE.jar;C:\Users\jmedinal\.m2\repository\org\springframework\spring-context\5.1.2.RELEASE\spring-context-5.1.2.RELEASE.jar;C:\Users\jmedinal\.m2\repository\org\springframework\spring-aop\5.1.2.RELEASE\spring-aop-5.1.2.RELEASE.jar;C:\Users\jmedinal\.m2\repository\org\springframework\spring-expression\5.1.2.RELEASE\spring-expression-5.1.2.RELEASE.jar;C:\Users\jmedinal\.m2\repository\org\springframework\spring-core\5.1.2.RELEASE\spring-core-5.1.2.RELEASE.jar;C:\Users\jmedinal\.m2\repository\org\springframework\spring-jcl\5.1.2.RELEASE\spring-jcl-5.1.2.RELEASE.jar;C:\Users\jmedinal\.m2\repository\org\codehaus\groovy\groovy\2.5.5\groovy-2.5.5.jar;C:\Users\jmedinal\.m2\repository\net\sf\opencsv\opencsv\2.0\opencsv-2.0.jar;C:\Users\jmedinal\.m2\repository\commons-beanutils\commons-beanutils-core\1.8.3\commons-beanutils-core-1.8.3.jar;C:\Users\jmedinal\.m2\repository\joda-time\joda-time\2.7\joda-time-2.7.jar;C:\Users\jmedinal\.m2\repository\com\thoughtworks\xstream\xstream\1.4.9\xstream-1.4.9.jar;C:\Users\jmedinal\.m2\repository\xmlpull\xmlpull\1.1.3.1\xmlpull-1.1.3.1.jar;C:\Users\jmedinal\.m2\repository\xpp3\xpp3_min\1.1.4c\xpp3_min-1.1.4c.jar;C:\Users\jmedinal\.m2\repository\org\apache\commons\commons-lang3\3.8.1\commons-lang3-3.8.1.jar;C:\Users\jmedinal\.m2\repository\commons-collections\commons-collections\3.2.2\commons-collections-3.2.2.jar;C:\Users\jmedinal\.m2\repository\org\freemarker\freemarker\2.3.29\freemarker-2.3.29.jar;C:\Users\jmedinal\.m2\repository\net\sourceforge\jexcelapi\jxl\2.6.12\jxl-2.6.12.jar;C:\Users\jmedinal\.m2\repository\org\hamcrest\hamcrest-core\1.3\hamcrest-core-1.3.jar;C:\Users\jmedinal\.m2\repository\org\hamcrest\hamcrest-library\1.3\hamcrest-library-1.3.jar;C:\Users\jmedinal\.m2\repository\net\sourceforge\htmlunit\htmlunit\2.37.0\htmlunit-2.37.0.jar;C:\Users\jmedinal\.m2\repository\net\sourceforge\htmlunit\htmlunit-core-js\2.37.0\htmlunit-core-js-2.37.0.jar;C:\Users\jmedinal\.m2\repository\net\sourceforge\htmlunit\neko-htmlunit\2.37.0\neko-htmlunit-2.37.0.jar;C:\Users\jmedinal\.m2\repository\xerces\xercesImpl\2.12.0\xercesImpl-2.12.0.jar;C:\Users\jmedinal\.m2\repository\net\sourceforge\htmlunit\htmlunit-cssparser\1.5.0\htmlunit-cssparser-1.5.0.jar;C:\Users\jmedinal\.m2\repository\org\brotli\dec\0.1.2\dec-0.1.2.jar;C:\Users\jmedinal\.m2\repository\org\eclipse\jetty\websocket\websocket-client\9.4.26.v20200117\websocket-client-9.4.26.v20200117.jar;C:\Users\jmedinal\.m2\repository\org\eclipse\jetty\jetty-client\9.4.26.v20200117\jetty-client-9.4.26.v20200117.jar;C:\Users\jmedinal\.m2\repository\org\eclipse\jetty\jetty-http\9.4.26.v20200117\jetty-http-9.4.26.v20200117.jar;C:\Users\jmedinal\.m2\repository\org\eclipse\jetty\jetty-xml\9.4.26.v20200117\jetty-xml-9.4.26.v20200117.jar;C:\Users\jmedinal\.m2\repository\org\eclipse\jetty\jetty-util\9.4.26.v20200117\jetty-util-9.4.26.v20200117.jar;C:\Users\jmedinal\.m2\repository\org\eclipse\jetty\jetty-io\9.4.26.v20200117\jetty-io-9.4.26.v20200117.jar;C:\Users\jmedinal\.m2\repository\org\eclipse\jetty\websocket\websocket-common\9.4.26.v20200117\websocket-common-9.4.26.v20200117.jar;C:\Users\jmedinal\.m2\repository\org\eclipse\jetty\websocket\websocket-api\9.4.26.v20200117\websocket-api-9.4.26.v20200117.jar;C:\Users\jmedinal\.m2\repository\org\apache\httpcomponents\httpclient\4.5.5\httpclient-4.5.5.jar;C:\Users\jmedinal\.m2\repository\org\apache\httpcomponents\httpcore\4.4.9\httpcore-4.4.9.jar;C:\Users\jmedinal\.m2\repository\org\apache\httpcomponents\httpmime\4.5.5\httpmime-4.5.5.jar;C:\Users\jmedinal\.m2\repository\org\fluentlenium\fluentlenium-core\0.10.2\fluentlenium-core-0.10.2.jar;C:\Users\jmedinal\.m2\repository\com\jhlabs\filters\2.0.235\filters-2.0.235.jar;C:\Users\jmedinal\.m2\repository\org\asciidoctor\asciidoctorj\1.5.6\asciidoctorj-1.5.6.jar;C:\Users\jmedinal\.m2\repository\org\jruby\jruby-complete\1.7.26\jruby-complete-1.7.26.jar;C:\Users\jmedinal\.m2\repository\org\imgscalr\imgscalr-lib\4.2\imgscalr-lib-4.2.jar;C:\Users\jmedinal\.m2\repository\javax\el\javax.el-api\2.2.4\javax.el-api-2.2.4.jar;C:\Users\jmedinal\.m2\repository\org\glassfish\web\javax.el\2.2.4\javax.el-2.2.4.jar;C:\Users\jmedinal\.m2\repository\xalan\xalan\2.7.2\xalan-2.7.2.jar;C:\Users\jmedinal\.m2\repository\xalan\serializer\2.7.2\serializer-2.7.2.jar;C:\Users\jmedinal\.m2\repository\org\awaitility\awaitility\4.0.1\awaitility-4.0.1.jar;C:\Users\jmedinal\.m2\repository\org\hamcrest\hamcrest\2.1\hamcrest-2.1.jar;C:\Users\jmedinal\.m2\repository\com\typesafe\config\1.3.1\config-1.3.1.jar;C:\Users\jmedinal\.m2\repository\org\jsoup\jsoup\1.10.3\jsoup-1.10.3.jar;C:\Users\jmedinal\.m2\repository\com\google\jimfs\jimfs\1.1\jimfs-1.1.jar;C:\Users\jmedinal\.m2\repository\com\vladsch\flexmark\flexmark-all\0.34.30\flexmark-all-0.34.30.jar;C:\Users\jmedinal\.m2\repository\com\vladsch\flexmark\flexmark\0.34.30\flexmark-0.34.30.jar;C:\Users\jmedinal\.m2\repository\com\vladsch\flexmark\flexmark-ext-abbreviation\0.34.30\flexmark-ext-abbreviation-0.34.30.jar;C:\Users\jmedinal\.m2\repository\com\vladsch\flexmark\flexmark-ext-admonition\0.34.30\flexmark-ext-admonition-0.34.30.jar;C:\Users\jmedinal\.m2\repository\com\vladsch\flexmark\flexmark-ext-anchorlink\0.34.30\flexmark-ext-anchorlink-0.34.30.jar;C:\Users\jmedinal\.m2\repository\com\vladsch\flexmark\flexmark-ext-aside\0.34.30\flexmark-ext-aside-0.34.30.jar;C:\Users\jmedinal\.m2\repository\com\vladsch\flexmark\flexmark-ext-attributes\0.34.30\flexmark-ext-attributes-0.34.30.jar;C:\Users\jmedinal\.m2\repository\com\vladsch\flexmark\flexmark-ext-autolink\0.34.30\flexmark-ext-autolink-0.34.30.jar;C:\Users\jmedinal\.m2\repository\org\nibor\autolink\autolink\0.6.0\autolink-0.6.0.jar;C:\Users\jmedinal\.m2\repository\com\vladsch\flexmark\flexmark-ext-definition\0.34.30\flexmark-ext-definition-0.34.30.jar;C:\Users\jmedinal\.m2\repository\com\vladsch\flexmark\flexmark-ext-emoji\0.34.30\flexmark-ext-emoji-0.34.30.jar;C:\Users\jmedinal\.m2\repository\com\vladsch\flexmark\flexmark-ext-enumerated-reference\0.34.30\flexmark-ext-enumerated-reference-0.34.30.jar;C:\Users\jmedinal\.m2\repository\com\vladsch\flexmark\flexmark-ext-escaped-character\0.34.30\flexmark-ext-escaped-character-0.34.30.jar;C:\Users\jmedinal\.m2\repository\com\vladsch\flexmark\flexmark-ext-footnotes\0.34.30\flexmark-ext-footnotes-0.34.30.jar;C:\Users\jmedinal\.m2\repository\com\vladsch\flexmark\flexmark-ext-gfm-issues\0.34.30\flexmark-ext-gfm-issues-0.34.30.jar;C:\Users\jmedinal\.m2\repository\com\vladsch\flexmark\flexmark-ext-gfm-strikethrough\0.34.30\flexmark-ext-gfm-strikethrough-0.34.30.jar;C:\Users\jmedinal\.m2\repository\com\vladsch\flexmark\flexmark-ext-gfm-tables\0.34.30\flexmark-ext-gfm-tables-0.34.30.jar;C:\Users\jmedinal\.m2\repository\com\vladsch\flexmark\flexmark-ext-gfm-tasklist\0.34.30\flexmark-ext-gfm-tasklist-0.34.30.jar;C:\Users\jmedinal\.m2\repository\com\vladsch\flexmark\flexmark-ext-gfm-users\0.34.30\flexmark-ext-gfm-users-0.34.30.jar;C:\Users\jmedinal\.m2\repository\com\vladsch\flexmark\flexmark-ext-gitlab\0.34.30\flexmark-ext-gitlab-0.34.30.jar;C:\Users\jmedinal\.m2\repository\com\vladsch\flexmark\flexmark-ext-jekyll-front-matter\0.34.30\flexmark-ext-jekyll-front-matter-0.34.30.jar;C:\Users\jmedinal\.m2\repository\com\vladsch\flexmark\flexmark-ext-jekyll-tag\0.34.30\flexmark-ext-jekyll-tag-0.34.30.jar;C:\Users\jmedinal\.m2\repository\com\vladsch\flexmark\flexmark-ext-media-tags\0.34.30\flexmark-ext-media-tags-0.34.30.jar;C:\Users\jmedinal\.m2\repository\com\vladsch\flexmark\flexmark-test-util\0.34.30\flexmark-test-util-0.34.30.jar;C:\Users\jmedinal\.m2\repository\com\vladsch\flexmark\flexmark-ext-ins\0.34.30\flexmark-ext-ins-0.34.30.jar;C:\Users\jmedinal\.m2\repository\com\vladsch\flexmark\flexmark-ext-xwiki-macros\0.34.30\flexmark-ext-xwiki-macros-0.34.30.jar;C:\Users\jmedinal\.m2\repository\com\vladsch\flexmark\flexmark-ext-superscript\0.34.30\flexmark-ext-superscript-0.34.30.jar;C:\Users\jmedinal\.m2\repository\com\vladsch\flexmark\flexmark-ext-tables\0.34.30\flexmark-ext-tables-0.34.30.jar;C:\Users\jmedinal\.m2\repository\com\vladsch\flexmark\flexmark-ext-toc\0.34.30\flexmark-ext-toc-0.34.30.jar;C:\Users\jmedinal\.m2\repository\com\vladsch\flexmark\flexmark-ext-typographic\0.34.30\flexmark-ext-typographic-0.34.30.jar;C:\Users\jmedinal\.m2\repository\com\vladsch\flexmark\flexmark-ext-wikilink\0.34.30\flexmark-ext-wikilink-0.34.30.jar;C:\Users\jmedinal\.m2\repository\com\vladsch\flexmark\flexmark-ext-yaml-front-matter\0.34.30\flexmark-ext-yaml-front-matter-0.34.30.jar;C:\Users\jmedinal\.m2\repository\com\vladsch\flexmark\flexmark-ext-youtube-embedded\0.34.30\flexmark-ext-youtube-embedded-0.34.30.jar;C:\Users\jmedinal\.m2\repository\com\vladsch\flexmark\flexmark-formatter\0.34.30\flexmark-formatter-0.34.30.jar;C:\Users\jmedinal\.m2\repository\com\vladsch\flexmark\flexmark-html-parser\0.34.30\flexmark-html-parser-0.34.30.jar;C:\Users\jmedinal\.m2\repository\com\vladsch\flexmark\flexmark-jira-converter\0.34.30\flexmark-jira-converter-0.34.30.jar;C:\Users\jmedinal\.m2\repository\com\vladsch\flexmark\flexmark-pdf-converter\0.34.30\flexmark-pdf-converter-0.34.30.jar;C:\Users\jmedinal\.m2\repository\com\openhtmltopdf\openhtmltopdf-core\0.0.1-RC13\openhtmltopdf-core-0.0.1-RC13.jar;C:\Users\jmedinal\.m2\repository\com\openhtmltopdf\openhtmltopdf-pdfbox\0.0.1-RC13\openhtmltopdf-pdfbox-0.0.1-RC13.jar;C:\Users\jmedinal\.m2\repository\org\apache\pdfbox\pdfbox\2.0.8\pdfbox-2.0.8.jar;C:\Users\jmedinal\.m2\repository\org\apache\pdfbox\fontbox\2.0.8\fontbox-2.0.8.jar;C:\Users\jmedinal\.m2\repository\org\apache\pdfbox\xmpbox\2.0.8\xmpbox-2.0.8.jar;C:\Users\jmedinal\.m2\repository\de\rototor\pdfbox\graphics2d\0.12\graphics2d-0.12.jar;C:\Users\jmedinal\.m2\repository\com\openhtmltopdf\openhtmltopdf-rtl-support\0.0.1-RC13\openhtmltopdf-rtl-support-0.0.1-RC13.jar;C:\Users\jmedinal\.m2\repository\com\ibm\icu\icu4j\59.1\icu4j-59.1.jar;C:\Users\jmedinal\.m2\repository\com\openhtmltopdf\openhtmltopdf-jsoup-dom-converter\0.0.1-RC13\openhtmltopdf-jsoup-dom-converter-0.0.1-RC13.jar;C:\Users\jmedinal\.m2\repository\com\vladsch\flexmark\flexmark-profile-pegdown\0.34.30\flexmark-profile-pegdown-0.34.30.jar;C:\Users\jmedinal\.m2\repository\com\vladsch\flexmark\flexmark-util\0.34.30\flexmark-util-0.34.30.jar;C:\Users\jmedinal\.m2\repository\com\vladsch\flexmark\flexmark-youtrack-converter\0.34.30\flexmark-youtrack-converter-0.34.30.jar;C:\Users\jmedinal\.m2\repository\io\github\bonigarcia\webdrivermanager\4.1.0\webdrivermanager-4.1.0.jar;C:\Users\jmedinal\.m2\repository\org\apache\httpcomponents\client5\httpclient5\5.0.1\httpclient5-5.0.1.jar;C:\Users\jmedinal\.m2\repository\org\apache\httpcomponents\core5\httpcore5\5.0.1\httpcore5-5.0.1.jar;C:\Users\jmedinal\.m2\repository\org\apache\httpcomponents\core5\httpcore5-h2\5.0.1\httpcore5-h2-5.0.1.jar;C:\Users\jmedinal\.m2\repository\org\rauschig\jarchivelib\1.0.0\jarchivelib-1.0.0.jar;C:\Users\jmedinal\.m2\repository\org\apache\commons\commons-compress\1.18\commons-compress-1.18.jar;C:\Users\jmedinal\.m2\repository\net\serenity-bdd\serenity-screenplay\2.3.2\serenity-screenplay-2.3.2.jar;C:\Users\jmedinal\.m2\repository\net\serenity-bdd\serenity-screenplay-webdriver\2.3.2\serenity-screenplay-webdriver-2.3.2.jar;C:\Users\jmedinal\.m2\repository\net\serenity-bdd\serenity-ensure\2.3.2\serenity-ensure-2.3.2.jar;C:\Users\jmedinal\.m2\repository\net\serenity-bdd\serenity-junit\2.3.2\serenity-junit-2.3.2.jar;C:\Users\jmedinal\.m2\repository\org\jetbrains\kotlin\kotlin-stdlib\1.3.31\kotlin-stdlib-1.3.31.jar;C:\Users\jmedinal\.m2\repository\org\jetbrains\kotlin\kotlin-stdlib-common\1.3.31\kotlin-stdlib-common-1.3.31.jar;C:\Users\jmedinal\.m2\repository\org\jetbrains\annotations\13.0\annotations-13.0.jar;C:\Users\jmedinal\.m2\repository\net\serenity-bdd\serenity-assertions\2.3.2\serenity-assertions-2.3.2.jar;C:\Users\jmedinal\.m2\repository\net\serenity-bdd\serenity-screenplay-rest\2.3.2\serenity-screenplay-rest-2.3.2.jar;C:\Users\jmedinal\.m2\repository\net\serenity-bdd\serenity-rest-assured\2.3.2\serenity-rest-assured-2.3.2.jar;C:\Users\jmedinal\.m2\repository\io\rest-assured\rest-assured\3.3.0\rest-assured-3.3.0.jar;C:\Users\jmedinal\.m2\repository\org\ccil\cowan\tagsoup\tagsoup\1.2.1\tagsoup-1.2.1.jar;C:\Users\jmedinal\.m2\repository\io\rest-assured\json-path\3.3.0\json-path-3.3.0.jar;C:\Users\jmedinal\.m2\repository\io\rest-assured\rest-assured-common\3.3.0\rest-assured-common-3.3.0.jar;C:\Users\jmedinal\.m2\repository\io\rest-assured\xml-path\3.3.0\xml-path-3.3.0.jar;C:\Users\jmedinal\.m2\repository\com\sun\xml\bind\jaxb-osgi\2.2.10\jaxb-osgi-2.2.10.jar;C:\Users\jmedinal\.m2\repository\org\apache\sling\org.apache.sling.javax.activation\0.1.0\org.apache.sling.javax.activation-0.1.0.jar;C:\Users\jmedinal\.m2\repository\org\codehaus\groovy\groovy-xml\2.5.5\groovy-xml-2.5.5.jar;C:\Users\jmedinal\.m2\repository\org\codehaus\groovy\groovy-json\2.5.5\groovy-json-2.5.5.jar;C:\Users\jmedinal\.m2\repository\net\serenity-bdd\serenity-cucumber6\2.3.2\serenity-cucumber6-2.3.2.jar;C:\Users\jmedinal\.m2\repository\io\cucumber\cucumber-junit\6.6.0\cucumber-junit-6.6.0.jar;C:\Users\jmedinal\.m2\repository\io\cucumber\datatable-matchers\3.4.0\datatable-matchers-3.4.0.jar;C:\Users\jmedinal\.m2\repository\org\apache\commons\commons-csv\1.5\commons-csv-1.5.jar;C:\Users\jmedinal\.m2\repository\junit\junit\4.12\junit-4.12.jar;C:\Users\jmedinal\.m2\repository\org\slf4j\slf4j-simple\1.7.7\slf4j-simple-1.7.7.jar;C:\Users\jmedinal\.m2\repository\org\junit\platform\junit-platform-launcher\1.5.2\junit-platform-launcher-1.5.2.jar;C:\Users\jmedinal\.m2\repository\org\apiguardian\apiguardian-api\1.1.0\apiguardian-api-1.1.0.jar;C:\Users\jmedinal\.m2\repository\org\junit\platform\junit-platform-engine\1.5.2\junit-platform-engine-1.5.2.jar;C:\Users\jmedinal\.m2\repository\org\opentest4j\opentest4j\1.2.0\opentest4j-1.2.0.jar;C:\Users\jmedinal\.m2\repository\org\junit\platform\junit-platform-commons\1.5.2\junit-platform-commons-1.5.2.jar;C:\Users\jmedinal\.m2\repository\org\junit\jupiter\junit-jupiter-engine\5.5.2\junit-jupiter-engine-5.5.2.jar;C:\Users\jmedinal\.m2\repository\org\junit\jupiter\junit-jupiter-api\5.5.2\junit-jupiter-api-5.5.2.jar;C:\Users\jmedinal\.m2\repository\org\junit\vintage\junit-vintage-engine\5.5.2\junit-vintage-engine-5.5.2.jar;C:\Users\jmedinal\.m2\repository\org\assertj\assertj-core\3.13.2\assertj-core-3.13.2.jar;"/>
    <property name="sun.cpu.endian" value="little"/>
    <property name="user.home" value="C:\Users\jmedinal"/>
    <property name="user.language" value="en"/>
    <property name="java.specification.vendor" value="Oracle Corporation"/>
    <property name="java.home" value="C:\Program Files\Java\jdk1.8.0_301\jre"/>
    <property name="basedir" value="C:\JenkinsWorkspace\workspace\Portales-PW-LFDXP"/>
    <property name="file.separator" value="\"/>
    <property name="line.separator" value="&#10;"/>
    <property name="java.vm.specification.vendor" value="Oracle Corporation"/>
    <property name="java.specification.name" value="Java Platform API Specification"/>
    <property name="java.awt.graphicsenv" value="sun.awt.Win32GraphicsEnvironment"/>
    <property name="surefire.real.class.path" value="C:\Users\jmedinal\AppData\Local\Temp\surefire8314627282161991255\surefirebooter4706869753918739720.jar"/>
    <property name="sun.boot.class.path" value="C:\Program Files\Java\jdk1.8.0_301\jre\lib\resources.jar;C:\Program Files\Java\jdk1.8.0_301\jre\lib\rt.jar;C:\Program Files\Java\jdk1.8.0_301\jre\lib\sunrsasign.jar;C:\Program Files\Java\jdk1.8.0_301\jre\lib\jsse.jar;C:\Program Files\Java\jdk1.8.0_301\jre\lib\jce.jar;C:\Program Files\Java\jdk1.8.0_301\jre\lib\charsets.jar;C:\Program Files\Java\jdk1.8.0_301\jre\lib\jfr.jar;C:\Program Files\Java\jdk1.8.0_301\jre\classes"/>
    <property name="user.script" value=""/>
    <property name="java.protocol.handler.pkgs" value="com.google.common"/>
    <property name="sun.management.compiler" value="HotSpot 64-Bit Tiered Compilers"/>
    <property name="java.runtime.version" value="1.8.0_301-b09"/>
    <property name="user.name" value="jmedinal"/>
    <property name="path.separator" value=";"/>
    <property name="os.version" value="10.0"/>
    <property name="java.endorsed.dirs" value="C:\Program Files\Java\jdk1.8.0_301\jre\lib\endorsed"/>
    <property name="java.runtime.name" value="Java(TM) SE Runtime Environment"/>
    <property name="file.encoding" value="Cp1252"/>
    <property name="java.vm.name" value="Java HotSpot(TM) 64-Bit Server VM"/>
    <property name="localRepository" value="C:\Users\jmedinal\.m2\repository"/>
    <property name="java.vendor.url.bug" value="http://bugreport.sun.com/bugreport/"/>
    <property name="java.io.tmpdir" value="C:\Users\jmedinal\AppData\Local\Temp\"/>
    <property name="java.version" value="1.8.0_301"/>
    <property name="user.dir" value="C:\JenkinsWorkspace\workspace\Portales-PW-LFDXP"/>
    <property name="os.arch" value="amd64"/>
    <property name="java.vm.specification.name" value="Java Virtual Machine Specification"/>
    <property name="java.awt.printerjob" value="sun.awt.windows.WPrinterJob"/>
    <property name="sun.os.patch.level" value=""/>
    <property name="java.library.path" value="C:\Program Files\Java\jdk1.8.0_301\jre\bin;C:\WINDOWS\Sun\Java\bin;C:\WINDOWS\system32;C:\WINDOWS;C:\Program Files (x86)\Maven/bin;C:\Program Files\Java\jdk1.8.0_301/bin;C:\Program Files\Java\jdk1.8.0_301/bin;C:\Program Files (x86)\Common Files\Oracle\Java\javapath;C:\WINDOWS\system32;C:\WINDOWS;C:\WINDOWS\System32\Wbem;C:\WINDOWS\System32\WindowsPowerShell\v1.0\;C:\WINDOWS\System32\OpenSSH\;C:\Program Files\RedHat\java-17-openjdk-17.0.1.0.12-1\\bin;C:\Data\Programas\Maven\M2;C:\Program Files (x86)\Maven\bin;C:\Users\jmedinal\AppData\Local\Programs\Git\cmd;C:\Program Files\RedHat\java-17-openjdk-17.0.1.0.12-1\bin;C:\Program Files\RedHat\java-17-openjdk-17.0.1.0.12-1\missioncontrol\;C:\Users\jmedinal\AppData\Local\Microsoft\WindowsApps;C:\Users\jmedinal\AppData\Local\Programs\Microsoft VS Code\bin;C:\Users\jmedinal\AppData\Local\Programs\Git\cmd;C:\Users\jmedinal\AppData\Local\GitHubDesktop\bin;."/>
    <property name="java.vm.info" value="mixed mode"/>
    <property name="java.vendor" value="Oracle Corporation"/>
    <property name="java.vm.version" value="25.301-b09"/>
    <property name="java.ext.dirs" value="C:\Program Files\Java\jdk1.8.0_301\jre\lib\ext;C:\WINDOWS\Sun\Java\lib\ext"/>
    <property name="sun.io.unicode.encoding" value="UnicodeLittle"/>
    <property name="java.class.version" value="52.0"/>
  </properties>
  <testcase name="CAPF003 - Cargando el Navegador" classname="Cargando el Post a Valorar #1" time="0.346">
    <system-err><![CDATA[[main] INFO io.cucumber.core.plugin.SerenityReporter - Running feature from file:///C:/JenkinsWorkspace/workspace/Portales-PW-LFDXP/src/test/resources/CAP_F_003.feature
[main] WARN io.cucumber.core.plugin.SerenityReporter - Feature from file:///C:/JenkinsWorkspace/workspace/Portales-PW-LFDXP/src/test/resources/CAP_F_003.feature is not under the 'features' directory. Requirements report will not be correctly generated!
[main] INFO  - &amp#27;[96m

-------------------------------------------------------------------------------------
     _______. _______ .______       _______ .__   __.  __  .___________.____    ____ 
    /       ||   ____||   _  \     |   ____||  \ |  | |  | |           |\   \  /   / 
   |   (----`|  |__   |  |_)  |    |  |__   |   \|  | |  | `---|  |----` \   \/   /  
    \   \    |   __|  |      /     |   __|  |  . `  | |  |     |  |       \_    _/   
.----)   |   |  |____ |  |\  \----.|  |____ |  |\   | |  |     |  |         |  |     
|_______/    |_______|| _| `._____||_______||__| \__| |__|     |__|         |__|    
                                                                                     
 News and tutorials at http://www.serenity-bdd.info                                  
 Documentation at https://wakaleo.gitbooks.io/the-serenity-book/content/             
 Join the Serenity Community on Gitter: https://gitter.im/serenity-bdd/serenity-core 
 Serenity BDD Support and Training at http://serenity-bdd.info/#/trainingandsupport  
-------------------------------------------------------------------------------------
&amp#27;[0m
[main] INFO  - Test Suite Started: CAP_F_003 - Valorar publicacion de blog
[main] INFO io.cucumber.core.plugin.SerenityReporter - Running feature from file:///C:/JenkinsWorkspace/workspace/Portales-PW-LFDXP/src/test/resources/CAP_F_005.feature
[main] WARN io.cucumber.core.plugin.SerenityReporter - Feature from file:///C:/JenkinsWorkspace/workspace/Portales-PW-LFDXP/src/test/resources/CAP_F_005.feature is not under the 'features' directory. Requirements report will not be correctly generated!
[main] INFO  - Test Suite Started: CAP_F_005 - Visualizar el Contenido de Siguenos en Redes Sociales
[main] INFO io.cucumber.core.plugin.SerenityReporter - Running feature from file:///C:/JenkinsWorkspace/workspace/Portales-PW-LFDXP/src/test/resources/CAP_F_008.feature
[main] WARN io.cucumber.core.plugin.SerenityReporter - Feature from file:///C:/JenkinsWorkspace/workspace/Portales-PW-LFDXP/src/test/resources/CAP_F_008.feature is not under the 'features' directory. Requirements report will not be correctly generated!
[main] INFO  - Test Suite Started: CAP_F_008 - Cambiar Idioma de la Web
[main] INFO io.cucumber.core.plugin.SerenityReporter - Running feature from file:///C:/JenkinsWorkspace/workspace/Portales-PW-LFDXP/src/test/resources/CAP_F_012.feature
[main] WARN io.cucumber.core.plugin.SerenityReporter - Feature from file:///C:/JenkinsWorkspace/workspace/Portales-PW-LFDXP/src/test/resources/CAP_F_012.feature is not under the 'features' directory. Requirements report will not be correctly generated!
[main] INFO  - Test Suite Started: CAP_F_012 - Buscar Contenido en la Web de Portales (Buscador Generico)
[main] INFO io.cucumber.core.plugin.SerenityReporter - Running feature from file:///C:/JenkinsWorkspace/workspace/Portales-PW-LFDXP/src/test/resources/CAP_F_013.feature
[main] WARN io.cucumber.core.plugin.SerenityReporter - Feature from file:///C:/JenkinsWorkspace/workspace/Portales-PW-LFDXP/src/test/resources/CAP_F_013.feature is not under the 'features' directory. Requirements report will not be correctly generated!
[main] INFO  - Test Suite Started: CAP_F_013 - Buscar Contenido en la Web de Portales (Buscador de Tramites)
[main] INFO io.cucumber.core.plugin.SerenityReporter - Running feature from file:///C:/JenkinsWorkspace/workspace/Portales-PW-LFDXP/src/test/resources/CAP_F_014.feature
[main] WARN io.cucumber.core.plugin.SerenityReporter - Feature from file:///C:/JenkinsWorkspace/workspace/Portales-PW-LFDXP/src/test/resources/CAP_F_014.feature is not under the 'features' directory. Requirements report will not be correctly generated!
[main] INFO  - Test Suite Started: CAP_F_014 - Buscar Contenido en la Web de Portales
[main] INFO io.cucumber.core.plugin.SerenityReporter - Running feature from file:///C:/JenkinsWorkspace/workspace/Portales-PW-LFDXP/src/test/resources/CAP_F_015.feature
[main] WARN io.cucumber.core.plugin.SerenityReporter - Feature from file:///C:/JenkinsWorkspace/workspace/Portales-PW-LFDXP/src/test/resources/CAP_F_015.feature is not under the 'features' directory. Requirements report will not be correctly generated!
[main] INFO  - Test Suite Started: CAP_F_015 - Buscar Contenido en la Web de Portales
[main] INFO io.cucumber.core.plugin.SerenityReporter - Running feature from file:///C:/JenkinsWorkspace/workspace/Portales-PW-LFDXP/src/test/resources/CAP_F_016A.feature
[main] WARN io.cucumber.core.plugin.SerenityReporter - Feature from file:///C:/JenkinsWorkspace/workspace/Portales-PW-LFDXP/src/test/resources/CAP_F_016A.feature is not under the 'features' directory. Requirements report will not be correctly generated!
[main] INFO  - Test Suite Started: CAP_F_016A - Buscar Contenido en la Web de Portales (Buscador Audios)
[main] INFO io.cucumber.core.plugin.SerenityReporter - Running feature from file:///C:/JenkinsWorkspace/workspace/Portales-PW-LFDXP/src/test/resources/CAP_F_016B.feature
[main] WARN io.cucumber.core.plugin.SerenityReporter - Feature from file:///C:/JenkinsWorkspace/workspace/Portales-PW-LFDXP/src/test/resources/CAP_F_016B.feature is not under the 'features' directory. Requirements report will not be correctly generated!
[main] INFO  - Test Suite Started: CAP_F_016B - Buscar Contenido en la Web de Portales (Buscador Imagenes)
[main] INFO io.cucumber.core.plugin.SerenityReporter - Running feature from file:///C:/JenkinsWorkspace/workspace/Portales-PW-LFDXP/src/test/resources/CAP_F_016C.feature
[main] WARN io.cucumber.core.plugin.SerenityReporter - Feature from file:///C:/JenkinsWorkspace/workspace/Portales-PW-LFDXP/src/test/resources/CAP_F_016C.feature is not under the 'features' directory. Requirements report will not be correctly generated!
[main] INFO  - Test Suite Started: CAP_F_016C - Buscar Contenido en la Web de Portales (Buscador Audios)
[main] INFO io.cucumber.core.plugin.SerenityReporter - Running feature from file:///C:/JenkinsWorkspace/workspace/Portales-PW-LFDXP/src/test/resources/CAP_F_018.feature
[main] WARN io.cucumber.core.plugin.SerenityReporter - Feature from file:///C:/JenkinsWorkspace/workspace/Portales-PW-LFDXP/src/test/resources/CAP_F_018.feature is not under the 'features' directory. Requirements report will not be correctly generated!
[main] INFO  - Test Suite Started: CAP_F_018 - Validar estado de la Web
[main] INFO io.cucumber.core.plugin.SerenityReporter - Running feature from file:///C:/JenkinsWorkspace/workspace/Portales-PW-LFDXP/src/test/resources/CAP_F_021.feature
[main] WARN io.cucumber.core.plugin.SerenityReporter - Feature from file:///C:/JenkinsWorkspace/workspace/Portales-PW-LFDXP/src/test/resources/CAP_F_021.feature is not under the 'features' directory. Requirements report will not be correctly generated!
[main] INFO  - Test Suite Started: CAP_F_021 - Validar estado de la Web
[main] INFO io.cucumber.core.plugin.SerenityReporter - Running feature from file:///C:/JenkinsWorkspace/workspace/Portales-PW-LFDXP/src/test/resources/CAP_F_026.feature
[main] WARN io.cucumber.core.plugin.SerenityReporter - Feature from file:///C:/JenkinsWorkspace/workspace/Portales-PW-LFDXP/src/test/resources/CAP_F_026.feature is not under the 'features' directory. Requirements report will not be correctly generated!
[main] INFO  - Test Suite Started: CAP_F_026 - Validar estado de la Web
[main] INFO io.cucumber.core.plugin.SerenityReporter - Running feature from file:///C:/JenkinsWorkspace/workspace/Portales-PW-LFDXP/src/test/resources/CAP_F_034.feature
[main] WARN io.cucumber.core.plugin.SerenityReporter - Feature from file:///C:/JenkinsWorkspace/workspace/Portales-PW-LFDXP/src/test/resources/CAP_F_034.feature is not under the 'features' directory. Requirements report will not be correctly generated!
[main] INFO  - Test Suite Started: CAP_F_034 - Validar estado de la Web
[main] INFO io.cucumber.core.plugin.SerenityReporter - Running feature from file:///C:/JenkinsWorkspace/workspace/Portales-PW-LFDXP/src/test/resources/CAP_F_041.feature
[main] WARN io.cucumber.core.plugin.SerenityReporter - Feature from file:///C:/JenkinsWorkspace/workspace/Portales-PW-LFDXP/src/test/resources/CAP_F_041.feature is not under the 'features' directory. Requirements report will not be correctly generated!
[main] INFO  - Test Suite Started: CAP_F_041 - Validar estado de la Web
[main] INFO io.cucumber.core.plugin.SerenityReporter - Running feature from file:///C:/JenkinsWorkspace/workspace/Portales-PW-LFDXP/src/test/resources/CAP_F_045.feature
[main] WARN io.cucumber.core.plugin.SerenityReporter - Feature from file:///C:/JenkinsWorkspace/workspace/Portales-PW-LFDXP/src/test/resources/CAP_F_045.feature is not under the 'features' directory. Requirements report will not be correctly generated!
[main] INFO  - Test Suite Started: CAP_F_045 - Validar estado de la Web
[main] INFO io.cucumber.core.plugin.SerenityReporter - Running feature from file:///C:/JenkinsWorkspace/workspace/Portales-PW-LFDXP/src/test/resources/CAP_F_049.feature
[main] WARN io.cucumber.core.plugin.SerenityReporter - Feature from file:///C:/JenkinsWorkspace/workspace/Portales-PW-LFDXP/src/test/resources/CAP_F_049.feature is not under the 'features' directory. Requirements report will not be correctly generated!
[main] INFO  - Test Suite Started: CAP_F_049 - Validar estado de la Web
[main] INFO io.cucumber.core.plugin.SerenityReporter - Running feature from file:///C:/JenkinsWorkspace/workspace/Portales-PW-LFDXP/src/test/resources/CAP_F_052.feature
[main] WARN io.cucumber.core.plugin.SerenityReporter - Feature from file:///C:/JenkinsWorkspace/workspace/Portales-PW-LFDXP/src/test/resources/CAP_F_052.feature is not under the 'features' directory. Requirements report will not be correctly generated!
[main] INFO  - Test Suite Started: CAP_F_052 - Validar estado de la Web
[main] INFO io.cucumber.core.plugin.SerenityReporter - Running feature from file:///C:/JenkinsWorkspace/workspace/Portales-PW-LFDXP/src/test/resources/CAP_F_056.feature
[main] WARN io.cucumber.core.plugin.SerenityReporter - Feature from file:///C:/JenkinsWorkspace/workspace/Portales-PW-LFDXP/src/test/resources/CAP_F_056.feature is not under the 'features' directory. Requirements report will not be correctly generated!
[main] INFO  - Test Suite Started: CAP_F_056 - Validar estado de la Web
[main] INFO io.cucumber.core.plugin.SerenityReporter - Running feature from file:///C:/JenkinsWorkspace/workspace/Portales-PW-LFDXP/src/test/resources/CAP_F_057.feature
[main] WARN io.cucumber.core.plugin.SerenityReporter - Feature from file:///C:/JenkinsWorkspace/workspace/Portales-PW-LFDXP/src/test/resources/CAP_F_057.feature is not under the 'features' directory. Requirements report will not be correctly generated!
[main] INFO  - Test Suite Started: CAP_F_057 - Validar estado de la Web
[main] INFO io.cucumber.core.plugin.SerenityReporter - Running feature from file:///C:/JenkinsWorkspace/workspace/Portales-PW-LFDXP/src/test/resources/CAP_F_060.feature
[main] WARN io.cucumber.core.plugin.SerenityReporter - Feature from file:///C:/JenkinsWorkspace/workspace/Portales-PW-LFDXP/src/test/resources/CAP_F_060.feature is not under the 'features' directory. Requirements report will not be correctly generated!
[main] INFO  - Test Suite Started: CAP_F_060 - Validar estado de la Web
[main] INFO io.cucumber.core.plugin.SerenityReporter - Running feature from file:///C:/JenkinsWorkspace/workspace/Portales-PW-LFDXP/src/test/resources/CAP_F_061.feature
[main] WARN io.cucumber.core.plugin.SerenityReporter - Feature from file:///C:/JenkinsWorkspace/workspace/Portales-PW-LFDXP/src/test/resources/CAP_F_061.feature is not under the 'features' directory. Requirements report will not be correctly generated!
[main] INFO  - Test Suite Started: CAP_F_061 - Validar estado de la Web
[main] INFO io.cucumber.core.plugin.SerenityReporter - Running feature from file:///C:/JenkinsWorkspace/workspace/Portales-PW-LFDXP/src/test/resources/CAP_F_066.feature
[main] WARN io.cucumber.core.plugin.SerenityReporter - Feature from file:///C:/JenkinsWorkspace/workspace/Portales-PW-LFDXP/src/test/resources/CAP_F_066.feature is not under the 'features' directory. Requirements report will not be correctly generated!
[main] INFO  - Test Suite Started: CAP_F_066 - Validar estado de la Web
[main] INFO io.cucumber.core.plugin.SerenityReporter - Running feature from file:///C:/JenkinsWorkspace/workspace/Portales-PW-LFDXP/src/test/resources/CAP_F_068.feature
[main] WARN io.cucumber.core.plugin.SerenityReporter - Feature from file:///C:/JenkinsWorkspace/workspace/Portales-PW-LFDXP/src/test/resources/CAP_F_068.feature is not under the 'features' directory. Requirements report will not be correctly generated!
[main] INFO  - Test Suite Started: CAP_F_068 - Validar estado de la Web
[main] INFO io.cucumber.core.plugin.SerenityReporter - Running feature from file:///C:/JenkinsWorkspace/workspace/Portales-PW-LFDXP/src/test/resources/CAP_F_073.feature
[main] WARN io.cucumber.core.plugin.SerenityReporter - Feature from file:///C:/JenkinsWorkspace/workspace/Portales-PW-LFDXP/src/test/resources/CAP_F_073.feature is not under the 'features' directory. Requirements report will not be correctly generated!
[main] INFO  - Test Suite Started: CAP_F_073 - Validar estado de la Web
[main] INFO io.cucumber.core.plugin.SerenityReporter - Running feature from file:///C:/JenkinsWorkspace/workspace/Portales-PW-LFDXP/src/test/resources/CAP_F_075.feature
[main] WARN io.cucumber.core.plugin.SerenityReporter - Feature from file:///C:/JenkinsWorkspace/workspace/Portales-PW-LFDXP/src/test/resources/CAP_F_075.feature is not under the 'features' directory. Requirements report will not be correctly generated!
[main] INFO  - Test Suite Started: CAP_F_075 - Validar estado de la Web
[main] INFO io.cucumber.core.plugin.SerenityReporter - Running feature from file:///C:/JenkinsWorkspace/workspace/Portales-PW-LFDXP/src/test/resources/CAP_F_080.feature
[main] WARN io.cucumber.core.plugin.SerenityReporter - Feature from file:///C:/JenkinsWorkspace/workspace/Portales-PW-LFDXP/src/test/resources/CAP_F_080.feature is not under the 'features' directory. Requirements report will not be correctly generated!
[main] INFO  - Test Suite Started: CAP_F_080 - Validar estado de la Web
[main] INFO io.cucumber.core.plugin.SerenityReporter - Running feature from file:///C:/JenkinsWorkspace/workspace/Portales-PW-LFDXP/src/test/resources/CAP_F_084.feature
[main] WARN io.cucumber.core.plugin.SerenityReporter - Feature from file:///C:/JenkinsWorkspace/workspace/Portales-PW-LFDXP/src/test/resources/CAP_F_084.feature is not under the 'features' directory. Requirements report will not be correctly generated!
[main] INFO  - Test Suite Started: CAP_F_084 - Validar estado de la Web
[main] INFO io.cucumber.core.plugin.SerenityReporter - Running feature from file:///C:/JenkinsWorkspace/workspace/Portales-PW-LFDXP/src/test/resources/CAP_F_087.feature
[main] WARN io.cucumber.core.plugin.SerenityReporter - Feature from file:///C:/JenkinsWorkspace/workspace/Portales-PW-LFDXP/src/test/resources/CAP_F_087.feature is not under the 'features' directory. Requirements report will not be correctly generated!
[main] INFO  - Test Suite Started: CAP_F_087 - Validar estado de la Web
[main] INFO io.cucumber.core.plugin.SerenityReporter - Running feature from file:///C:/JenkinsWorkspace/workspace/Portales-PW-LFDXP/src/test/resources/CAP_F_090.feature
[main] WARN io.cucumber.core.plugin.SerenityReporter - Feature from file:///C:/JenkinsWorkspace/workspace/Portales-PW-LFDXP/src/test/resources/CAP_F_090.feature is not under the 'features' directory. Requirements report will not be correctly generated!
[main] INFO  - Test Suite Started: CAP_F_090 - Validar estado de la Web
[main] INFO io.cucumber.core.plugin.SerenityReporter - Running feature from file:///C:/JenkinsWorkspace/workspace/Portales-PW-LFDXP/src/test/resources/CAP_F_101.feature
[main] WARN io.cucumber.core.plugin.SerenityReporter - Feature from file:///C:/JenkinsWorkspace/workspace/Portales-PW-LFDXP/src/test/resources/CAP_F_101.feature is not under the 'features' directory. Requirements report will not be correctly generated!
[main] INFO  - Test Suite Started: CAP_F_101 - Validar estado de la Web
[main] INFO io.cucumber.core.plugin.SerenityReporter - Running feature from file:///C:/JenkinsWorkspace/workspace/Portales-PW-LFDXP/src/test/resources/CAP_F_104.feature
[main] WARN io.cucumber.core.plugin.SerenityReporter - Feature from file:///C:/JenkinsWorkspace/workspace/Portales-PW-LFDXP/src/test/resources/CAP_F_104.feature is not under the 'features' directory. Requirements report will not be correctly generated!
[main] INFO  - Test Suite Started: CAP_F_104 - Validar estado de la Web
[main] INFO io.cucumber.core.plugin.SerenityReporter - Running feature from file:///C:/JenkinsWorkspace/workspace/Portales-PW-LFDXP/src/test/resources/CAP_F_107.feature
[main] WARN io.cucumber.core.plugin.SerenityReporter - Feature from file:///C:/JenkinsWorkspace/workspace/Portales-PW-LFDXP/src/test/resources/CAP_F_107.feature is not under the 'features' directory. Requirements report will not be correctly generated!
[main] INFO  - Test Suite Started: CAP_F_107 - Validar estado de la Web
[main] INFO io.cucumber.core.plugin.SerenityReporter - Running feature from file:///C:/JenkinsWorkspace/workspace/Portales-PW-LFDXP/src/test/resources/CAP_F_003.feature
[main] WARN io.cucumber.core.plugin.SerenityReporter - Feature from file:///C:/JenkinsWorkspace/workspace/Portales-PW-LFDXP/src/test/resources/CAP_F_003.feature is not under the 'features' directory. Requirements report will not be correctly generated!
[main] INFO  - 
 _____ _____ ____ _____   ____ _____  _    ____ _____ _____ ____  
|_   _| ____/ ___|_   _| / ___|_   _|/ \  |  _ \_   _| ____|  _ \ 
  | | |  _| \___ \ | |   \___ \ | | / _ \ | |_) || | |  _| | | | |
  | | | |___ ___) || |    ___) || |/ ___ \|  _ < | | | |___| |_| |
  |_| |_____|____/ |_|   |____/ |_/_/   \_\_| \_\|_| |_____|____/ 

Cargando el Post a Valorar(cap-f-003---valorar-publicacion-de-blog;cargando-el-post-a-valorar)
-------------------------------------------------------------------
]]></system-err>
  </testcase>
  <testcase name="CAPF003 - Se haya cargado el blog" classname="Cargando el Post a Valorar #1" time="14.48">
    <system-err><![CDATA[[main] INFO net.serenitybdd.core.webdriver.driverproviders.ChromeDriverProvider - Not using automatically driver download
[main] INFO net.serenitybdd.core.webdriver.driverproviders.ProvideNewDriver - Instantiating driver
[main] INFO net.serenitybdd.core.webdriver.driverproviders.ProvideNewDriver - Driver capabilities: Capabilities {acceptInsecureCerts: false, browserName: chrome, goog:chromeOptions: {args: [], extensions: []}, loggingPrefs: org.openqa.selenium.logging...}
Starting ChromeDriver 95.0.4638.69 (6a1600ed572fedecd573b6c2b90a22fe6392a410-refs/branch-heads/4638@{#984}) on port 1796
Only local connections are allowed.
Please see https://chromedriver.chromium.org/security-considerations for suggestions on keeping ChromeDriver safe.
ChromeDriver was started successfully.
[1637269005.335][WARNING]: This version of ChromeDriver has not been tested with Chrome version 96.
Nov 18, 2021 3:56:45 PM org.openqa.selenium.remote.ProtocolHandshake createSession
INFO: Detected dialect: W3C
]]></system-err>
  </testcase>
  <testcase name="CAPF003 - Aceptar las cookies" classname="Cargando el Post a Valorar #1" time="0.477"/>
  <testcase name="CAPF003 - Valorar el Post con : &quot;1&quot;" classname="Cargando el Post a Valorar #1" time="0.669"/>
  <testcase name="CAPF003 - Cargando el Navegador" classname="Cargando el Post a Valorar #2" time="0.008">
    <system-err><![CDATA[[main] INFO  - &amp#27;[92m
        __    _____ _____ ____ _____   ____   _    ____  ____  _____ ____  
  _     \ \  |_   _| ____/ ___|_   _| |  _ \ / \  / ___|/ ___|| ____|  _ \ 
 (_)_____| |   | | |  _| \___ \ | |   | |_) / _ \ \___ \\___ \|  _| | | | |
  _|_____| |   | | | |___ ___) || |   |  __/ ___ \ ___) |___) | |___| |_| |
 (_)     | |   |_| |_____|____/ |_|   |_| /_/   \_\____/|____/|_____|____/ 
        /_/                                                                

Cargando el Post a Valorar
----------------------------------------------------------------------------&amp#27;[0m
[main] INFO io.cucumber.core.plugin.SerenityReporter - Running feature from file:///C:/JenkinsWorkspace/workspace/Portales-PW-LFDXP/src/test/resources/CAP_F_003.feature
[main] WARN io.cucumber.core.plugin.SerenityReporter - Feature from file:///C:/JenkinsWorkspace/workspace/Portales-PW-LFDXP/src/test/resources/CAP_F_003.feature is not under the 'features' directory. Requirements report will not be correctly generated!
]]></system-err>
  </testcase>
  <testcase name="CAPF003 - Se haya cargado el blog" classname="Cargando el Post a Valorar #2" time="10.963">
    <system-err><![CDATA[[main] INFO net.serenitybdd.core.webdriver.driverproviders.ChromeDriverProvider - Not using automatically driver download
[main] INFO net.serenitybdd.core.webdriver.driverproviders.ProvideNewDriver - Instantiating driver
[main] INFO net.serenitybdd.core.webdriver.driverproviders.ProvideNewDriver - Driver capabilities: Capabilities {acceptInsecureCerts: false, browserName: chrome, goog:chromeOptions: {args: [], extensions: []}, loggingPrefs: org.openqa.selenium.logging...}
Starting ChromeDriver 95.0.4638.69 (6a1600ed572fedecd573b6c2b90a22fe6392a410-refs/branch-heads/4638@{#984}) on port 12040
Only local connections are allowed.
Please see https://chromedriver.chromium.org/security-considerations for suggestions on keeping ChromeDriver safe.
ChromeDriver was started successfully.
[1637269020.666][WARNING]: This version of ChromeDriver has not been tested with Chrome version 96.
Nov 18, 2021 3:57:00 PM org.openqa.selenium.remote.ProtocolHandshake createSession
INFO: Detected dialect: W3C
]]></system-err>
  </testcase>
  <testcase name="CAPF003 - Aceptar las cookies" classname="Cargando el Post a Valorar #2" time="0.038"/>
  <testcase name="CAPF003 - Valorar el Post con : &quot;2&quot;" classname="Cargando el Post a Valorar #2" time="0.609"/>
  <testcase name="CAPF003 - Cargando el Navegador" classname="Cargando el Post a Valorar #3" time="0.005">
    <system-err><![CDATA[[main] INFO  - &amp#27;[92m
        __    _____ _____ ____ _____   ____   _    ____  ____  _____ ____  
  _     \ \  |_   _| ____/ ___|_   _| |  _ \ / \  / ___|/ ___|| ____|  _ \ 
 (_)_____| |   | | |  _| \___ \ | |   | |_) / _ \ \___ \\___ \|  _| | | | |
  _|_____| |   | | | |___ ___) || |   |  __/ ___ \ ___) |___) | |___| |_| |
 (_)     | |   |_| |_____|____/ |_|   |_| /_/   \_\____/|____/|_____|____/ 
        /_/                                                                

Cargando el Post a Valorar
----------------------------------------------------------------------------&amp#27;[0m
[main] INFO io.cucumber.core.plugin.SerenityReporter - Running feature from file:///C:/JenkinsWorkspace/workspace/Portales-PW-LFDXP/src/test/resources/CAP_F_003.feature
[main] WARN io.cucumber.core.plugin.SerenityReporter - Feature from file:///C:/JenkinsWorkspace/workspace/Portales-PW-LFDXP/src/test/resources/CAP_F_003.feature is not under the 'features' directory. Requirements report will not be correctly generated!
]]></system-err>
  </testcase>
  <testcase name="CAPF003 - Se haya cargado el blog" classname="Cargando el Post a Valorar #3" time="11.051">
    <system-err><![CDATA[[main] INFO net.serenitybdd.core.webdriver.driverproviders.ChromeDriverProvider - Not using automatically driver download
[main] INFO net.serenitybdd.core.webdriver.driverproviders.ProvideNewDriver - Instantiating driver
[main] INFO net.serenitybdd.core.webdriver.driverproviders.ProvideNewDriver - Driver capabilities: Capabilities {acceptInsecureCerts: false, browserName: chrome, goog:chromeOptions: {args: [], extensions: []}, loggingPrefs: org.openqa.selenium.logging...}
Starting ChromeDriver 95.0.4638.69 (6a1600ed572fedecd573b6c2b90a22fe6392a410-refs/branch-heads/4638@{#984}) on port 16492
Only local connections are allowed.
Please see https://chromedriver.chromium.org/security-considerations for suggestions on keeping ChromeDriver safe.
ChromeDriver was started successfully.
[1637269033.731][WARNING]: This version of ChromeDriver has not been tested with Chrome version 96.
Nov 18, 2021 3:57:13 PM org.openqa.selenium.remote.ProtocolHandshake createSession
INFO: Detected dialect: W3C
]]></system-err>
  </testcase>
  <testcase name="CAPF003 - Aceptar las cookies" classname="Cargando el Post a Valorar #3" time="0.028"/>
  <testcase name="CAPF003 - Valorar el Post con : &quot;3&quot;" classname="Cargando el Post a Valorar #3" time="1.051"/>
  <testcase name="CAPF003 - Cargando el Navegador" classname="Cargando el Post a Valorar #4" time="0.006">
    <system-err><![CDATA[[main] INFO io.cucumber.core.plugin.SerenityReporter - Running feature from file:///C:/JenkinsWorkspace/workspace/Portales-PW-LFDXP/src/test/resources/CAP_F_003.feature
[main] WARN io.cucumber.core.plugin.SerenityReporter - Feature from file:///C:/JenkinsWorkspace/workspace/Portales-PW-LFDXP/src/test/resources/CAP_F_003.feature is not under the 'features' directory. Requirements report will not be correctly generated!
]]></system-err>
  </testcase>
  <testcase name="CAPF003 - Se haya cargado el blog" classname="Cargando el Post a Valorar #4" time="10.762">
    <system-err><![CDATA[[main] INFO net.serenitybdd.core.webdriver.driverproviders.ChromeDriverProvider - Not using automatically driver download
[main] INFO net.serenitybdd.core.webdriver.driverproviders.ProvideNewDriver - Instantiating driver
[main] INFO net.serenitybdd.core.webdriver.driverproviders.ProvideNewDriver - Driver capabilities: Capabilities {acceptInsecureCerts: false, browserName: chrome, goog:chromeOptions: {args: [], extensions: []}, loggingPrefs: org.openqa.selenium.logging...}
Starting ChromeDriver 95.0.4638.69 (6a1600ed572fedecd573b6c2b90a22fe6392a410-refs/branch-heads/4638@{#984}) on port 43326
Only local connections are allowed.
Please see https://chromedriver.chromium.org/security-considerations for suggestions on keeping ChromeDriver safe.
ChromeDriver was started successfully.
[1637269046.949][WARNING]: This version of ChromeDriver has not been tested with Chrome version 96.
Nov 18, 2021 3:57:27 PM org.openqa.selenium.remote.ProtocolHandshake createSession
INFO: Detected dialect: W3C
]]></system-err>
  </testcase>
  <testcase name="CAPF003 - Aceptar las cookies" classname="Cargando el Post a Valorar #4" time="0.037"/>
  <testcase name="CAPF003 - Valorar el Post con : &quot;4&quot;" classname="Cargando el Post a Valorar #4" time="1.122"/>
  <testcase name="CAPF003 - Cargando el Navegador" classname="Cargando el Post a Valorar #5" time="0.008">
    <system-err><![CDATA[[main] INFO io.cucumber.core.plugin.SerenityReporter - Running feature from file:///C:/JenkinsWorkspace/workspace/Portales-PW-LFDXP/src/test/resources/CAP_F_003.feature
[main] WARN io.cucumber.core.plugin.SerenityReporter - Feature from file:///C:/JenkinsWorkspace/workspace/Portales-PW-LFDXP/src/test/resources/CAP_F_003.feature is not under the 'features' directory. Requirements report will not be correctly generated!
]]></system-err>
  </testcase>
  <testcase name="CAPF003 - Se haya cargado el blog" classname="Cargando el Post a Valorar #5" time="12.186">
    <system-err><![CDATA[[main] INFO net.serenitybdd.core.webdriver.driverproviders.ChromeDriverProvider - Not using automatically driver download
[main] INFO net.serenitybdd.core.webdriver.driverproviders.ProvideNewDriver - Instantiating driver
[main] INFO net.serenitybdd.core.webdriver.driverproviders.ProvideNewDriver - Driver capabilities: Capabilities {acceptInsecureCerts: false, browserName: chrome, goog:chromeOptions: {args: [], extensions: []}, loggingPrefs: org.openqa.selenium.logging...}
Starting ChromeDriver 95.0.4638.69 (6a1600ed572fedecd573b6c2b90a22fe6392a410-refs/branch-heads/4638@{#984}) on port 38178
Only local connections are allowed.
Please see https://chromedriver.chromium.org/security-considerations for suggestions on keeping ChromeDriver safe.
ChromeDriver was started successfully.
[1637269060.009][WARNING]: This version of ChromeDriver has not been tested with Chrome version 96.
Nov 18, 2021 3:57:40 PM org.openqa.selenium.remote.ProtocolHandshake createSession
INFO: Detected dialect: W3C
]]></system-err>
  </testcase>
  <testcase name="CAPF003 - Aceptar las cookies" classname="Cargando el Post a Valorar #5" time="0.028"/>
  <testcase name="CAPF003 - Valorar el Post con : &quot;5&quot;" classname="Cargando el Post a Valorar #5" time="0.594"/>
  <testcase name="CAPF005 - Cargando el Navegador" classname="Cargando la Web de Referencia" time="0.015">
    <system-err><![CDATA[[main] INFO io.cucumber.core.plugin.SerenityReporter - Running feature from file:///C:/JenkinsWorkspace/workspace/Portales-PW-LFDXP/src/test/resources/CAP_F_005.feature
[main] WARN io.cucumber.core.plugin.SerenityReporter - Feature from file:///C:/JenkinsWorkspace/workspace/Portales-PW-LFDXP/src/test/resources/CAP_F_005.feature is not under the 'features' directory. Requirements report will not be correctly generated!
[main] INFO  - 
 _____ _____ ____ _____   ____ _____  _    ____ _____ _____ ____  
|_   _| ____/ ___|_   _| / ___|_   _|/ \  |  _ \_   _| ____|  _ \ 
  | | |  _| \___ \ | |   \___ \ | | / _ \ | |_) || | |  _| | | | |
  | | | |___ ___) || |    ___) || |/ ___ \|  _ < | | | |___| |_| |
  |_| |_____|____/ |_|   |____/ |_/_/   \_\_| \_\|_| |_____|____/ 

Cargando la Web de Referencia(cap-f-005---visualizar-el-contenido-de-siguenos-en-redes-sociales;cargando-la-web-de-referencia)
-------------------------------------------------------------------
]]></system-err>
  </testcase>
  <testcase name="CAPF005 - Se haya cargado la pagina" classname="Cargando la Web de Referencia" time="12.288">
    <system-err><![CDATA[[main] INFO net.serenitybdd.core.webdriver.driverproviders.ChromeDriverProvider - Not using automatically driver download
[main] INFO net.serenitybdd.core.webdriver.driverproviders.ProvideNewDriver - Instantiating driver
[main] INFO net.serenitybdd.core.webdriver.driverproviders.ProvideNewDriver - Driver capabilities: Capabilities {acceptInsecureCerts: false, browserName: chrome, goog:chromeOptions: {args: [], extensions: []}, loggingPrefs: org.openqa.selenium.logging...}
Starting ChromeDriver 95.0.4638.69 (6a1600ed572fedecd573b6c2b90a22fe6392a410-refs/branch-heads/4638@{#984}) on port 33982
Only local connections are allowed.
Please see https://chromedriver.chromium.org/security-considerations for suggestions on keeping ChromeDriver safe.
ChromeDriver was started successfully.
[1637269074.191][WARNING]: This version of ChromeDriver has not been tested with Chrome version 96.
Nov 18, 2021 3:57:54 PM org.openqa.selenium.remote.ProtocolHandshake createSession
INFO: Detected dialect: W3C
]]></system-err>
  </testcase>
  <testcase name="CAPF005 - Aceptar las cookies" classname="Cargando la Web de Referencia" time="0.032"/>
  <testcase name="CAPF005 - Clickar en Twitter" classname="Cargando la Web de Referencia" time="2.324">
    <system-out><![CDATA[Nombre de Pestana 
]]></system-out>
  </testcase>
  <testcase name="CAPF005 - Clickar en Facebook" classname="Cargando la Web de Referencia" time="3.099">
    <system-out><![CDATA[Nombre de Pestana Desarrollo Sostenible Andaluca - Home | Facebook
]]></system-out>
  </testcase>
  <testcase name="CAPF005 - Clickar en Instagram" classname="Cargando la Web de Referencia" time="4.046">
    <system-out><![CDATA[Nombre de Pestana Desarrollo Sostenible (@medioamband)  Instagram photos and videos
]]></system-out>
  </testcase>
  <testcase name="CAPF008 - Cargando el Navegador" classname="Cargando la web a Traducir" time="0.012">
    <system-err><![CDATA[[main] INFO  - &amp#27;[92m
        __    _____ _____ ____ _____   ____   _    ____  ____  _____ ____  
  _     \ \  |_   _| ____/ ___|_   _| |  _ \ / \  / ___|/ ___|| ____|  _ \ 
 (_)_____| |   | | |  _| \___ \ | |   | |_) / _ \ \___ \\___ \|  _| | | | |
  _|_____| |   | | | |___ ___) || |   |  __/ ___ \ ___) |___) | |___| |_| |
 (_)     | |   |_| |_____|____/ |_|   |_| /_/   \_\____/|____/|_____|____/ 
        /_/                                                                

Cargando la Web de Referencia
----------------------------------------------------------------------------&amp#27;[0m
[main] INFO io.cucumber.core.plugin.SerenityReporter - Running feature from file:///C:/JenkinsWorkspace/workspace/Portales-PW-LFDXP/src/test/resources/CAP_F_008.feature
[main] WARN io.cucumber.core.plugin.SerenityReporter - Feature from file:///C:/JenkinsWorkspace/workspace/Portales-PW-LFDXP/src/test/resources/CAP_F_008.feature is not under the 'features' directory. Requirements report will not be correctly generated!
[main] INFO  - 
 _____ _____ ____ _____   ____ _____  _    ____ _____ _____ ____  
|_   _| ____/ ___|_   _| / ___|_   _|/ \  |  _ \_   _| ____|  _ \ 
  | | |  _| \___ \ | |   \___ \ | | / _ \ | |_) || | |  _| | | | |
  | | | |___ ___) || |    ___) || |/ ___ \|  _ < | | | |___| |_| |
  |_| |_____|____/ |_|   |____/ |_/_/   \_\_| \_\|_| |_____|____/ 

Cargando la web a Traducir(cap-f-008---cambiar-idioma-de-la-web;cargando-la-web-a-traducir)
-------------------------------------------------------------------
]]></system-err>
  </testcase>
  <testcase name="CAPF008 - Se haya cargado la web" classname="Cargando la web a Traducir" time="11.875">
    <system-err><![CDATA[[main] INFO net.serenitybdd.core.webdriver.driverproviders.ChromeDriverProvider - Not using automatically driver download
[main] INFO net.serenitybdd.core.webdriver.driverproviders.ProvideNewDriver - Instantiating driver
[main] INFO net.serenitybdd.core.webdriver.driverproviders.ProvideNewDriver - Driver capabilities: Capabilities {acceptInsecureCerts: false, browserName: chrome, goog:chromeOptions: {args: [], extensions: []}, loggingPrefs: org.openqa.selenium.logging...}
Starting ChromeDriver 95.0.4638.69 (6a1600ed572fedecd573b6c2b90a22fe6392a410-refs/branch-heads/4638@{#984}) on port 23380
Only local connections are allowed.
Please see https://chromedriver.chromium.org/security-considerations for suggestions on keeping ChromeDriver safe.
ChromeDriver was started successfully.
[1637269097.258][WARNING]: This version of ChromeDriver has not been tested with Chrome version 96.
Nov 18, 2021 3:58:17 PM org.openqa.selenium.remote.ProtocolHandshake createSession
INFO: Detected dialect: W3C
]]></system-err>
  </testcase>
  <testcase name="CAPF008 - Aceptar las cookies" classname="Cargando la web a Traducir" time="0.026"/>
  <testcase name="CAPF012 - Cargando el Navegador" classname="Cargando la pagina en donde se buscara #1" time="0.022">
    <system-err><![CDATA[[main] INFO  - &amp#27;[92m
        __    _____ _____ ____ _____   ____   _    ____  ____  _____ ____  
  _     \ \  |_   _| ____/ ___|_   _| |  _ \ / \  / ___|/ ___|| ____|  _ \ 
 (_)_____| |   | | |  _| \___ \ | |   | |_) / _ \ \___ \\___ \|  _| | | | |
  _|_____| |   | | | |___ ___) || |   |  __/ ___ \ ___) |___) | |___| |_| |
 (_)     | |   |_| |_____|____/ |_|   |_| /_/   \_\____/|____/|_____|____/ 
        /_/                                                                

Cargando la web a Traducir
----------------------------------------------------------------------------&amp#27;[0m
[main] INFO io.cucumber.core.plugin.SerenityReporter - Running feature from file:///C:/JenkinsWorkspace/workspace/Portales-PW-LFDXP/src/test/resources/CAP_F_012.feature
[main] WARN io.cucumber.core.plugin.SerenityReporter - Feature from file:///C:/JenkinsWorkspace/workspace/Portales-PW-LFDXP/src/test/resources/CAP_F_012.feature is not under the 'features' directory. Requirements report will not be correctly generated!
[main] INFO  - 
 _____ _____ ____ _____   ____ _____  _    ____ _____ _____ ____  
|_   _| ____/ ___|_   _| / ___|_   _|/ \  |  _ \_   _| ____|  _ \ 
  | | |  _| \___ \ | |   \___ \ | | / _ \ | |_) || | |  _| | | | |
  | | | |___ ___) || |    ___) || |/ ___ \|  _ < | | | |___| |_| |
  |_| |_____|____/ |_|   |____/ |_/_/   \_\_| \_\|_| |_____|____/ 

Cargando la pagina en donde se buscara(cap-f-012---buscar-contenido-en-la-web-de-portales-(buscador-generico);cargando-la-pagina-en-donde-se-buscara)
-------------------------------------------------------------------
]]></system-err>
  </testcase>
  <testcase name="CAPF012 - Se haya cargado la web" classname="Cargando la pagina en donde se buscara #1" time="17.541">
    <system-err><![CDATA[[main] INFO net.serenitybdd.core.webdriver.driverproviders.ChromeDriverProvider - Not using automatically driver download
[main] INFO net.serenitybdd.core.webdriver.driverproviders.ProvideNewDriver - Instantiating driver
[main] INFO net.serenitybdd.core.webdriver.driverproviders.ProvideNewDriver - Driver capabilities: Capabilities {acceptInsecureCerts: false, browserName: chrome, goog:chromeOptions: {args: [], extensions: []}, loggingPrefs: org.openqa.selenium.logging...}
Starting ChromeDriver 95.0.4638.69 (6a1600ed572fedecd573b6c2b90a22fe6392a410-refs/branch-heads/4638@{#984}) on port 36912
Only local connections are allowed.
Please see https://chromedriver.chromium.org/security-considerations for suggestions on keeping ChromeDriver safe.
ChromeDriver was started successfully.
[1637269110.208][WARNING]: This version of ChromeDriver has not been tested with Chrome version 96.
Nov 18, 2021 3:58:30 PM org.openqa.selenium.remote.ProtocolHandshake createSession
INFO: Detected dialect: W3C
]]></system-err>
  </testcase>
  <testcase name="CAPF012 - Aceptar las cookies" classname="Cargando la pagina en donde se buscara #1" time="0.039"/>
  <testcase name="CAPF012 - Escribir &quot;Bio&quot; y Buscar" classname="Cargando la pagina en donde se buscara #1" time="3.63"/>
  <testcase name="CAPF012 - Abrir Busqueda Avanzada" classname="Cargando la pagina en donde se buscara #1" time="1.514"/>
  <testcase name="CAPF012 - Escribir Desde Que Fecha Buscar : &quot;20/11/2017&quot;" classname="Cargando la pagina en donde se buscara #1" time="0.553"/>
  <testcase name="CAPF012 - Escribir Hasta Que Fecha Buscar : &quot;01/01/2019&quot;" classname="Cargando la pagina en donde se buscara #1" time="0.572"/>
  <testcase name="CAPF012 - Seleccionar Tema Ambiental : &quot;5&quot;" classname="Cargando la pagina en donde se buscara #1" time="0.532"/>
  <testcase name="CAPF012 - Retomar Busqueda" classname="Cargando la pagina en donde se buscara #1" time="0.478"/>
  <testcase name="CAPF013 - Cargando el Navegador" classname="Cargando la pagina en donde se buscara #1" time="0.014">
    <system-err><![CDATA[[main] INFO  - &amp#27;[92m
        __    _____ _____ ____ _____   ____   _    ____  ____  _____ ____  
  _     \ \  |_   _| ____/ ___|_   _| |  _ \ / \  / ___|/ ___|| ____|  _ \ 
 (_)_____| |   | | |  _| \___ \ | |   | |_) / _ \ \___ \\___ \|  _| | | | |
  _|_____| |   | | | |___ ___) || |   |  __/ ___ \ ___) |___) | |___| |_| |
 (_)     | |   |_| |_____|____/ |_|   |_| /_/   \_\____/|____/|_____|____/ 
        /_/                                                                

Cargando la pagina en donde se buscara
----------------------------------------------------------------------------&amp#27;[0m
[main] INFO io.cucumber.core.plugin.SerenityReporter - Running feature from file:///C:/JenkinsWorkspace/workspace/Portales-PW-LFDXP/src/test/resources/CAP_F_013.feature
[main] WARN io.cucumber.core.plugin.SerenityReporter - Feature from file:///C:/JenkinsWorkspace/workspace/Portales-PW-LFDXP/src/test/resources/CAP_F_013.feature is not under the 'features' directory. Requirements report will not be correctly generated!
[main] INFO  - 
 _____ _____ ____ _____   ____ _____  _    ____ _____ _____ ____  
|_   _| ____/ ___|_   _| / ___|_   _|/ \  |  _ \_   _| ____|  _ \ 
  | | |  _| \___ \ | |   \___ \ | | / _ \ | |_) || | |  _| | | | |
  | | | |___ ___) || |    ___) || |/ ___ \|  _ < | | | |___| |_| |
  |_| |_____|____/ |_|   |____/ |_/_/   \_\_| \_\|_| |_____|____/ 

Cargando la pagina en donde se buscara(cap-f-013---buscar-contenido-en-la-web-de-portales-(buscador-de-tramites);cargando-la-pagina-en-donde-se-buscara)
-------------------------------------------------------------------
]]></system-err>
  </testcase>
  <testcase name="CAPF013 - Se haya cargado la web" classname="Cargando la pagina en donde se buscara #1" time="8.741">
    <error type="org.openqa.selenium.JavascriptException"><![CDATA[org.openqa.selenium.JavascriptException: 
javascript error: Cannot read properties of null (reading 'contains')
  (Session info: chrome=96.0.4664.45)
Build info: version: '3.141.59', revision: 'e82be7d358', time: '2018-11-14T08:17:03'
System info: host: 'TRJ-8YJ4473', ip: '192.168.0.12', os.name: 'Windows 10', os.arch: 'amd64', os.version: '10.0', java.version: '1.8.0_301'
Driver info: org.openqa.selenium.chrome.ChromeDriver
Capabilities {acceptInsecureCerts: false, browserName: chrome, browserVersion: 96.0.4664.45, chrome: {chromedriverVersion: 95.0.4638.69 (6a1600ed572fe..., userDataDir: C:\Users\jmedinal\AppData\L...}, goog:chromeOptions: {debuggerAddress: localhost:56050}, javascriptEnabled: true, networkConnectionEnabled: false, pageLoadStrategy: normal, platform: WINDOWS, platformName: WINDOWS, proxy: Proxy(), setWindowRect: true, strictFileInteractability: false, timeouts: {implicit: 0, pageLoad: 300000, script: 30000}, unhandledPromptBehavior: dismiss and notify, webauthn:extension:credBlob: true, webauthn:extension:largeBlob: true, webauthn:virtualAuthenticators: true}
Session ID: 5647b5b03cc421b514a88bec1f3650a8
]]></error>
    <system-err><![CDATA[[main] INFO net.serenitybdd.core.webdriver.driverproviders.ChromeDriverProvider - Not using automatically driver download
[main] INFO net.serenitybdd.core.webdriver.driverproviders.ProvideNewDriver - Instantiating driver
[main] INFO net.serenitybdd.core.webdriver.driverproviders.ProvideNewDriver - Driver capabilities: Capabilities {acceptInsecureCerts: false, browserName: chrome, goog:chromeOptions: {args: [], extensions: []}, loggingPrefs: org.openqa.selenium.logging...}
Starting ChromeDriver 95.0.4638.69 (6a1600ed572fedecd573b6c2b90a22fe6392a410-refs/branch-heads/4638@{#984}) on port 40856
Only local connections are allowed.
Please see https://chromedriver.chromium.org/security-considerations for suggestions on keeping ChromeDriver safe.
ChromeDriver was started successfully.
[1637269159.556][WARNING]: This version of ChromeDriver has not been tested with Chrome version 96.
Nov 18, 2021 3:59:19 PM org.openqa.selenium.remote.ProtocolHandshake createSession
INFO: Detected dialect: W3C
]]></system-err>
  </testcase>
  <testcase name="CAPF013 - Aceptar las cookies" classname="Cargando la pagina en donde se buscara #1" time="0">
    <skipped type="io.cucumber.junit.SkippedThrowable"><![CDATA[io.cucumber.junit.SkippedThrowable: This step is skipped
]]></skipped>
  </testcase>
  <testcase name="CAPF013 - Escribir &quot;Bio&quot; y Buscar" classname="Cargando la pagina en donde se buscara #1" time="0">
    <skipped type="io.cucumber.junit.SkippedThrowable"><![CDATA[io.cucumber.junit.SkippedThrowable: This step is skipped
]]></skipped>
  </testcase>
  <testcase name="CAPF013 - Abrir Busqueda Avanzada" classname="Cargando la pagina en donde se buscara #1" time="0">
    <skipped type="io.cucumber.junit.SkippedThrowable"><![CDATA[io.cucumber.junit.SkippedThrowable: This step is skipped
]]></skipped>
  </testcase>
  <testcase name="CAPF013 - Escribir Desde Que Fecha Buscar : &quot;20/11/2017&quot;" classname="Cargando la pagina en donde se buscara #1" time="0">
    <skipped type="io.cucumber.junit.SkippedThrowable"><![CDATA[io.cucumber.junit.SkippedThrowable: This step is skipped
]]></skipped>
  </testcase>
  <testcase name="CAPF013 - Escribir Hasta Que Fecha Buscar : &quot;01/01/2019&quot;" classname="Cargando la pagina en donde se buscara #1" time="0">
    <skipped type="io.cucumber.junit.SkippedThrowable"><![CDATA[io.cucumber.junit.SkippedThrowable: This step is skipped
]]></skipped>
  </testcase>
  <testcase name="CAPF013 - Seleccionar Tema Ambiental : &quot;5&quot;" classname="Cargando la pagina en donde se buscara #1" time="0">
    <skipped type="io.cucumber.junit.SkippedThrowable"><![CDATA[io.cucumber.junit.SkippedThrowable: This step is skipped
]]></skipped>
  </testcase>
  <testcase name="CAPF013 - Retomar Busqueda" classname="Cargando la pagina en donde se buscara #1" time="0">
    <skipped type="io.cucumber.junit.SkippedThrowable"><![CDATA[io.cucumber.junit.SkippedThrowable: This step is skipped
]]></skipped>
  </testcase>
  <testcase name="CAPF014 - Cargando el Navegador" classname="Cargando la pagina en donde se buscara #1" time="0.016">
    <system-err><![CDATA[[main] ERROR  - &amp#27;[91m
         __  _____ _____ ____ _____   _____ ____  ____   ___  ____  
 _      / / |_   _| ____/ ___|_   _| | ____|  _ \|  _ \ / _ \|  _ \ 
(_)____| |    | | |  _| \___ \ | |   |  _| | |_) | |_) | | | | |_) |
 |_____| |    | | | |___ ___) || |   | |___|  _ <|  _ <| |_| |  _ < 
(_)    | |    |_| |_____|____/ |_|   |_____|_| \_\_| \_\\___/|_| \_\
        \_\                                                         

Cargando la pagina en donde se buscara
---------------------------------------------------------------------&amp#27;[0m
[main] ERROR  - &amp#27;[91m    Test failed at step: Cargar pagina&amp#27;[0m
[main] ERROR  - &amp#27;[91m    javascript error: Cannot read properties of null (reading 'contains')&amp#27;[0m
[main] INFO io.cucumber.core.plugin.SerenityReporter - Running feature from file:///C:/JenkinsWorkspace/workspace/Portales-PW-LFDXP/src/test/resources/CAP_F_014.feature
[main] WARN io.cucumber.core.plugin.SerenityReporter - Feature from file:///C:/JenkinsWorkspace/workspace/Portales-PW-LFDXP/src/test/resources/CAP_F_014.feature is not under the 'features' directory. Requirements report will not be correctly generated!
[main] INFO  - 
 _____ _____ ____ _____   ____ _____  _    ____ _____ _____ ____  
|_   _| ____/ ___|_   _| / ___|_   _|/ \  |  _ \_   _| ____|  _ \ 
  | | |  _| \___ \ | |   \___ \ | | / _ \ | |_) || | |  _| | | | |
  | | | |___ ___) || |    ___) || |/ ___ \|  _ < | | | |___| |_| |
  |_| |_____|____/ |_|   |____/ |_/_/   \_\_| \_\|_| |_____|____/ 

Cargando la pagina en donde se buscara(cap-f-014---buscar-contenido-en-la-web-de-portales;cargando-la-pagina-en-donde-se-buscara)
-------------------------------------------------------------------
]]></system-err>
  </testcase>
  <testcase name="CAPF014 - Se haya cargado la web" classname="Cargando la pagina en donde se buscara #1" time="8.388">
    <system-err><![CDATA[[main] INFO net.serenitybdd.core.webdriver.driverproviders.ChromeDriverProvider - Not using automatically driver download
[main] INFO net.serenitybdd.core.webdriver.driverproviders.ProvideNewDriver - Instantiating driver
[main] INFO net.serenitybdd.core.webdriver.driverproviders.ProvideNewDriver - Driver capabilities: Capabilities {acceptInsecureCerts: false, browserName: chrome, goog:chromeOptions: {args: [], extensions: []}, loggingPrefs: org.openqa.selenium.logging...}
Starting ChromeDriver 95.0.4638.69 (6a1600ed572fedecd573b6c2b90a22fe6392a410-refs/branch-heads/4638@{#984}) on port 4841
Only local connections are allowed.
Please see https://chromedriver.chromium.org/security-considerations for suggestions on keeping ChromeDriver safe.
ChromeDriver was started successfully.
[1637269184.906][WARNING]: This version of ChromeDriver has not been tested with Chrome version 96.
Nov 18, 2021 3:59:45 PM org.openqa.selenium.remote.ProtocolHandshake createSession
INFO: Detected dialect: W3C
]]></system-err>
  </testcase>
  <testcase name="CAPF014 - Aceptar las cookies" classname="Cargando la pagina en donde se buscara #1" time="0.036"/>
  <testcase name="CAPF014 - Escribir &quot;Bio&quot; y Buscar" classname="Cargando la pagina en donde se buscara #1" time="2.186"/>
  <testcase name="CAPF014 - Abrir Busqueda Avanzada" classname="Cargando la pagina en donde se buscara #1" time="1.577"/>
  <testcase name="CAPF014 - Escribir Desde Que Fecha Buscar : &quot;20/11/2017&quot;" classname="Cargando la pagina en donde se buscara #1" time="0.718"/>
  <testcase name="CAPF014 - Escribir Hasta Que Fecha Buscar : &quot;01/01/2019&quot;" classname="Cargando la pagina en donde se buscara #1" time="0.562"/>
  <testcase name="CAPF014 - Seleccionar Tema Ambiental : &quot;5&quot;" classname="Cargando la pagina en donde se buscara #1" time="1.18"/>
  <testcase name="CAPF014 - Retomar Busqueda" classname="Cargando la pagina en donde se buscara #1" time="0.639"/>
  <testcase name="CAPF015 - Cargando el Navegador" classname="Cargando la pagina en donde se buscara #1" time="0.015">
    <system-err><![CDATA[[main] INFO  - &amp#27;[92m
        __    _____ _____ ____ _____   ____   _    ____  ____  _____ ____  
  _     \ \  |_   _| ____/ ___|_   _| |  _ \ / \  / ___|/ ___|| ____|  _ \ 
 (_)_____| |   | | |  _| \___ \ | |   | |_) / _ \ \___ \\___ \|  _| | | | |
  _|_____| |   | | | |___ ___) || |   |  __/ ___ \ ___) |___) | |___| |_| |
 (_)     | |   |_| |_____|____/ |_|   |_| /_/   \_\____/|____/|_____|____/ 
        /_/                                                                

Cargando la pagina en donde se buscara
----------------------------------------------------------------------------&amp#27;[0m
[main] INFO io.cucumber.core.plugin.SerenityReporter - Running feature from file:///C:/JenkinsWorkspace/workspace/Portales-PW-LFDXP/src/test/resources/CAP_F_015.feature
[main] WARN io.cucumber.core.plugin.SerenityReporter - Feature from file:///C:/JenkinsWorkspace/workspace/Portales-PW-LFDXP/src/test/resources/CAP_F_015.feature is not under the 'features' directory. Requirements report will not be correctly generated!
[main] INFO  - 
 _____ _____ ____ _____   ____ _____  _    ____ _____ _____ ____  
|_   _| ____/ ___|_   _| / ___|_   _|/ \  |  _ \_   _| ____|  _ \ 
  | | |  _| \___ \ | |   \___ \ | | / _ \ | |_) || | |  _| | | | |
  | | | |___ ___) || |    ___) || |/ ___ \|  _ < | | | |___| |_| |
  |_| |_____|____/ |_|   |____/ |_/_/   \_\_| \_\|_| |_____|____/ 

Cargando la pagina en donde se buscara(cap-f-015---buscar-contenido-en-la-web-de-portales;cargando-la-pagina-en-donde-se-buscara)
-------------------------------------------------------------------
]]></system-err>
  </testcase>
  <testcase name="CAPF015 - Se haya cargado la web" classname="Cargando la pagina en donde se buscara #1" time="13.142">
    <system-err><![CDATA[[main] INFO net.serenitybdd.core.webdriver.driverproviders.ChromeDriverProvider - Not using automatically driver download
[main] INFO net.serenitybdd.core.webdriver.driverproviders.ProvideNewDriver - Instantiating driver
[main] INFO net.serenitybdd.core.webdriver.driverproviders.ProvideNewDriver - Driver capabilities: Capabilities {acceptInsecureCerts: false, browserName: chrome, goog:chromeOptions: {args: [], extensions: []}, loggingPrefs: org.openqa.selenium.logging...}
Starting ChromeDriver 95.0.4638.69 (6a1600ed572fedecd573b6c2b90a22fe6392a410-refs/branch-heads/4638@{#984}) on port 34215
Only local connections are allowed.
Please see https://chromedriver.chromium.org/security-considerations for suggestions on keeping ChromeDriver safe.
ChromeDriver was started successfully.
[1637269220.632][WARNING]: This version of ChromeDriver has not been tested with Chrome version 96.
Nov 18, 2021 4:00:20 PM org.openqa.selenium.remote.ProtocolHandshake createSession
INFO: Detected dialect: W3C
]]></system-err>
  </testcase>
  <testcase name="CAPF015 - Aceptar las cookies" classname="Cargando la pagina en donde se buscara #1" time="0.508"/>
  <testcase name="CAPF015 - Escribir &quot;Bio&quot; y Buscar" classname="Cargando la pagina en donde se buscara #1" time="30.799">
    <error type="org.openqa.selenium.NoSuchElementException"><![CDATA[org.openqa.selenium.NoSuchElementException: 
Timed out after 15 seconds. Element not found
For documentation on this error, please visit: https://www.seleniumhq.org/exceptions/no_such_element.html
Build info: version: '3.141.59', revision: 'e82be7d358', time: '2018-11-14T08:17:03'
System info: host: 'TRJ-8YJ4473', ip: '192.168.0.12', os.name: 'Windows 10', os.arch: 'amd64', os.version: '10.0', java.version: '1.8.0_301'
Driver info: driver.version: unknown
]]></error>
  </testcase>
  <testcase name="CAPF015 - Abrir Busqueda Avanzada" classname="Cargando la pagina en donde se buscara #1" time="0">
    <skipped type="io.cucumber.junit.SkippedThrowable"><![CDATA[io.cucumber.junit.SkippedThrowable: This step is skipped
]]></skipped>
  </testcase>
  <testcase name="CAPF015 - Escribir Desde Que Fecha Buscar : &quot;20/11/2017&quot;" classname="Cargando la pagina en donde se buscara #1" time="0">
    <skipped type="io.cucumber.junit.SkippedThrowable"><![CDATA[io.cucumber.junit.SkippedThrowable: This step is skipped
]]></skipped>
  </testcase>
  <testcase name="CAPF015 - Escribir Hasta Que Fecha Buscar : &quot;01/01/2019&quot;" classname="Cargando la pagina en donde se buscara #1" time="0">
    <skipped type="io.cucumber.junit.SkippedThrowable"><![CDATA[io.cucumber.junit.SkippedThrowable: This step is skipped
]]></skipped>
  </testcase>
  <testcase name="CAPF015 - Seleccionar Tema Ambiental : &quot;5&quot;" classname="Cargando la pagina en donde se buscara #1" time="0">
    <skipped type="io.cucumber.junit.SkippedThrowable"><![CDATA[io.cucumber.junit.SkippedThrowable: This step is skipped
]]></skipped>
  </testcase>
  <testcase name="CAPF015 - Retomar Busqueda" classname="Cargando la pagina en donde se buscara #1" time="0">
    <skipped type="io.cucumber.junit.SkippedThrowable"><![CDATA[io.cucumber.junit.SkippedThrowable: This step is skipped
]]></skipped>
  </testcase>
  <testcase name="CAPF016A - Cargando el Navegador" classname="Cargando la pagina en donde se buscara #1" time="0.011">
    <system-err><![CDATA[[main] INFO io.cucumber.core.plugin.SerenityReporter - Running feature from file:///C:/JenkinsWorkspace/workspace/Portales-PW-LFDXP/src/test/resources/CAP_F_016A.feature
[main] WARN io.cucumber.core.plugin.SerenityReporter - Feature from file:///C:/JenkinsWorkspace/workspace/Portales-PW-LFDXP/src/test/resources/CAP_F_016A.feature is not under the 'features' directory. Requirements report will not be correctly generated!
[main] INFO  - 
 _____ _____ ____ _____   ____ _____  _    ____ _____ _____ ____  
|_   _| ____/ ___|_   _| / ___|_   _|/ \  |  _ \_   _| ____|  _ \ 
  | | |  _| \___ \ | |   \___ \ | | / _ \ | |_) || | |  _| | | | |
  | | | |___ ___) || |    ___) || |/ ___ \|  _ < | | | |___| |_| |
  |_| |_____|____/ |_|   |____/ |_/_/   \_\_| \_\|_| |_____|____/ 

Cargando la pagina en donde se buscara(cap-f-016a---buscar-contenido-en-la-web-de-portales-(buscador-audios);cargando-la-pagina-en-donde-se-buscara)
-------------------------------------------------------------------
]]></system-err>
  </testcase>
  <testcase name="CAPF016A - Se haya cargado la web" classname="Cargando la pagina en donde se buscara #1" time="12.465">
    <system-err><![CDATA[[main] INFO net.serenitybdd.core.webdriver.driverproviders.ChromeDriverProvider - Not using automatically driver download
[main] INFO net.serenitybdd.core.webdriver.driverproviders.ProvideNewDriver - Instantiating driver
[main] INFO net.serenitybdd.core.webdriver.driverproviders.ProvideNewDriver - Driver capabilities: Capabilities {acceptInsecureCerts: false, browserName: chrome, goog:chromeOptions: {args: [], extensions: []}, loggingPrefs: org.openqa.selenium.logging...}
Starting ChromeDriver 95.0.4638.69 (6a1600ed572fedecd573b6c2b90a22fe6392a410-refs/branch-heads/4638@{#984}) on port 38522
Only local connections are allowed.
Please see https://chromedriver.chromium.org/security-considerations for suggestions on keeping ChromeDriver safe.
ChromeDriver was started successfully.
[1637269309.420][WARNING]: This version of ChromeDriver has not been tested with Chrome version 96.
Nov 18, 2021 4:01:49 PM org.openqa.selenium.remote.ProtocolHandshake createSession
INFO: Detected dialect: W3C
]]></system-err>
  </testcase>
  <testcase name="CAPF016A - Aceptar las cookies" classname="Cargando la pagina en donde se buscara #1" time="0.02"/>
  <testcase name="CAPF016A - Escribir &quot;Bio&quot; y Buscar" classname="Cargando la pagina en donde se buscara #1" time="0.597"/>
  <testcase name="CAPF016A - Abrir Busqueda Avanzada" classname="Cargando la pagina en donde se buscara #1" time="1.574"/>
  <testcase name="CAPF016A - Escribir Desde Que Fecha Buscar : &quot;20/11/2017&quot;" classname="Cargando la pagina en donde se buscara #1" time="0.562"/>
  <testcase name="CAPF016A - Escribir Hasta Que Fecha Buscar : &quot;01/01/2019&quot;" classname="Cargando la pagina en donde se buscara #1" time="0.551"/>
  <testcase name="CAPF016A - Seleccionar Tema : &quot;5&quot;" classname="Cargando la pagina en donde se buscara #1" time="0.533"/>
  <testcase name="CAPF016A - Retomar Busqueda" classname="Cargando la pagina en donde se buscara #1" time="0.502"/>
  <testcase name="CAPF016B - Cargando el Navegador" classname="Cargando la pagina en donde se buscara #1" time="0.017">
    <system-err><![CDATA[[main] INFO  - &amp#27;[92m
        __    _____ _____ ____ _____   ____   _    ____  ____  _____ ____  
  _     \ \  |_   _| ____/ ___|_   _| |  _ \ / \  / ___|/ ___|| ____|  _ \ 
 (_)_____| |   | | |  _| \___ \ | |   | |_) / _ \ \___ \\___ \|  _| | | | |
  _|_____| |   | | | |___ ___) || |   |  __/ ___ \ ___) |___) | |___| |_| |
 (_)     | |   |_| |_____|____/ |_|   |_| /_/   \_\____/|____/|_____|____/ 
        /_/                                                                

Cargando la pagina en donde se buscara
----------------------------------------------------------------------------&amp#27;[0m
[main] INFO io.cucumber.core.plugin.SerenityReporter - Running feature from file:///C:/JenkinsWorkspace/workspace/Portales-PW-LFDXP/src/test/resources/CAP_F_016B.feature
[main] WARN io.cucumber.core.plugin.SerenityReporter - Feature from file:///C:/JenkinsWorkspace/workspace/Portales-PW-LFDXP/src/test/resources/CAP_F_016B.feature is not under the 'features' directory. Requirements report will not be correctly generated!
[main] INFO  - 
 _____ _____ ____ _____   ____ _____  _    ____ _____ _____ ____  
|_   _| ____/ ___|_   _| / ___|_   _|/ \  |  _ \_   _| ____|  _ \ 
  | | |  _| \___ \ | |   \___ \ | | / _ \ | |_) || | |  _| | | | |
  | | | |___ ___) || |    ___) || |/ ___ \|  _ < | | | |___| |_| |
  |_| |_____|____/ |_|   |____/ |_/_/   \_\_| \_\|_| |_____|____/ 

Cargando la pagina en donde se buscara(cap-f-016b---buscar-contenido-en-la-web-de-portales-(buscador-imagenes);cargando-la-pagina-en-donde-se-buscara)
-------------------------------------------------------------------
]]></system-err>
  </testcase>
  <testcase name="CAPF016B - Se haya cargado la web" classname="Cargando la pagina en donde se buscara #1" time="13.598">
    <system-err><![CDATA[[main] INFO net.serenitybdd.core.webdriver.driverproviders.ChromeDriverProvider - Not using automatically driver download
[main] INFO net.serenitybdd.core.webdriver.driverproviders.ProvideNewDriver - Instantiating driver
[main] INFO net.serenitybdd.core.webdriver.driverproviders.ProvideNewDriver - Driver capabilities: Capabilities {acceptInsecureCerts: false, browserName: chrome, goog:chromeOptions: {args: [], extensions: []}, loggingPrefs: org.openqa.selenium.logging...}
Starting ChromeDriver 95.0.4638.69 (6a1600ed572fedecd573b6c2b90a22fe6392a410-refs/branch-heads/4638@{#984}) on port 11571
Only local connections are allowed.
Please see https://chromedriver.chromium.org/security-considerations for suggestions on keeping ChromeDriver safe.
ChromeDriver was started successfully.
[1637269344.524][WARNING]: This version of ChromeDriver has not been tested with Chrome version 96.
Nov 18, 2021 4:02:24 PM org.openqa.selenium.remote.ProtocolHandshake createSession
INFO: Detected dialect: W3C
]]></system-err>
  </testcase>
  <testcase name="CAPF016B - Aceptar las cookies" classname="Cargando la pagina en donde se buscara #1" time="0.03"/>
  <testcase name="CAPF016B - Escribir &quot;Bio&quot; y Buscar" classname="Cargando la pagina en donde se buscara #1" time="0.647"/>
  <testcase name="CAPF016B - Abrir Busqueda Avanzada" classname="Cargando la pagina en donde se buscara #1" time="1.592"/>
  <testcase name="CAPF016B - Escribir Desde Que Fecha Buscar : &quot;20/11/2017&quot;" classname="Cargando la pagina en donde se buscara #1" time="0.534"/>
  <testcase name="CAPF016B - Escribir Hasta Que Fecha Buscar : &quot;01/01/2019&quot;" classname="Cargando la pagina en donde se buscara #1" time="0.503"/>
  <testcase name="CAPF016B - Seleccionar Tema : &quot;5&quot;" classname="Cargando la pagina en donde se buscara #1" time="0.546"/>
  <testcase name="CAPF016B - Retomar Busqueda" classname="Cargando la pagina en donde se buscara #1" time="0.491"/>
  <testcase name="CAPF016C - Cargando el Navegador" classname="Cargando la pagina en donde se buscara #1" time="0.011">
    <system-err><![CDATA[[main] INFO  - &amp#27;[92m
        __    _____ _____ ____ _____   ____   _    ____  ____  _____ ____  
  _     \ \  |_   _| ____/ ___|_   _| |  _ \ / \  / ___|/ ___|| ____|  _ \ 
 (_)_____| |   | | |  _| \___ \ | |   | |_) / _ \ \___ \\___ \|  _| | | | |
  _|_____| |   | | | |___ ___) || |   |  __/ ___ \ ___) |___) | |___| |_| |
 (_)     | |   |_| |_____|____/ |_|   |_| /_/   \_\____/|____/|_____|____/ 
        /_/                                                                

Cargando la pagina en donde se buscara
----------------------------------------------------------------------------&amp#27;[0m
[main] INFO io.cucumber.core.plugin.SerenityReporter - Running feature from file:///C:/JenkinsWorkspace/workspace/Portales-PW-LFDXP/src/test/resources/CAP_F_016C.feature
[main] WARN io.cucumber.core.plugin.SerenityReporter - Feature from file:///C:/JenkinsWorkspace/workspace/Portales-PW-LFDXP/src/test/resources/CAP_F_016C.feature is not under the 'features' directory. Requirements report will not be correctly generated!
[main] INFO  - 
 _____ _____ ____ _____   ____ _____  _    ____ _____ _____ ____  
|_   _| ____/ ___|_   _| / ___|_   _|/ \  |  _ \_   _| ____|  _ \ 
  | | |  _| \___ \ | |   \___ \ | | / _ \ | |_) || | |  _| | | | |
  | | | |___ ___) || |    ___) || |/ ___ \|  _ < | | | |___| |_| |
  |_| |_____|____/ |_|   |____/ |_/_/   \_\_| \_\|_| |_____|____/ 

Cargando la pagina en donde se buscara(cap-f-016c---buscar-contenido-en-la-web-de-portales-(buscador-audios);cargando-la-pagina-en-donde-se-buscara)
-------------------------------------------------------------------
]]></system-err>
  </testcase>
  <testcase name="CAPF016C - Se haya cargado la web" classname="Cargando la pagina en donde se buscara #1" time="11.967">
    <system-err><![CDATA[[main] INFO net.serenitybdd.core.webdriver.driverproviders.ChromeDriverProvider - Not using automatically driver download
[main] INFO net.serenitybdd.core.webdriver.driverproviders.ProvideNewDriver - Instantiating driver
[main] INFO net.serenitybdd.core.webdriver.driverproviders.ProvideNewDriver - Driver capabilities: Capabilities {acceptInsecureCerts: false, browserName: chrome, goog:chromeOptions: {args: [], extensions: []}, loggingPrefs: org.openqa.selenium.logging...}
Starting ChromeDriver 95.0.4638.69 (6a1600ed572fedecd573b6c2b90a22fe6392a410-refs/branch-heads/4638@{#984}) on port 39550
Only local connections are allowed.
Please see https://chromedriver.chromium.org/security-considerations for suggestions on keeping ChromeDriver safe.
ChromeDriver was started successfully.
[1637269383.864][WARNING]: This version of ChromeDriver has not been tested with Chrome version 96.
Nov 18, 2021 4:03:04 PM org.openqa.selenium.remote.ProtocolHandshake createSession
INFO: Detected dialect: W3C
]]></system-err>
  </testcase>
  <testcase name="CAPF016C - Aceptar las cookies" classname="Cargando la pagina en donde se buscara #1" time="0.037"/>
  <testcase name="CAPF016C - Escribir &quot;Bio&quot; y Buscar" classname="Cargando la pagina en donde se buscara #1" time="1.006"/>
  <testcase name="CAPF016C - Abrir Busqueda Avanzada" classname="Cargando la pagina en donde se buscara #1" time="1.558"/>
  <testcase name="CAPF016C - Escribir Desde Que Fecha Buscar : &quot;20/11/2017&quot;" classname="Cargando la pagina en donde se buscara #1" time="0.554"/>
  <testcase name="CAPF016C - Escribir Hasta Que Fecha Buscar : &quot;01/01/2019&quot;" classname="Cargando la pagina en donde se buscara #1" time="0.507"/>
  <testcase name="CAPF016C - Seleccionar Tema : &quot;5&quot;" classname="Cargando la pagina en donde se buscara #1" time="0.574"/>
  <testcase name="CAPF016C - Retomar Busqueda" classname="Cargando la pagina en donde se buscara #1" time="0.505"/>
  <testcase name="CAPF012 - Cargando el Navegador" classname="Cargando la pagina en donde se buscara #2" time="0.005">
    <system-err><![CDATA[[main] INFO  - &amp#27;[92m
        __    _____ _____ ____ _____   ____   _    ____  ____  _____ ____  
  _     \ \  |_   _| ____/ ___|_   _| |  _ \ / \  / ___|/ ___|| ____|  _ \ 
 (_)_____| |   | | |  _| \___ \ | |   | |_) / _ \ \___ \\___ \|  _| | | | |
  _|_____| |   | | | |___ ___) || |   |  __/ ___ \ ___) |___) | |___| |_| |
 (_)     | |   |_| |_____|____/ |_|   |_| /_/   \_\____/|____/|_____|____/ 
        /_/                                                                

Cargando la pagina en donde se buscara
----------------------------------------------------------------------------&amp#27;[0m
[main] INFO io.cucumber.core.plugin.SerenityReporter - Running feature from file:///C:/JenkinsWorkspace/workspace/Portales-PW-LFDXP/src/test/resources/CAP_F_012.feature
[main] WARN io.cucumber.core.plugin.SerenityReporter - Feature from file:///C:/JenkinsWorkspace/workspace/Portales-PW-LFDXP/src/test/resources/CAP_F_012.feature is not under the 'features' directory. Requirements report will not be correctly generated!
]]></system-err>
  </testcase>
  <testcase name="CAPF012 - Se haya cargado la web" classname="Cargando la pagina en donde se buscara #2" time="15.552">
    <system-err><![CDATA[[main] INFO net.serenitybdd.core.webdriver.driverproviders.ChromeDriverProvider - Not using automatically driver download
[main] INFO net.serenitybdd.core.webdriver.driverproviders.ProvideNewDriver - Instantiating driver
[main] INFO net.serenitybdd.core.webdriver.driverproviders.ProvideNewDriver - Driver capabilities: Capabilities {acceptInsecureCerts: false, browserName: chrome, goog:chromeOptions: {args: [], extensions: []}, loggingPrefs: org.openqa.selenium.logging...}
Starting ChromeDriver 95.0.4638.69 (6a1600ed572fedecd573b6c2b90a22fe6392a410-refs/branch-heads/4638@{#984}) on port 46584
Only local connections are allowed.
Please see https://chromedriver.chromium.org/security-considerations for suggestions on keeping ChromeDriver safe.
ChromeDriver was started successfully.
[1637269136.748][WARNING]: This version of ChromeDriver has not been tested with Chrome version 96.
Nov 18, 2021 3:58:56 PM org.openqa.selenium.remote.ProtocolHandshake createSession
INFO: Detected dialect: W3C
]]></system-err>
  </testcase>
  <testcase name="CAPF012 - Aceptar las cookies" classname="Cargando la pagina en donde se buscara #2" time="0.028"/>
  <testcase name="CAPF012 - Escribir &quot;Fauna&quot; y Buscar" classname="Cargando la pagina en donde se buscara #2" time="2.413"/>
  <testcase name="CAPF012 - Abrir Busqueda Avanzada" classname="Cargando la pagina en donde se buscara #2" time="1.513"/>
  <testcase name="CAPF012 - Escribir Desde Que Fecha Buscar : &quot;20/11/2017&quot;" classname="Cargando la pagina en donde se buscara #2" time="0.549"/>
  <testcase name="CAPF012 - Escribir Hasta Que Fecha Buscar : &quot;01/01/2019&quot;" classname="Cargando la pagina en donde se buscara #2" time="0.494"/>
  <testcase name="CAPF012 - Seleccionar Tema Ambiental : &quot;5&quot;" classname="Cargando la pagina en donde se buscara #2" time="0.542"/>
  <testcase name="CAPF012 - Retomar Busqueda" classname="Cargando la pagina en donde se buscara #2" time="0.472"/>
  <testcase name="CAPF013 - Cargando el Navegador" classname="Cargando la pagina en donde se buscara #2" time="0.005">
    <system-err><![CDATA[[main] INFO io.cucumber.core.plugin.SerenityReporter - Running feature from file:///C:/JenkinsWorkspace/workspace/Portales-PW-LFDXP/src/test/resources/CAP_F_013.feature
[main] WARN io.cucumber.core.plugin.SerenityReporter - Feature from file:///C:/JenkinsWorkspace/workspace/Portales-PW-LFDXP/src/test/resources/CAP_F_013.feature is not under the 'features' directory. Requirements report will not be correctly generated!
]]></system-err>
  </testcase>
  <testcase name="CAPF013 - Se haya cargado la web" classname="Cargando la pagina en donde se buscara #2" time="8.136">
    <system-err><![CDATA[[main] INFO net.serenitybdd.core.webdriver.driverproviders.ChromeDriverProvider - Not using automatically driver download
[main] INFO net.serenitybdd.core.webdriver.driverproviders.ProvideNewDriver - Instantiating driver
[main] INFO net.serenitybdd.core.webdriver.driverproviders.ProvideNewDriver - Driver capabilities: Capabilities {acceptInsecureCerts: false, browserName: chrome, goog:chromeOptions: {args: [], extensions: []}, loggingPrefs: org.openqa.selenium.logging...}
Starting ChromeDriver 95.0.4638.69 (6a1600ed572fedecd573b6c2b90a22fe6392a410-refs/branch-heads/4638@{#984}) on port 26915
Only local connections are allowed.
Please see https://chromedriver.chromium.org/security-considerations for suggestions on keeping ChromeDriver safe.
ChromeDriver was started successfully.
[1637269169.356][WARNING]: This version of ChromeDriver has not been tested with Chrome version 96.
Nov 18, 2021 3:59:29 PM org.openqa.selenium.remote.ProtocolHandshake createSession
INFO: Detected dialect: W3C
]]></system-err>
  </testcase>
  <testcase name="CAPF013 - Aceptar las cookies" classname="Cargando la pagina en donde se buscara #2" time="0.025"/>
  <testcase name="CAPF013 - Escribir &quot;Fauna&quot; y Buscar" classname="Cargando la pagina en donde se buscara #2" time="1.955"/>
  <testcase name="CAPF013 - Abrir Busqueda Avanzada" classname="Cargando la pagina en donde se buscara #2" time="1.556"/>
  <testcase name="CAPF013 - Escribir Desde Que Fecha Buscar : &quot;20/11/2017&quot;" classname="Cargando la pagina en donde se buscara #2" time="0.577"/>
  <testcase name="CAPF013 - Escribir Hasta Que Fecha Buscar : &quot;01/01/2019&quot;" classname="Cargando la pagina en donde se buscara #2" time="0.516"/>
  <testcase name="CAPF013 - Seleccionar Tema Ambiental : &quot;5&quot;" classname="Cargando la pagina en donde se buscara #2" time="0.566"/>
  <testcase name="CAPF013 - Retomar Busqueda" classname="Cargando la pagina en donde se buscara #2" time="0.558"/>
  <testcase name="CAPF014 - Cargando el Navegador" classname="Cargando la pagina en donde se buscara #2" time="0.004">
    <system-err><![CDATA[[main] INFO  - &amp#27;[92m
        __    _____ _____ ____ _____   ____   _    ____  ____  _____ ____  
  _     \ \  |_   _| ____/ ___|_   _| |  _ \ / \  / ___|/ ___|| ____|  _ \ 
 (_)_____| |   | | |  _| \___ \ | |   | |_) / _ \ \___ \\___ \|  _| | | | |
  _|_____| |   | | | |___ ___) || |   |  __/ ___ \ ___) |___) | |___| |_| |
 (_)     | |   |_| |_____|____/ |_|   |_| /_/   \_\____/|____/|_____|____/ 
        /_/                                                                

Cargando la pagina en donde se buscara
----------------------------------------------------------------------------&amp#27;[0m
[main] INFO io.cucumber.core.plugin.SerenityReporter - Running feature from file:///C:/JenkinsWorkspace/workspace/Portales-PW-LFDXP/src/test/resources/CAP_F_014.feature
[main] WARN io.cucumber.core.plugin.SerenityReporter - Feature from file:///C:/JenkinsWorkspace/workspace/Portales-PW-LFDXP/src/test/resources/CAP_F_014.feature is not under the 'features' directory. Requirements report will not be correctly generated!
]]></system-err>
  </testcase>
  <testcase name="CAPF014 - Se haya cargado la web" classname="Cargando la pagina en donde se buscara #2" time="9.689">
    <system-err><![CDATA[[main] INFO net.serenitybdd.core.webdriver.driverproviders.ChromeDriverProvider - Not using automatically driver download
[main] INFO net.serenitybdd.core.webdriver.driverproviders.ProvideNewDriver - Instantiating driver
[main] INFO net.serenitybdd.core.webdriver.driverproviders.ProvideNewDriver - Driver capabilities: Capabilities {acceptInsecureCerts: false, browserName: chrome, goog:chromeOptions: {args: [], extensions: []}, loggingPrefs: org.openqa.selenium.logging...}
Starting ChromeDriver 95.0.4638.69 (6a1600ed572fedecd573b6c2b90a22fe6392a410-refs/branch-heads/4638@{#984}) on port 23676
Only local connections are allowed.
Please see https://chromedriver.chromium.org/security-considerations for suggestions on keeping ChromeDriver safe.
ChromeDriver was started successfully.
[1637269202.398][WARNING]: This version of ChromeDriver has not been tested with Chrome version 96.
Nov 18, 2021 4:00:02 PM org.openqa.selenium.remote.ProtocolHandshake createSession
INFO: Detected dialect: W3C
]]></system-err>
  </testcase>
  <testcase name="CAPF014 - Aceptar las cookies" classname="Cargando la pagina en donde se buscara #2" time="0.561"/>
  <testcase name="CAPF014 - Escribir &quot;Fauna&quot; y Buscar" classname="Cargando la pagina en donde se buscara #2" time="1.982"/>
  <testcase name="CAPF014 - Abrir Busqueda Avanzada" classname="Cargando la pagina en donde se buscara #2" time="2.356"/>
  <testcase name="CAPF014 - Escribir Desde Que Fecha Buscar : &quot;20/11/2017&quot;" classname="Cargando la pagina en donde se buscara #2" time="0.585"/>
  <testcase name="CAPF014 - Escribir Hasta Que Fecha Buscar : &quot;01/01/2019&quot;" classname="Cargando la pagina en donde se buscara #2" time="0.56"/>
  <testcase name="CAPF014 - Seleccionar Tema Ambiental : &quot;5&quot;" classname="Cargando la pagina en donde se buscara #2" time="0.664"/>
  <testcase name="CAPF014 - Retomar Busqueda" classname="Cargando la pagina en donde se buscara #2" time="0.483"/>
  <testcase name="CAPF015 - Cargando el Navegador" classname="Cargando la pagina en donde se buscara #2" time="0.006">
    <system-err><![CDATA[[main] INFO io.cucumber.core.plugin.SerenityReporter - Running feature from file:///C:/JenkinsWorkspace/workspace/Portales-PW-LFDXP/src/test/resources/CAP_F_015.feature
[main] WARN io.cucumber.core.plugin.SerenityReporter - Feature from file:///C:/JenkinsWorkspace/workspace/Portales-PW-LFDXP/src/test/resources/CAP_F_015.feature is not under the 'features' directory. Requirements report will not be correctly generated!
]]></system-err>
  </testcase>
  <testcase name="CAPF015 - Se haya cargado la web" classname="Cargando la pagina en donde se buscara #2" time="12.664">
    <system-err><![CDATA[[main] INFO net.serenitybdd.core.webdriver.driverproviders.ChromeDriverProvider - Not using automatically driver download
[main] INFO net.serenitybdd.core.webdriver.driverproviders.ProvideNewDriver - Instantiating driver
[main] INFO net.serenitybdd.core.webdriver.driverproviders.ProvideNewDriver - Driver capabilities: Capabilities {acceptInsecureCerts: false, browserName: chrome, goog:chromeOptions: {args: [], extensions: []}, loggingPrefs: org.openqa.selenium.logging...}
Starting ChromeDriver 95.0.4638.69 (6a1600ed572fedecd573b6c2b90a22fe6392a410-refs/branch-heads/4638@{#984}) on port 10800
Only local connections are allowed.
Please see https://chromedriver.chromium.org/security-considerations for suggestions on keeping ChromeDriver safe.
ChromeDriver was started successfully.
[1637269264.905][WARNING]: This version of ChromeDriver has not been tested with Chrome version 96.
Nov 18, 2021 4:01:05 PM org.openqa.selenium.remote.ProtocolHandshake createSession
INFO: Detected dialect: W3C
]]></system-err>
  </testcase>
  <testcase name="CAPF015 - Aceptar las cookies" classname="Cargando la pagina en donde se buscara #2" time="0.03"/>
  <testcase name="CAPF015 - Escribir &quot;Fauna&quot; y Buscar" classname="Cargando la pagina en donde se buscara #2" time="30.733">
    <error type="org.openqa.selenium.NoSuchElementException"><![CDATA[org.openqa.selenium.NoSuchElementException: 
Timed out after 15 seconds. Element not found
For documentation on this error, please visit: https://www.seleniumhq.org/exceptions/no_such_element.html
Build info: version: '3.141.59', revision: 'e82be7d358', time: '2018-11-14T08:17:03'
System info: host: 'TRJ-8YJ4473', ip: '192.168.0.12', os.name: 'Windows 10', os.arch: 'amd64', os.version: '10.0', java.version: '1.8.0_301'
Driver info: driver.version: unknown
]]></error>
  </testcase>
  <testcase name="CAPF015 - Abrir Busqueda Avanzada" classname="Cargando la pagina en donde se buscara #2" time="0">
    <skipped type="io.cucumber.junit.SkippedThrowable"><![CDATA[io.cucumber.junit.SkippedThrowable: This step is skipped
]]></skipped>
  </testcase>
  <testcase name="CAPF015 - Escribir Desde Que Fecha Buscar : &quot;20/11/2017&quot;" classname="Cargando la pagina en donde se buscara #2" time="0">
    <skipped type="io.cucumber.junit.SkippedThrowable"><![CDATA[io.cucumber.junit.SkippedThrowable: This step is skipped
]]></skipped>
  </testcase>
  <testcase name="CAPF015 - Escribir Hasta Que Fecha Buscar : &quot;01/01/2019&quot;" classname="Cargando la pagina en donde se buscara #2" time="0">
    <skipped type="io.cucumber.junit.SkippedThrowable"><![CDATA[io.cucumber.junit.SkippedThrowable: This step is skipped
]]></skipped>
  </testcase>
  <testcase name="CAPF015 - Seleccionar Tema Ambiental : &quot;5&quot;" classname="Cargando la pagina en donde se buscara #2" time="0">
    <skipped type="io.cucumber.junit.SkippedThrowable"><![CDATA[io.cucumber.junit.SkippedThrowable: This step is skipped
]]></skipped>
  </testcase>
  <testcase name="CAPF015 - Retomar Busqueda" classname="Cargando la pagina en donde se buscara #2" time="0">
    <skipped type="io.cucumber.junit.SkippedThrowable"><![CDATA[io.cucumber.junit.SkippedThrowable: This step is skipped
]]></skipped>
  </testcase>
  <testcase name="CAPF016A - Cargando el Navegador" classname="Cargando la pagina en donde se buscara #2" time="0.007">
    <system-err><![CDATA[[main] INFO  - &amp#27;[92m
        __    _____ _____ ____ _____   ____   _    ____  ____  _____ ____  
  _     \ \  |_   _| ____/ ___|_   _| |  _ \ / \  / ___|/ ___|| ____|  _ \ 
 (_)_____| |   | | |  _| \___ \ | |   | |_) / _ \ \___ \\___ \|  _| | | | |
  _|_____| |   | | | |___ ___) || |   |  __/ ___ \ ___) |___) | |___| |_| |
 (_)     | |   |_| |_____|____/ |_|   |_| /_/   \_\____/|____/|_____|____/ 
        /_/                                                                

Cargando la pagina en donde se buscara
----------------------------------------------------------------------------&amp#27;[0m
[main] INFO io.cucumber.core.plugin.SerenityReporter - Running feature from file:///C:/JenkinsWorkspace/workspace/Portales-PW-LFDXP/src/test/resources/CAP_F_016A.feature
[main] WARN io.cucumber.core.plugin.SerenityReporter - Feature from file:///C:/JenkinsWorkspace/workspace/Portales-PW-LFDXP/src/test/resources/CAP_F_016A.feature is not under the 'features' directory. Requirements report will not be correctly generated!
]]></system-err>
  </testcase>
  <testcase name="CAPF016A - Se haya cargado la web" classname="Cargando la pagina en donde se buscara #2" time="11.572">
    <system-err><![CDATA[[main] INFO net.serenitybdd.core.webdriver.driverproviders.ChromeDriverProvider - Not using automatically driver download
[main] INFO net.serenitybdd.core.webdriver.driverproviders.ProvideNewDriver - Instantiating driver
[main] INFO net.serenitybdd.core.webdriver.driverproviders.ProvideNewDriver - Driver capabilities: Capabilities {acceptInsecureCerts: false, browserName: chrome, goog:chromeOptions: {args: [], extensions: []}, loggingPrefs: org.openqa.selenium.logging...}
Starting ChromeDriver 95.0.4638.69 (6a1600ed572fedecd573b6c2b90a22fe6392a410-refs/branch-heads/4638@{#984}) on port 36847
Only local connections are allowed.
Please see https://chromedriver.chromium.org/security-considerations for suggestions on keeping ChromeDriver safe.
ChromeDriver was started successfully.
[1637269327.349][WARNING]: This version of ChromeDriver has not been tested with Chrome version 96.
Nov 18, 2021 4:02:07 PM org.openqa.selenium.remote.ProtocolHandshake createSession
INFO: Detected dialect: W3C
]]></system-err>
  </testcase>
  <testcase name="CAPF016A - Aceptar las cookies" classname="Cargando la pagina en donde se buscara #2" time="0.033"/>
  <testcase name="CAPF016A - Escribir &quot;Fauna&quot; y Buscar" classname="Cargando la pagina en donde se buscara #2" time="0.577"/>
  <testcase name="CAPF016A - Abrir Busqueda Avanzada" classname="Cargando la pagina en donde se buscara #2" time="1.573"/>
  <testcase name="CAPF016A - Escribir Desde Que Fecha Buscar : &quot;20/11/2017&quot;" classname="Cargando la pagina en donde se buscara #2" time="0.607"/>
  <testcase name="CAPF016A - Escribir Hasta Que Fecha Buscar : &quot;01/01/2019&quot;" classname="Cargando la pagina en donde se buscara #2" time="0.622"/>
  <testcase name="CAPF016A - Seleccionar Tema : &quot;5&quot;" classname="Cargando la pagina en donde se buscara #2" time="0.529"/>
  <testcase name="CAPF016A - Retomar Busqueda" classname="Cargando la pagina en donde se buscara #2" time="0.489"/>
  <testcase name="CAPF016B - Cargando el Navegador" classname="Cargando la pagina en donde se buscara #2" time="0.005">
    <system-err><![CDATA[[main] INFO  - &amp#27;[92m
        __    _____ _____ ____ _____   ____   _    ____  ____  _____ ____  
  _     \ \  |_   _| ____/ ___|_   _| |  _ \ / \  / ___|/ ___|| ____|  _ \ 
 (_)_____| |   | | |  _| \___ \ | |   | |_) / _ \ \___ \\___ \|  _| | | | |
  _|_____| |   | | | |___ ___) || |   |  __/ ___ \ ___) |___) | |___| |_| |
 (_)     | |   |_| |_____|____/ |_|   |_| /_/   \_\____/|____/|_____|____/ 
        /_/                                                                

Cargando la pagina en donde se buscara
----------------------------------------------------------------------------&amp#27;[0m
[main] INFO io.cucumber.core.plugin.SerenityReporter - Running feature from file:///C:/JenkinsWorkspace/workspace/Portales-PW-LFDXP/src/test/resources/CAP_F_016B.feature
[main] WARN io.cucumber.core.plugin.SerenityReporter - Feature from file:///C:/JenkinsWorkspace/workspace/Portales-PW-LFDXP/src/test/resources/CAP_F_016B.feature is not under the 'features' directory. Requirements report will not be correctly generated!
]]></system-err>
  </testcase>
  <testcase name="CAPF016B - Se haya cargado la web" classname="Cargando la pagina en donde se buscara #2" time="13.869">
    <system-err><![CDATA[[main] INFO net.serenitybdd.core.webdriver.driverproviders.ChromeDriverProvider - Not using automatically driver download
[main] INFO net.serenitybdd.core.webdriver.driverproviders.ProvideNewDriver - Instantiating driver
[main] INFO net.serenitybdd.core.webdriver.driverproviders.ProvideNewDriver - Driver capabilities: Capabilities {acceptInsecureCerts: false, browserName: chrome, goog:chromeOptions: {args: [], extensions: []}, loggingPrefs: org.openqa.selenium.logging...}
Starting ChromeDriver 95.0.4638.69 (6a1600ed572fedecd573b6c2b90a22fe6392a410-refs/branch-heads/4638@{#984}) on port 29066
Only local connections are allowed.
Please see https://chromedriver.chromium.org/security-considerations for suggestions on keeping ChromeDriver safe.
ChromeDriver was started successfully.
[1637269363.591][WARNING]: This version of ChromeDriver has not been tested with Chrome version 96.
Nov 18, 2021 4:02:43 PM org.openqa.selenium.remote.ProtocolHandshake createSession
INFO: Detected dialect: W3C
]]></system-err>
  </testcase>
  <testcase name="CAPF016B - Aceptar las cookies" classname="Cargando la pagina en donde se buscara #2" time="0.02"/>
  <testcase name="CAPF016B - Escribir &quot;Fauna&quot; y Buscar" classname="Cargando la pagina en donde se buscara #2" time="0.543"/>
  <testcase name="CAPF016B - Abrir Busqueda Avanzada" classname="Cargando la pagina en donde se buscara #2" time="1.743"/>
  <testcase name="CAPF016B - Escribir Desde Que Fecha Buscar : &quot;20/11/2017&quot;" classname="Cargando la pagina en donde se buscara #2" time="0.593"/>
  <testcase name="CAPF016B - Escribir Hasta Que Fecha Buscar : &quot;01/01/2019&quot;" classname="Cargando la pagina en donde se buscara #2" time="0.513"/>
  <testcase name="CAPF016B - Seleccionar Tema : &quot;5&quot;" classname="Cargando la pagina en donde se buscara #2" time="0.549"/>
  <testcase name="CAPF016B - Retomar Busqueda" classname="Cargando la pagina en donde se buscara #2" time="0.52"/>
  <testcase name="CAPF016C - Cargando el Navegador" classname="Cargando la pagina en donde se buscara #2" time="0.009">
    <system-err><![CDATA[[main] INFO  - &amp#27;[92m
        __    _____ _____ ____ _____   ____   _    ____  ____  _____ ____  
  _     \ \  |_   _| ____/ ___|_   _| |  _ \ / \  / ___|/ ___|| ____|  _ \ 
 (_)_____| |   | | |  _| \___ \ | |   | |_) / _ \ \___ \\___ \|  _| | | | |
  _|_____| |   | | | |___ ___) || |   |  __/ ___ \ ___) |___) | |___| |_| |
 (_)     | |   |_| |_____|____/ |_|   |_| /_/   \_\____/|____/|_____|____/ 
        /_/                                                                

Cargando la pagina en donde se buscara
----------------------------------------------------------------------------&amp#27;[0m
[main] INFO io.cucumber.core.plugin.SerenityReporter - Running feature from file:///C:/JenkinsWorkspace/workspace/Portales-PW-LFDXP/src/test/resources/CAP_F_016C.feature
[main] WARN io.cucumber.core.plugin.SerenityReporter - Feature from file:///C:/JenkinsWorkspace/workspace/Portales-PW-LFDXP/src/test/resources/CAP_F_016C.feature is not under the 'features' directory. Requirements report will not be correctly generated!
]]></system-err>
  </testcase>
  <testcase name="CAPF016C - Se haya cargado la web" classname="Cargando la pagina en donde se buscara #2" time="12.183">
    <system-err><![CDATA[[main] INFO net.serenitybdd.core.webdriver.driverproviders.ChromeDriverProvider - Not using automatically driver download
[main] INFO net.serenitybdd.core.webdriver.driverproviders.ProvideNewDriver - Instantiating driver
[main] INFO net.serenitybdd.core.webdriver.driverproviders.ProvideNewDriver - Driver capabilities: Capabilities {acceptInsecureCerts: false, browserName: chrome, goog:chromeOptions: {args: [], extensions: []}, loggingPrefs: org.openqa.selenium.logging...}
Starting ChromeDriver 95.0.4638.69 (6a1600ed572fedecd573b6c2b90a22fe6392a410-refs/branch-heads/4638@{#984}) on port 22644
Only local connections are allowed.
Please see https://chromedriver.chromium.org/security-considerations for suggestions on keeping ChromeDriver safe.
ChromeDriver was started successfully.
[1637269401.812][WARNING]: This version of ChromeDriver has not been tested with Chrome version 96.
Nov 18, 2021 4:03:21 PM org.openqa.selenium.remote.ProtocolHandshake createSession
INFO: Detected dialect: W3C
]]></system-err>
  </testcase>
  <testcase name="CAPF016C - Aceptar las cookies" classname="Cargando la pagina en donde se buscara #2" time="0.031"/>
  <testcase name="CAPF016C - Escribir &quot;Fauna&quot; y Buscar" classname="Cargando la pagina en donde se buscara #2" time="0.593"/>
  <testcase name="CAPF016C - Abrir Busqueda Avanzada" classname="Cargando la pagina en donde se buscara #2" time="1.555"/>
  <testcase name="CAPF016C - Escribir Desde Que Fecha Buscar : &quot;20/11/2017&quot;" classname="Cargando la pagina en donde se buscara #2" time="0.583"/>
  <testcase name="CAPF016C - Escribir Hasta Que Fecha Buscar : &quot;01/01/2019&quot;" classname="Cargando la pagina en donde se buscara #2" time="0.504"/>
  <testcase name="CAPF016C - Seleccionar Tema : &quot;5&quot;" classname="Cargando la pagina en donde se buscara #2" time="0.582"/>
  <testcase name="CAPF016C - Retomar Busqueda" classname="Cargando la pagina en donde se buscara #2" time="0.483"/>
  <testcase name="Cargando la pagina en donde se buscara #1" classname="CAP_F_013 - Buscar Contenido en la Web de Portales " time="0.005">
    <error type="org.openqa.selenium.JavascriptException"><![CDATA[org.openqa.selenium.JavascriptException: 
javascript error: Cannot read properties of null (reading 'contains')
  (Session info: chrome=96.0.4664.45)
Build info: version: '3.141.59', revision: 'e82be7d358', time: '2018-11-14T08:17:03'
System info: host: 'TRJ-8YJ4473', ip: '192.168.0.12', os.name: 'Windows 10', os.arch: 'amd64', os.version: '10.0', java.version: '1.8.0_301'
Driver info: org.openqa.selenium.chrome.ChromeDriver
Capabilities {acceptInsecureCerts: false, browserName: chrome, browserVersion: 96.0.4664.45, chrome: {chromedriverVersion: 95.0.4638.69 (6a1600ed572fe..., userDataDir: C:\Users\jmedinal\AppData\L...}, goog:chromeOptions: {debuggerAddress: localhost:56050}, javascriptEnabled: true, networkConnectionEnabled: false, pageLoadStrategy: normal, platform: WINDOWS, platformName: WINDOWS, proxy: Proxy(), setWindowRect: true, strictFileInteractability: false, timeouts: {implicit: 0, pageLoad: 300000, script: 30000}, unhandledPromptBehavior: dismiss and notify, webauthn:extension:credBlob: true, webauthn:extension:largeBlob: true, webauthn:virtualAuthenticators: true}
Session ID: 5647b5b03cc421b514a88bec1f3650a8
]]></error>
  </testcase>
  <testcase name="Cargando la pagina en donde se buscara #1" classname="CAP_F_013 - Buscar Contenido en la Web de Portales " time="1.071">
    <error type="org.openqa.selenium.JavascriptException"><![CDATA[org.openqa.selenium.JavascriptException: 
javascript error: Cannot read properties of null (reading 'contains')
  (Session info: chrome=96.0.4664.45)
Build info: version: '3.141.59', revision: 'e82be7d358', time: '2018-11-14T08:17:03'
System info: host: 'TRJ-8YJ4473', ip: '192.168.0.12', os.name: 'Windows 10', os.arch: 'amd64', os.version: '10.0', java.version: '1.8.0_301'
Driver info: org.openqa.selenium.chrome.ChromeDriver
Capabilities {acceptInsecureCerts: false, browserName: chrome, browserVersion: 96.0.4664.45, chrome: {chromedriverVersion: 95.0.4638.69 (6a1600ed572fe..., userDataDir: C:\Users\jmedinal\AppData\L...}, goog:chromeOptions: {debuggerAddress: localhost:56050}, javascriptEnabled: true, networkConnectionEnabled: false, pageLoadStrategy: normal, platform: WINDOWS, platformName: WINDOWS, proxy: Proxy(), setWindowRect: true, strictFileInteractability: false, timeouts: {implicit: 0, pageLoad: 300000, script: 30000}, unhandledPromptBehavior: dismiss and notify, webauthn:extension:credBlob: true, webauthn:extension:largeBlob: true, webauthn:virtualAuthenticators: true}
Session ID: 5647b5b03cc421b514a88bec1f3650a8
]]></error>
    <system-err><![CDATA[[main] ERROR  - &amp#27;[91m
         __  _____ _____ ____ _____   _____ ____  ____   ___  ____  
 _      / / |_   _| ____/ ___|_   _| | ____|  _ \|  _ \ / _ \|  _ \ 
(_)____| |    | | |  _| \___ \ | |   |  _| | |_) | |_) | | | | |_) |
 |_____| |    | | | |___ ___) || |   | |___|  _ <|  _ <| |_| |  _ < 
(_)    | |    |_| |_____|____/ |_|   |_____|_| \_\_| \_\\___/|_| \_\
        \_\                                                         

Cargando la pagina en donde se buscara
---------------------------------------------------------------------&amp#27;[0m
[main] ERROR  - &amp#27;[91m    Test failed at step: Cargar pagina&amp#27;[0m
[main] ERROR  - &amp#27;[91m    javascript error: Cannot read properties of null (reading 'contains')&amp#27;[0m
]]></system-err>
  </testcase>
  <testcase name="Cargando la pagina en donde se buscara #1" classname="CAP_F_015 - Buscar Contenido en la Web de Portales" time="0.004">
    <error type="org.openqa.selenium.NoSuchElementException"><![CDATA[org.openqa.selenium.NoSuchElementException: 
Timed out after 15 seconds. Element not found
For documentation on this error, please visit: https://www.seleniumhq.org/exceptions/no_such_element.html
Build info: version: '3.141.59', revision: 'e82be7d358', time: '2018-11-14T08:17:03'
System info: host: 'TRJ-8YJ4473', ip: '192.168.0.12', os.name: 'Windows 10', os.arch: 'amd64', os.version: '10.0', java.version: '1.8.0_301'
Driver info: driver.version: unknown
]]></error>
  </testcase>
  <testcase name="Cargando la pagina en donde se buscara #1" classname="CAP_F_015 - Buscar Contenido en la Web de Portales" time="1.168">
    <error type="org.openqa.selenium.NoSuchElementException"><![CDATA[org.openqa.selenium.NoSuchElementException: 
Timed out after 15 seconds. Element not found
For documentation on this error, please visit: https://www.seleniumhq.org/exceptions/no_such_element.html
Build info: version: '3.141.59', revision: 'e82be7d358', time: '2018-11-14T08:17:03'
System info: host: 'TRJ-8YJ4473', ip: '192.168.0.12', os.name: 'Windows 10', os.arch: 'amd64', os.version: '10.0', java.version: '1.8.0_301'
Driver info: driver.version: unknown
]]></error>
    <system-err><![CDATA[[main] ERROR  - &amp#27;[91m
         __  _____ _____ ____ _____   _____ ____  ____   ___  ____  
 _      / / |_   _| ____/ ___|_   _| | ____|  _ \|  _ \ / _ \|  _ \ 
(_)____| |    | | |  _| \___ \ | |   |  _| | |_) | |_) | | | | |_) |
 |_____| |    | | | |___ ___) || |   | |___|  _ <|  _ <| |_| |  _ < 
(_)    | |    |_| |_____|____/ |_|   |_____|_| \_\_| \_\\___/|_| \_\
        \_\                                                         

Cargando la pagina en donde se buscara
---------------------------------------------------------------------&amp#27;[0m
[main] ERROR  - &amp#27;[91m    Test failed at step: Buscar termino en portales: Bio&amp#27;[0m
[main] ERROR  - &amp#27;[91m    Timed out after 15 seconds. Element not found&amp#27;[0m
]]></system-err>
  </testcase>
  <testcase name="Cargando la pagina en donde se buscara #2" classname="CAP_F_015 - Buscar Contenido en la Web de Portales" time="0.004">
    <error type="org.openqa.selenium.NoSuchElementException"><![CDATA[org.openqa.selenium.NoSuchElementException: 
Timed out after 15 seconds. Element not found
For documentation on this error, please visit: https://www.seleniumhq.org/exceptions/no_such_element.html
Build info: version: '3.141.59', revision: 'e82be7d358', time: '2018-11-14T08:17:03'
System info: host: 'TRJ-8YJ4473', ip: '192.168.0.12', os.name: 'Windows 10', os.arch: 'amd64', os.version: '10.0', java.version: '1.8.0_301'
Driver info: driver.version: unknown
]]></error>
  </testcase>
  <testcase name="Cargando la pagina en donde se buscara #2" classname="CAP_F_015 - Buscar Contenido en la Web de Portales" time="1.052">
    <error type="org.openqa.selenium.NoSuchElementException"><![CDATA[org.openqa.selenium.NoSuchElementException: 
Timed out after 15 seconds. Element not found
For documentation on this error, please visit: https://www.seleniumhq.org/exceptions/no_such_element.html
Build info: version: '3.141.59', revision: 'e82be7d358', time: '2018-11-14T08:17:03'
System info: host: 'TRJ-8YJ4473', ip: '192.168.0.12', os.name: 'Windows 10', os.arch: 'amd64', os.version: '10.0', java.version: '1.8.0_301'
Driver info: driver.version: unknown
]]></error>
    <system-err><![CDATA[[main] ERROR  - &amp#27;[91m
         __  _____ _____ ____ _____   _____ ____  ____   ___  ____  
 _      / / |_   _| ____/ ___|_   _| | ____|  _ \|  _ \ / _ \|  _ \ 
(_)____| |    | | |  _| \___ \ | |   |  _| | |_) | |_) | | | | |_) |
 |_____| |    | | | |___ ___) || |   | |___|  _ <|  _ <| |_| |  _ < 
(_)    | |    |_| |_____|____/ |_|   |_____|_| \_\_| \_\\___/|_| \_\
        \_\                                                         

Cargando la pagina en donde se buscara
---------------------------------------------------------------------&amp#27;[0m
[main] ERROR  - &amp#27;[91m    Test failed at step: Buscar termino en portales: Fauna&amp#27;[0m
[main] ERROR  - &amp#27;[91m    Timed out after 15 seconds. Element not found&amp#27;[0m
]]></system-err>
  </testcase>
  <testcase name="CAPF018 - Cargando el Navegador" classname="Cargando la web" time="0.008">
    <system-err><![CDATA[[main] INFO  - &amp#27;[92m
        __    _____ _____ ____ _____   ____   _    ____  ____  _____ ____  
  _     \ \  |_   _| ____/ ___|_   _| |  _ \ / \  / ___|/ ___|| ____|  _ \ 
 (_)_____| |   | | |  _| \___ \ | |   | |_) / _ \ \___ \\___ \|  _| | | | |
  _|_____| |   | | | |___ ___) || |   |  __/ ___ \ ___) |___) | |___| |_| |
 (_)     | |   |_| |_____|____/ |_|   |_| /_/   \_\____/|____/|_____|____/ 
        /_/                                                                

Cargando la pagina en donde se buscara
----------------------------------------------------------------------------&amp#27;[0m
[main] INFO io.cucumber.core.plugin.SerenityReporter - Running feature from file:///C:/JenkinsWorkspace/workspace/Portales-PW-LFDXP/src/test/resources/CAP_F_018.feature
[main] WARN io.cucumber.core.plugin.SerenityReporter - Feature from file:///C:/JenkinsWorkspace/workspace/Portales-PW-LFDXP/src/test/resources/CAP_F_018.feature is not under the 'features' directory. Requirements report will not be correctly generated!
[main] INFO  - 
 _____ _____ ____ _____   ____ _____  _    ____ _____ _____ ____  
|_   _| ____/ ___|_   _| / ___|_   _|/ \  |  _ \_   _| ____|  _ \ 
  | | |  _| \___ \ | |   \___ \ | | / _ \ | |_) || | |  _| | | | |
  | | | |___ ___) || |    ___) || |/ ___ \|  _ < | | | |___| |_| |
  |_| |_____|____/ |_|   |____/ |_/_/   \_\_| \_\|_| |_____|____/ 

Cargando la web(cap-f-018---validar-estado-de-la-web;cargando-la-web)
-------------------------------------------------------------------
]]></system-err>
  </testcase>
  <testcase name="CAPF018 - Se haya cargado la web" classname="Cargando la web" time="15.01">
    <system-err><![CDATA[[main] INFO net.serenitybdd.core.webdriver.driverproviders.ChromeDriverProvider - Not using automatically driver download
[main] INFO net.serenitybdd.core.webdriver.driverproviders.ProvideNewDriver - Instantiating driver
[main] INFO net.serenitybdd.core.webdriver.driverproviders.ProvideNewDriver - Driver capabilities: Capabilities {acceptInsecureCerts: false, browserName: chrome, goog:chromeOptions: {args: [], extensions: []}, loggingPrefs: org.openqa.selenium.logging...}
Starting ChromeDriver 95.0.4638.69 (6a1600ed572fedecd573b6c2b90a22fe6392a410-refs/branch-heads/4638@{#984}) on port 16458
Only local connections are allowed.
Please see https://chromedriver.chromium.org/security-considerations for suggestions on keeping ChromeDriver safe.
ChromeDriver was started successfully.
[1637269419.406][WARNING]: This version of ChromeDriver has not been tested with Chrome version 96.
Nov 18, 2021 4:03:39 PM org.openqa.selenium.remote.ProtocolHandshake createSession
INFO: Detected dialect: W3C
]]></system-err>
  </testcase>
  <testcase name="CAPF018 - Aceptar las cookies" classname="Cargando la web" time="0.023"/>
  <testcase name="CAPF021 - Cargando el Navegador" classname="Cargando la web" time="0.019">
    <system-err><![CDATA[[main] INFO  - &amp#27;[92m
        __    _____ _____ ____ _____   ____   _    ____  ____  _____ ____  
  _     \ \  |_   _| ____/ ___|_   _| |  _ \ / \  / ___|/ ___|| ____|  _ \ 
 (_)_____| |   | | |  _| \___ \ | |   | |_) / _ \ \___ \\___ \|  _| | | | |
  _|_____| |   | | | |___ ___) || |   |  __/ ___ \ ___) |___) | |___| |_| |
 (_)     | |   |_| |_____|____/ |_|   |_| /_/   \_\____/|____/|_____|____/ 
        /_/                                                                

Cargando la web
----------------------------------------------------------------------------&amp#27;[0m
[main] INFO io.cucumber.core.plugin.SerenityReporter - Running feature from file:///C:/JenkinsWorkspace/workspace/Portales-PW-LFDXP/src/test/resources/CAP_F_021.feature
[main] WARN io.cucumber.core.plugin.SerenityReporter - Feature from file:///C:/JenkinsWorkspace/workspace/Portales-PW-LFDXP/src/test/resources/CAP_F_021.feature is not under the 'features' directory. Requirements report will not be correctly generated!
[main] INFO  - 
 _____ _____ ____ _____   ____ _____  _    ____ _____ _____ ____  
|_   _| ____/ ___|_   _| / ___|_   _|/ \  |  _ \_   _| ____|  _ \ 
  | | |  _| \___ \ | |   \___ \ | | / _ \ | |_) || | |  _| | | | |
  | | | |___ ___) || |    ___) || |/ ___ \|  _ < | | | |___| |_| |
  |_| |_____|____/ |_|   |____/ |_/_/   \_\_| \_\|_| |_____|____/ 

Cargando la web(cap-f-021---validar-estado-de-la-web;cargando-la-web)
-------------------------------------------------------------------
]]></system-err>
  </testcase>
  <testcase name="CAPF021 - Se haya cargado la web" classname="Cargando la web" time="14.825">
    <system-err><![CDATA[[main] INFO net.serenitybdd.core.webdriver.driverproviders.ChromeDriverProvider - Not using automatically driver download
[main] INFO net.serenitybdd.core.webdriver.driverproviders.ProvideNewDriver - Instantiating driver
[main] INFO net.serenitybdd.core.webdriver.driverproviders.ProvideNewDriver - Driver capabilities: Capabilities {acceptInsecureCerts: false, browserName: chrome, goog:chromeOptions: {args: [], extensions: []}, loggingPrefs: org.openqa.selenium.logging...}
Starting ChromeDriver 95.0.4638.69 (6a1600ed572fedecd573b6c2b90a22fe6392a410-refs/branch-heads/4638@{#984}) on port 8957
Only local connections are allowed.
Please see https://chromedriver.chromium.org/security-considerations for suggestions on keeping ChromeDriver safe.
ChromeDriver was started successfully.
[1637269435.536][WARNING]: This version of ChromeDriver has not been tested with Chrome version 96.
Nov 18, 2021 4:03:55 PM org.openqa.selenium.remote.ProtocolHandshake createSession
INFO: Detected dialect: W3C
]]></system-err>
  </testcase>
  <testcase name="CAPF021 - Aceptar las cookies" classname="Cargando la web" time="0.849"/>
  <testcase name="CAPF021 - Limpiar" classname="Cargando la web" time="0.85"/>
  <testcase name="CAPF021 - Buscar por palabras &quot;none&quot;" classname="Cargando la web" time="0.003"/>
  <testcase name="CAPF021 - Seleccionar Tipos de Espacios Naturales &quot;none&quot;" classname="Cargando la web" time="0.002"/>
  <testcase name="CAPF021 - Seleccionar Provincias &quot;ALMERA&quot;" classname="Cargando la web" time="0.709"/>
  <testcase name="CAPF021 - Selecciona un tipo de Equipamento &quot;REA RECREATIVA&quot;" classname="Cargando la web" time="2.193"/>
  <testcase name="CAPF021 - Es Accesible &quot;no&quot;" classname="Cargando la web" time="0.003"/>
  <testcase name="CAPF021 - Nombre de Espacio Natural &quot;none&quot;" classname="Cargando la web" time="0.005"/>
  <testcase name="CAPF021 - Buscar" classname="Cargando la web" time="6.058"/>
  <testcase name="CAPF026 - Cargando el Navegador" classname="Cargando la web" time="0.014">
    <system-err><![CDATA[[main] INFO  - &amp#27;[92m
        __    _____ _____ ____ _____   ____   _    ____  ____  _____ ____  
  _     \ \  |_   _| ____/ ___|_   _| |  _ \ / \  / ___|/ ___|| ____|  _ \ 
 (_)_____| |   | | |  _| \___ \ | |   | |_) / _ \ \___ \\___ \|  _| | | | |
  _|_____| |   | | | |___ ___) || |   |  __/ ___ \ ___) |___) | |___| |_| |
 (_)     | |   |_| |_____|____/ |_|   |_| /_/   \_\____/|____/|_____|____/ 
        /_/                                                                

Cargando la web
----------------------------------------------------------------------------&amp#27;[0m
[main] INFO io.cucumber.core.plugin.SerenityReporter - Running feature from file:///C:/JenkinsWorkspace/workspace/Portales-PW-LFDXP/src/test/resources/CAP_F_026.feature
[main] WARN io.cucumber.core.plugin.SerenityReporter - Feature from file:///C:/JenkinsWorkspace/workspace/Portales-PW-LFDXP/src/test/resources/CAP_F_026.feature is not under the 'features' directory. Requirements report will not be correctly generated!
[main] INFO  - 
 _____ _____ ____ _____   ____ _____  _    ____ _____ _____ ____  
|_   _| ____/ ___|_   _| / ___|_   _|/ \  |  _ \_   _| ____|  _ \ 
  | | |  _| \___ \ | |   \___ \ | | / _ \ | |_) || | |  _| | | | |
  | | | |___ ___) || |    ___) || |/ ___ \|  _ < | | | |___| |_| |
  |_| |_____|____/ |_|   |____/ |_/_/   \_\_| \_\|_| |_____|____/ 

Cargando la web(cap-f-026---validar-estado-de-la-web;cargando-la-web)
-------------------------------------------------------------------
]]></system-err>
  </testcase>
  <testcase name="CAPF026 - Se haya cargado la web" classname="Cargando la web" time="15.621">
    <system-err><![CDATA[[main] INFO net.serenitybdd.core.webdriver.driverproviders.ChromeDriverProvider - Not using automatically driver download
[main] INFO net.serenitybdd.core.webdriver.driverproviders.ProvideNewDriver - Instantiating driver
[main] INFO net.serenitybdd.core.webdriver.driverproviders.ProvideNewDriver - Driver capabilities: Capabilities {acceptInsecureCerts: false, browserName: chrome, goog:chromeOptions: {args: [], extensions: []}, loggingPrefs: org.openqa.selenium.logging...}
Starting ChromeDriver 95.0.4638.69 (6a1600ed572fedecd573b6c2b90a22fe6392a410-refs/branch-heads/4638@{#984}) on port 5018
Only local connections are allowed.
Please see https://chromedriver.chromium.org/security-considerations for suggestions on keeping ChromeDriver safe.
ChromeDriver was started successfully.
[1637269463.537][WARNING]: This version of ChromeDriver has not been tested with Chrome version 96.
Nov 18, 2021 4:04:23 PM org.openqa.selenium.remote.ProtocolHandshake createSession
INFO: Detected dialect: W3C
]]></system-err>
  </testcase>
  <testcase name="CAPF026 - Aceptar las cookies" classname="Cargando la web" time="0.031"/>
  <testcase name="CAPF026 - Limpiar" classname="Cargando la web" time="1.499"/>
  <testcase name="CAPF026 - Buscar por palabras &quot;none&quot;" classname="Cargando la web" time="0.004"/>
  <testcase name="CAPF026 - Seleccionar Tipos de Espacios Naturales &quot;LUGAR DE IMPORTANCIA COMUNITARIA&quot;" classname="Cargando la web" time="0.728"/>
  <testcase name="CAPF026 - Seleccionar Provincias &quot;none&quot;" classname="Cargando la web" time="0.002"/>
  <testcase name="CAPF026 - Selecciona un tipo de Equipamento &quot;none&quot;" classname="Cargando la web" time="0.004"/>
  <testcase name="CAPF026 - Es Accesible &quot;no&quot;" classname="Cargando la web" time="0.003"/>
  <testcase name="CAPF026 - Nombre de Espacio Natural &quot;DUNAS DEL ODIEL&quot;" classname="Cargando la web" time="5.132"/>
  <testcase name="CAPF026 - Buscar" classname="Cargando la web" time="5.702"/>
  <testcase name="CAPF034 - Cargando el Navegador" classname="Cargando la web" time="0.015">
    <system-err><![CDATA[[main] INFO  - &amp#27;[92m
        __    _____ _____ ____ _____   ____   _    ____  ____  _____ ____  
  _     \ \  |_   _| ____/ ___|_   _| |  _ \ / \  / ___|/ ___|| ____|  _ \ 
 (_)_____| |   | | |  _| \___ \ | |   | |_) / _ \ \___ \\___ \|  _| | | | |
  _|_____| |   | | | |___ ___) || |   |  __/ ___ \ ___) |___) | |___| |_| |
 (_)     | |   |_| |_____|____/ |_|   |_| /_/   \_\____/|____/|_____|____/ 
        /_/                                                                

Cargando la web
----------------------------------------------------------------------------&amp#27;[0m
[main] INFO io.cucumber.core.plugin.SerenityReporter - Running feature from file:///C:/JenkinsWorkspace/workspace/Portales-PW-LFDXP/src/test/resources/CAP_F_034.feature
[main] WARN io.cucumber.core.plugin.SerenityReporter - Feature from file:///C:/JenkinsWorkspace/workspace/Portales-PW-LFDXP/src/test/resources/CAP_F_034.feature is not under the 'features' directory. Requirements report will not be correctly generated!
[main] INFO  - 
 _____ _____ ____ _____   ____ _____  _    ____ _____ _____ ____  
|_   _| ____/ ___|_   _| / ___|_   _|/ \  |  _ \_   _| ____|  _ \ 
  | | |  _| \___ \ | |   \___ \ | | / _ \ | |_) || | |  _| | | | |
  | | | |___ ___) || |    ___) || |/ ___ \|  _ < | | | |___| |_| |
  |_| |_____|____/ |_|   |____/ |_/_/   \_\_| \_\|_| |_____|____/ 

Cargando la web(cap-f-034---validar-estado-de-la-web;cargando-la-web)
-------------------------------------------------------------------
]]></system-err>
  </testcase>
  <testcase name="CAPF034 - Se haya cargado la web" classname="Cargando la web" time="15.525">
    <system-err><![CDATA[[main] INFO net.serenitybdd.core.webdriver.driverproviders.ChromeDriverProvider - Not using automatically driver download
[main] INFO net.serenitybdd.core.webdriver.driverproviders.ProvideNewDriver - Instantiating driver
[main] INFO net.serenitybdd.core.webdriver.driverproviders.ProvideNewDriver - Driver capabilities: Capabilities {acceptInsecureCerts: false, browserName: chrome, goog:chromeOptions: {args: [], extensions: []}, loggingPrefs: org.openqa.selenium.logging...}
Starting ChromeDriver 95.0.4638.69 (6a1600ed572fedecd573b6c2b90a22fe6392a410-refs/branch-heads/4638@{#984}) on port 14876
Only local connections are allowed.
Please see https://chromedriver.chromium.org/security-considerations for suggestions on keeping ChromeDriver safe.
ChromeDriver was started successfully.
[1637269493.311][WARNING]: This version of ChromeDriver has not been tested with Chrome version 96.
Nov 18, 2021 4:04:53 PM org.openqa.selenium.remote.ProtocolHandshake createSession
INFO: Detected dialect: W3C
]]></system-err>
  </testcase>
  <testcase name="CAPF034 - Aceptar las cookies" classname="Cargando la web" time="0.034"/>
  <testcase name="CAPF034 - Limpiar" classname="Cargando la web" time="1.608"/>
  <testcase name="CAPF034 - Buscar por palabras &quot;bahia&quot;" classname="Cargando la web" time="0.949"/>
  <testcase name="CAPF034 - Seleccionar Tipos de Espacios Naturales &quot;none&quot;" classname="Cargando la web" time="0.003"/>
  <testcase name="CAPF034 - Seleccionar Provincias &quot;none&quot;" classname="Cargando la web" time="0.003"/>
  <testcase name="CAPF034 - Selecciona un tipo de Equipamento &quot;none&quot;" classname="Cargando la web" time="0.003"/>
  <testcase name="CAPF034 - Es Accesible &quot;no&quot;" classname="Cargando la web" time="0.002"/>
  <testcase name="CAPF034 - Nombre de Espacio Natural &quot;none&quot;" classname="Cargando la web" time="0.002"/>
  <testcase name="CAPF034 - Buscar" classname="Cargando la web" time="6.902"/>
  <testcase name="CAPF041 - Cargando el Navegador" classname="Cargando la web" time="0.015">
    <system-err><![CDATA[[main] INFO  - &amp#27;[92m
        __    _____ _____ ____ _____   ____   _    ____  ____  _____ ____  
  _     \ \  |_   _| ____/ ___|_   _| |  _ \ / \  / ___|/ ___|| ____|  _ \ 
 (_)_____| |   | | |  _| \___ \ | |   | |_) / _ \ \___ \\___ \|  _| | | | |
  _|_____| |   | | | |___ ___) || |   |  __/ ___ \ ___) |___) | |___| |_| |
 (_)     | |   |_| |_____|____/ |_|   |_| /_/   \_\____/|____/|_____|____/ 
        /_/                                                                

Cargando la web
----------------------------------------------------------------------------&amp#27;[0m
[main] INFO io.cucumber.core.plugin.SerenityReporter - Running feature from file:///C:/JenkinsWorkspace/workspace/Portales-PW-LFDXP/src/test/resources/CAP_F_041.feature
[main] WARN io.cucumber.core.plugin.SerenityReporter - Feature from file:///C:/JenkinsWorkspace/workspace/Portales-PW-LFDXP/src/test/resources/CAP_F_041.feature is not under the 'features' directory. Requirements report will not be correctly generated!
[main] INFO  - 
 _____ _____ ____ _____   ____ _____  _    ____ _____ _____ ____  
|_   _| ____/ ___|_   _| / ___|_   _|/ \  |  _ \_   _| ____|  _ \ 
  | | |  _| \___ \ | |   \___ \ | | / _ \ | |_) || | |  _| | | | |
  | | | |___ ___) || |    ___) || |/ ___ \|  _ < | | | |___| |_| |
  |_| |_____|____/ |_|   |____/ |_/_/   \_\_| \_\|_| |_____|____/ 

Cargando la web(cap-f-041---validar-estado-de-la-web;cargando-la-web)
-------------------------------------------------------------------
]]></system-err>
  </testcase>
  <testcase name="CAPF041 - Se haya cargado la web" classname="Cargando la web" time="9.304">
    <system-err><![CDATA[[main] INFO net.serenitybdd.core.webdriver.driverproviders.ChromeDriverProvider - Not using automatically driver download
[main] INFO net.serenitybdd.core.webdriver.driverproviders.ProvideNewDriver - Instantiating driver
[main] INFO net.serenitybdd.core.webdriver.driverproviders.ProvideNewDriver - Driver capabilities: Capabilities {acceptInsecureCerts: false, browserName: chrome, goog:chromeOptions: {args: [], extensions: []}, loggingPrefs: org.openqa.selenium.logging...}
Starting ChromeDriver 95.0.4638.69 (6a1600ed572fedecd573b6c2b90a22fe6392a410-refs/branch-heads/4638@{#984}) on port 47957
Only local connections are allowed.
Please see https://chromedriver.chromium.org/security-considerations for suggestions on keeping ChromeDriver safe.
ChromeDriver was started successfully.
[1637269518.905][WARNING]: This version of ChromeDriver has not been tested with Chrome version 96.
Nov 18, 2021 4:05:19 PM org.openqa.selenium.remote.ProtocolHandshake createSession
INFO: Detected dialect: W3C
]]></system-err>
  </testcase>
  <testcase name="CAPF041 - Aceptar las cookies" classname="Cargando la web" time="0.881"/>
  <testcase name="CAPF041 - Limpiar" classname="Cargando la web" time="0.645"/>
  <testcase name="CAPF041 - Buscar por palabras &quot;none&quot;" classname="Cargando la web" time="0.003"/>
  <testcase name="CAPF041 - Seleccionar Provincias &quot;ALMERA&quot;" classname="Cargando la web" time="0.667"/>
  <testcase name="CAPF041 - Seleccionar Tipos de Espacios Naturales &quot;none&quot;" classname="Cargando la web" time="0.003"/>
  <testcase name="CAPF041 - Nombre de Espacio Natural &quot;none&quot;" classname="Cargando la web" time="0.003"/>
  <testcase name="CAPF041 - Selecciona un tipo de Equipamento &quot;REA RECREATIVA&quot;" classname="Cargando la web" time="0.662"/>
  <testcase name="CAPF041 - Buscar" classname="Cargando la web" time="5.73"/>
  <testcase name="CAPF045 - Cargando el Navegador" classname="Cargando la web" time="0.015">
    <system-err><![CDATA[[main] INFO  - &amp#27;[92m
        __    _____ _____ ____ _____   ____   _    ____  ____  _____ ____  
  _     \ \  |_   _| ____/ ___|_   _| |  _ \ / \  / ___|/ ___|| ____|  _ \ 
 (_)_____| |   | | |  _| \___ \ | |   | |_) / _ \ \___ \\___ \|  _| | | | |
  _|_____| |   | | | |___ ___) || |   |  __/ ___ \ ___) |___) | |___| |_| |
 (_)     | |   |_| |_____|____/ |_|   |_| /_/   \_\____/|____/|_____|____/ 
        /_/                                                                

Cargando la web
----------------------------------------------------------------------------&amp#27;[0m
[main] INFO io.cucumber.core.plugin.SerenityReporter - Running feature from file:///C:/JenkinsWorkspace/workspace/Portales-PW-LFDXP/src/test/resources/CAP_F_045.feature
[main] WARN io.cucumber.core.plugin.SerenityReporter - Feature from file:///C:/JenkinsWorkspace/workspace/Portales-PW-LFDXP/src/test/resources/CAP_F_045.feature is not under the 'features' directory. Requirements report will not be correctly generated!
[main] INFO  - 
 _____ _____ ____ _____   ____ _____  _    ____ _____ _____ ____  
|_   _| ____/ ___|_   _| / ___|_   _|/ \  |  _ \_   _| ____|  _ \ 
  | | |  _| \___ \ | |   \___ \ | | / _ \ | |_) || | |  _| | | | |
  | | | |___ ___) || |    ___) || |/ ___ \|  _ < | | | |___| |_| |
  |_| |_____|____/ |_|   |____/ |_/_/   \_\_| \_\|_| |_____|____/ 

Cargando la web(cap-f-045---validar-estado-de-la-web;cargando-la-web)
-------------------------------------------------------------------
]]></system-err>
  </testcase>
  <testcase name="CAPF045 - Se haya cargado la web" classname="Cargando la web" time="40.847">
    <system-err><![CDATA[[main] INFO net.serenitybdd.core.webdriver.driverproviders.ChromeDriverProvider - Not using automatically driver download
[main] INFO net.serenitybdd.core.webdriver.driverproviders.ProvideNewDriver - Instantiating driver
[main] INFO net.serenitybdd.core.webdriver.driverproviders.ProvideNewDriver - Driver capabilities: Capabilities {acceptInsecureCerts: false, browserName: chrome, goog:chromeOptions: {args: [], extensions: []}, loggingPrefs: org.openqa.selenium.logging...}
Starting ChromeDriver 95.0.4638.69 (6a1600ed572fedecd573b6c2b90a22fe6392a410-refs/branch-heads/4638@{#984}) on port 30636
Only local connections are allowed.
Please see https://chromedriver.chromium.org/security-considerations for suggestions on keeping ChromeDriver safe.
ChromeDriver was started successfully.
[1637269538.368][WARNING]: This version of ChromeDriver has not been tested with Chrome version 96.
Nov 18, 2021 4:05:38 PM org.openqa.selenium.remote.ProtocolHandshake createSession
INFO: Detected dialect: W3C
]]></system-err>
  </testcase>
  <testcase name="CAPF045 - Aceptar las cookies" classname="Cargando la web" time="1.016"/>
  <testcase name="CAPF045 - Limpiar" classname="Cargando la web" time="0.728"/>
  <testcase name="CAPF045 - Buscar por palabras &quot;none&quot;" classname="Cargando la web" time="0.003"/>
  <testcase name="CAPF045 - Seleccionar Provincias &quot;none&quot;" classname="Cargando la web" time="0.002"/>
  <testcase name="CAPF045 - Seleccionar Tipos de Espacios Naturales &quot;LUGAR DE IMPORTANCIA COMUNITARIA&quot;" classname="Cargando la web" time="1.741"/>
  <testcase name="CAPF045 - Nombre de Espacio Natural &quot;MARIASMAS DEL ODIEL&quot;" classname="Cargando la web" time="17.709"/>
  <testcase name="CAPF045 - Selecciona un tipo de Equipamento &quot;none&quot;" classname="Cargando la web" time="0.004"/>
  <testcase name="CAPF045 - Buscar" classname="Cargando la web" time="5.82"/>
  <testcase name="CAPF049 - Cargando el Navegador" classname="Cargando la web" time="0.012">
    <system-err><![CDATA[[main] INFO  - &amp#27;[92m
        __    _____ _____ ____ _____   ____   _    ____  ____  _____ ____  
  _     \ \  |_   _| ____/ ___|_   _| |  _ \ / \  / ___|/ ___|| ____|  _ \ 
 (_)_____| |   | | |  _| \___ \ | |   | |_) / _ \ \___ \\___ \|  _| | | | |
  _|_____| |   | | | |___ ___) || |   |  __/ ___ \ ___) |___) | |___| |_| |
 (_)     | |   |_| |_____|____/ |_|   |_| /_/   \_\____/|____/|_____|____/ 
        /_/                                                                

Cargando la web
----------------------------------------------------------------------------&amp#27;[0m
[main] INFO io.cucumber.core.plugin.SerenityReporter - Running feature from file:///C:/JenkinsWorkspace/workspace/Portales-PW-LFDXP/src/test/resources/CAP_F_049.feature
[main] WARN io.cucumber.core.plugin.SerenityReporter - Feature from file:///C:/JenkinsWorkspace/workspace/Portales-PW-LFDXP/src/test/resources/CAP_F_049.feature is not under the 'features' directory. Requirements report will not be correctly generated!
[main] INFO  - 
 _____ _____ ____ _____   ____ _____  _    ____ _____ _____ ____  
|_   _| ____/ ___|_   _| / ___|_   _|/ \  |  _ \_   _| ____|  _ \ 
  | | |  _| \___ \ | |   \___ \ | | / _ \ | |_) || | |  _| | | | |
  | | | |___ ___) || |    ___) || |/ ___ \|  _ < | | | |___| |_| |
  |_| |_____|____/ |_|   |____/ |_/_/   \_\_| \_\|_| |_____|____/ 

Cargando la web(cap-f-049---validar-estado-de-la-web;cargando-la-web)
-------------------------------------------------------------------
]]></system-err>
  </testcase>
  <testcase name="CAPF049 - Se haya cargado la web" classname="Cargando la web" time="40.552">
    <system-err><![CDATA[[main] INFO net.serenitybdd.core.webdriver.driverproviders.ChromeDriverProvider - Not using automatically driver download
[main] INFO net.serenitybdd.core.webdriver.driverproviders.ProvideNewDriver - Instantiating driver
[main] INFO net.serenitybdd.core.webdriver.driverproviders.ProvideNewDriver - Driver capabilities: Capabilities {acceptInsecureCerts: false, browserName: chrome, goog:chromeOptions: {args: [], extensions: []}, loggingPrefs: org.openqa.selenium.logging...}
Starting ChromeDriver 95.0.4638.69 (6a1600ed572fedecd573b6c2b90a22fe6392a410-refs/branch-heads/4638@{#984}) on port 21008
Only local connections are allowed.
Please see https://chromedriver.chromium.org/security-considerations for suggestions on keeping ChromeDriver safe.
ChromeDriver was started successfully.
[1637269607.479][WARNING]: This version of ChromeDriver has not been tested with Chrome version 96.
Nov 18, 2021 4:06:48 PM org.openqa.selenium.remote.ProtocolHandshake createSession
INFO: Detected dialect: W3C
]]></system-err>
  </testcase>
  <testcase name="CAPF049 - Aceptar las cookies" classname="Cargando la web" time="1.041"/>
  <testcase name="CAPF049 - Limpiar" classname="Cargando la web" time="0.623"/>
  <testcase name="CAPF049 - Buscar por palabras &quot;baha&quot;" classname="Cargando la web" time="1.395"/>
  <testcase name="CAPF049 - Seleccionar Provincias &quot;none&quot;" classname="Cargando la web" time="0.003"/>
  <testcase name="CAPF049 - Seleccionar Tipos de Espacios Naturales &quot;none&quot;" classname="Cargando la web" time="0.004"/>
  <testcase name="CAPF049 - Nombre de Espacio Natural &quot;none&quot;" classname="Cargando la web" time="0.003"/>
  <testcase name="CAPF049 - Selecciona un tipo de Equipamento &quot;none&quot;" classname="Cargando la web" time="0.003"/>
  <testcase name="CAPF049 - Buscar" classname="Cargando la web" time="5.814"/>
  <testcase name="CAPF052 - Cargando el Navegador" classname="Cargando la web" time="0.013">
    <system-err><![CDATA[[main] INFO  - &amp#27;[92m
        __    _____ _____ ____ _____   ____   _    ____  ____  _____ ____  
  _     \ \  |_   _| ____/ ___|_   _| |  _ \ / \  / ___|/ ___|| ____|  _ \ 
 (_)_____| |   | | |  _| \___ \ | |   | |_) / _ \ \___ \\___ \|  _| | | | |
  _|_____| |   | | | |___ ___) || |   |  __/ ___ \ ___) |___) | |___| |_| |
 (_)     | |   |_| |_____|____/ |_|   |_| /_/   \_\____/|____/|_____|____/ 
        /_/                                                                

Cargando la web
----------------------------------------------------------------------------&amp#27;[0m
[main] INFO io.cucumber.core.plugin.SerenityReporter - Running feature from file:///C:/JenkinsWorkspace/workspace/Portales-PW-LFDXP/src/test/resources/CAP_F_052.feature
[main] WARN io.cucumber.core.plugin.SerenityReporter - Feature from file:///C:/JenkinsWorkspace/workspace/Portales-PW-LFDXP/src/test/resources/CAP_F_052.feature is not under the 'features' directory. Requirements report will not be correctly generated!
[main] INFO  - 
 _____ _____ ____ _____   ____ _____  _    ____ _____ _____ ____  
|_   _| ____/ ___|_   _| / ___|_   _|/ \  |  _ \_   _| ____|  _ \ 
  | | |  _| \___ \ | |   \___ \ | | / _ \ | |_) || | |  _| | | | |
  | | | |___ ___) || |    ___) || |/ ___ \|  _ < | | | |___| |_| |
  |_| |_____|____/ |_|   |____/ |_/_/   \_\_| \_\|_| |_____|____/ 

Cargando la web(cap-f-052---validar-estado-de-la-web;cargando-la-web)
-------------------------------------------------------------------
]]></system-err>
  </testcase>
  <testcase name="CAPF052 - Se haya cargado la web" classname="Cargando la web" time="40.725">
    <system-err><![CDATA[[main] INFO net.serenitybdd.core.webdriver.driverproviders.ChromeDriverProvider - Not using automatically driver download
[main] INFO net.serenitybdd.core.webdriver.driverproviders.ProvideNewDriver - Instantiating driver
[main] INFO net.serenitybdd.core.webdriver.driverproviders.ProvideNewDriver - Driver capabilities: Capabilities {acceptInsecureCerts: false, browserName: chrome, goog:chromeOptions: {args: [], extensions: []}, loggingPrefs: org.openqa.selenium.logging...}
Starting ChromeDriver 95.0.4638.69 (6a1600ed572fedecd573b6c2b90a22fe6392a410-refs/branch-heads/4638@{#984}) on port 15853
Only local connections are allowed.
Please see https://chromedriver.chromium.org/security-considerations for suggestions on keeping ChromeDriver safe.
ChromeDriver was started successfully.
[1637269657.675][WARNING]: This version of ChromeDriver has not been tested with Chrome version 96.
Nov 18, 2021 4:07:37 PM org.openqa.selenium.remote.ProtocolHandshake createSession
INFO: Detected dialect: W3C
]]></system-err>
  </testcase>
  <testcase name="CAPF052 - Aceptar las cookies" classname="Cargando la web" time="1.054"/>
  <testcase name="CAPF052 - Limpiar" classname="Cargando la web" time="0.689"/>
  <testcase name="CAPF052 - Buscar por palabras &quot;none&quot;" classname="Cargando la web" time="0.006"/>
  <testcase name="CAPF052 - Seleccionar Provincias &quot;none&quot;" classname="Cargando la web" time="0.01"/>
  <testcase name="CAPF052 - Seleccionar Tipos de Espacios Naturales &quot;none&quot;" classname="Cargando la web" time="1.258"/>
  <testcase name="CAPF052 - Nombre de Espacio Natural &quot;none&quot;" classname="Cargando la web" time="0.004"/>
  <testcase name="CAPF052 - Selecciona un tipo de Equipamento &quot;REA RECREATIVA&quot;" classname="Cargando la web" time="1.426"/>
  <testcase name="CAPF052 - Buscar" classname="Cargando la web" time="5.872"/>
  <testcase name="CAPF056 - Cargando el Navegador" classname="Cargando la web" time="0.012">
    <system-err><![CDATA[[main] INFO  - &amp#27;[92m
        __    _____ _____ ____ _____   ____   _    ____  ____  _____ ____  
  _     \ \  |_   _| ____/ ___|_   _| |  _ \ / \  / ___|/ ___|| ____|  _ \ 
 (_)_____| |   | | |  _| \___ \ | |   | |_) / _ \ \___ \\___ \|  _| | | | |
  _|_____| |   | | | |___ ___) || |   |  __/ ___ \ ___) |___) | |___| |_| |
 (_)     | |   |_| |_____|____/ |_|   |_| /_/   \_\____/|____/|_____|____/ 
        /_/                                                                

Cargando la web
----------------------------------------------------------------------------&amp#27;[0m
[main] INFO io.cucumber.core.plugin.SerenityReporter - Running feature from file:///C:/JenkinsWorkspace/workspace/Portales-PW-LFDXP/src/test/resources/CAP_F_056.feature
[main] WARN io.cucumber.core.plugin.SerenityReporter - Feature from file:///C:/JenkinsWorkspace/workspace/Portales-PW-LFDXP/src/test/resources/CAP_F_056.feature is not under the 'features' directory. Requirements report will not be correctly generated!
[main] INFO  - 
 _____ _____ ____ _____   ____ _____  _    ____ _____ _____ ____  
|_   _| ____/ ___|_   _| / ___|_   _|/ \  |  _ \_   _| ____|  _ \ 
  | | |  _| \___ \ | |   \___ \ | | / _ \ | |_) || | |  _| | | | |
  | | | |___ ___) || |    ___) || |/ ___ \|  _ < | | | |___| |_| |
  |_| |_____|____/ |_|   |____/ |_/_/   \_\_| \_\|_| |_____|____/ 

Cargando la web(cap-f-056---validar-estado-de-la-web;cargando-la-web)
-------------------------------------------------------------------
]]></system-err>
  </testcase>
  <testcase name="CAPF056 - Se haya cargado la web" classname="Cargando la web" time="10.118">
    <system-err><![CDATA[[main] INFO net.serenitybdd.core.webdriver.driverproviders.ChromeDriverProvider - Not using automatically driver download
[main] INFO net.serenitybdd.core.webdriver.driverproviders.ProvideNewDriver - Instantiating driver
[main] INFO net.serenitybdd.core.webdriver.driverproviders.ProvideNewDriver - Driver capabilities: Capabilities {acceptInsecureCerts: false, browserName: chrome, goog:chromeOptions: {args: [], extensions: []}, loggingPrefs: org.openqa.selenium.logging...}
Starting ChromeDriver 95.0.4638.69 (6a1600ed572fedecd573b6c2b90a22fe6392a410-refs/branch-heads/4638@{#984}) on port 2254
Only local connections are allowed.
Please see https://chromedriver.chromium.org/security-considerations for suggestions on keeping ChromeDriver safe.
ChromeDriver was started successfully.
[1637269709.975][WARNING]: This version of ChromeDriver has not been tested with Chrome version 96.
Nov 18, 2021 4:08:30 PM org.openqa.selenium.remote.ProtocolHandshake createSession
INFO: Detected dialect: W3C
]]></system-err>
  </testcase>
  <testcase name="CAPF056 - Aceptar las cookies" classname="Cargando la web" time="1.024"/>
  <testcase name="CAPF056 - Limpiar" classname="Cargando la web" time="0.613"/>
  <testcase name="CAPF056 - Buscar por palabras &quot;none&quot;" classname="Cargando la web" time="0.003"/>
  <testcase name="CAPF056 - Seleccionar Provincias &quot;CDIZ&quot;" classname="Cargando la web" time="0.911"/>
  <testcase name="CAPF056 - Seleccionar Tipos de Espacios Naturales &quot;none&quot;" classname="Cargando la web" time="0.002"/>
  <testcase name="CAPF056 - Nombre de Espacio Natural &quot;none&quot;" classname="Cargando la web" time="0.002"/>
  <testcase name="CAPF056 - Selecciona un tipo de Equipamento &quot;REA RECREATIVA&quot;" classname="Cargando la web" time="0.686"/>
  <testcase name="CAPF056 - Buscar" classname="Cargando la web" time="5.487"/>
  <testcase name="CAPF057 - Cargando el Navegador" classname="Cargando la web" time="0.011">
    <system-err><![CDATA[[main] INFO  - &amp#27;[92m
        __    _____ _____ ____ _____   ____   _    ____  ____  _____ ____  
  _     \ \  |_   _| ____/ ___|_   _| |  _ \ / \  / ___|/ ___|| ____|  _ \ 
 (_)_____| |   | | |  _| \___ \ | |   | |_) / _ \ \___ \\___ \|  _| | | | |
  _|_____| |   | | | |___ ___) || |   |  __/ ___ \ ___) |___) | |___| |_| |
 (_)     | |   |_| |_____|____/ |_|   |_| /_/   \_\____/|____/|_____|____/ 
        /_/                                                                

Cargando la web
----------------------------------------------------------------------------&amp#27;[0m
[main] INFO io.cucumber.core.plugin.SerenityReporter - Running feature from file:///C:/JenkinsWorkspace/workspace/Portales-PW-LFDXP/src/test/resources/CAP_F_057.feature
[main] WARN io.cucumber.core.plugin.SerenityReporter - Feature from file:///C:/JenkinsWorkspace/workspace/Portales-PW-LFDXP/src/test/resources/CAP_F_057.feature is not under the 'features' directory. Requirements report will not be correctly generated!
[main] INFO  - 
 _____ _____ ____ _____   ____ _____  _    ____ _____ _____ ____  
|_   _| ____/ ___|_   _| / ___|_   _|/ \  |  _ \_   _| ____|  _ \ 
  | | |  _| \___ \ | |   \___ \ | | / _ \ | |_) || | |  _| | | | |
  | | | |___ ___) || |    ___) || |/ ___ \|  _ < | | | |___| |_| |
  |_| |_____|____/ |_|   |____/ |_/_/   \_\_| \_\|_| |_____|____/ 

Cargando la web(cap-f-057---validar-estado-de-la-web;cargando-la-web)
-------------------------------------------------------------------
]]></system-err>
  </testcase>
  <testcase name="CAPF057 - Se haya cargado la web" classname="Cargando la web" time="10.282">
    <system-err><![CDATA[[main] INFO net.serenitybdd.core.webdriver.driverproviders.ChromeDriverProvider - Not using automatically driver download
[main] INFO net.serenitybdd.core.webdriver.driverproviders.ProvideNewDriver - Instantiating driver
[main] INFO net.serenitybdd.core.webdriver.driverproviders.ProvideNewDriver - Driver capabilities: Capabilities {acceptInsecureCerts: false, browserName: chrome, goog:chromeOptions: {args: [], extensions: []}, loggingPrefs: org.openqa.selenium.logging...}
Starting ChromeDriver 95.0.4638.69 (6a1600ed572fedecd573b6c2b90a22fe6392a410-refs/branch-heads/4638@{#984}) on port 24944
Only local connections are allowed.
Please see https://chromedriver.chromium.org/security-considerations for suggestions on keeping ChromeDriver safe.
ChromeDriver was started successfully.
[1637269729.950][WARNING]: This version of ChromeDriver has not been tested with Chrome version 96.
Nov 18, 2021 4:08:50 PM org.openqa.selenium.remote.ProtocolHandshake createSession
INFO: Detected dialect: W3C
]]></system-err>
  </testcase>
  <testcase name="CAPF057 - Aceptar las cookies" classname="Cargando la web" time="0.944"/>
  <testcase name="CAPF057 - Limpiar" classname="Cargando la web" time="0.629"/>
  <testcase name="CAPF057 - Buscar por palabras &quot;none&quot;" classname="Cargando la web" time="0.003"/>
  <testcase name="CAPF057 - Seleccionar Provincias &quot;ALMERA&quot;" classname="Cargando la web" time="0.864"/>
  <testcase name="CAPF057 - Seleccionar Tipos de Espacios Naturales &quot;MONUMENTO NATURAL&quot;" classname="Cargando la web" time="0.901"/>
  <testcase name="CAPF057 - Nombre de Espacio Natural &quot;ENCINA DE LA PEANA&quot;" classname="Cargando la web" time="1.023"/>
  <testcase name="CAPF057 - Selecciona un tipo de Equipamento &quot;none&quot;" classname="Cargando la web" time="0.004"/>
  <testcase name="CAPF057 - Buscar" classname="Cargando la web" time="5.498"/>
  <testcase name="CAPF060 - Cargando el Navegador" classname="Cargando la web" time="0.009">
    <system-err><![CDATA[[main] INFO  - &amp#27;[92m
        __    _____ _____ ____ _____   ____   _    ____  ____  _____ ____  
  _     \ \  |_   _| ____/ ___|_   _| |  _ \ / \  / ___|/ ___|| ____|  _ \ 
 (_)_____| |   | | |  _| \___ \ | |   | |_) / _ \ \___ \\___ \|  _| | | | |
  _|_____| |   | | | |___ ___) || |   |  __/ ___ \ ___) |___) | |___| |_| |
 (_)     | |   |_| |_____|____/ |_|   |_| /_/   \_\____/|____/|_____|____/ 
        /_/                                                                

Cargando la web
----------------------------------------------------------------------------&amp#27;[0m
[main] INFO io.cucumber.core.plugin.SerenityReporter - Running feature from file:///C:/JenkinsWorkspace/workspace/Portales-PW-LFDXP/src/test/resources/CAP_F_060.feature
[main] WARN io.cucumber.core.plugin.SerenityReporter - Feature from file:///C:/JenkinsWorkspace/workspace/Portales-PW-LFDXP/src/test/resources/CAP_F_060.feature is not under the 'features' directory. Requirements report will not be correctly generated!
[main] INFO  - 
 _____ _____ ____ _____   ____ _____  _    ____ _____ _____ ____  
|_   _| ____/ ___|_   _| / ___|_   _|/ \  |  _ \_   _| ____|  _ \ 
  | | |  _| \___ \ | |   \___ \ | | / _ \ | |_) || | |  _| | | | |
  | | | |___ ___) || |    ___) || |/ ___ \|  _ < | | | |___| |_| |
  |_| |_____|____/ |_|   |____/ |_/_/   \_\_| \_\|_| |_____|____/ 

Cargando la web(cap-f-060---validar-estado-de-la-web;cargando-la-web)
-------------------------------------------------------------------
]]></system-err>
  </testcase>
  <testcase name="CAPF060 - Se haya cargado la web" classname="Cargando la web" time="10.324">
    <system-err><![CDATA[[main] INFO net.serenitybdd.core.webdriver.driverproviders.ChromeDriverProvider - Not using automatically driver download
[main] INFO net.serenitybdd.core.webdriver.driverproviders.ProvideNewDriver - Instantiating driver
[main] INFO net.serenitybdd.core.webdriver.driverproviders.ProvideNewDriver - Driver capabilities: Capabilities {acceptInsecureCerts: false, browserName: chrome, goog:chromeOptions: {args: [], extensions: []}, loggingPrefs: org.openqa.selenium.logging...}
Starting ChromeDriver 95.0.4638.69 (6a1600ed572fedecd573b6c2b90a22fe6392a410-refs/branch-heads/4638@{#984}) on port 44184
Only local connections are allowed.
Please see https://chromedriver.chromium.org/security-considerations for suggestions on keeping ChromeDriver safe.
ChromeDriver was started successfully.
[1637269751.180][WARNING]: This version of ChromeDriver has not been tested with Chrome version 96.
Nov 18, 2021 4:09:11 PM org.openqa.selenium.remote.ProtocolHandshake createSession
INFO: Detected dialect: W3C
]]></system-err>
  </testcase>
  <testcase name="CAPF060 - Aceptar las cookies" classname="Cargando la web" time="0.962"/>
  <testcase name="CAPF060 - Limpiar" classname="Cargando la web" time="0.541"/>
  <testcase name="CAPF060 - Buscar por palabras &quot;congreso&quot;" classname="Cargando la web" time="0.851"/>
  <testcase name="CAPF060 - Seleccionar Provincias &quot;none&quot;" classname="Cargando la web" time="0.005"/>
  <testcase name="CAPF060 - Seleccionar Tipos de Espacios Naturales &quot;none&quot;" classname="Cargando la web" time="0.004"/>
  <testcase name="CAPF060 - Nombre de Espacio Natural &quot;none&quot;" classname="Cargando la web" time="0.003"/>
  <testcase name="CAPF060 - Selecciona un tipo de Equipamento &quot;none&quot;" classname="Cargando la web" time="0.004"/>
  <testcase name="CAPF060 - Buscar" classname="Cargando la web" time="5.571"/>
  <testcase name="CAPF061 - Cargando el Navegador" classname="Cargando la web" time="0.015">
    <system-err><![CDATA[[main] INFO  - &amp#27;[92m
        __    _____ _____ ____ _____   ____   _    ____  ____  _____ ____  
  _     \ \  |_   _| ____/ ___|_   _| |  _ \ / \  / ___|/ ___|| ____|  _ \ 
 (_)_____| |   | | |  _| \___ \ | |   | |_) / _ \ \___ \\___ \|  _| | | | |
  _|_____| |   | | | |___ ___) || |   |  __/ ___ \ ___) |___) | |___| |_| |
 (_)     | |   |_| |_____|____/ |_|   |_| /_/   \_\____/|____/|_____|____/ 
        /_/                                                                

Cargando la web
----------------------------------------------------------------------------&amp#27;[0m
[main] INFO io.cucumber.core.plugin.SerenityReporter - Running feature from file:///C:/JenkinsWorkspace/workspace/Portales-PW-LFDXP/src/test/resources/CAP_F_061.feature
[main] WARN io.cucumber.core.plugin.SerenityReporter - Feature from file:///C:/JenkinsWorkspace/workspace/Portales-PW-LFDXP/src/test/resources/CAP_F_061.feature is not under the 'features' directory. Requirements report will not be correctly generated!
[main] INFO  - 
 _____ _____ ____ _____   ____ _____  _    ____ _____ _____ ____  
|_   _| ____/ ___|_   _| / ___|_   _|/ \  |  _ \_   _| ____|  _ \ 
  | | |  _| \___ \ | |   \___ \ | | / _ \ | |_) || | |  _| | | | |
  | | | |___ ___) || |    ___) || |/ ___ \|  _ < | | | |___| |_| |
  |_| |_____|____/ |_|   |____/ |_/_/   \_\_| \_\|_| |_____|____/ 

Cargando la web(cap-f-061---validar-estado-de-la-web;cargando-la-web)
-------------------------------------------------------------------
]]></system-err>
  </testcase>
  <testcase name="CAPF061 - Se haya cargado la web" classname="Cargando la web" time="10.931">
    <system-err><![CDATA[[main] INFO net.serenitybdd.core.webdriver.driverproviders.ChromeDriverProvider - Not using automatically driver download
[main] INFO net.serenitybdd.core.webdriver.driverproviders.ProvideNewDriver - Instantiating driver
[main] INFO net.serenitybdd.core.webdriver.driverproviders.ProvideNewDriver - Driver capabilities: Capabilities {acceptInsecureCerts: false, browserName: chrome, goog:chromeOptions: {args: [], extensions: []}, loggingPrefs: org.openqa.selenium.logging...}
Starting ChromeDriver 95.0.4638.69 (6a1600ed572fedecd573b6c2b90a22fe6392a410-refs/branch-heads/4638@{#984}) on port 18077
Only local connections are allowed.
Please see https://chromedriver.chromium.org/security-considerations for suggestions on keeping ChromeDriver safe.
ChromeDriver was started successfully.
[1637269770.938][WARNING]: This version of ChromeDriver has not been tested with Chrome version 96.
Nov 18, 2021 4:09:31 PM org.openqa.selenium.remote.ProtocolHandshake createSession
INFO: Detected dialect: W3C
]]></system-err>
  </testcase>
  <testcase name="CAPF061 - Aceptar las cookies" classname="Cargando la web" time="0.977"/>
  <testcase name="CAPF061 - Limpiar" classname="Cargando la web" time="0.576"/>
  <testcase name="CAPF061 - Buscar por palabras &quot;none&quot;" classname="Cargando la web" time="0.005"/>
  <testcase name="CAPF061 - Seleccionar Provincias &quot;none&quot;" classname="Cargando la web" time="0.002"/>
  <testcase name="CAPF061 - Seleccionar Tipos de Espacios Naturales &quot;none&quot;" classname="Cargando la web" time="0.002"/>
  <testcase name="CAPF061 - Nombre de Espacio Natural &quot;none&quot;" classname="Cargando la web" time="0.003"/>
  <testcase name="CAPF061 - Selecciona un tipo de Equipamento &quot;none&quot;" classname="Cargando la web" time="0.003"/>
  <testcase name="CAPF061 - Buscar" classname="Cargando la web" time="5.729"/>
  <testcase name="CAPF066 - Cargando el Navegador" classname="Cargando la web" time="0.009">
    <system-err><![CDATA[[main] INFO  - &amp#27;[92m
        __    _____ _____ ____ _____   ____   _    ____  ____  _____ ____  
  _     \ \  |_   _| ____/ ___|_   _| |  _ \ / \  / ___|/ ___|| ____|  _ \ 
 (_)_____| |   | | |  _| \___ \ | |   | |_) / _ \ \___ \\___ \|  _| | | | |
  _|_____| |   | | | |___ ___) || |   |  __/ ___ \ ___) |___) | |___| |_| |
 (_)     | |   |_| |_____|____/ |_|   |_| /_/   \_\____/|____/|_____|____/ 
        /_/                                                                

Cargando la web
----------------------------------------------------------------------------&amp#27;[0m
[main] INFO io.cucumber.core.plugin.SerenityReporter - Running feature from file:///C:/JenkinsWorkspace/workspace/Portales-PW-LFDXP/src/test/resources/CAP_F_066.feature
[main] WARN io.cucumber.core.plugin.SerenityReporter - Feature from file:///C:/JenkinsWorkspace/workspace/Portales-PW-LFDXP/src/test/resources/CAP_F_066.feature is not under the 'features' directory. Requirements report will not be correctly generated!
[main] INFO  - 
 _____ _____ ____ _____   ____ _____  _    ____ _____ _____ ____  
|_   _| ____/ ___|_   _| / ___|_   _|/ \  |  _ \_   _| ____|  _ \ 
  | | |  _| \___ \ | |   \___ \ | | / _ \ | |_) || | |  _| | | | |
  | | | |___ ___) || |    ___) || |/ ___ \|  _ < | | | |___| |_| |
  |_| |_____|____/ |_|   |____/ |_/_/   \_\_| \_\|_| |_____|____/ 

Cargando la web(cap-f-066---validar-estado-de-la-web;cargando-la-web)
-------------------------------------------------------------------
]]></system-err>
  </testcase>
  <testcase name="CAPF066 - Se haya cargado la web" classname="Cargando la web" time="9.445">
    <system-err><![CDATA[[main] INFO net.serenitybdd.core.webdriver.driverproviders.ChromeDriverProvider - Not using automatically driver download
[main] INFO net.serenitybdd.core.webdriver.driverproviders.ProvideNewDriver - Instantiating driver
[main] INFO net.serenitybdd.core.webdriver.driverproviders.ProvideNewDriver - Driver capabilities: Capabilities {acceptInsecureCerts: false, browserName: chrome, goog:chromeOptions: {args: [], extensions: []}, loggingPrefs: org.openqa.selenium.logging...}
Starting ChromeDriver 95.0.4638.69 (6a1600ed572fedecd573b6c2b90a22fe6392a410-refs/branch-heads/4638@{#984}) on port 1873
Only local connections are allowed.
Please see https://chromedriver.chromium.org/security-considerations for suggestions on keeping ChromeDriver safe.
ChromeDriver was started successfully.
[1637269789.919][WARNING]: This version of ChromeDriver has not been tested with Chrome version 96.
Nov 18, 2021 4:09:50 PM org.openqa.selenium.remote.ProtocolHandshake createSession
INFO: Detected dialect: W3C
]]></system-err>
  </testcase>
  <testcase name="CAPF066 - Aceptar las cookies" classname="Cargando la web" time="0.911"/>
  <testcase name="CAPF066 - Limpiar" classname="Cargando la web" time="0.635"/>
  <testcase name="CAPF066 - Buscar por palabras &quot;none&quot;" classname="Cargando la web" time="0.003"/>
  <testcase name="CAPF066 - Seleccionar Provincias &quot;CDIZ&quot;" classname="Cargando la web" time="0.874"/>
  <testcase name="CAPF066 - Seleccionar Tipos de Espacios Naturales &quot;none&quot;" classname="Cargando la web" time="0.003"/>
  <testcase name="CAPF066 - Nombre de Espacio Natural &quot;none&quot;" classname="Cargando la web" time="0.003"/>
  <testcase name="CAPF066 - Selecciona un tipo de Equipamento &quot;REA RECREATIVA&quot;" classname="Cargando la web" time="0.792"/>
  <testcase name="CAPF066 - Buscar" classname="Cargando la web" time="5.515"/>
  <testcase name="CAPF068 - Cargando el Navegador" classname="Cargando la web" time="0.01">
    <system-err><![CDATA[[main] INFO  - &amp#27;[92m
        __    _____ _____ ____ _____   ____   _    ____  ____  _____ ____  
  _     \ \  |_   _| ____/ ___|_   _| |  _ \ / \  / ___|/ ___|| ____|  _ \ 
 (_)_____| |   | | |  _| \___ \ | |   | |_) / _ \ \___ \\___ \|  _| | | | |
  _|_____| |   | | | |___ ___) || |   |  __/ ___ \ ___) |___) | |___| |_| |
 (_)     | |   |_| |_____|____/ |_|   |_| /_/   \_\____/|____/|_____|____/ 
        /_/                                                                

Cargando la web
----------------------------------------------------------------------------&amp#27;[0m
[main] INFO io.cucumber.core.plugin.SerenityReporter - Running feature from file:///C:/JenkinsWorkspace/workspace/Portales-PW-LFDXP/src/test/resources/CAP_F_068.feature
[main] WARN io.cucumber.core.plugin.SerenityReporter - Feature from file:///C:/JenkinsWorkspace/workspace/Portales-PW-LFDXP/src/test/resources/CAP_F_068.feature is not under the 'features' directory. Requirements report will not be correctly generated!
[main] INFO  - 
 _____ _____ ____ _____   ____ _____  _    ____ _____ _____ ____  
|_   _| ____/ ___|_   _| / ___|_   _|/ \  |  _ \_   _| ____|  _ \ 
  | | |  _| \___ \ | |   \___ \ | | / _ \ | |_) || | |  _| | | | |
  | | | |___ ___) || |    ___) || |/ ___ \|  _ < | | | |___| |_| |
  |_| |_____|____/ |_|   |____/ |_/_/   \_\_| \_\|_| |_____|____/ 

Cargando la web(cap-f-068---validar-estado-de-la-web;cargando-la-web)
-------------------------------------------------------------------
]]></system-err>
  </testcase>
  <testcase name="CAPF068 - Se haya cargado la web" classname="Cargando la web" time="8.635">
    <system-err><![CDATA[[main] INFO net.serenitybdd.core.webdriver.driverproviders.ChromeDriverProvider - Not using automatically driver download
[main] INFO net.serenitybdd.core.webdriver.driverproviders.ProvideNewDriver - Instantiating driver
[main] INFO net.serenitybdd.core.webdriver.driverproviders.ProvideNewDriver - Driver capabilities: Capabilities {acceptInsecureCerts: false, browserName: chrome, goog:chromeOptions: {args: [], extensions: []}, loggingPrefs: org.openqa.selenium.logging...}
Starting ChromeDriver 95.0.4638.69 (6a1600ed572fedecd573b6c2b90a22fe6392a410-refs/branch-heads/4638@{#984}) on port 33261
Only local connections are allowed.
Please see https://chromedriver.chromium.org/security-considerations for suggestions on keeping ChromeDriver safe.
ChromeDriver was started successfully.
[1637269809.302][WARNING]: This version of ChromeDriver has not been tested with Chrome version 96.
Nov 18, 2021 4:10:09 PM org.openqa.selenium.remote.ProtocolHandshake createSession
INFO: Detected dialect: W3C
]]></system-err>
  </testcase>
  <testcase name="CAPF068 - Aceptar las cookies" classname="Cargando la web" time="0.986"/>
  <testcase name="CAPF068 - Limpiar" classname="Cargando la web" time="0.669"/>
  <testcase name="CAPF068 - Buscar por palabras &quot;none&quot;" classname="Cargando la web" time="0.004"/>
  <testcase name="CAPF068 - Seleccionar Provincias &quot;ALMERA&quot;" classname="Cargando la web" time="0.826"/>
  <testcase name="CAPF068 - Seleccionar Tipos de Espacios Naturales &quot;MONUMENTO NATURAL&quot;" classname="Cargando la web" time="0.933"/>
  <testcase name="CAPF068 - Nombre de Espacio Natural &quot;ENCINA DE LA PEANA&quot;" classname="Cargando la web" time="1.01"/>
  <testcase name="CAPF068 - Selecciona un tipo de Equipamento &quot;none&quot;" classname="Cargando la web" time="0.003"/>
  <testcase name="CAPF068 - Buscar" classname="Cargando la web" time="5.549"/>
  <testcase name="CAPF073 - Cargando el Navegador" classname="Cargando la web" time="0.009">
    <system-err><![CDATA[[main] INFO  - &amp#27;[92m
        __    _____ _____ ____ _____   ____   _    ____  ____  _____ ____  
  _     \ \  |_   _| ____/ ___|_   _| |  _ \ / \  / ___|/ ___|| ____|  _ \ 
 (_)_____| |   | | |  _| \___ \ | |   | |_) / _ \ \___ \\___ \|  _| | | | |
  _|_____| |   | | | |___ ___) || |   |  __/ ___ \ ___) |___) | |___| |_| |
 (_)     | |   |_| |_____|____/ |_|   |_| /_/   \_\____/|____/|_____|____/ 
        /_/                                                                

Cargando la web
----------------------------------------------------------------------------&amp#27;[0m
[main] INFO io.cucumber.core.plugin.SerenityReporter - Running feature from file:///C:/JenkinsWorkspace/workspace/Portales-PW-LFDXP/src/test/resources/CAP_F_073.feature
[main] WARN io.cucumber.core.plugin.SerenityReporter - Feature from file:///C:/JenkinsWorkspace/workspace/Portales-PW-LFDXP/src/test/resources/CAP_F_073.feature is not under the 'features' directory. Requirements report will not be correctly generated!
[main] INFO  - 
 _____ _____ ____ _____   ____ _____  _    ____ _____ _____ ____  
|_   _| ____/ ___|_   _| / ___|_   _|/ \  |  _ \_   _| ____|  _ \ 
  | | |  _| \___ \ | |   \___ \ | | / _ \ | |_) || | |  _| | | | |
  | | | |___ ___) || |    ___) || |/ ___ \|  _ < | | | |___| |_| |
  |_| |_____|____/ |_|   |____/ |_/_/   \_\_| \_\|_| |_____|____/ 

Cargando la web(cap-f-073---validar-estado-de-la-web;cargando-la-web)
-------------------------------------------------------------------
]]></system-err>
  </testcase>
  <testcase name="CAPF073 - Se haya cargado la web" classname="Cargando la web" time="8.446">
    <system-err><![CDATA[[main] INFO net.serenitybdd.core.webdriver.driverproviders.ChromeDriverProvider - Not using automatically driver download
[main] INFO net.serenitybdd.core.webdriver.driverproviders.ProvideNewDriver - Instantiating driver
[main] INFO net.serenitybdd.core.webdriver.driverproviders.ProvideNewDriver - Driver capabilities: Capabilities {acceptInsecureCerts: false, browserName: chrome, goog:chromeOptions: {args: [], extensions: []}, loggingPrefs: org.openqa.selenium.logging...}
Starting ChromeDriver 95.0.4638.69 (6a1600ed572fedecd573b6c2b90a22fe6392a410-refs/branch-heads/4638@{#984}) on port 31107
Only local connections are allowed.
Please see https://chromedriver.chromium.org/security-considerations for suggestions on keeping ChromeDriver safe.
ChromeDriver was started successfully.
[1637269829.055][WARNING]: This version of ChromeDriver has not been tested with Chrome version 96.
Nov 18, 2021 4:10:29 PM org.openqa.selenium.remote.ProtocolHandshake createSession
INFO: Detected dialect: W3C
]]></system-err>
  </testcase>
  <testcase name="CAPF073 - Aceptar las cookies" classname="Cargando la web" time="0.916"/>
  <testcase name="CAPF073 - Limpiar" classname="Cargando la web" time="0.657"/>
  <testcase name="CAPF073 - Buscar por palabras &quot;zona&quot;" classname="Cargando la web" time="0.888"/>
  <testcase name="CAPF073 - Seleccionar Provincias &quot;none&quot;" classname="Cargando la web" time="0.004"/>
  <testcase name="CAPF073 - Seleccionar Tipos de Espacios Naturales &quot;none&quot;" classname="Cargando la web" time="0.002"/>
  <testcase name="CAPF073 - Nombre de Espacio Natural &quot;none&quot;" classname="Cargando la web" time="0.003"/>
  <testcase name="CAPF073 - Selecciona un tipo de Equipamento &quot;none&quot;" classname="Cargando la web" time="0.003"/>
  <testcase name="CAPF073 - Buscar" classname="Cargando la web" time="5.604"/>
  <testcase name="CAPF075 - Cargando el Navegador" classname="Cargando la web" time="0.008">
    <system-err><![CDATA[[main] INFO  - &amp#27;[92m
        __    _____ _____ ____ _____   ____   _    ____  ____  _____ ____  
  _     \ \  |_   _| ____/ ___|_   _| |  _ \ / \  / ___|/ ___|| ____|  _ \ 
 (_)_____| |   | | |  _| \___ \ | |   | |_) / _ \ \___ \\___ \|  _| | | | |
  _|_____| |   | | | |___ ___) || |   |  __/ ___ \ ___) |___) | |___| |_| |
 (_)     | |   |_| |_____|____/ |_|   |_| /_/   \_\____/|____/|_____|____/ 
        /_/                                                                

Cargando la web
----------------------------------------------------------------------------&amp#27;[0m
[main] INFO io.cucumber.core.plugin.SerenityReporter - Running feature from file:///C:/JenkinsWorkspace/workspace/Portales-PW-LFDXP/src/test/resources/CAP_F_075.feature
[main] WARN io.cucumber.core.plugin.SerenityReporter - Feature from file:///C:/JenkinsWorkspace/workspace/Portales-PW-LFDXP/src/test/resources/CAP_F_075.feature is not under the 'features' directory. Requirements report will not be correctly generated!
[main] INFO  - 
 _____ _____ ____ _____   ____ _____  _    ____ _____ _____ ____  
|_   _| ____/ ___|_   _| / ___|_   _|/ \  |  _ \_   _| ____|  _ \ 
  | | |  _| \___ \ | |   \___ \ | | / _ \ | |_) || | |  _| | | | |
  | | | |___ ___) || |    ___) || |/ ___ \|  _ < | | | |___| |_| |
  |_| |_____|____/ |_|   |____/ |_/_/   \_\_| \_\|_| |_____|____/ 

Cargando la web(cap-f-075---validar-estado-de-la-web;cargando-la-web)
-------------------------------------------------------------------
]]></system-err>
  </testcase>
  <testcase name="CAPF075 - Se haya cargado la web" classname="Cargando la web" time="9.062">
    <system-err><![CDATA[[main] INFO net.serenitybdd.core.webdriver.driverproviders.ChromeDriverProvider - Not using automatically driver download
[main] INFO net.serenitybdd.core.webdriver.driverproviders.ProvideNewDriver - Instantiating driver
[main] INFO net.serenitybdd.core.webdriver.driverproviders.ProvideNewDriver - Driver capabilities: Capabilities {acceptInsecureCerts: false, browserName: chrome, goog:chromeOptions: {args: [], extensions: []}, loggingPrefs: org.openqa.selenium.logging...}
Starting ChromeDriver 95.0.4638.69 (6a1600ed572fedecd573b6c2b90a22fe6392a410-refs/branch-heads/4638@{#984}) on port 20931
Only local connections are allowed.
Please see https://chromedriver.chromium.org/security-considerations for suggestions on keeping ChromeDriver safe.
ChromeDriver was started successfully.
[1637269846.725][WARNING]: This version of ChromeDriver has not been tested with Chrome version 96.
Nov 18, 2021 4:10:46 PM org.openqa.selenium.remote.ProtocolHandshake createSession
INFO: Detected dialect: W3C
]]></system-err>
  </testcase>
  <testcase name="CAPF075 - Aceptar las cookies" classname="Cargando la web" time="0.845"/>
  <testcase name="CAPF075 - Limpiar" classname="Cargando la web" time="0.653"/>
  <testcase name="CAPF075 - Buscar por palabras &quot;none&quot;" classname="Cargando la web" time="0.003"/>
  <testcase name="CAPF075 - Seleccionar Provincias &quot;none&quot;" classname="Cargando la web" time="0.004"/>
  <testcase name="CAPF075 - Seleccionar Tipos de Espacios Naturales &quot;none&quot;" classname="Cargando la web" time="0.002"/>
  <testcase name="CAPF075 - Nombre de Espacio Natural &quot;none&quot;" classname="Cargando la web" time="0.003"/>
  <testcase name="CAPF075 - Selecciona un tipo de Equipamento &quot;none&quot;" classname="Cargando la web" time="0.002"/>
  <testcase name="CAPF075 - Buscar" classname="Cargando la web" time="5.595"/>
  <testcase name="CAPF080 - Cargando el Navegador" classname="Cargando la web" time="0.009">
    <system-err><![CDATA[[main] INFO  - &amp#27;[92m
        __    _____ _____ ____ _____   ____   _    ____  ____  _____ ____  
  _     \ \  |_   _| ____/ ___|_   _| |  _ \ / \  / ___|/ ___|| ____|  _ \ 
 (_)_____| |   | | |  _| \___ \ | |   | |_) / _ \ \___ \\___ \|  _| | | | |
  _|_____| |   | | | |___ ___) || |   |  __/ ___ \ ___) |___) | |___| |_| |
 (_)     | |   |_| |_____|____/ |_|   |_| /_/   \_\____/|____/|_____|____/ 
        /_/                                                                

Cargando la web
----------------------------------------------------------------------------&amp#27;[0m
[main] INFO io.cucumber.core.plugin.SerenityReporter - Running feature from file:///C:/JenkinsWorkspace/workspace/Portales-PW-LFDXP/src/test/resources/CAP_F_080.feature
[main] WARN io.cucumber.core.plugin.SerenityReporter - Feature from file:///C:/JenkinsWorkspace/workspace/Portales-PW-LFDXP/src/test/resources/CAP_F_080.feature is not under the 'features' directory. Requirements report will not be correctly generated!
[main] INFO  - 
 _____ _____ ____ _____   ____ _____  _    ____ _____ _____ ____  
|_   _| ____/ ___|_   _| / ___|_   _|/ \  |  _ \_   _| ____|  _ \ 
  | | |  _| \___ \ | |   \___ \ | | / _ \ | |_) || | |  _| | | | |
  | | | |___ ___) || |    ___) || |/ ___ \|  _ < | | | |___| |_| |
  |_| |_____|____/ |_|   |____/ |_/_/   \_\_| \_\|_| |_____|____/ 

Cargando la web(cap-f-080---validar-estado-de-la-web;cargando-la-web)
-------------------------------------------------------------------
]]></system-err>
  </testcase>
  <testcase name="CAPF080 - Se haya cargado la web" classname="Cargando la web" time="30.835">
    <system-err><![CDATA[[main] INFO net.serenitybdd.core.webdriver.driverproviders.ChromeDriverProvider - Not using automatically driver download
[main] INFO net.serenitybdd.core.webdriver.driverproviders.ProvideNewDriver - Instantiating driver
[main] INFO net.serenitybdd.core.webdriver.driverproviders.ProvideNewDriver - Driver capabilities: Capabilities {acceptInsecureCerts: false, browserName: chrome, goog:chromeOptions: {args: [], extensions: []}, loggingPrefs: org.openqa.selenium.logging...}
Starting ChromeDriver 95.0.4638.69 (6a1600ed572fedecd573b6c2b90a22fe6392a410-refs/branch-heads/4638@{#984}) on port 36150
Only local connections are allowed.
Please see https://chromedriver.chromium.org/security-considerations for suggestions on keeping ChromeDriver safe.
ChromeDriver was started successfully.
[1637269863.998][WARNING]: This version of ChromeDriver has not been tested with Chrome version 96.
Nov 18, 2021 4:11:04 PM org.openqa.selenium.remote.ProtocolHandshake createSession
INFO: Detected dialect: W3C
]]></system-err>
  </testcase>
  <testcase name="CAPF080 - Aceptar las cookies" classname="Cargando la web" time="1.048"/>
  <testcase name="CAPF080 - Limpiar" classname="Cargando la web" time="0.665"/>
  <testcase name="CAPF080 - Buscar por palabras &quot;none&quot;" classname="Cargando la web" time="0.003"/>
  <testcase name="CAPF080 - Seleccionar Provincias &quot;ALMERA&quot;" classname="Cargando la web" time="0.926"/>
  <testcase name="CAPF080 - Seleccionar Tipos de Espacios Naturales &quot;none&quot;" classname="Cargando la web" time="0.003"/>
  <testcase name="CAPF080 - Nombre de Espacio Natural &quot;none&quot;" classname="Cargando la web" time="0.003"/>
  <testcase name="CAPF080 - Selecciona un tipo de Equipamento &quot;REA RECREATIVA&quot;" classname="Cargando la web" time="0.865"/>
  <testcase name="CAPF080 - Buscar" classname="Cargando la web" time="5.545"/>
  <testcase name="CAPF084 - Cargando el Navegador" classname="Cargando la web" time="0.01">
    <system-err><![CDATA[[main] INFO  - &amp#27;[92m
        __    _____ _____ ____ _____   ____   _    ____  ____  _____ ____  
  _     \ \  |_   _| ____/ ___|_   _| |  _ \ / \  / ___|/ ___|| ____|  _ \ 
 (_)_____| |   | | |  _| \___ \ | |   | |_) / _ \ \___ \\___ \|  _| | | | |
  _|_____| |   | | | |___ ___) || |   |  __/ ___ \ ___) |___) | |___| |_| |
 (_)     | |   |_| |_____|____/ |_|   |_| /_/   \_\____/|____/|_____|____/ 
        /_/                                                                

Cargando la web
----------------------------------------------------------------------------&amp#27;[0m
[main] INFO io.cucumber.core.plugin.SerenityReporter - Running feature from file:///C:/JenkinsWorkspace/workspace/Portales-PW-LFDXP/src/test/resources/CAP_F_084.feature
[main] WARN io.cucumber.core.plugin.SerenityReporter - Feature from file:///C:/JenkinsWorkspace/workspace/Portales-PW-LFDXP/src/test/resources/CAP_F_084.feature is not under the 'features' directory. Requirements report will not be correctly generated!
[main] INFO  - 
 _____ _____ ____ _____   ____ _____  _    ____ _____ _____ ____  
|_   _| ____/ ___|_   _| / ___|_   _|/ \  |  _ \_   _| ____|  _ \ 
  | | |  _| \___ \ | |   \___ \ | | / _ \ | |_) || | |  _| | | | |
  | | | |___ ___) || |    ___) || |/ ___ \|  _ < | | | |___| |_| |
  |_| |_____|____/ |_|   |____/ |_/_/   \_\_| \_\|_| |_____|____/ 

Cargando la web(cap-f-084---validar-estado-de-la-web;cargando-la-web)
-------------------------------------------------------------------
]]></system-err>
  </testcase>
  <testcase name="CAPF084 - Se haya cargado la web" classname="Cargando la web" time="30.586">
    <system-err><![CDATA[[main] INFO net.serenitybdd.core.webdriver.driverproviders.ChromeDriverProvider - Not using automatically driver download
[main] INFO net.serenitybdd.core.webdriver.driverproviders.ProvideNewDriver - Instantiating driver
[main] INFO net.serenitybdd.core.webdriver.driverproviders.ProvideNewDriver - Driver capabilities: Capabilities {acceptInsecureCerts: false, browserName: chrome, goog:chromeOptions: {args: [], extensions: []}, loggingPrefs: org.openqa.selenium.logging...}
Starting ChromeDriver 95.0.4638.69 (6a1600ed572fedecd573b6c2b90a22fe6392a410-refs/branch-heads/4638@{#984}) on port 36017
Only local connections are allowed.
Please see https://chromedriver.chromium.org/security-considerations for suggestions on keeping ChromeDriver safe.
ChromeDriver was started successfully.
[1637269905.013][WARNING]: This version of ChromeDriver has not been tested with Chrome version 96.
Nov 18, 2021 4:11:45 PM org.openqa.selenium.remote.ProtocolHandshake createSession
INFO: Detected dialect: W3C
]]></system-err>
  </testcase>
  <testcase name="CAPF084 - Aceptar las cookies" classname="Cargando la web" time="0.981"/>
  <testcase name="CAPF084 - Limpiar" classname="Cargando la web" time="0.63"/>
  <testcase name="CAPF084 - Buscar por palabras &quot;none&quot;" classname="Cargando la web" time="0.003"/>
  <testcase name="CAPF084 - Seleccionar Provincias &quot;none&quot;" classname="Cargando la web" time="0.005"/>
  <testcase name="CAPF084 - Seleccionar Tipos de Espacios Naturales &quot;LUGAR DE IMPORTANCIA COMUNITARIA&quot;" classname="Cargando la web" time="1.149"/>
  <testcase name="CAPF084 - Nombre de Espacio Natural &quot;ACEBUCHAL DE ALPIZAR&quot;" classname="Cargando la web" time="1.34"/>
  <testcase name="CAPF084 - Selecciona un tipo de Equipamento &quot;none&quot;" classname="Cargando la web" time="0.002"/>
  <testcase name="CAPF084 - Buscar" classname="Cargando la web" time="5.486"/>
  <testcase name="CAPF087 - Cargando el Navegador" classname="Cargando la web" time="0.014">
    <system-err><![CDATA[[main] INFO  - &amp#27;[92m
        __    _____ _____ ____ _____   ____   _    ____  ____  _____ ____  
  _     \ \  |_   _| ____/ ___|_   _| |  _ \ / \  / ___|/ ___|| ____|  _ \ 
 (_)_____| |   | | |  _| \___ \ | |   | |_) / _ \ \___ \\___ \|  _| | | | |
  _|_____| |   | | | |___ ___) || |   |  __/ ___ \ ___) |___) | |___| |_| |
 (_)     | |   |_| |_____|____/ |_|   |_| /_/   \_\____/|____/|_____|____/ 
        /_/                                                                

Cargando la web
----------------------------------------------------------------------------&amp#27;[0m
[main] INFO io.cucumber.core.plugin.SerenityReporter - Running feature from file:///C:/JenkinsWorkspace/workspace/Portales-PW-LFDXP/src/test/resources/CAP_F_087.feature
[main] WARN io.cucumber.core.plugin.SerenityReporter - Feature from file:///C:/JenkinsWorkspace/workspace/Portales-PW-LFDXP/src/test/resources/CAP_F_087.feature is not under the 'features' directory. Requirements report will not be correctly generated!
[main] INFO  - 
 _____ _____ ____ _____   ____ _____  _    ____ _____ _____ ____  
|_   _| ____/ ___|_   _| / ___|_   _|/ \  |  _ \_   _| ____|  _ \ 
  | | |  _| \___ \ | |   \___ \ | | / _ \ | |_) || | |  _| | | | |
  | | | |___ ___) || |    ___) || |/ ___ \|  _ < | | | |___| |_| |
  |_| |_____|____/ |_|   |____/ |_/_/   \_\_| \_\|_| |_____|____/ 

Cargando la web(cap-f-087---validar-estado-de-la-web;cargando-la-web)
-------------------------------------------------------------------
]]></system-err>
  </testcase>
  <testcase name="CAPF087 - Se haya cargado la web" classname="Cargando la web" time="30.943">
    <system-err><![CDATA[[main] INFO net.serenitybdd.core.webdriver.driverproviders.ChromeDriverProvider - Not using automatically driver download
[main] INFO net.serenitybdd.core.webdriver.driverproviders.ProvideNewDriver - Instantiating driver
[main] INFO net.serenitybdd.core.webdriver.driverproviders.ProvideNewDriver - Driver capabilities: Capabilities {acceptInsecureCerts: false, browserName: chrome, goog:chromeOptions: {args: [], extensions: []}, loggingPrefs: org.openqa.selenium.logging...}
Starting ChromeDriver 95.0.4638.69 (6a1600ed572fedecd573b6c2b90a22fe6392a410-refs/branch-heads/4638@{#984}) on port 45630
Only local connections are allowed.
Please see https://chromedriver.chromium.org/security-considerations for suggestions on keeping ChromeDriver safe.
ChromeDriver was started successfully.
[1637269946.421][WARNING]: This version of ChromeDriver has not been tested with Chrome version 96.
Nov 18, 2021 4:12:26 PM org.openqa.selenium.remote.ProtocolHandshake createSession
INFO: Detected dialect: W3C
]]></system-err>
  </testcase>
  <testcase name="CAPF087 - Aceptar las cookies" classname="Cargando la web" time="1.034"/>
  <testcase name="CAPF087 - Limpiar" classname="Cargando la web" time="0.64"/>
  <testcase name="CAPF087 - Buscar por palabras &quot;Andaluca, tierra de acogida de quebrantahuesos&quot;" classname="Cargando la web" time="0.921"/>
  <testcase name="CAPF087 - Seleccionar Provincias &quot;none&quot;" classname="Cargando la web" time="0.005"/>
  <testcase name="CAPF087 - Seleccionar Tipos de Espacios Naturales &quot;none&quot;" classname="Cargando la web" time="0.002"/>
  <testcase name="CAPF087 - Nombre de Espacio Natural &quot;none&quot;" classname="Cargando la web" time="0.003"/>
  <testcase name="CAPF087 - Selecciona un tipo de Equipamento &quot;none&quot;" classname="Cargando la web" time="0.004"/>
  <testcase name="CAPF087 - Buscar" classname="Cargando la web" time="5.551"/>
  <testcase name="CAPF090 - Cargando el Navegador" classname="Cargando la web" time="0.014">
    <system-err><![CDATA[[main] INFO  - &amp#27;[92m
        __    _____ _____ ____ _____   ____   _    ____  ____  _____ ____  
  _     \ \  |_   _| ____/ ___|_   _| |  _ \ / \  / ___|/ ___|| ____|  _ \ 
 (_)_____| |   | | |  _| \___ \ | |   | |_) / _ \ \___ \\___ \|  _| | | | |
  _|_____| |   | | | |___ ___) || |   |  __/ ___ \ ___) |___) | |___| |_| |
 (_)     | |   |_| |_____|____/ |_|   |_| /_/   \_\____/|____/|_____|____/ 
        /_/                                                                

Cargando la web
----------------------------------------------------------------------------&amp#27;[0m
[main] INFO io.cucumber.core.plugin.SerenityReporter - Running feature from file:///C:/JenkinsWorkspace/workspace/Portales-PW-LFDXP/src/test/resources/CAP_F_090.feature
[main] WARN io.cucumber.core.plugin.SerenityReporter - Feature from file:///C:/JenkinsWorkspace/workspace/Portales-PW-LFDXP/src/test/resources/CAP_F_090.feature is not under the 'features' directory. Requirements report will not be correctly generated!
[main] INFO  - 
 _____ _____ ____ _____   ____ _____  _    ____ _____ _____ ____  
|_   _| ____/ ___|_   _| / ___|_   _|/ \  |  _ \_   _| ____|  _ \ 
  | | |  _| \___ \ | |   \___ \ | | / _ \ | |_) || | |  _| | | | |
  | | | |___ ___) || |    ___) || |/ ___ \|  _ < | | | |___| |_| |
  |_| |_____|____/ |_|   |____/ |_/_/   \_\_| \_\|_| |_____|____/ 

Cargando la web(cap-f-090---validar-estado-de-la-web;cargando-la-web)
-------------------------------------------------------------------
]]></system-err>
  </testcase>
  <testcase name="CAPF090 - Se haya cargado la web" classname="Cargando la web" time="30.447">
    <system-err><![CDATA[[main] INFO net.serenitybdd.core.webdriver.driverproviders.ChromeDriverProvider - Not using automatically driver download
[main] INFO net.serenitybdd.core.webdriver.driverproviders.ProvideNewDriver - Instantiating driver
[main] INFO net.serenitybdd.core.webdriver.driverproviders.ProvideNewDriver - Driver capabilities: Capabilities {acceptInsecureCerts: false, browserName: chrome, goog:chromeOptions: {args: [], extensions: []}, loggingPrefs: org.openqa.selenium.logging...}
Starting ChromeDriver 95.0.4638.69 (6a1600ed572fedecd573b6c2b90a22fe6392a410-refs/branch-heads/4638@{#984}) on port 8252
Only local connections are allowed.
Please see https://chromedriver.chromium.org/security-considerations for suggestions on keeping ChromeDriver safe.
ChromeDriver was started successfully.
[1637269986.629][WARNING]: This version of ChromeDriver has not been tested with Chrome version 96.
Nov 18, 2021 4:13:06 PM org.openqa.selenium.remote.ProtocolHandshake createSession
INFO: Detected dialect: W3C
]]></system-err>
  </testcase>
  <testcase name="CAPF090 - Aceptar las cookies" classname="Cargando la web" time="1.003"/>
  <testcase name="CAPF090 - Limpiar" classname="Cargando la web" time="0.605"/>
  <testcase name="CAPF090 - Buscar por palabras &quot;Andaluca&quot;" classname="Cargando la web" time="0.934"/>
  <testcase name="CAPF090 - Seleccionar Provincias &quot;CDIZ&quot;" classname="Cargando la web" time="0.863"/>
  <testcase name="CAPF090 - Seleccionar Tipos de Espacios Naturales &quot;none&quot;" classname="Cargando la web" time="0.004"/>
  <testcase name="CAPF090 - Nombre de Espacio Natural &quot;none&quot;" classname="Cargando la web" time="0.003"/>
  <testcase name="CAPF090 - Selecciona un tipo de Equipamento &quot;CENTRO DE VISITANTES&quot;" classname="Cargando la web" time="1.124"/>
  <testcase name="CAPF090 - Buscar" classname="Cargando la web" time="5.532"/>
  <testcase name="CAPF101 - Cargando el Navegador" classname="Cargando la web" time="0.014">
    <system-err><![CDATA[[main] INFO  - &amp#27;[92m
        __    _____ _____ ____ _____   ____   _    ____  ____  _____ ____  
  _     \ \  |_   _| ____/ ___|_   _| |  _ \ / \  / ___|/ ___|| ____|  _ \ 
 (_)_____| |   | | |  _| \___ \ | |   | |_) / _ \ \___ \\___ \|  _| | | | |
  _|_____| |   | | | |___ ___) || |   |  __/ ___ \ ___) |___) | |___| |_| |
 (_)     | |   |_| |_____|____/ |_|   |_| /_/   \_\____/|____/|_____|____/ 
        /_/                                                                

Cargando la web
----------------------------------------------------------------------------&amp#27;[0m
[main] INFO io.cucumber.core.plugin.SerenityReporter - Running feature from file:///C:/JenkinsWorkspace/workspace/Portales-PW-LFDXP/src/test/resources/CAP_F_101.feature
[main] WARN io.cucumber.core.plugin.SerenityReporter - Feature from file:///C:/JenkinsWorkspace/workspace/Portales-PW-LFDXP/src/test/resources/CAP_F_101.feature is not under the 'features' directory. Requirements report will not be correctly generated!
[main] INFO  - 
 _____ _____ ____ _____   ____ _____  _    ____ _____ _____ ____  
|_   _| ____/ ___|_   _| / ___|_   _|/ \  |  _ \_   _| ____|  _ \ 
  | | |  _| \___ \ | |   \___ \ | | / _ \ | |_) || | |  _| | | | |
  | | | |___ ___) || |    ___) || |/ ___ \|  _ < | | | |___| |_| |
  |_| |_____|____/ |_|   |____/ |_/_/   \_\_| \_\|_| |_____|____/ 

Cargando la web(cap-f-101---validar-estado-de-la-web;cargando-la-web)
-------------------------------------------------------------------
]]></system-err>
  </testcase>
  <testcase name="CAPF101 - Se haya cargado la web" classname="Cargando la web" time="8.81">
    <system-err><![CDATA[[main] INFO net.serenitybdd.core.webdriver.driverproviders.ChromeDriverProvider - Not using automatically driver download
[main] INFO net.serenitybdd.core.webdriver.driverproviders.ProvideNewDriver - Instantiating driver
[main] INFO net.serenitybdd.core.webdriver.driverproviders.ProvideNewDriver - Driver capabilities: Capabilities {acceptInsecureCerts: false, browserName: chrome, goog:chromeOptions: {args: [], extensions: []}, loggingPrefs: org.openqa.selenium.logging...}
Starting ChromeDriver 95.0.4638.69 (6a1600ed572fedecd573b6c2b90a22fe6392a410-refs/branch-heads/4638@{#984}) on port 18675
Only local connections are allowed.
Please see https://chromedriver.chromium.org/security-considerations for suggestions on keeping ChromeDriver safe.
ChromeDriver was started successfully.
[1637270028.312][WARNING]: This version of ChromeDriver has not been tested with Chrome version 96.
Nov 18, 2021 4:13:48 PM org.openqa.selenium.remote.ProtocolHandshake createSession
INFO: Detected dialect: W3C
]]></system-err>
  </testcase>
  <testcase name="CAPF101 - Aceptar las cookies" classname="Cargando la web" time="0.869"/>
  <testcase name="CAPF101 - Limpiar" classname="Cargando la web" time="0.664"/>
  <testcase name="CAPF101 - Buscar por palabras &quot;none&quot;" classname="Cargando la web" time="0.005"/>
  <testcase name="CAPF101 - Seleccionar Provincias &quot;ALMERA&quot;" classname="Cargando la web" time="0.771"/>
  <testcase name="CAPF101 - Seleccionar Categorias &quot;GUAS&quot;" classname="Cargando la web" time="0.891"/>
  <testcase name="CAPF101 - Seleccionar SubCategorias &quot;none&quot;" classname="Cargando la web" time="0.003"/>
  <testcase name="CAPF101 - Seleccionar Tipo de Archivo &quot;PDF&quot;" classname="Cargando la web" time="0.814"/>
  <testcase name="CAPF101 - Selecciona un tipo de Equipamento &quot;none&quot;" classname="Cargando la web" time="0.003"/>
  <testcase name="CAPF101 - Seleccionar Tipos de Espacios Naturales &quot;MONUMENTO NATURAL&quot;" classname="Cargando la web" time="0.895"/>
  <testcase name="CAPF101 - Nombre de Espacio Natural &quot;none&quot;" classname="Cargando la web" time="0.003"/>
  <testcase name="CAPF101 - Buscar" classname="Cargando la web" time="5.503"/>
  <testcase name="CAPF104 - Cargando el Navegador" classname="Cargando la web" time="0.011">
    <system-err><![CDATA[[main] INFO  - &amp#27;[92m
        __    _____ _____ ____ _____   ____   _    ____  ____  _____ ____  
  _     \ \  |_   _| ____/ ___|_   _| |  _ \ / \  / ___|/ ___|| ____|  _ \ 
 (_)_____| |   | | |  _| \___ \ | |   | |_) / _ \ \___ \\___ \|  _| | | | |
  _|_____| |   | | | |___ ___) || |   |  __/ ___ \ ___) |___) | |___| |_| |
 (_)     | |   |_| |_____|____/ |_|   |_| /_/   \_\____/|____/|_____|____/ 
        /_/                                                                

Cargando la web
----------------------------------------------------------------------------&amp#27;[0m
[main] INFO io.cucumber.core.plugin.SerenityReporter - Running feature from file:///C:/JenkinsWorkspace/workspace/Portales-PW-LFDXP/src/test/resources/CAP_F_104.feature
[main] WARN io.cucumber.core.plugin.SerenityReporter - Feature from file:///C:/JenkinsWorkspace/workspace/Portales-PW-LFDXP/src/test/resources/CAP_F_104.feature is not under the 'features' directory. Requirements report will not be correctly generated!
[main] INFO  - 
 _____ _____ ____ _____   ____ _____  _    ____ _____ _____ ____  
|_   _| ____/ ___|_   _| / ___|_   _|/ \  |  _ \_   _| ____|  _ \ 
  | | |  _| \___ \ | |   \___ \ | | / _ \ | |_) || | |  _| | | | |
  | | | |___ ___) || |    ___) || |/ ___ \|  _ < | | | |___| |_| |
  |_| |_____|____/ |_|   |____/ |_/_/   \_\_| \_\|_| |_____|____/ 

Cargando la web(cap-f-104---validar-estado-de-la-web;cargando-la-web)
-------------------------------------------------------------------
]]></system-err>
  </testcase>
  <testcase name="CAPF104 - Se haya cargado la web" classname="Cargando la web" time="8.568">
    <system-err><![CDATA[[main] INFO net.serenitybdd.core.webdriver.driverproviders.ChromeDriverProvider - Not using automatically driver download
[main] INFO net.serenitybdd.core.webdriver.driverproviders.ProvideNewDriver - Instantiating driver
[main] INFO net.serenitybdd.core.webdriver.driverproviders.ProvideNewDriver - Driver capabilities: Capabilities {acceptInsecureCerts: false, browserName: chrome, goog:chromeOptions: {args: [], extensions: []}, loggingPrefs: org.openqa.selenium.logging...}
Starting ChromeDriver 95.0.4638.69 (6a1600ed572fedecd573b6c2b90a22fe6392a410-refs/branch-heads/4638@{#984}) on port 37086
Only local connections are allowed.
Please see https://chromedriver.chromium.org/security-considerations for suggestions on keeping ChromeDriver safe.
ChromeDriver was started successfully.
[1637270048.666][WARNING]: This version of ChromeDriver has not been tested with Chrome version 96.
Nov 18, 2021 4:14:08 PM org.openqa.selenium.remote.ProtocolHandshake createSession
INFO: Detected dialect: W3C
]]></system-err>
  </testcase>
  <testcase name="CAPF104 - Aceptar las cookies" classname="Cargando la web" time="0.92"/>
  <testcase name="CAPF104 - Limpiar" classname="Cargando la web" time="0.635"/>
  <testcase name="CAPF104 - Buscar por palabras &quot;gua&quot;" classname="Cargando la web" time="0.883"/>
  <testcase name="CAPF104 - Seleccionar Provincias &quot;none&quot;" classname="Cargando la web" time="0.003"/>
  <testcase name="CAPF104 - Seleccionar Categorias &quot;none&quot;" classname="Cargando la web" time="0.002"/>
  <testcase name="CAPF104 - Seleccionar SubCategorias &quot;none&quot;" classname="Cargando la web" time="0.003"/>
  <testcase name="CAPF104 - Seleccionar Tipo de Archivo &quot;none&quot;" classname="Cargando la web" time="0.003"/>
  <testcase name="CAPF104 - Selecciona un tipo de Equipamento &quot;none&quot;" classname="Cargando la web" time="0.002"/>
  <testcase name="CAPF104 - Seleccionar Tipos de Espacios Naturales &quot;none&quot;" classname="Cargando la web" time="0.004"/>
  <testcase name="CAPF104 - Nombre de Espacio Natural &quot;none&quot;" classname="Cargando la web" time="0.004"/>
  <testcase name="CAPF104 - Buscar" classname="Cargando la web" time="5.515"/>
  <testcase name="CAPF107 - Cargando el Navegador" classname="Cargando la web" time="0.011">
    <system-err><![CDATA[[main] INFO  - &amp#27;[92m
        __    _____ _____ ____ _____   ____   _    ____  ____  _____ ____  
  _     \ \  |_   _| ____/ ___|_   _| |  _ \ / \  / ___|/ ___|| ____|  _ \ 
 (_)_____| |   | | |  _| \___ \ | |   | |_) / _ \ \___ \\___ \|  _| | | | |
  _|_____| |   | | | |___ ___) || |   |  __/ ___ \ ___) |___) | |___| |_| |
 (_)     | |   |_| |_____|____/ |_|   |_| /_/   \_\____/|____/|_____|____/ 
        /_/                                                                

Cargando la web
----------------------------------------------------------------------------&amp#27;[0m
[main] INFO io.cucumber.core.plugin.SerenityReporter - Running feature from file:///C:/JenkinsWorkspace/workspace/Portales-PW-LFDXP/src/test/resources/CAP_F_107.feature
[main] WARN io.cucumber.core.plugin.SerenityReporter - Feature from file:///C:/JenkinsWorkspace/workspace/Portales-PW-LFDXP/src/test/resources/CAP_F_107.feature is not under the 'features' directory. Requirements report will not be correctly generated!
[main] INFO  - 
 _____ _____ ____ _____   ____ _____  _    ____ _____ _____ ____  
|_   _| ____/ ___|_   _| / ___|_   _|/ \  |  _ \_   _| ____|  _ \ 
  | | |  _| \___ \ | |   \___ \ | | / _ \ | |_) || | |  _| | | | |
  | | | |___ ___) || |    ___) || |/ ___ \|  _ < | | | |___| |_| |
  |_| |_____|____/ |_|   |____/ |_/_/   \_\_| \_\|_| |_____|____/ 

Cargando la web(cap-f-107---validar-estado-de-la-web;cargando-la-web)
-------------------------------------------------------------------
]]></system-err>
  </testcase>
  <testcase name="CAPF107 - Se haya cargado la web" classname="Cargando la web" time="8.638">
    <system-err><![CDATA[[main] INFO net.serenitybdd.core.webdriver.driverproviders.ChromeDriverProvider - Not using automatically driver download
[main] INFO net.serenitybdd.core.webdriver.driverproviders.ProvideNewDriver - Instantiating driver
[main] INFO net.serenitybdd.core.webdriver.driverproviders.ProvideNewDriver - Driver capabilities: Capabilities {acceptInsecureCerts: false, browserName: chrome, goog:chromeOptions: {args: [], extensions: []}, loggingPrefs: org.openqa.selenium.logging...}
Starting ChromeDriver 95.0.4638.69 (6a1600ed572fedecd573b6c2b90a22fe6392a410-refs/branch-heads/4638@{#984}) on port 9589
Only local connections are allowed.
Please see https://chromedriver.chromium.org/security-considerations for suggestions on keeping ChromeDriver safe.
ChromeDriver was started successfully.
[1637270066.324][WARNING]: This version of ChromeDriver has not been tested with Chrome version 96.
Nov 18, 2021 4:14:26 PM org.openqa.selenium.remote.ProtocolHandshake createSession
INFO: Detected dialect: W3C
]]></system-err>
  </testcase>
  <testcase name="CAPF107 - Aceptar las cookies" classname="Cargando la web" time="0.939"/>
  <testcase name="CAPF107 - Limpiar" classname="Cargando la web" time="0.691"/>
  <testcase name="CAPF107 - Buscar por palabras &quot;none&quot;" classname="Cargando la web" time="0.004"/>
  <testcase name="CAPF107 - Seleccionar Provincias &quot;none&quot;" classname="Cargando la web" time="0.003"/>
  <testcase name="CAPF107 - Seleccionar Categorias &quot;none&quot;" classname="Cargando la web" time="0.005"/>
  <testcase name="CAPF107 - Seleccionar SubCategorias &quot;none&quot;" classname="Cargando la web" time="0.005"/>
  <testcase name="CAPF107 - Seleccionar Tipo de Archivo &quot;none&quot;" classname="Cargando la web" time="0.004"/>
  <testcase name="CAPF107 - Selecciona un tipo de Equipamento &quot;none&quot;" classname="Cargando la web" time="0.004"/>
  <testcase name="CAPF107 - Seleccionar Tipos de Espacios Naturales &quot;none&quot;" classname="Cargando la web" time="0.371"/>
  <testcase name="CAPF107 - Nombre de Espacio Natural &quot;none&quot;" classname="Cargando la web" time="0.003"/>
  <testcase name="CAPF107 - Buscar" classname="Cargando la web" time="5.56"/>
</testsuite>