<?xml version="1.0" encoding="UTF-8"?><testsuite errors="1" failures="0" name="CAP_F_013 - Buscar Contenido en la Web de Portales (Buscador de Tramites)" skipped="0" tests="2" time="25.39" timestamp="2021-11-18 03:59:18"><testcase name="Cargando la pagina en donde se buscara"><error message="javascript error: Cannot read properties of null (reading 'contains')&#10;  (Session info: chrome=96.0.4664.45)&#10;Build info: version: '3.141.59', revision: 'e82be7d358', time: '2018-11-14T08:17:03'&#10;System info: host: 'TRJ-8YJ4473', ip: '192.168.0.12', os.name: 'Windows 10', os.arch: 'amd64', os.version: '10.0', java.version: '1.8.0_301'&#10;Driver info: org.openqa.selenium.chrome.ChromeDriver&#10;Capabilities {acceptInsecureCerts: false, browserName: chrome, browserVersion: 96.0.4664.45, chrome: {chromedriverVersion: 95.0.4638.69 (6a1600ed572fe..., userDataDir: C:\Users\jmedinal\AppData\L...}, goog:chromeOptions: {debuggerAddress: localhost:56050}, javascriptEnabled: true, networkConnectionEnabled: false, pageLoadStrategy: normal, platform: WINDOWS, platformName: WINDOWS, proxy: Proxy(), setWindowRect: true, strictFileInteractability: false, timeouts: {implicit: 0, pageLoad: 300000, script: 30000}, unhandledPromptBehavior: dismiss and notify, webauthn:extension:credBlob: true, webauthn:extension:largeBlob: true, webauthn:virtualAuthenticators: true}&#10;Session ID: 5647b5b03cc421b514a88bec1f3650a8&#10;Build info: version: '3.141.59', revision: 'e82be7d358', time: '2018-11-14T08:17:03'&#10;System info: host: 'TRJ-8YJ4473', ip: '192.168.0.12', os.name: 'Windows 10', os.arch: 'amd64', os.version: '10.0', java.version: '1.8.0_301'&#10;Driver info: driver.version: unknown" type="org.openqa.selenium.JavascriptException">javascript error: Cannot read properties of null (reading 'contains')
  (Session info: chrome=96.0.4664.45)
Build info: version: '3.141.59', revision: 'e82be7d358', time: '2018-11-14T08:17:03'
System info: host: 'TRJ-8YJ4473', ip: '192.168.0.12', os.name: 'Windows 10', os.arch: 'amd64', os.version: '10.0', java.version: '1.8.0_301'
Driver info: org.openqa.selenium.chrome.ChromeDriver
Capabilities {acceptInsecureCerts: false, browserName: chrome, browserVersion: 96.0.4664.45, chrome: {chromedriverVersion: 95.0.4638.69 (6a1600ed572fe..., userDataDir: C:\Users\jmedinal\AppData\L...}, goog:chromeOptions: {debuggerAddress: localhost:56050}, javascriptEnabled: true, networkConnectionEnabled: false, pageLoadStrategy: normal, platform: WINDOWS, platformName: WINDOWS, proxy: Proxy(), setWindowRect: true, strictFileInteractability: false, timeouts: {implicit: 0, pageLoad: 300000, script: 30000}, unhandledPromptBehavior: dismiss and notify, webauthn:extension:credBlob: true, webauthn:extension:largeBlob: true, webauthn:virtualAuthenticators: true}
Session ID: 5647b5b03cc421b514a88bec1f3650a8
Build info: version: '3.141.59', revision: 'e82be7d358', time: '2018-11-14T08:17:03'
System info: host: 'TRJ-8YJ4473', ip: '192.168.0.12', os.name: 'Windows 10', os.arch: 'amd64', os.version: '10.0', java.version: '1.8.0_301'
Driver info: driver.version: unknown</error><system-err>javascript error: Cannot read properties of null (reading 'contains')
  (Session info: chrome=96.0.4664.45)
Build info: version: '3.141.59', revision: 'e82be7d358', time: '2018-11-14T08:17:03'
System info: host: 'TRJ-8YJ4473', ip: '192.168.0.12', os.name: 'Windows 10', os.arch: 'amd64', os.version: '10.0', java.version: '1.8.0_301'
Driver info: org.openqa.selenium.chrome.ChromeDriver
Capabilities {acceptInsecureCerts: false, browserName: chrome, browserVersion: 96.0.4664.45, chrome: {chromedriverVersion: 95.0.4638.69 (6a1600ed572fe..., userDataDir: C:\Users\jmedinal\AppData\L...}, goog:chromeOptions: {debuggerAddress: localhost:56050}, javascriptEnabled: true, networkConnectionEnabled: false, pageLoadStrategy: normal, platform: WINDOWS, platformName: WINDOWS, proxy: Proxy(), setWindowRect: true, strictFileInteractability: false, timeouts: {implicit: 0, pageLoad: 300000, script: 30000}, unhandledPromptBehavior: dismiss and notify, webauthn:extension:credBlob: true, webauthn:extension:largeBlob: true, webauthn:virtualAuthenticators: true}
Session ID: 5647b5b03cc421b514a88bec1f3650a8
Build info: version: '3.141.59', revision: 'e82be7d358', time: '2018-11-14T08:17:03'
System info: host: 'TRJ-8YJ4473', ip: '192.168.0.12', os.name: 'Windows 10', os.arch: 'amd64', os.version: '10.0', java.version: '1.8.0_301'
Driver info: driver.version: unknown&#13;
org.medioAmbiente.CAP_F_013.step.CAP_F_013Step.cargarPagina(CAP_F_013Step.java:16)&#13;
org.medioAmbiente.CAP_F_013.stepdefinition.CAP_F_013StepDefinition.Se_Haya_Cargado_El_Blog(CAP_F_013StepDefinition.java:21)&#13;
✽.CAPF013 - Se haya cargado la web(file:///C:/JenkinsWorkspace/workspace/Portales-PW-LFDXP/src/test/resources/CAP_F_013.feature:11)&#13;
</system-err></testcase></testsuite>